[2022-04-14 18:55:15.238] [renderer1] [warning] [/home/benh/.vscode-oss/extensions/sumneko.lua-2.5.3]: Couldn't find message for key config.diagnostics.ambiguity-1.
[2022-04-14 18:55:15.239] [renderer1] [warning] [/home/benh/.vscode-oss/extensions/sumneko.lua-2.5.3]: Couldn't find message for key config.diagnostics.await-in-sync.
[2022-04-14 18:55:15.239] [renderer1] [warning] [/home/benh/.vscode-oss/extensions/sumneko.lua-2.5.3]: Couldn't find message for key config.diagnostics.circle-doc-class.
[2022-04-14 18:55:15.240] [renderer1] [warning] [/home/benh/.vscode-oss/extensions/sumneko.lua-2.5.3]: Couldn't find message for key config.diagnostics.close-non-object.
[2022-04-14 18:55:15.246] [renderer1] [warning] [/home/benh/.vscode-oss/extensions/sumneko.lua-2.5.3]: Couldn't find message for key config.diagnostics.code-after-break.
[2022-04-14 18:55:15.247] [renderer1] [warning] [/home/benh/.vscode-oss/extensions/sumneko.lua-2.5.3]: Couldn't find message for key config.diagnostics.count-down-loop.
[2022-04-14 18:55:15.248] [renderer1] [warning] [/home/benh/.vscode-oss/extensions/sumneko.lua-2.5.3]: Couldn't find message for key config.diagnostics.deprecated.
[2022-04-14 18:55:15.249] [renderer1] [warning] [/home/benh/.vscode-oss/extensions/sumneko.lua-2.5.3]: Couldn't find message for key config.diagnostics.different-requires.
[2022-04-14 18:55:15.250] [renderer1] [warning] [/home/benh/.vscode-oss/extensions/sumneko.lua-2.5.3]: Couldn't find message for key config.diagnostics.discard-returns.
[2022-04-14 18:55:15.251] [renderer1] [warning] [/home/benh/.vscode-oss/extensions/sumneko.lua-2.5.3]: Couldn't find message for key config.diagnostics.doc-field-no-class.
[2022-04-14 18:55:15.255] [renderer1] [warning] [/home/benh/.vscode-oss/extensions/sumneko.lua-2.5.3]: Couldn't find message for key config.diagnostics.duplicate-doc-class.
[2022-04-14 18:55:15.256] [renderer1] [warning] [/home/benh/.vscode-oss/extensions/sumneko.lua-2.5.3]: Couldn't find message for key config.diagnostics.duplicate-doc-field.
[2022-04-14 18:55:15.258] [renderer1] [warning] [/home/benh/.vscode-oss/extensions/sumneko.lua-2.5.3]: Couldn't find message for key config.diagnostics.duplicate-doc-param.
[2022-04-14 18:55:15.261] [renderer1] [warning] [/home/benh/.vscode-oss/extensions/sumneko.lua-2.5.3]: Couldn't find message for key config.diagnostics.duplicate-index.
[2022-04-14 18:55:15.270] [renderer1] [warning] [/home/benh/.vscode-oss/extensions/sumneko.lua-2.5.3]: Couldn't find message for key config.diagnostics.duplicate-set-field.
[2022-04-14 18:55:15.274] [renderer1] [warning] [/home/benh/.vscode-oss/extensions/sumneko.lua-2.5.3]: Couldn't find message for key config.diagnostics.empty-block.
[2022-04-14 18:55:15.277] [renderer1] [warning] [/home/benh/.vscode-oss/extensions/sumneko.lua-2.5.3]: Couldn't find message for key config.diagnostics.global-in-nil-env.
[2022-04-14 18:55:15.279] [renderer1] [warning] [/home/benh/.vscode-oss/extensions/sumneko.lua-2.5.3]: Couldn't find message for key config.diagnostics.lowercase-global.
[2022-04-14 18:55:15.281] [renderer1] [warning] [/home/benh/.vscode-oss/extensions/sumneko.lua-2.5.3]: Couldn't find message for key config.diagnostics.newfield-call.
[2022-04-14 18:55:15.283] [renderer1] [warning] [/home/benh/.vscode-oss/extensions/sumneko.lua-2.5.3]: Couldn't find message for key config.diagnostics.newline-call.
[2022-04-14 18:55:15.285] [renderer1] [warning] [/home/benh/.vscode-oss/extensions/sumneko.lua-2.5.3]: Couldn't find message for key config.diagnostics.no-implicit-any.
[2022-04-14 18:55:15.287] [renderer1] [warning] [/home/benh/.vscode-oss/extensions/sumneko.lua-2.5.3]: Couldn't find message for key config.diagnostics.not-yieldable.
[2022-04-14 18:55:15.290] [renderer1] [warning] [/home/benh/.vscode-oss/extensions/sumneko.lua-2.5.3]: Couldn't find message for key config.diagnostics.redefined-local.
[2022-04-14 18:55:15.290] [renderer1] [warning] [/home/benh/.vscode-oss/extensions/sumneko.lua-2.5.3]: Couldn't find message for key config.diagnostics.redundant-parameter.
[2022-04-14 18:55:15.291] [renderer1] [warning] [/home/benh/.vscode-oss/extensions/sumneko.lua-2.5.3]: Couldn't find message for key config.diagnostics.redundant-return.
[2022-04-14 18:55:15.292] [renderer1] [warning] [/home/benh/.vscode-oss/extensions/sumneko.lua-2.5.3]: Couldn't find message for key config.diagnostics.redundant-value.
[2022-04-14 18:55:15.294] [renderer1] [warning] [/home/benh/.vscode-oss/extensions/sumneko.lua-2.5.3]: Couldn't find message for key config.diagnostics.trailing-space.
[2022-04-14 18:55:15.295] [renderer1] [warning] [/home/benh/.vscode-oss/extensions/sumneko.lua-2.5.3]: Couldn't find message for key config.diagnostics.type-check.
[2022-04-14 18:55:15.296] [renderer1] [warning] [/home/benh/.vscode-oss/extensions/sumneko.lua-2.5.3]: Couldn't find message for key config.diagnostics.unbalanced-assignments.
[2022-04-14 18:55:15.297] [renderer1] [warning] [/home/benh/.vscode-oss/extensions/sumneko.lua-2.5.3]: Couldn't find message for key config.diagnostics.undefined-doc-class.
[2022-04-14 18:55:15.303] [renderer1] [warning] [/home/benh/.vscode-oss/extensions/sumneko.lua-2.5.3]: Couldn't find message for key config.diagnostics.undefined-doc-name.
[2022-04-14 18:55:15.304] [renderer1] [warning] [/home/benh/.vscode-oss/extensions/sumneko.lua-2.5.3]: Couldn't find message for key config.diagnostics.undefined-doc-param.
[2022-04-14 18:55:15.305] [renderer1] [warning] [/home/benh/.vscode-oss/extensions/sumneko.lua-2.5.3]: Couldn't find message for key config.diagnostics.undefined-env-child.
[2022-04-14 18:55:15.311] [renderer1] [warning] [/home/benh/.vscode-oss/extensions/sumneko.lua-2.5.3]: Couldn't find message for key config.diagnostics.undefined-field.
[2022-04-14 18:55:15.312] [renderer1] [warning] [/home/benh/.vscode-oss/extensions/sumneko.lua-2.5.3]: Couldn't find message for key config.diagnostics.undefined-global.
[2022-04-14 18:55:15.313] [renderer1] [warning] [/home/benh/.vscode-oss/extensions/sumneko.lua-2.5.3]: Couldn't find message for key config.diagnostics.unknown-diag-code.
[2022-04-14 18:55:15.314] [renderer1] [warning] [/home/benh/.vscode-oss/extensions/sumneko.lua-2.5.3]: Couldn't find message for key config.diagnostics.unused-function.
[2022-04-14 18:55:15.315] [renderer1] [warning] [/home/benh/.vscode-oss/extensions/sumneko.lua-2.5.3]: Couldn't find message for key config.diagnostics.unused-label.
[2022-04-14 18:55:15.317] [renderer1] [warning] [/home/benh/.vscode-oss/extensions/sumneko.lua-2.5.3]: Couldn't find message for key config.diagnostics.unused-local.
[2022-04-14 18:55:15.318] [renderer1] [warning] [/home/benh/.vscode-oss/extensions/sumneko.lua-2.5.3]: Couldn't find message for key config.diagnostics.unused-vararg.
[2022-04-14 18:55:15.318] [renderer1] [warning] [/home/benh/.vscode-oss/extensions/sumneko.lua-2.5.3]: Couldn't find message for key config.diagnostics.ambiguity-1.
[2022-04-14 18:55:15.319] [renderer1] [warning] [/home/benh/.vscode-oss/extensions/sumneko.lua-2.5.3]: Couldn't find message for key config.diagnostics.await-in-sync.
[2022-04-14 18:55:15.319] [renderer1] [warning] [/home/benh/.vscode-oss/extensions/sumneko.lua-2.5.3]: Couldn't find message for key config.diagnostics.circle-doc-class.
[2022-04-14 18:55:15.319] [renderer1] [warning] [/home/benh/.vscode-oss/extensions/sumneko.lua-2.5.3]: Couldn't find message for key config.diagnostics.close-non-object.
[2022-04-14 18:55:15.320] [renderer1] [warning] [/home/benh/.vscode-oss/extensions/sumneko.lua-2.5.3]: Couldn't find message for key config.diagnostics.code-after-break.
[2022-04-14 18:55:15.320] [renderer1] [warning] [/home/benh/.vscode-oss/extensions/sumneko.lua-2.5.3]: Couldn't find message for key config.diagnostics.count-down-loop.
[2022-04-14 18:55:15.321] [renderer1] [warning] [/home/benh/.vscode-oss/extensions/sumneko.lua-2.5.3]: Couldn't find message for key config.diagnostics.deprecated.
[2022-04-14 18:55:15.321] [renderer1] [warning] [/home/benh/.vscode-oss/extensions/sumneko.lua-2.5.3]: Couldn't find message for key config.diagnostics.different-requires.
[2022-04-14 18:55:15.322] [renderer1] [warning] [/home/benh/.vscode-oss/extensions/sumneko.lua-2.5.3]: Couldn't find message for key config.diagnostics.discard-returns.
[2022-04-14 18:55:15.323] [renderer1] [warning] [/home/benh/.vscode-oss/extensions/sumneko.lua-2.5.3]: Couldn't find message for key config.diagnostics.doc-field-no-class.
[2022-04-14 18:55:15.323] [renderer1] [warning] [/home/benh/.vscode-oss/extensions/sumneko.lua-2.5.3]: Couldn't find message for key config.diagnostics.duplicate-doc-class.
[2022-04-14 18:55:15.324] [renderer1] [warning] [/home/benh/.vscode-oss/extensions/sumneko.lua-2.5.3]: Couldn't find message for key config.diagnostics.duplicate-doc-field.
[2022-04-14 18:55:15.325] [renderer1] [warning] [/home/benh/.vscode-oss/extensions/sumneko.lua-2.5.3]: Couldn't find message for key config.diagnostics.duplicate-doc-param.
[2022-04-14 18:55:15.325] [renderer1] [warning] [/home/benh/.vscode-oss/extensions/sumneko.lua-2.5.3]: Couldn't find message for key config.diagnostics.duplicate-index.
[2022-04-14 18:55:15.332] [renderer1] [warning] [/home/benh/.vscode-oss/extensions/sumneko.lua-2.5.3]: Couldn't find message for key config.diagnostics.duplicate-set-field.
[2022-04-14 18:55:15.333] [renderer1] [warning] [/home/benh/.vscode-oss/extensions/sumneko.lua-2.5.3]: Couldn't find message for key config.diagnostics.empty-block.
[2022-04-14 18:55:15.334] [renderer1] [warning] [/home/benh/.vscode-oss/extensions/sumneko.lua-2.5.3]: Couldn't find message for key config.diagnostics.global-in-nil-env.
[2022-04-14 18:55:15.334] [renderer1] [warning] [/home/benh/.vscode-oss/extensions/sumneko.lua-2.5.3]: Couldn't find message for key config.diagnostics.lowercase-global.
[2022-04-14 18:55:15.335] [renderer1] [warning] [/home/benh/.vscode-oss/extensions/sumneko.lua-2.5.3]: Couldn't find message for key config.diagnostics.newfield-call.
[2022-04-14 18:55:15.336] [renderer1] [warning] [/home/benh/.vscode-oss/extensions/sumneko.lua-2.5.3]: Couldn't find message for key config.diagnostics.newline-call.
[2022-04-14 18:55:15.337] [renderer1] [warning] [/home/benh/.vscode-oss/extensions/sumneko.lua-2.5.3]: Couldn't find message for key config.diagnostics.no-implicit-any.
[2022-04-14 18:55:15.338] [renderer1] [warning] [/home/benh/.vscode-oss/extensions/sumneko.lua-2.5.3]: Couldn't find message for key config.diagnostics.not-yieldable.
[2022-04-14 18:55:15.339] [renderer1] [warning] [/home/benh/.vscode-oss/extensions/sumneko.lua-2.5.3]: Couldn't find message for key config.diagnostics.redefined-local.
[2022-04-14 18:55:15.339] [renderer1] [warning] [/home/benh/.vscode-oss/extensions/sumneko.lua-2.5.3]: Couldn't find message for key config.diagnostics.redundant-parameter.
[2022-04-14 18:55:15.340] [renderer1] [warning] [/home/benh/.vscode-oss/extensions/sumneko.lua-2.5.3]: Couldn't find message for key config.diagnostics.redundant-return.
[2022-04-14 18:55:15.341] [renderer1] [warning] [/home/benh/.vscode-oss/extensions/sumneko.lua-2.5.3]: Couldn't find message for key config.diagnostics.redundant-value.
[2022-04-14 18:55:15.342] [renderer1] [warning] [/home/benh/.vscode-oss/extensions/sumneko.lua-2.5.3]: Couldn't find message for key config.diagnostics.trailing-space.
[2022-04-14 18:55:15.343] [renderer1] [warning] [/home/benh/.vscode-oss/extensions/sumneko.lua-2.5.3]: Couldn't find message for key config.diagnostics.type-check.
[2022-04-14 18:55:15.344] [renderer1] [warning] [/home/benh/.vscode-oss/extensions/sumneko.lua-2.5.3]: Couldn't find message for key config.diagnostics.unbalanced-assignments.
[2022-04-14 18:55:15.345] [renderer1] [warning] [/home/benh/.vscode-oss/extensions/sumneko.lua-2.5.3]: Couldn't find message for key config.diagnostics.undefined-doc-class.
[2022-04-14 18:55:15.346] [renderer1] [warning] [/home/benh/.vscode-oss/extensions/sumneko.lua-2.5.3]: Couldn't find message for key config.diagnostics.undefined-doc-name.
[2022-04-14 18:55:15.347] [renderer1] [warning] [/home/benh/.vscode-oss/extensions/sumneko.lua-2.5.3]: Couldn't find message for key config.diagnostics.undefined-doc-param.
[2022-04-14 18:55:15.348] [renderer1] [warning] [/home/benh/.vscode-oss/extensions/sumneko.lua-2.5.3]: Couldn't find message for key config.diagnostics.undefined-env-child.
[2022-04-14 18:55:15.348] [renderer1] [warning] [/home/benh/.vscode-oss/extensions/sumneko.lua-2.5.3]: Couldn't find message for key config.diagnostics.undefined-field.
[2022-04-14 18:55:15.350] [renderer1] [warning] [/home/benh/.vscode-oss/extensions/sumneko.lua-2.5.3]: Couldn't find message for key config.diagnostics.undefined-global.
[2022-04-14 18:55:15.351] [renderer1] [warning] [/home/benh/.vscode-oss/extensions/sumneko.lua-2.5.3]: Couldn't find message for key config.diagnostics.unknown-diag-code.
[2022-04-14 18:55:15.353] [renderer1] [warning] [/home/benh/.vscode-oss/extensions/sumneko.lua-2.5.3]: Couldn't find message for key config.diagnostics.unused-function.
[2022-04-14 18:55:15.355] [renderer1] [warning] [/home/benh/.vscode-oss/extensions/sumneko.lua-2.5.3]: Couldn't find message for key config.diagnostics.unused-label.
[2022-04-14 18:55:15.356] [renderer1] [warning] [/home/benh/.vscode-oss/extensions/sumneko.lua-2.5.3]: Couldn't find message for key config.diagnostics.unused-local.
[2022-04-14 18:55:15.358] [renderer1] [warning] [/home/benh/.vscode-oss/extensions/sumneko.lua-2.5.3]: Couldn't find message for key config.diagnostics.unused-vararg.
[2022-04-14 18:55:15.360] [renderer1] [warning] [/home/benh/.vscode-oss/extensions/sumneko.lua-2.5.3]: Couldn't find message for key config.runtime.builtin.basic.
[2022-04-14 18:55:15.366] [renderer1] [warning] [/home/benh/.vscode-oss/extensions/sumneko.lua-2.5.3]: Couldn't find message for key config.runtime.builtin.bit.
[2022-04-14 18:55:15.369] [renderer1] [warning] [/home/benh/.vscode-oss/extensions/sumneko.lua-2.5.3]: Couldn't find message for key config.runtime.builtin.bit32.
[2022-04-14 18:55:15.370] [renderer1] [warning] [/home/benh/.vscode-oss/extensions/sumneko.lua-2.5.3]: Couldn't find message for key config.runtime.builtin.builtin.
[2022-04-14 18:55:15.370] [renderer1] [warning] [/home/benh/.vscode-oss/extensions/sumneko.lua-2.5.3]: Couldn't find message for key config.runtime.builtin.coroutine.
[2022-04-14 18:55:15.370] [renderer1] [warning] [/home/benh/.vscode-oss/extensions/sumneko.lua-2.5.3]: Couldn't find message for key config.runtime.builtin.debug.
[2022-04-14 18:55:15.371] [renderer1] [warning] [/home/benh/.vscode-oss/extensions/sumneko.lua-2.5.3]: Couldn't find message for key config.runtime.builtin.ffi.
[2022-04-14 18:55:15.371] [renderer1] [warning] [/home/benh/.vscode-oss/extensions/sumneko.lua-2.5.3]: Couldn't find message for key config.runtime.builtin.io.
[2022-04-14 18:55:15.371] [renderer1] [warning] [/home/benh/.vscode-oss/extensions/sumneko.lua-2.5.3]: Couldn't find message for key config.runtime.builtin.jit.
[2022-04-14 18:55:15.372] [renderer1] [warning] [/home/benh/.vscode-oss/extensions/sumneko.lua-2.5.3]: Couldn't find message for key config.runtime.builtin.math.
[2022-04-14 18:55:15.372] [renderer1] [warning] [/home/benh/.vscode-oss/extensions/sumneko.lua-2.5.3]: Couldn't find message for key config.runtime.builtin.os.
[2022-04-14 18:55:15.374] [renderer1] [warning] [/home/benh/.vscode-oss/extensions/sumneko.lua-2.5.3]: Couldn't find message for key config.runtime.builtin.package.
[2022-04-14 18:55:15.381] [renderer1] [warning] [/home/benh/.vscode-oss/extensions/sumneko.lua-2.5.3]: Couldn't find message for key config.runtime.builtin.string.
[2022-04-14 18:55:15.382] [renderer1] [warning] [/home/benh/.vscode-oss/extensions/sumneko.lua-2.5.3]: Couldn't find message for key config.runtime.builtin.table.
[2022-04-14 18:55:15.382] [renderer1] [warning] [/home/benh/.vscode-oss/extensions/sumneko.lua-2.5.3]: Couldn't find message for key config.runtime.builtin.utf8.
[2022-04-14 18:55:15.500] [renderer1] [critical] Extension 'ms-python.python CANNOT USE these API proposals 'quickPickSortByLabel, testObserver, notebookEditor'. You MUST start in extension development mode or use the --enable-proposed-api command line flag
[2022-04-14 18:55:15.502] [renderer1] [critical] Extension 'ms-toolsai.jupyter CANNOT USE these API proposals 'notebookConcatTextDocument, notebookControllerKind, notebookDebugOptions, notebookDeprecated, notebookEditor, notebookEditorDecorationType, notebookEditorEdit, notebookMessaging, notebookMime, notebookCellExecutionState, portsAttributes, textDocumentNotebook, quickPickSortByLabel'. You MUST start in extension development mode or use the --enable-proposed-api command line flag
[2022-04-14 18:55:15.512] [renderer1] [info] Ignoring configured affinity for 'pub.name' because the extension is unknown or cannot execute.
[2022-04-14 18:55:15.752] [renderer1] [error] [ms-toolsai.jupyter]: interactive/toolbar is a proposed menu identifier. It requires 'package.json#enabledApiProposals: ["notebookEditor"]' and is only available when running out of dev or with the following command line switch: --enable-proposed-api ms-toolsai.jupyter
[2022-04-14 18:55:15.755] [renderer1] [error] [ms-toolsai.jupyter]: interactive/cell/title is a proposed menu identifier. It requires 'package.json#enabledApiProposals: ["notebookEditor"]' and is only available when running out of dev or with the following command line switch: --enable-proposed-api ms-toolsai.jupyter
[2022-04-14 18:55:15.976] [renderer1] [info] Ignoring configured affinity for 'pub.name' because the extension is unknown or cannot execute.
