6:22:32 PM Reset result indicator
6:25:22 PM Document /home/benh/.config/fish/config.fish saved
6:25:23 PM No tasks available.
6:25:23 PM {}
6:26:17 PM Document /home/benh/projects/mx/docs/projects/ptable saved in workspace mx
6:26:17 PM No tasks available.
6:26:17 PM {}
6:26:27 PM Document /home/benh/projects/mx/docs/projects/proctrack saved in workspace mx
6:26:27 PM No tasks available.
6:26:27 PM {}
6:27:23 PM Document /home/benh/projects/mx/docs/projects/proctrack saved in workspace mx
6:27:23 PM No tasks available.
6:27:23 PM {}
6:27:59 PM Document /home/benh/projects/mx/docs/projects/proctrack saved in workspace mx
6:27:59 PM No tasks available.
6:27:59 PM {}
6:28:33 PM Document /home/benh/projects/mx/docs/projects/proctrack saved in workspace mx
6:28:33 PM No tasks available.
6:28:33 PM {}
6:28:34 PM Document /home/benh/projects/mx/docs/projects/proctrack saved in workspace mx
6:28:34 PM No tasks available.
6:28:34 PM {}
6:29:08 PM Document /home/benh/projects/mx/docs/projects/proctrack saved in workspace mx
6:29:08 PM No tasks available.
6:29:08 PM {}
6:30:45 PM Document /home/benh/projects/mx/docs/projects/proctrack saved in workspace mx
6:30:45 PM No tasks available.
6:30:45 PM {}
6:30:47 PM Document /home/benh/projects/mx/docs/projects/proctrack saved in workspace mx
6:30:47 PM No tasks available.
6:30:47 PM {}
6:31:00 PM Document /home/benh/projects/mx/docs/projects/proctrack saved in workspace mx
6:31:00 PM No tasks available.
6:31:00 PM {}
6:31:13 PM Document /home/benh/projects/mx/docs/projects/proctrack saved in workspace mx
6:31:13 PM No tasks available.
6:31:13 PM {}
6:31:35 PM Document /home/benh/projects/mx/docs/projects/proctrack saved in workspace mx
6:31:35 PM No tasks available.
6:31:35 PM {}
6:31:38 PM Document /home/benh/projects/mx/docs/projects/proctrack saved in workspace mx
6:31:38 PM No tasks available.
6:31:38 PM {}
6:31:54 PM Document /home/benh/projects/mx/docs/projects/proctrack saved in workspace mx
6:31:54 PM No tasks available.
6:31:54 PM {}
6:31:55 PM Document /home/benh/projects/mx/docs/projects/proctrack saved in workspace mx
6:31:55 PM No tasks available.
6:31:55 PM {}
6:32:17 PM Document /home/benh/projects/mx/docs/projects/proctrack saved in workspace mx
6:32:17 PM No tasks available.
6:32:17 PM {}
6:33:11 PM Document /home/benh/projects/mx/docs/projects/proctrack saved in workspace mx
6:33:11 PM No tasks available.
6:33:11 PM {}
6:35:06 PM Document /home/benh/projects/mx/docs/projects/proctrack saved in workspace mx
6:35:06 PM No tasks available.
6:35:06 PM {}
6:35:07 PM Document /home/benh/projects/mx/docs/projects/proctrack saved in workspace mx
6:35:07 PM No tasks available.
6:35:07 PM {}
6:35:35 PM Document /home/benh/projects/mx/docs/projects/proctrack saved in workspace mx
6:35:36 PM No tasks available.
6:35:36 PM {}
6:35:49 PM Document /home/benh/projects/mx/docs/projects/proctrack saved in workspace mx
6:35:49 PM No tasks available.
6:35:49 PM {}
6:36:14 PM Document /home/benh/projects/mx/docs/projects/proctrack saved in workspace mx
6:36:14 PM No tasks available.
6:36:14 PM {}
6:36:24 PM Document /home/benh/projects/mx/docs/projects/proctrack saved in workspace mx
6:36:24 PM No tasks available.
6:36:24 PM {}
6:36:29 PM Document /home/benh/projects/mx/docs/projects/proctrack saved in workspace mx
6:36:29 PM No tasks available.
6:36:29 PM {}
6:37:22 PM Document /home/benh/projects/mx/docs/projects/proctrack saved in workspace mx
6:37:22 PM No tasks available.
6:37:22 PM {}
6:37:58 PM Document /home/benh/projects/mx/docs/projects/proctrack saved in workspace mx
6:37:58 PM No tasks available.
6:37:58 PM {}
6:38:47 PM Document /home/benh/projects/mx/docs/projects/proctrack saved in workspace mx
6:38:47 PM No tasks available.
6:38:47 PM {}
6:39:02 PM Document /home/benh/projects/mx/docs/projects/proctrack saved in workspace mx
6:39:02 PM No tasks available.
6:39:02 PM {}
6:39:10 PM Document /home/benh/projects/mx/docs/projects/proctrack saved in workspace mx
6:39:10 PM No tasks available.
6:39:10 PM {}
6:40:10 PM Document /home/benh/projects/mx/docs/projects/proctrack saved in workspace mx
6:40:10 PM No tasks available.
6:40:10 PM {}
6:40:23 PM Document /home/benh/projects/mx/docs/projects/proctrack saved in workspace mx
6:40:23 PM No tasks available.
6:40:23 PM {}
6:41:08 PM Document /home/benh/projects/mx/docs/projects/proctrack saved in workspace mx
6:41:08 PM No tasks available.
6:41:08 PM {}
6:41:30 PM Document /home/benh/projects/mx/docs/projects/proctrack saved in workspace mx
6:41:30 PM No tasks available.
6:41:30 PM {}
6:42:04 PM Document /home/benh/projects/mx/docs/projects/proctrack saved in workspace mx
6:42:04 PM No tasks available.
6:42:04 PM {}
6:42:25 PM Document /home/benh/projects/mx/docs/projects/proctrack saved in workspace mx
6:42:25 PM No tasks available.
6:42:25 PM {}
6:43:22 PM Document /home/benh/projects/mx/docs/projects/prpnd saved in workspace mx
6:43:22 PM No tasks available.
6:43:22 PM {}
6:43:41 PM Document /home/benh/projects/mx/docs/projects/proctrack saved in workspace mx
6:43:41 PM No tasks available.
6:43:41 PM {}
6:45:15 PM Document /home/benh/projects/mx/docs/projects/proctrack saved in workspace mx
6:45:15 PM No tasks available.
6:45:15 PM {}
6:50:16 PM Document /home/benh/projects/mx/docs/projects/proctrack saved in workspace mx
6:50:16 PM No tasks available.
6:50:16 PM {}
6:50:20 PM Document /home/benh/projects/mx/docs/projects/proctrack saved in workspace mx
6:50:20 PM No tasks available.
6:50:20 PM {}
6:50:27 PM Document /home/benh/projects/mx/docs/projects/proctrack saved in workspace mx
6:50:27 PM No tasks available.
6:50:27 PM {}
6:50:32 PM Document /home/benh/projects/mx/docs/projects/proctrack saved in workspace mx
6:50:32 PM No tasks available.
6:50:32 PM {}
6:50:35 PM Document /home/benh/projects/mx/docs/projects/proctrack saved in workspace mx
6:50:35 PM No tasks available.
6:50:35 PM {}
6:52:09 PM Document /home/benh/projects/mx/docs/projects/proctrack saved in workspace mx
6:52:09 PM No tasks available.
6:52:09 PM {}
6:54:41 PM Document /home/benh/projects/mx/docs/projects/proctrack saved in workspace mx
6:54:41 PM No tasks available.
6:54:41 PM {}
