[2022-04-15T01:22:32.634Z] Validating found git in: git
[2022-04-15T01:22:32.669Z] Using git 2.35.1 from git
[2022-04-15T01:22:32.773Z] > git rev-parse --git-dir [4ms]
[2022-04-15T01:22:32.789Z] Open repository: /home/benh/projects/mx
[2022-04-15T01:22:33.031Z] > git symbolic-ref --short HEAD [20ms]
[2022-04-15T01:22:33.100Z] > git for-each-ref --format=%(refname)%00%(upstream:short)%00%(objectname)%00%(upstream:track) refs/heads/master refs/remotes/master [34ms]
[2022-04-15T01:22:33.163Z] > git for-each-ref --sort -committerdate --format %(refname) %(objectname) %(*objectname) [34ms]
[2022-04-15T01:22:33.191Z] > git remote --verbose [45ms]
[2022-04-15T01:22:33.253Z] > git config --get commit.template [3ms]
[2022-04-15T01:22:34.348Z] > git log --format=%H%n%aN%n%aE%n%at%n%ct%n%P%n%B -z -n21 -- /home/benh/projects/mx/.pillar.toml [55ms]
[2022-04-15T01:22:34.494Z] > git log --format=%H%n%aN%n%aE%n%at%n%ct%n%P%n%B -z -n21 -- /home/benh/projects/mx/lua-plugins/date [234ms]
[2022-04-15T01:22:34.703Z] > git ls-files --stage -- /home/benh/projects/mx/.pillar.toml [34ms]
[2022-04-15T01:22:34.734Z] > git cat-file -s bebb3c076cfbf3f0f20d31e6f34e7aee94443a79 [13ms]
[2022-04-15T01:23:04.477Z] > git ls-files --stage -- /home/benh/projects/mx/docs/projects/proctrack [2ms]
[2022-04-15T01:23:04.509Z] > git cat-file -s 9e943ec343eec602e475bf4917ca2dfeec0000bd [8ms]
[2022-04-15T01:23:04.511Z] > git log --format=%H%n%aN%n%aE%n%at%n%ct%n%P%n%B -z -n21 -- /home/benh/projects/mx/docs/projects/proctrack [253ms]
[2022-04-15T01:25:27.737Z] > git log --format=%H%n%aN%n%aE%n%at%n%ct%n%P%n%B -z -n21 -- /home/benh/projects/mx/docs/projects/proctrack [38ms]
[2022-04-15T01:25:27.878Z] > git ls-files --stage -- /home/benh/projects/mx/docs/projects/proctrack [2ms]
[2022-04-15T01:25:27.894Z] > git cat-file -s 9e943ec343eec602e475bf4917ca2dfeec0000bd [5ms]
[2022-04-15T01:26:03.270Z] > git log --format=%H%n%aN%n%aE%n%at%n%ct%n%P%n%B -z -n21 -- /home/benh/projects/mx/docs/projects/ptable [42ms]
[2022-04-15T01:26:03.406Z] > git ls-files --stage -- /home/benh/projects/mx/docs/projects/ptable [3ms]
[2022-04-15T01:26:03.415Z] > git cat-file -s 949d5107beaa973e00d9243da6f5ac1583fed60c [3ms]
[2022-04-15T01:26:08.952Z] > git log --format=%H%n%aN%n%aE%n%at%n%ct%n%P%n%B -z -n21 -- /home/benh/projects/mx/docs/projects/proctrack [40ms]
[2022-04-15T01:26:09.046Z] > git ls-files --stage -- /home/benh/projects/mx/docs/projects/proctrack [3ms]
[2022-04-15T01:26:09.058Z] > git cat-file -s 9e943ec343eec602e475bf4917ca2dfeec0000bd [3ms]
[2022-04-15T01:26:13.697Z] > git log --format=%H%n%aN%n%aE%n%at%n%ct%n%P%n%B -z -n21 -- /home/benh/projects/mx/docs/projects/ptable [29ms]
[2022-04-15T01:26:13.807Z] > git ls-files --stage -- /home/benh/projects/mx/docs/projects/ptable [5ms]
[2022-04-15T01:26:13.819Z] > git cat-file -s 949d5107beaa973e00d9243da6f5ac1583fed60c [3ms]
[2022-04-15T01:26:18.553Z] > git symbolic-ref --short HEAD [17ms]
[2022-04-15T01:26:18.587Z] > git for-each-ref --format=%(refname)%00%(upstream:short)%00%(objectname)%00%(upstream:track) refs/heads/master refs/remotes/master [14ms]
[2022-04-15T01:26:18.616Z] > git remote --verbose [4ms]
[2022-04-15T01:26:18.617Z] > git for-each-ref --sort -committerdate --format %(refname) %(objectname) %(*objectname) [14ms]
[2022-04-15T01:26:18.618Z] > git log --format=%H%n%aN%n%aE%n%at%n%ct%n%P%n%B -z -n21 -- /home/benh/projects/mx/docs/projects/proctrack [66ms]
[2022-04-15T01:26:18.639Z] > git config --get commit.template [1ms]
[2022-04-15T01:26:18.690Z] > git ls-files --stage -- /home/benh/projects/mx/docs/projects/proctrack [5ms]
[2022-04-15T01:26:18.704Z] > git cat-file -s 9e943ec343eec602e475bf4917ca2dfeec0000bd [2ms]
[2022-04-15T01:26:19.161Z] > git rev-list --count 4262b41d141921ebdbe6bea06370e9876d75ef4c.. -- /home/benh/projects/mx/docs/projects/proctrack [20ms]
[2022-04-15T01:26:19.203Z] > git log --format=%H%n%aN%n%aE%n%at%n%ct%n%P%n%B -z -n3 -- /home/benh/projects/mx/docs/projects/proctrack [31ms]
[2022-04-15T01:26:28.993Z] > git symbolic-ref --short HEAD [1ms]
[2022-04-15T01:26:29.010Z] > git for-each-ref --format=%(refname)%00%(upstream:short)%00%(objectname)%00%(upstream:track) refs/heads/master refs/remotes/master [3ms]
[2022-04-15T01:26:29.023Z] > git for-each-ref --sort -committerdate --format %(refname) %(objectname) %(*objectname) [6ms]
[2022-04-15T01:26:29.023Z] > git remote --verbose [2ms]
[2022-04-15T01:26:29.040Z] > git config --get commit.template [3ms]
[2022-04-15T01:26:29.566Z] > git rev-list --count 4262b41d141921ebdbe6bea06370e9876d75ef4c.. -- /home/benh/projects/mx/docs/projects/proctrack [24ms]
[2022-04-15T01:26:29.601Z] > git log --format=%H%n%aN%n%aE%n%at%n%ct%n%P%n%B -z -n3 -- /home/benh/projects/mx/docs/projects/proctrack [25ms]
[2022-04-15T01:26:30.227Z] > git log --format=%H%n%aN%n%aE%n%at%n%ct%n%P%n%B -z -n21 -- /home/benh/projects/mx/docs/projects/ptable [33ms]
[2022-04-15T01:26:30.345Z] > git ls-files --stage -- /home/benh/projects/mx/docs/projects/ptable [2ms]
[2022-04-15T01:26:30.352Z] > git cat-file -s 949d5107beaa973e00d9243da6f5ac1583fed60c [2ms]
[2022-04-15T01:26:40.708Z] > git log --format=%H%n%aN%n%aE%n%at%n%ct%n%P%n%B -z -n21 -- /home/benh/projects/mx/docs/projects/proctrack [39ms]
[2022-04-15T01:26:40.820Z] > git ls-files --stage -- /home/benh/projects/mx/docs/projects/proctrack [1ms]
[2022-04-15T01:26:40.827Z] > git cat-file -s 9e943ec343eec602e475bf4917ca2dfeec0000bd [2ms]
[2022-04-15T01:27:21.669Z] > git ls-files --stage -- /home/benh/projects/mx/docs/projects/proctrack [5ms]
[2022-04-15T01:27:21.691Z] > git cat-file -s 9e943ec343eec602e475bf4917ca2dfeec0000bd [6ms]
[2022-04-15T01:27:24.335Z] > git symbolic-ref --short HEAD [1ms]
[2022-04-15T01:27:24.349Z] > git for-each-ref --format=%(refname)%00%(upstream:short)%00%(objectname)%00%(upstream:track) refs/heads/master refs/remotes/master [6ms]
[2022-04-15T01:27:24.362Z] > git for-each-ref --sort -committerdate --format %(refname) %(objectname) %(*objectname) [5ms]
[2022-04-15T01:27:24.363Z] > git remote --verbose [2ms]
[2022-04-15T01:27:24.379Z] > git config --get commit.template [2ms]
[2022-04-15T01:27:26.451Z] > git rev-list --count 4262b41d141921ebdbe6bea06370e9876d75ef4c.. -- /home/benh/projects/mx/docs/projects/proctrack [38ms]
[2022-04-15T01:27:26.499Z] > git log --format=%H%n%aN%n%aE%n%at%n%ct%n%P%n%B -z -n3 -- /home/benh/projects/mx/docs/projects/proctrack [30ms]
[2022-04-15T01:27:32.626Z] > git log --format=%H%n%aN%n%aE%n%at%n%ct%n%P%n%B -z -n21 -- /home/benh/projects/mx/docs/projects/ptable [36ms]
[2022-04-15T01:27:32.717Z] > git ls-files --stage -- /home/benh/projects/mx/docs/projects/ptable [4ms]
[2022-04-15T01:27:32.729Z] > git cat-file -s 949d5107beaa973e00d9243da6f5ac1583fed60c [1ms]
[2022-04-15T01:27:41.541Z] > git log --format=%H%n%aN%n%aE%n%at%n%ct%n%P%n%B -z -n21 -- /home/benh/projects/mx/docs/projects/proctrack [29ms]
[2022-04-15T01:27:41.651Z] > git ls-files --stage -- /home/benh/projects/mx/docs/projects/proctrack [3ms]
[2022-04-15T01:27:41.665Z] > git cat-file -s 9e943ec343eec602e475bf4917ca2dfeec0000bd [4ms]
[2022-04-15T01:28:00.312Z] > git symbolic-ref --short HEAD [5ms]
[2022-04-15T01:28:00.324Z] > git for-each-ref --format=%(refname)%00%(upstream:short)%00%(objectname)%00%(upstream:track) refs/heads/master refs/remotes/master [2ms]
[2022-04-15T01:28:00.340Z] > git for-each-ref --sort -committerdate --format %(refname) %(objectname) %(*objectname) [9ms]
[2022-04-15T01:28:00.343Z] > git remote --verbose [4ms]
[2022-04-15T01:28:00.363Z] > git config --get commit.template [4ms]
[2022-04-15T01:28:00.884Z] > git rev-list --count 4262b41d141921ebdbe6bea06370e9876d75ef4c.. -- /home/benh/projects/mx/docs/projects/proctrack [23ms]
[2022-04-15T01:28:00.923Z] > git log --format=%H%n%aN%n%aE%n%at%n%ct%n%P%n%B -z -n3 -- /home/benh/projects/mx/docs/projects/proctrack [30ms]
[2022-04-15T01:28:32.843Z] > git ls-files --stage -- /home/benh/projects/mx/docs/projects/proctrack [5ms]
[2022-04-15T01:28:32.857Z] > git cat-file -s 9e943ec343eec602e475bf4917ca2dfeec0000bd [4ms]
[2022-04-15T01:28:34.572Z] > git symbolic-ref --short HEAD [7ms]
[2022-04-15T01:28:34.585Z] > git for-each-ref --format=%(refname)%00%(upstream:short)%00%(objectname)%00%(upstream:track) refs/heads/master refs/remotes/master [3ms]
[2022-04-15T01:28:34.606Z] > git remote --verbose [2ms]
[2022-04-15T01:28:34.607Z] > git for-each-ref --sort -committerdate --format %(refname) %(objectname) %(*objectname) [11ms]
[2022-04-15T01:28:34.623Z] > git config --get commit.template [3ms]
[2022-04-15T01:28:39.677Z] > git symbolic-ref --short HEAD [3ms]
[2022-04-15T01:28:39.690Z] > git for-each-ref --format=%(refname)%00%(upstream:short)%00%(objectname)%00%(upstream:track) refs/heads/master refs/remotes/master [5ms]
[2022-04-15T01:28:39.715Z] > git for-each-ref --sort -committerdate --format %(refname) %(objectname) %(*objectname) [14ms]
[2022-04-15T01:28:39.715Z] > git remote --verbose [1ms]
[2022-04-15T01:28:39.728Z] > git config --get commit.template [3ms]
[2022-04-15T01:29:07.516Z] > git ls-files --stage -- /home/benh/projects/mx/docs/projects/proctrack [7ms]
[2022-04-15T01:29:07.524Z] > git cat-file -s 9e943ec343eec602e475bf4917ca2dfeec0000bd [1ms]
[2022-04-15T01:29:09.915Z] > git symbolic-ref --short HEAD [6ms]
[2022-04-15T01:29:09.925Z] > git for-each-ref --format=%(refname)%00%(upstream:short)%00%(objectname)%00%(upstream:track) refs/heads/master refs/remotes/master [2ms]
[2022-04-15T01:29:09.946Z] > git for-each-ref --sort -committerdate --format %(refname) %(objectname) %(*objectname) [11ms]
[2022-04-15T01:29:09.947Z] > git remote --verbose [3ms]
[2022-04-15T01:29:09.967Z] > git config --get commit.template [5ms]
[2022-04-15T01:30:02.119Z] > git ls-files --stage -- /home/benh/projects/mx/docs/projects/proctrack [2ms]
[2022-04-15T01:30:02.132Z] > git cat-file -s 9e943ec343eec602e475bf4917ca2dfeec0000bd [2ms]
[2022-04-15T01:30:46.509Z] > git symbolic-ref --short HEAD [2ms]
[2022-04-15T01:30:46.521Z] > git for-each-ref --format=%(refname)%00%(upstream:short)%00%(objectname)%00%(upstream:track) refs/heads/master refs/remotes/master [3ms]
[2022-04-15T01:30:46.539Z] > git for-each-ref --sort -committerdate --format %(refname) %(objectname) %(*objectname) [10ms]
[2022-04-15T01:30:46.540Z] > git remote --verbose [2ms]
[2022-04-15T01:30:46.551Z] > git config --get commit.template [2ms]
[2022-04-15T01:30:51.595Z] > git symbolic-ref --short HEAD [1ms]
[2022-04-15T01:30:51.603Z] > git for-each-ref --format=%(refname)%00%(upstream:short)%00%(objectname)%00%(upstream:track) refs/heads/master refs/remotes/master [2ms]
[2022-04-15T01:30:51.626Z] > git remote --verbose [4ms]
[2022-04-15T01:30:51.626Z] > git for-each-ref --sort -committerdate --format %(refname) %(objectname) %(*objectname) [13ms]
[2022-04-15T01:30:51.637Z] > git config --get commit.template [2ms]
[2022-04-15T01:31:01.344Z] > git symbolic-ref --short HEAD [1ms]
[2022-04-15T01:31:01.352Z] > git for-each-ref --format=%(refname)%00%(upstream:short)%00%(objectname)%00%(upstream:track) refs/heads/master refs/remotes/master [3ms]
[2022-04-15T01:31:01.375Z] > git for-each-ref --sort -committerdate --format %(refname) %(objectname) %(*objectname) [9ms]
[2022-04-15T01:31:01.376Z] > git remote --verbose [3ms]
[2022-04-15T01:31:01.396Z] > git config --get commit.template [6ms]
[2022-04-15T01:31:14.600Z] > git symbolic-ref --short HEAD [3ms]
[2022-04-15T01:31:14.609Z] > git for-each-ref --format=%(refname)%00%(upstream:short)%00%(objectname)%00%(upstream:track) refs/heads/master refs/remotes/master [2ms]
[2022-04-15T01:31:14.623Z] > git for-each-ref --sort -committerdate --format %(refname) %(objectname) %(*objectname) [9ms]
[2022-04-15T01:31:14.624Z] > git remote --verbose [2ms]
[2022-04-15T01:31:14.642Z] > git config --get commit.template [3ms]
[2022-04-15T01:31:26.401Z] > git rev-list --count 4262b41d141921ebdbe6bea06370e9876d75ef4c.. -- /home/benh/projects/mx/docs/projects/proctrack [36ms]
[2022-04-15T01:31:26.510Z] > git log --format=%H%n%aN%n%aE%n%at%n%ct%n%P%n%B -z -n3 -- /home/benh/projects/mx/docs/projects/proctrack [93ms]
[2022-04-15T01:31:36.355Z] > git symbolic-ref --short HEAD [1ms]
[2022-04-15T01:31:36.364Z] > git for-each-ref --format=%(refname)%00%(upstream:short)%00%(objectname)%00%(upstream:track) refs/heads/master refs/remotes/master [2ms]
[2022-04-15T01:31:36.384Z] > git for-each-ref --sort -committerdate --format %(refname) %(objectname) %(*objectname) [11ms]
[2022-04-15T01:31:36.387Z] > git remote --verbose [5ms]
[2022-04-15T01:31:36.405Z] > git config --get commit.template [4ms]
[2022-04-15T01:31:36.957Z] > git rev-list --count 4262b41d141921ebdbe6bea06370e9876d75ef4c.. -- /home/benh/projects/mx/docs/projects/proctrack [24ms]
[2022-04-15T01:31:37.004Z] > git log --format=%H%n%aN%n%aE%n%at%n%ct%n%P%n%B -z -n3 -- /home/benh/projects/mx/docs/projects/proctrack [32ms]
[2022-04-15T01:31:41.456Z] > git symbolic-ref --short HEAD [1ms]
[2022-04-15T01:31:41.464Z] > git for-each-ref --format=%(refname)%00%(upstream:short)%00%(objectname)%00%(upstream:track) refs/heads/master refs/remotes/master [2ms]
[2022-04-15T01:31:41.484Z] > git for-each-ref --sort -committerdate --format %(refname) %(objectname) %(*objectname) [10ms]
[2022-04-15T01:31:41.486Z] > git remote --verbose [4ms]
[2022-04-15T01:31:41.497Z] > git config --get commit.template [1ms]
[2022-04-15T01:31:42.022Z] > git rev-list --count 4262b41d141921ebdbe6bea06370e9876d75ef4c.. -- /home/benh/projects/mx/docs/projects/proctrack [19ms]
[2022-04-15T01:31:42.058Z] > git log --format=%H%n%aN%n%aE%n%at%n%ct%n%P%n%B -z -n3 -- /home/benh/projects/mx/docs/projects/proctrack [25ms]
[2022-04-15T01:31:56.600Z] > git symbolic-ref --short HEAD [2ms]
[2022-04-15T01:31:56.612Z] > git for-each-ref --format=%(refname)%00%(upstream:short)%00%(objectname)%00%(upstream:track) refs/heads/master refs/remotes/master [3ms]
[2022-04-15T01:31:56.624Z] > git for-each-ref --sort -committerdate --format %(refname) %(objectname) %(*objectname) [7ms]
[2022-04-15T01:31:56.625Z] > git remote --verbose [2ms]
[2022-04-15T01:31:56.644Z] > git config --get commit.template [4ms]
[2022-04-15T01:31:57.165Z] > git rev-list --count 4262b41d141921ebdbe6bea06370e9876d75ef4c.. -- /home/benh/projects/mx/docs/projects/proctrack [20ms]
[2022-04-15T01:31:57.203Z] > git log --format=%H%n%aN%n%aE%n%at%n%ct%n%P%n%B -z -n3 -- /home/benh/projects/mx/docs/projects/proctrack [25ms]
[2022-04-15T01:32:18.883Z] > git symbolic-ref --short HEAD [5ms]
[2022-04-15T01:32:18.893Z] > git for-each-ref --format=%(refname)%00%(upstream:short)%00%(objectname)%00%(upstream:track) refs/heads/master refs/remotes/master [1ms]
[2022-04-15T01:32:18.913Z] > git remote --verbose [3ms]
[2022-04-15T01:32:18.914Z] > git for-each-ref --sort -committerdate --format %(refname) %(objectname) %(*objectname) [13ms]
[2022-04-15T01:32:18.932Z] > git config --get commit.template [6ms]
[2022-04-15T01:32:19.449Z] > git rev-list --count 4262b41d141921ebdbe6bea06370e9876d75ef4c.. -- /home/benh/projects/mx/docs/projects/proctrack [20ms]
[2022-04-15T01:32:19.494Z] > git log --format=%H%n%aN%n%aE%n%at%n%ct%n%P%n%B -z -n3 -- /home/benh/projects/mx/docs/projects/proctrack [36ms]
[2022-04-15T01:33:12.601Z] > git symbolic-ref --short HEAD [5ms]
[2022-04-15T01:33:12.618Z] > git for-each-ref --format=%(refname)%00%(upstream:short)%00%(objectname)%00%(upstream:track) refs/heads/master refs/remotes/master [2ms]
[2022-04-15T01:33:12.635Z] > git for-each-ref --sort -committerdate --format %(refname) %(objectname) %(*objectname) [12ms]
[2022-04-15T01:33:12.637Z] > git remote --verbose [3ms]
[2022-04-15T01:33:12.654Z] > git config --get commit.template [5ms]
[2022-04-15T01:33:13.182Z] > git rev-list --count 4262b41d141921ebdbe6bea06370e9876d75ef4c.. -- /home/benh/projects/mx/docs/projects/proctrack [19ms]
[2022-04-15T01:33:13.217Z] > git log --format=%H%n%aN%n%aE%n%at%n%ct%n%P%n%B -z -n3 -- /home/benh/projects/mx/docs/projects/proctrack [26ms]
[2022-04-15T01:35:07.379Z] > git symbolic-ref --short HEAD [5ms]
[2022-04-15T01:35:07.387Z] > git for-each-ref --format=%(refname)%00%(upstream:short)%00%(objectname)%00%(upstream:track) refs/heads/master refs/remotes/master [2ms]
[2022-04-15T01:35:07.406Z] > git for-each-ref --sort -committerdate --format %(refname) %(objectname) %(*objectname) [11ms]
[2022-04-15T01:35:07.407Z] > git remote --verbose [2ms]
[2022-04-15T01:35:07.423Z] > git config --get commit.template [1ms]
[2022-04-15T01:35:07.955Z] > git rev-list --count 4262b41d141921ebdbe6bea06370e9876d75ef4c.. -- /home/benh/projects/mx/docs/projects/proctrack [20ms]
[2022-04-15T01:35:07.994Z] > git log --format=%H%n%aN%n%aE%n%at%n%ct%n%P%n%B -z -n3 -- /home/benh/projects/mx/docs/projects/proctrack [28ms]
[2022-04-15T01:35:30.899Z] > git symbolic-ref --short HEAD [5ms]
[2022-04-15T01:35:30.907Z] > git for-each-ref --format=%(refname)%00%(upstream:short)%00%(objectname)%00%(upstream:track) refs/heads/master refs/remotes/master [2ms]
[2022-04-15T01:35:30.927Z] > git for-each-ref --sort -committerdate --format %(refname) %(objectname) %(*objectname) [12ms]
[2022-04-15T01:35:30.930Z] > git remote --verbose [4ms]
[2022-04-15T01:35:30.951Z] > git config --get commit.template [5ms]
[2022-04-15T01:35:31.465Z] > git rev-list --count 4262b41d141921ebdbe6bea06370e9876d75ef4c.. -- /home/benh/projects/mx/docs/projects/proctrack [21ms]
[2022-04-15T01:35:31.500Z] > git log --format=%H%n%aN%n%aE%n%at%n%ct%n%P%n%B -z -n3 -- /home/benh/projects/mx/docs/projects/proctrack [25ms]
[2022-04-15T01:35:44.609Z] > git symbolic-ref --short HEAD [3ms]
[2022-04-15T01:35:44.624Z] > git for-each-ref --format=%(refname)%00%(upstream:short)%00%(objectname)%00%(upstream:track) refs/heads/master refs/remotes/master [4ms]
[2022-04-15T01:35:44.648Z] > git for-each-ref --sort -committerdate --format %(refname) %(objectname) %(*objectname) [12ms]
[2022-04-15T01:35:44.649Z] > git remote --verbose [3ms]
[2022-04-15T01:35:44.666Z] > git config --get commit.template [3ms]
[2022-04-15T01:35:45.186Z] > git rev-list --count 4262b41d141921ebdbe6bea06370e9876d75ef4c.. -- /home/benh/projects/mx/docs/projects/proctrack [14ms]
[2022-04-15T01:35:45.219Z] > git log --format=%H%n%aN%n%aE%n%at%n%ct%n%P%n%B -z -n3 -- /home/benh/projects/mx/docs/projects/proctrack [23ms]
[2022-04-15T01:36:01.646Z] > git symbolic-ref --short HEAD [1ms]
[2022-04-15T01:36:01.660Z] > git for-each-ref --format=%(refname)%00%(upstream:short)%00%(objectname)%00%(upstream:track) refs/heads/master refs/remotes/master [4ms]
[2022-04-15T01:36:01.685Z] > git for-each-ref --sort -committerdate --format %(refname) %(objectname) %(*objectname) [17ms]
[2022-04-15T01:36:01.685Z] > git remote --verbose [1ms]
[2022-04-15T01:36:01.702Z] > git config --get commit.template [2ms]
[2022-04-15T01:36:02.224Z] > git rev-list --count 4262b41d141921ebdbe6bea06370e9876d75ef4c.. -- /home/benh/projects/mx/docs/projects/proctrack [23ms]
[2022-04-15T01:36:02.262Z] > git log --format=%H%n%aN%n%aE%n%at%n%ct%n%P%n%B -z -n3 -- /home/benh/projects/mx/docs/projects/proctrack [32ms]
[2022-04-15T01:36:15.855Z] > git symbolic-ref --short HEAD [3ms]
[2022-04-15T01:36:15.868Z] > git for-each-ref --format=%(refname)%00%(upstream:short)%00%(objectname)%00%(upstream:track) refs/heads/master refs/remotes/master [4ms]
[2022-04-15T01:36:15.884Z] > git for-each-ref --sort -committerdate --format %(refname) %(objectname) %(*objectname) [7ms]
[2022-04-15T01:36:15.884Z] > git remote --verbose [1ms]
[2022-04-15T01:36:15.903Z] > git config --get commit.template [2ms]
[2022-04-15T01:36:16.417Z] > git rev-list --count 4262b41d141921ebdbe6bea06370e9876d75ef4c.. -- /home/benh/projects/mx/docs/projects/proctrack [20ms]
[2022-04-15T01:36:16.455Z] > git log --format=%H%n%aN%n%aE%n%at%n%ct%n%P%n%B -z -n3 -- /home/benh/projects/mx/docs/projects/proctrack [28ms]
[2022-04-15T01:36:25.154Z] > git symbolic-ref --short HEAD [1ms]
[2022-04-15T01:36:25.162Z] > git for-each-ref --format=%(refname)%00%(upstream:short)%00%(objectname)%00%(upstream:track) refs/heads/master refs/remotes/master [3ms]
[2022-04-15T01:36:25.188Z] > git for-each-ref --sort -committerdate --format %(refname) %(objectname) %(*objectname) [14ms]
[2022-04-15T01:36:25.188Z] > git remote --verbose [1ms]
[2022-04-15T01:36:25.202Z] > git config --get commit.template [1ms]
[2022-04-15T01:36:25.723Z] > git rev-list --count 4262b41d141921ebdbe6bea06370e9876d75ef4c.. -- /home/benh/projects/mx/docs/projects/proctrack [21ms]
[2022-04-15T01:36:25.762Z] > git log --format=%H%n%aN%n%aE%n%at%n%ct%n%P%n%B -z -n3 -- /home/benh/projects/mx/docs/projects/proctrack [27ms]
[2022-04-15T01:36:34.858Z] > git symbolic-ref --short HEAD [4ms]
[2022-04-15T01:36:34.869Z] > git for-each-ref --format=%(refname)%00%(upstream:short)%00%(objectname)%00%(upstream:track) refs/heads/master refs/remotes/master [3ms]
[2022-04-15T01:36:34.895Z] > git for-each-ref --sort -committerdate --format %(refname) %(objectname) %(*objectname) [12ms]
[2022-04-15T01:36:34.896Z] > git remote --verbose [2ms]
[2022-04-15T01:36:34.912Z] > git config --get commit.template [1ms]
[2022-04-15T01:36:35.435Z] > git rev-list --count 4262b41d141921ebdbe6bea06370e9876d75ef4c.. -- /home/benh/projects/mx/docs/projects/proctrack [18ms]
[2022-04-15T01:36:35.472Z] > git log --format=%H%n%aN%n%aE%n%at%n%ct%n%P%n%B -z -n3 -- /home/benh/projects/mx/docs/projects/proctrack [25ms]
[2022-04-15T01:37:23.637Z] > git symbolic-ref --short HEAD [2ms]
[2022-04-15T01:37:23.645Z] > git for-each-ref --format=%(refname)%00%(upstream:short)%00%(objectname)%00%(upstream:track) refs/heads/master refs/remotes/master [1ms]
[2022-04-15T01:37:23.667Z] > git for-each-ref --sort -committerdate --format %(refname) %(objectname) %(*objectname) [13ms]
[2022-04-15T01:37:23.671Z] > git remote --verbose [8ms]
[2022-04-15T01:37:23.684Z] > git config --get commit.template [1ms]
[2022-04-15T01:37:24.215Z] > git rev-list --count 4262b41d141921ebdbe6bea06370e9876d75ef4c.. -- /home/benh/projects/mx/docs/projects/proctrack [18ms]
[2022-04-15T01:37:24.250Z] > git log --format=%H%n%aN%n%aE%n%at%n%ct%n%P%n%B -z -n3 -- /home/benh/projects/mx/docs/projects/proctrack [18ms]
[2022-04-15T01:37:59.488Z] > git symbolic-ref --short HEAD [2ms]
[2022-04-15T01:37:59.497Z] > git for-each-ref --format=%(refname)%00%(upstream:short)%00%(objectname)%00%(upstream:track) refs/heads/master refs/remotes/master [1ms]
[2022-04-15T01:37:59.516Z] > git for-each-ref --sort -committerdate --format %(refname) %(objectname) %(*objectname) [11ms]
[2022-04-15T01:37:59.517Z] > git remote --verbose [3ms]
[2022-04-15T01:37:59.527Z] > git config --get commit.template [2ms]
[2022-04-15T01:38:00.059Z] > git rev-list --count 4262b41d141921ebdbe6bea06370e9876d75ef4c.. -- /home/benh/projects/mx/docs/projects/proctrack [21ms]
[2022-04-15T01:38:00.097Z] > git log --format=%H%n%aN%n%aE%n%at%n%ct%n%P%n%B -z -n3 -- /home/benh/projects/mx/docs/projects/proctrack [25ms]
[2022-04-15T01:38:24.284Z] > git log --format=%H%n%aN%n%aE%n%at%n%ct%n%P%n%B -z -n21 -- /home/benh/projects/mx/docs/projects/proctrack [44ms]
[2022-04-15T01:38:24.395Z] > git ls-files --stage -- /home/benh/projects/mx/docs/projects/proctrack [3ms]
[2022-04-15T01:38:24.406Z] > git cat-file -s 9e943ec343eec602e475bf4917ca2dfeec0000bd [2ms]
[2022-04-15T01:38:25.523Z] > git log --format=%H%n%aN%n%aE%n%at%n%ct%n%P%n%B -z -n21 -- /home/benh/projects/mx/docs/projects/ptable [36ms]
[2022-04-15T01:38:25.660Z] > git ls-files --stage -- /home/benh/projects/mx/docs/projects/ptable [2ms]
[2022-04-15T01:38:25.677Z] > git cat-file -s 949d5107beaa973e00d9243da6f5ac1583fed60c [8ms]
[2022-04-15T01:38:33.220Z] > git log --format=%H%n%aN%n%aE%n%at%n%ct%n%P%n%B -z -n21 -- /home/benh/projects/mx/docs/projects/proctrack [45ms]
[2022-04-15T01:38:33.316Z] > git ls-files --stage -- /home/benh/projects/mx/docs/projects/proctrack [2ms]
[2022-04-15T01:38:33.331Z] > git cat-file -s 9e943ec343eec602e475bf4917ca2dfeec0000bd [3ms]
[2022-04-15T01:38:42.178Z] > git log --format=%H%n%aN%n%aE%n%at%n%ct%n%P%n%B -z -n21 -- /home/benh/projects/mx/docs/projects/ptable [38ms]
[2022-04-15T01:38:42.308Z] > git ls-files --stage -- /home/benh/projects/mx/docs/projects/ptable [2ms]
[2022-04-15T01:38:42.319Z] > git cat-file -s 949d5107beaa973e00d9243da6f5ac1583fed60c [3ms]
[2022-04-15T01:38:44.565Z] > git log --format=%H%n%aN%n%aE%n%at%n%ct%n%P%n%B -z -n21 -- /home/benh/projects/mx/docs/projects/proctrack [36ms]
[2022-04-15T01:38:44.713Z] > git ls-files --stage -- /home/benh/projects/mx/docs/projects/proctrack [2ms]
[2022-04-15T01:38:44.724Z] > git cat-file -s 9e943ec343eec602e475bf4917ca2dfeec0000bd [2ms]
[2022-04-15T01:38:48.827Z] > git symbolic-ref --short HEAD [4ms]
[2022-04-15T01:38:48.843Z] > git for-each-ref --format=%(refname)%00%(upstream:short)%00%(objectname)%00%(upstream:track) refs/heads/master refs/remotes/master [1ms]
[2022-04-15T01:38:48.861Z] > git remote --verbose [3ms]
[2022-04-15T01:38:48.861Z] > git for-each-ref --sort -committerdate --format %(refname) %(objectname) %(*objectname) [11ms]
[2022-04-15T01:38:48.884Z] > git config --get commit.template [2ms]
[2022-04-15T01:38:49.419Z] > git rev-list --count 4262b41d141921ebdbe6bea06370e9876d75ef4c.. -- /home/benh/projects/mx/docs/projects/proctrack [23ms]
[2022-04-15T01:38:49.457Z] > git log --format=%H%n%aN%n%aE%n%at%n%ct%n%P%n%B -z -n3 -- /home/benh/projects/mx/docs/projects/proctrack [26ms]
[2022-04-15T01:38:51.779Z] > git log --format=%H%n%aN%n%aE%n%at%n%ct%n%P%n%B -z -n21 -- /home/benh/projects/mx/docs/projects/ptable [38ms]
[2022-04-15T01:38:51.977Z] > git ls-files --stage -- /home/benh/projects/mx/docs/projects/ptable [3ms]
[2022-04-15T01:38:51.992Z] > git cat-file -s 949d5107beaa973e00d9243da6f5ac1583fed60c [1ms]
[2022-04-15T01:38:55.410Z] > git log --format=%H%n%aN%n%aE%n%at%n%ct%n%P%n%B -z -n21 -- /home/benh/projects/mx/docs/projects/proctrack [36ms]
[2022-04-15T01:38:55.548Z] > git ls-files --stage -- /home/benh/projects/mx/docs/projects/proctrack [3ms]
[2022-04-15T01:38:55.560Z] > git cat-file -s 9e943ec343eec602e475bf4917ca2dfeec0000bd [3ms]
[2022-04-15T01:39:03.768Z] > git symbolic-ref --short HEAD [3ms]
[2022-04-15T01:39:03.780Z] > git for-each-ref --format=%(refname)%00%(upstream:short)%00%(objectname)%00%(upstream:track) refs/heads/master refs/remotes/master [3ms]
[2022-04-15T01:39:03.800Z] > git for-each-ref --sort -committerdate --format %(refname) %(objectname) %(*objectname) [7ms]
[2022-04-15T01:39:03.800Z] > git remote --verbose [1ms]
[2022-04-15T01:39:03.814Z] > git config --get commit.template [2ms]
[2022-04-15T01:39:04.339Z] > git rev-list --count 4262b41d141921ebdbe6bea06370e9876d75ef4c.. -- /home/benh/projects/mx/docs/projects/proctrack [21ms]
[2022-04-15T01:39:04.376Z] > git log --format=%H%n%aN%n%aE%n%at%n%ct%n%P%n%B -z -n3 -- /home/benh/projects/mx/docs/projects/proctrack [27ms]
[2022-04-15T01:39:11.764Z] > git symbolic-ref --short HEAD [2ms]
[2022-04-15T01:39:11.774Z] > git for-each-ref --format=%(refname)%00%(upstream:short)%00%(objectname)%00%(upstream:track) refs/heads/master refs/remotes/master [3ms]
[2022-04-15T01:39:11.796Z] > git for-each-ref --sort -committerdate --format %(refname) %(objectname) %(*objectname) [10ms]
[2022-04-15T01:39:11.797Z] > git remote --verbose [3ms]
[2022-04-15T01:39:11.808Z] > git config --get commit.template [3ms]
[2022-04-15T01:39:12.335Z] > git rev-list --count 4262b41d141921ebdbe6bea06370e9876d75ef4c.. -- /home/benh/projects/mx/docs/projects/proctrack [21ms]
[2022-04-15T01:39:12.367Z] > git log --format=%H%n%aN%n%aE%n%at%n%ct%n%P%n%B -z -n3 -- /home/benh/projects/mx/docs/projects/proctrack [27ms]
[2022-04-15T01:40:11.738Z] > git symbolic-ref --short HEAD [5ms]
[2022-04-15T01:40:11.755Z] > git for-each-ref --format=%(refname)%00%(upstream:short)%00%(objectname)%00%(upstream:track) refs/heads/master refs/remotes/master [3ms]
[2022-04-15T01:40:11.779Z] > git for-each-ref --sort -committerdate --format %(refname) %(objectname) %(*objectname) [15ms]
[2022-04-15T01:40:11.780Z] > git remote --verbose [2ms]
[2022-04-15T01:40:11.801Z] > git config --get commit.template [3ms]
[2022-04-15T01:40:12.313Z] > git rev-list --count 4262b41d141921ebdbe6bea06370e9876d75ef4c.. -- /home/benh/projects/mx/docs/projects/proctrack [17ms]
[2022-04-15T01:40:12.352Z] > git log --format=%H%n%aN%n%aE%n%at%n%ct%n%P%n%B -z -n3 -- /home/benh/projects/mx/docs/projects/proctrack [28ms]
[2022-04-15T01:40:32.471Z] > git symbolic-ref --short HEAD [2ms]
[2022-04-15T01:40:32.494Z] > git for-each-ref --format=%(refname)%00%(upstream:short)%00%(objectname)%00%(upstream:track) refs/heads/master refs/remotes/master [4ms]
[2022-04-15T01:40:32.512Z] > git for-each-ref --sort -committerdate --format %(refname) %(objectname) %(*objectname) [10ms]
[2022-04-15T01:40:32.516Z] > git remote --verbose [5ms]
[2022-04-15T01:40:32.530Z] > git config --get commit.template [2ms]
[2022-04-15T01:40:33.056Z] > git rev-list --count 4262b41d141921ebdbe6bea06370e9876d75ef4c.. -- /home/benh/projects/mx/docs/projects/proctrack [18ms]
[2022-04-15T01:40:33.091Z] > git log --format=%H%n%aN%n%aE%n%at%n%ct%n%P%n%B -z -n3 -- /home/benh/projects/mx/docs/projects/proctrack [23ms]
[2022-04-15T01:40:42.267Z] > git log --format=%H%n%aN%n%aE%n%at%n%ct%n%P%n%B -z -n21 -- /home/benh/projects/mx/docs/projects/ptable [83ms]
[2022-04-15T01:40:42.409Z] > git ls-files --stage -- /home/benh/projects/mx/docs/projects/ptable [8ms]
[2022-04-15T01:40:42.421Z] > git cat-file -s 949d5107beaa973e00d9243da6f5ac1583fed60c [3ms]
[2022-04-15T01:40:46.721Z] > git log --format=%H%n%aN%n%aE%n%at%n%ct%n%P%n%B -z -n21 -- /home/benh/projects/mx/docs/projects/proctrack [31ms]
[2022-04-15T01:40:46.834Z] > git ls-files --stage -- /home/benh/projects/mx/docs/projects/proctrack [5ms]
[2022-04-15T01:40:46.850Z] > git cat-file -s 9e943ec343eec602e475bf4917ca2dfeec0000bd [3ms]
[2022-04-15T01:41:20.644Z] > git symbolic-ref --short HEAD [2ms]
[2022-04-15T01:41:20.668Z] > git for-each-ref --format=%(refname)%00%(upstream:short)%00%(objectname)%00%(upstream:track) refs/heads/master refs/remotes/master [11ms]
[2022-04-15T01:41:20.688Z] > git for-each-ref --sort -committerdate --format %(refname) %(objectname) %(*objectname) [13ms]
[2022-04-15T01:41:20.689Z] > git remote --verbose [5ms]
[2022-04-15T01:41:20.712Z] > git config --get commit.template [7ms]
[2022-04-15T01:41:21.227Z] > git rev-list --count 4262b41d141921ebdbe6bea06370e9876d75ef4c.. -- /home/benh/projects/mx/docs/projects/proctrack [20ms]
[2022-04-15T01:41:21.260Z] > git log --format=%H%n%aN%n%aE%n%at%n%ct%n%P%n%B -z -n3 -- /home/benh/projects/mx/docs/projects/proctrack [22ms]
[2022-04-15T01:41:34.736Z] > git symbolic-ref --short HEAD [3ms]
[2022-04-15T01:41:34.749Z] > git for-each-ref --format=%(refname)%00%(upstream:short)%00%(objectname)%00%(upstream:track) refs/heads/master refs/remotes/master [4ms]
[2022-04-15T01:41:34.771Z] > git for-each-ref --sort -committerdate --format %(refname) %(objectname) %(*objectname) [13ms]
[2022-04-15T01:41:34.771Z] > git remote --verbose [2ms]
[2022-04-15T01:41:34.796Z] > git config --get commit.template [2ms]
[2022-04-15T01:41:35.308Z] > git rev-list --count 4262b41d141921ebdbe6bea06370e9876d75ef4c.. -- /home/benh/projects/mx/docs/projects/proctrack [21ms]
[2022-04-15T01:41:35.340Z] > git log --format=%H%n%aN%n%aE%n%at%n%ct%n%P%n%B -z -n3 -- /home/benh/projects/mx/docs/projects/proctrack [20ms]
[2022-04-15T01:42:20.039Z] > git symbolic-ref --short HEAD [3ms]
[2022-04-15T01:42:20.055Z] > git for-each-ref --format=%(refname)%00%(upstream:short)%00%(objectname)%00%(upstream:track) refs/heads/master refs/remotes/master [7ms]
[2022-04-15T01:42:20.077Z] > git for-each-ref --sort -committerdate --format %(refname) %(objectname) %(*objectname) [13ms]
[2022-04-15T01:42:20.078Z] > git remote --verbose [2ms]
[2022-04-15T01:42:20.092Z] > git config --get commit.template [3ms]
[2022-04-15T01:42:20.608Z] > git rev-list --count 4262b41d141921ebdbe6bea06370e9876d75ef4c.. -- /home/benh/projects/mx/docs/projects/proctrack [18ms]
[2022-04-15T01:42:20.640Z] > git log --format=%H%n%aN%n%aE%n%at%n%ct%n%P%n%B -z -n3 -- /home/benh/projects/mx/docs/projects/proctrack [22ms]
[2022-04-15T01:42:28.787Z] > git symbolic-ref --short HEAD [3ms]
[2022-04-15T01:42:28.810Z] > git for-each-ref --format=%(refname)%00%(upstream:short)%00%(objectname)%00%(upstream:track) refs/heads/master refs/remotes/master [7ms]
[2022-04-15T01:42:28.835Z] > git for-each-ref --sort -committerdate --format %(refname) %(objectname) %(*objectname) [18ms]
[2022-04-15T01:42:28.836Z] > git remote --verbose [9ms]
[2022-04-15T01:42:28.855Z] > git config --get commit.template [3ms]
[2022-04-15T01:42:29.373Z] > git rev-list --count 4262b41d141921ebdbe6bea06370e9876d75ef4c.. -- /home/benh/projects/mx/docs/projects/proctrack [23ms]
[2022-04-15T01:42:29.404Z] > git log --format=%H%n%aN%n%aE%n%at%n%ct%n%P%n%B -z -n3 -- /home/benh/projects/mx/docs/projects/proctrack [23ms]
[2022-04-15T01:42:36.466Z] > git log --format=%H%n%aN%n%aE%n%at%n%ct%n%P%n%B -z -n21 -- /home/benh/projects/mx/docs/projects/prpnd [34ms]
[2022-04-15T01:42:36.598Z] > git ls-files --stage -- /home/benh/projects/mx/docs/projects/prpnd [5ms]
[2022-04-15T01:42:36.605Z] > git cat-file -s ac8478b11a8cbea51506996a4fb91071ea7ca40b [1ms]
[2022-04-15T01:43:32.260Z] > git symbolic-ref --short HEAD [4ms]
[2022-04-15T01:43:32.272Z] > git for-each-ref --format=%(refname)%00%(upstream:short)%00%(objectname)%00%(upstream:track) refs/heads/master refs/remotes/master [2ms]
[2022-04-15T01:43:32.290Z] > git for-each-ref --sort -committerdate --format %(refname) %(objectname) %(*objectname) [10ms]
[2022-04-15T01:43:32.292Z] > git remote --verbose [2ms]
[2022-04-15T01:43:32.309Z] > git config --get commit.template [4ms]
[2022-04-15T01:43:32.824Z] > git rev-list --count da04d33e80c1a077be807d72bb57edcd7b2f6065.. -- /home/benh/projects/mx/docs/projects/prpnd [18ms]
[2022-04-15T01:43:32.860Z] > git log --format=%H%n%aN%n%aE%n%at%n%ct%n%P%n%B -z -n2 -- /home/benh/projects/mx/docs/projects/prpnd [24ms]
[2022-04-15T01:43:33.661Z] > git log --format=%H%n%aN%n%aE%n%at%n%ct%n%P%n%B -z -n21 -- /home/benh/projects/mx/docs/projects/proctrack [31ms]
[2022-04-15T01:43:33.780Z] > git ls-files --stage -- /home/benh/projects/mx/docs/projects/proctrack [8ms]
[2022-04-15T01:43:33.791Z] > git cat-file -s 9e943ec343eec602e475bf4917ca2dfeec0000bd [3ms]
[2022-04-15T01:45:13.178Z] > git symbolic-ref --short HEAD [3ms]
[2022-04-15T01:45:13.191Z] > git for-each-ref --format=%(refname)%00%(upstream:short)%00%(objectname)%00%(upstream:track) refs/heads/master refs/remotes/master [2ms]
[2022-04-15T01:45:13.223Z] > git for-each-ref --sort -committerdate --format %(refname) %(objectname) %(*objectname) [13ms]
[2022-04-15T01:45:13.230Z] > git remote --verbose [9ms]
[2022-04-15T01:45:13.244Z] > git config --get commit.template [3ms]
[2022-04-15T01:45:13.762Z] > git rev-list --count 4262b41d141921ebdbe6bea06370e9876d75ef4c.. -- /home/benh/projects/mx/docs/projects/proctrack [18ms]
[2022-04-15T01:45:13.798Z] > git log --format=%H%n%aN%n%aE%n%at%n%ct%n%P%n%B -z -n3 -- /home/benh/projects/mx/docs/projects/proctrack [27ms]
[2022-04-15T01:49:24.251Z] > git symbolic-ref --short HEAD [5ms]
[2022-04-15T01:49:24.273Z] > git for-each-ref --format=%(refname)%00%(upstream:short)%00%(objectname)%00%(upstream:track) refs/heads/master refs/remotes/master [9ms]
[2022-04-15T01:49:24.293Z] > git for-each-ref --sort -committerdate --format %(refname) %(objectname) %(*objectname) [11ms]
[2022-04-15T01:49:24.294Z] > git remote --verbose [3ms]
[2022-04-15T01:49:24.313Z] > git config --get commit.template [2ms]
[2022-04-15T01:49:24.826Z] > git rev-list --count 4262b41d141921ebdbe6bea06370e9876d75ef4c.. -- /home/benh/projects/mx/docs/projects/proctrack [21ms]
[2022-04-15T01:49:24.863Z] > git log --format=%H%n%aN%n%aE%n%at%n%ct%n%P%n%B -z -n3 -- /home/benh/projects/mx/docs/projects/proctrack [27ms]
[2022-04-15T01:50:17.461Z] > git symbolic-ref --short HEAD [2ms]
[2022-04-15T01:50:17.468Z] > git for-each-ref --format=%(refname)%00%(upstream:short)%00%(objectname)%00%(upstream:track) refs/heads/master refs/remotes/master [2ms]
[2022-04-15T01:50:17.486Z] > git remote --verbose [2ms]
[2022-04-15T01:50:17.486Z] > git for-each-ref --sort -committerdate --format %(refname) %(objectname) %(*objectname) [11ms]
[2022-04-15T01:50:17.498Z] > git config --get commit.template [1ms]
[2022-04-15T01:50:18.017Z] > git rev-list --count 4262b41d141921ebdbe6bea06370e9876d75ef4c.. -- /home/benh/projects/mx/docs/projects/proctrack [17ms]
[2022-04-15T01:50:18.053Z] > git log --format=%H%n%aN%n%aE%n%at%n%ct%n%P%n%B -z -n3 -- /home/benh/projects/mx/docs/projects/proctrack [25ms]
[2022-04-15T01:50:26.001Z] > git symbolic-ref --short HEAD [1ms]
[2022-04-15T01:50:26.014Z] > git for-each-ref --format=%(refname)%00%(upstream:short)%00%(objectname)%00%(upstream:track) refs/heads/master refs/remotes/master [5ms]
[2022-04-15T01:50:26.036Z] > git for-each-ref --sort -committerdate --format %(refname) %(objectname) %(*objectname) [13ms]
[2022-04-15T01:50:26.037Z] > git remote --verbose [2ms]
[2022-04-15T01:50:26.046Z] > git config --get commit.template [1ms]
[2022-04-15T01:50:26.571Z] > git rev-list --count 4262b41d141921ebdbe6bea06370e9876d75ef4c.. -- /home/benh/projects/mx/docs/projects/proctrack [18ms]
[2022-04-15T01:50:26.612Z] > git log --format=%H%n%aN%n%aE%n%at%n%ct%n%P%n%B -z -n3 -- /home/benh/projects/mx/docs/projects/proctrack [33ms]
[2022-04-15T01:50:31.100Z] > git symbolic-ref --short HEAD [3ms]
[2022-04-15T01:50:31.112Z] > git for-each-ref --format=%(refname)%00%(upstream:short)%00%(objectname)%00%(upstream:track) refs/heads/master refs/remotes/master [2ms]
[2022-04-15T01:50:31.130Z] > git remote --verbose [2ms]
[2022-04-15T01:50:31.131Z] > git for-each-ref --sort -committerdate --format %(refname) %(objectname) %(*objectname) [13ms]
[2022-04-15T01:50:31.151Z] > git config --get commit.template [6ms]
[2022-04-15T01:50:31.669Z] > git rev-list --count 4262b41d141921ebdbe6bea06370e9876d75ef4c.. -- /home/benh/projects/mx/docs/projects/proctrack [19ms]
[2022-04-15T01:50:31.704Z] > git log --format=%H%n%aN%n%aE%n%at%n%ct%n%P%n%B -z -n3 -- /home/benh/projects/mx/docs/projects/proctrack [26ms]
[2022-04-15T01:50:36.197Z] > git symbolic-ref --short HEAD [2ms]
[2022-04-15T01:50:36.211Z] > git for-each-ref --format=%(refname)%00%(upstream:short)%00%(objectname)%00%(upstream:track) refs/heads/master refs/remotes/master [4ms]
[2022-04-15T01:50:36.225Z] > git for-each-ref --sort -committerdate --format %(refname) %(objectname) %(*objectname) [7ms]
[2022-04-15T01:50:36.226Z] > git remote --verbose [2ms]
[2022-04-15T01:50:36.245Z] > git config --get commit.template [2ms]
[2022-04-15T01:50:36.757Z] > git rev-list --count 4262b41d141921ebdbe6bea06370e9876d75ef4c.. -- /home/benh/projects/mx/docs/projects/proctrack [20ms]
[2022-04-15T01:50:36.788Z] > git log --format=%H%n%aN%n%aE%n%at%n%ct%n%P%n%B -z -n3 -- /home/benh/projects/mx/docs/projects/proctrack [18ms]
[2022-04-15T01:51:36.565Z] > git symbolic-ref --short HEAD [6ms]
[2022-04-15T01:51:36.581Z] > git for-each-ref --format=%(refname)%00%(upstream:short)%00%(objectname)%00%(upstream:track) refs/heads/master refs/remotes/master [6ms]
[2022-04-15T01:51:36.606Z] > git for-each-ref --sort -committerdate --format %(refname) %(objectname) %(*objectname) [14ms]
[2022-04-15T01:51:36.614Z] > git remote --verbose [11ms]
[2022-04-15T01:51:36.629Z] > git config --get commit.template [2ms]
[2022-04-15T01:51:37.142Z] > git rev-list --count 4262b41d141921ebdbe6bea06370e9876d75ef4c.. -- /home/benh/projects/mx/docs/projects/proctrack [17ms]
[2022-04-15T01:51:37.176Z] > git log --format=%H%n%aN%n%aE%n%at%n%ct%n%P%n%B -z -n3 -- /home/benh/projects/mx/docs/projects/proctrack [21ms]
[2022-04-15T01:52:10.833Z] > git symbolic-ref --short HEAD [2ms]
[2022-04-15T01:52:10.843Z] > git for-each-ref --format=%(refname)%00%(upstream:short)%00%(objectname)%00%(upstream:track) refs/heads/master refs/remotes/master [1ms]
[2022-04-15T01:52:10.860Z] > git for-each-ref --sort -committerdate --format %(refname) %(objectname) %(*objectname) [9ms]
[2022-04-15T01:52:10.861Z] > git remote --verbose [1ms]
[2022-04-15T01:52:10.869Z] > git config --get commit.template [1ms]
[2022-04-15T01:52:11.400Z] > git rev-list --count 4262b41d141921ebdbe6bea06370e9876d75ef4c.. -- /home/benh/projects/mx/docs/projects/proctrack [20ms]
[2022-04-15T01:52:11.433Z] > git log --format=%H%n%aN%n%aE%n%at%n%ct%n%P%n%B -z -n3 -- /home/benh/projects/mx/docs/projects/proctrack [23ms]
[2022-04-15T01:54:42.378Z] > git symbolic-ref --short HEAD [2ms]
[2022-04-15T01:54:42.395Z] > git for-each-ref --format=%(refname)%00%(upstream:short)%00%(objectname)%00%(upstream:track) refs/heads/master refs/remotes/master [5ms]
[2022-04-15T01:54:42.406Z] > git for-each-ref --sort -committerdate --format %(refname) %(objectname) %(*objectname) [6ms]
[2022-04-15T01:54:42.406Z] > git remote --verbose [1ms]
[2022-04-15T01:54:42.419Z] > git config --get commit.template [2ms]
[2022-04-15T01:54:42.949Z] > git rev-list --count 4262b41d141921ebdbe6bea06370e9876d75ef4c.. -- /home/benh/projects/mx/docs/projects/proctrack [18ms]
[2022-04-15T01:54:42.985Z] > git log --format=%H%n%aN%n%aE%n%at%n%ct%n%P%n%B -z -n3 -- /home/benh/projects/mx/docs/projects/proctrack [25ms]
