[2022-04-14 18:13:55.436] [renderer1] [warning] [/home/benh/.vscode-oss/extensions/sumneko.lua-2.5.3]: Couldn't find message for key config.diagnostics.ambiguity-1.
[2022-04-14 18:13:55.437] [renderer1] [warning] [/home/benh/.vscode-oss/extensions/sumneko.lua-2.5.3]: Couldn't find message for key config.diagnostics.await-in-sync.
[2022-04-14 18:13:55.438] [renderer1] [warning] [/home/benh/.vscode-oss/extensions/sumneko.lua-2.5.3]: Couldn't find message for key config.diagnostics.circle-doc-class.
[2022-04-14 18:13:55.439] [renderer1] [warning] [/home/benh/.vscode-oss/extensions/sumneko.lua-2.5.3]: Couldn't find message for key config.diagnostics.close-non-object.
[2022-04-14 18:13:55.440] [renderer1] [warning] [/home/benh/.vscode-oss/extensions/sumneko.lua-2.5.3]: Couldn't find message for key config.diagnostics.code-after-break.
[2022-04-14 18:13:55.440] [renderer1] [warning] [/home/benh/.vscode-oss/extensions/sumneko.lua-2.5.3]: Couldn't find message for key config.diagnostics.count-down-loop.
[2022-04-14 18:13:55.443] [renderer1] [warning] [/home/benh/.vscode-oss/extensions/sumneko.lua-2.5.3]: Couldn't find message for key config.diagnostics.deprecated.
[2022-04-14 18:13:55.443] [renderer1] [warning] [/home/benh/.vscode-oss/extensions/sumneko.lua-2.5.3]: Couldn't find message for key config.diagnostics.different-requires.
[2022-04-14 18:13:55.446] [renderer1] [warning] [/home/benh/.vscode-oss/extensions/sumneko.lua-2.5.3]: Couldn't find message for key config.diagnostics.discard-returns.
[2022-04-14 18:13:55.448] [renderer1] [warning] [/home/benh/.vscode-oss/extensions/sumneko.lua-2.5.3]: Couldn't find message for key config.diagnostics.doc-field-no-class.
[2022-04-14 18:13:55.449] [renderer1] [warning] [/home/benh/.vscode-oss/extensions/sumneko.lua-2.5.3]: Couldn't find message for key config.diagnostics.duplicate-doc-class.
[2022-04-14 18:13:55.450] [renderer1] [warning] [/home/benh/.vscode-oss/extensions/sumneko.lua-2.5.3]: Couldn't find message for key config.diagnostics.duplicate-doc-field.
[2022-04-14 18:13:55.453] [renderer1] [warning] [/home/benh/.vscode-oss/extensions/sumneko.lua-2.5.3]: Couldn't find message for key config.diagnostics.duplicate-doc-param.
[2022-04-14 18:13:55.454] [renderer1] [warning] [/home/benh/.vscode-oss/extensions/sumneko.lua-2.5.3]: Couldn't find message for key config.diagnostics.duplicate-index.
[2022-04-14 18:13:55.456] [renderer1] [warning] [/home/benh/.vscode-oss/extensions/sumneko.lua-2.5.3]: Couldn't find message for key config.diagnostics.duplicate-set-field.
[2022-04-14 18:13:55.458] [renderer1] [warning] [/home/benh/.vscode-oss/extensions/sumneko.lua-2.5.3]: Couldn't find message for key config.diagnostics.empty-block.
[2022-04-14 18:13:55.459] [renderer1] [warning] [/home/benh/.vscode-oss/extensions/sumneko.lua-2.5.3]: Couldn't find message for key config.diagnostics.global-in-nil-env.
[2022-04-14 18:13:55.459] [renderer1] [warning] [/home/benh/.vscode-oss/extensions/sumneko.lua-2.5.3]: Couldn't find message for key config.diagnostics.lowercase-global.
[2022-04-14 18:13:55.460] [renderer1] [warning] [/home/benh/.vscode-oss/extensions/sumneko.lua-2.5.3]: Couldn't find message for key config.diagnostics.newfield-call.
[2022-04-14 18:13:55.460] [renderer1] [warning] [/home/benh/.vscode-oss/extensions/sumneko.lua-2.5.3]: Couldn't find message for key config.diagnostics.newline-call.
[2022-04-14 18:13:55.461] [renderer1] [warning] [/home/benh/.vscode-oss/extensions/sumneko.lua-2.5.3]: Couldn't find message for key config.diagnostics.no-implicit-any.
[2022-04-14 18:13:55.461] [renderer1] [warning] [/home/benh/.vscode-oss/extensions/sumneko.lua-2.5.3]: Couldn't find message for key config.diagnostics.not-yieldable.
[2022-04-14 18:13:55.462] [renderer1] [warning] [/home/benh/.vscode-oss/extensions/sumneko.lua-2.5.3]: Couldn't find message for key config.diagnostics.redefined-local.
[2022-04-14 18:13:55.463] [renderer1] [warning] [/home/benh/.vscode-oss/extensions/sumneko.lua-2.5.3]: Couldn't find message for key config.diagnostics.redundant-parameter.
[2022-04-14 18:13:55.463] [renderer1] [warning] [/home/benh/.vscode-oss/extensions/sumneko.lua-2.5.3]: Couldn't find message for key config.diagnostics.redundant-return.
[2022-04-14 18:13:55.464] [renderer1] [warning] [/home/benh/.vscode-oss/extensions/sumneko.lua-2.5.3]: Couldn't find message for key config.diagnostics.redundant-value.
[2022-04-14 18:13:55.464] [renderer1] [warning] [/home/benh/.vscode-oss/extensions/sumneko.lua-2.5.3]: Couldn't find message for key config.diagnostics.trailing-space.
[2022-04-14 18:13:55.465] [renderer1] [warning] [/home/benh/.vscode-oss/extensions/sumneko.lua-2.5.3]: Couldn't find message for key config.diagnostics.type-check.
[2022-04-14 18:13:55.465] [renderer1] [warning] [/home/benh/.vscode-oss/extensions/sumneko.lua-2.5.3]: Couldn't find message for key config.diagnostics.unbalanced-assignments.
[2022-04-14 18:13:55.465] [renderer1] [warning] [/home/benh/.vscode-oss/extensions/sumneko.lua-2.5.3]: Couldn't find message for key config.diagnostics.undefined-doc-class.
[2022-04-14 18:13:55.466] [renderer1] [warning] [/home/benh/.vscode-oss/extensions/sumneko.lua-2.5.3]: Couldn't find message for key config.diagnostics.undefined-doc-name.
[2022-04-14 18:13:55.466] [renderer1] [warning] [/home/benh/.vscode-oss/extensions/sumneko.lua-2.5.3]: Couldn't find message for key config.diagnostics.undefined-doc-param.
[2022-04-14 18:13:55.467] [renderer1] [warning] [/home/benh/.vscode-oss/extensions/sumneko.lua-2.5.3]: Couldn't find message for key config.diagnostics.undefined-env-child.
[2022-04-14 18:13:55.467] [renderer1] [warning] [/home/benh/.vscode-oss/extensions/sumneko.lua-2.5.3]: Couldn't find message for key config.diagnostics.undefined-field.
[2022-04-14 18:13:55.470] [renderer1] [warning] [/home/benh/.vscode-oss/extensions/sumneko.lua-2.5.3]: Couldn't find message for key config.diagnostics.undefined-global.
[2022-04-14 18:13:55.471] [renderer1] [warning] [/home/benh/.vscode-oss/extensions/sumneko.lua-2.5.3]: Couldn't find message for key config.diagnostics.unknown-diag-code.
[2022-04-14 18:13:55.472] [renderer1] [warning] [/home/benh/.vscode-oss/extensions/sumneko.lua-2.5.3]: Couldn't find message for key config.diagnostics.unused-function.
[2022-04-14 18:13:55.473] [renderer1] [warning] [/home/benh/.vscode-oss/extensions/sumneko.lua-2.5.3]: Couldn't find message for key config.diagnostics.unused-label.
[2022-04-14 18:13:55.474] [renderer1] [warning] [/home/benh/.vscode-oss/extensions/sumneko.lua-2.5.3]: Couldn't find message for key config.diagnostics.unused-local.
[2022-04-14 18:13:55.475] [renderer1] [warning] [/home/benh/.vscode-oss/extensions/sumneko.lua-2.5.3]: Couldn't find message for key config.diagnostics.unused-vararg.
[2022-04-14 18:13:55.476] [renderer1] [warning] [/home/benh/.vscode-oss/extensions/sumneko.lua-2.5.3]: Couldn't find message for key config.diagnostics.ambiguity-1.
[2022-04-14 18:13:55.478] [renderer1] [warning] [/home/benh/.vscode-oss/extensions/sumneko.lua-2.5.3]: Couldn't find message for key config.diagnostics.await-in-sync.
[2022-04-14 18:13:55.478] [renderer1] [warning] [/home/benh/.vscode-oss/extensions/sumneko.lua-2.5.3]: Couldn't find message for key config.diagnostics.circle-doc-class.
[2022-04-14 18:13:55.479] [renderer1] [warning] [/home/benh/.vscode-oss/extensions/sumneko.lua-2.5.3]: Couldn't find message for key config.diagnostics.close-non-object.
[2022-04-14 18:13:55.480] [renderer1] [warning] [/home/benh/.vscode-oss/extensions/sumneko.lua-2.5.3]: Couldn't find message for key config.diagnostics.code-after-break.
[2022-04-14 18:13:55.481] [renderer1] [warning] [/home/benh/.vscode-oss/extensions/sumneko.lua-2.5.3]: Couldn't find message for key config.diagnostics.count-down-loop.
[2022-04-14 18:13:55.481] [renderer1] [warning] [/home/benh/.vscode-oss/extensions/sumneko.lua-2.5.3]: Couldn't find message for key config.diagnostics.deprecated.
[2022-04-14 18:13:55.482] [renderer1] [warning] [/home/benh/.vscode-oss/extensions/sumneko.lua-2.5.3]: Couldn't find message for key config.diagnostics.different-requires.
[2022-04-14 18:13:55.483] [renderer1] [warning] [/home/benh/.vscode-oss/extensions/sumneko.lua-2.5.3]: Couldn't find message for key config.diagnostics.discard-returns.
[2022-04-14 18:13:55.484] [renderer1] [warning] [/home/benh/.vscode-oss/extensions/sumneko.lua-2.5.3]: Couldn't find message for key config.diagnostics.doc-field-no-class.
[2022-04-14 18:13:55.485] [renderer1] [warning] [/home/benh/.vscode-oss/extensions/sumneko.lua-2.5.3]: Couldn't find message for key config.diagnostics.duplicate-doc-class.
[2022-04-14 18:13:55.486] [renderer1] [warning] [/home/benh/.vscode-oss/extensions/sumneko.lua-2.5.3]: Couldn't find message for key config.diagnostics.duplicate-doc-field.
[2022-04-14 18:13:55.487] [renderer1] [warning] [/home/benh/.vscode-oss/extensions/sumneko.lua-2.5.3]: Couldn't find message for key config.diagnostics.duplicate-doc-param.
[2022-04-14 18:13:55.487] [renderer1] [warning] [/home/benh/.vscode-oss/extensions/sumneko.lua-2.5.3]: Couldn't find message for key config.diagnostics.duplicate-index.
[2022-04-14 18:13:55.488] [renderer1] [warning] [/home/benh/.vscode-oss/extensions/sumneko.lua-2.5.3]: Couldn't find message for key config.diagnostics.duplicate-set-field.
[2022-04-14 18:13:55.489] [renderer1] [warning] [/home/benh/.vscode-oss/extensions/sumneko.lua-2.5.3]: Couldn't find message for key config.diagnostics.empty-block.
[2022-04-14 18:13:55.490] [renderer1] [warning] [/home/benh/.vscode-oss/extensions/sumneko.lua-2.5.3]: Couldn't find message for key config.diagnostics.global-in-nil-env.
[2022-04-14 18:13:55.490] [renderer1] [warning] [/home/benh/.vscode-oss/extensions/sumneko.lua-2.5.3]: Couldn't find message for key config.diagnostics.lowercase-global.
[2022-04-14 18:13:55.492] [renderer1] [warning] [/home/benh/.vscode-oss/extensions/sumneko.lua-2.5.3]: Couldn't find message for key config.diagnostics.newfield-call.
[2022-04-14 18:13:55.495] [renderer1] [warning] [/home/benh/.vscode-oss/extensions/sumneko.lua-2.5.3]: Couldn't find message for key config.diagnostics.newline-call.
[2022-04-14 18:13:55.497] [renderer1] [warning] [/home/benh/.vscode-oss/extensions/sumneko.lua-2.5.3]: Couldn't find message for key config.diagnostics.no-implicit-any.
[2022-04-14 18:13:55.498] [renderer1] [warning] [/home/benh/.vscode-oss/extensions/sumneko.lua-2.5.3]: Couldn't find message for key config.diagnostics.not-yieldable.
[2022-04-14 18:13:55.506] [renderer1] [warning] [/home/benh/.vscode-oss/extensions/sumneko.lua-2.5.3]: Couldn't find message for key config.diagnostics.redefined-local.
[2022-04-14 18:13:55.507] [renderer1] [warning] [/home/benh/.vscode-oss/extensions/sumneko.lua-2.5.3]: Couldn't find message for key config.diagnostics.redundant-parameter.
[2022-04-14 18:13:55.507] [renderer1] [warning] [/home/benh/.vscode-oss/extensions/sumneko.lua-2.5.3]: Couldn't find message for key config.diagnostics.redundant-return.
[2022-04-14 18:13:55.508] [renderer1] [warning] [/home/benh/.vscode-oss/extensions/sumneko.lua-2.5.3]: Couldn't find message for key config.diagnostics.redundant-value.
[2022-04-14 18:13:55.508] [renderer1] [warning] [/home/benh/.vscode-oss/extensions/sumneko.lua-2.5.3]: Couldn't find message for key config.diagnostics.trailing-space.
[2022-04-14 18:13:55.509] [renderer1] [warning] [/home/benh/.vscode-oss/extensions/sumneko.lua-2.5.3]: Couldn't find message for key config.diagnostics.type-check.
[2022-04-14 18:13:55.509] [renderer1] [warning] [/home/benh/.vscode-oss/extensions/sumneko.lua-2.5.3]: Couldn't find message for key config.diagnostics.unbalanced-assignments.
[2022-04-14 18:13:55.511] [renderer1] [warning] [/home/benh/.vscode-oss/extensions/sumneko.lua-2.5.3]: Couldn't find message for key config.diagnostics.undefined-doc-class.
[2022-04-14 18:13:55.511] [renderer1] [warning] [/home/benh/.vscode-oss/extensions/sumneko.lua-2.5.3]: Couldn't find message for key config.diagnostics.undefined-doc-name.
[2022-04-14 18:13:55.515] [renderer1] [warning] [/home/benh/.vscode-oss/extensions/sumneko.lua-2.5.3]: Couldn't find message for key config.diagnostics.undefined-doc-param.
[2022-04-14 18:13:55.516] [renderer1] [warning] [/home/benh/.vscode-oss/extensions/sumneko.lua-2.5.3]: Couldn't find message for key config.diagnostics.undefined-env-child.
[2022-04-14 18:13:55.522] [renderer1] [warning] [/home/benh/.vscode-oss/extensions/sumneko.lua-2.5.3]: Couldn't find message for key config.diagnostics.undefined-field.
[2022-04-14 18:13:55.523] [renderer1] [warning] [/home/benh/.vscode-oss/extensions/sumneko.lua-2.5.3]: Couldn't find message for key config.diagnostics.undefined-global.
[2022-04-14 18:13:55.524] [renderer1] [warning] [/home/benh/.vscode-oss/extensions/sumneko.lua-2.5.3]: Couldn't find message for key config.diagnostics.unknown-diag-code.
[2022-04-14 18:13:55.529] [renderer1] [warning] [/home/benh/.vscode-oss/extensions/sumneko.lua-2.5.3]: Couldn't find message for key config.diagnostics.unused-function.
[2022-04-14 18:13:55.536] [renderer1] [warning] [/home/benh/.vscode-oss/extensions/sumneko.lua-2.5.3]: Couldn't find message for key config.diagnostics.unused-label.
[2022-04-14 18:13:55.537] [renderer1] [warning] [/home/benh/.vscode-oss/extensions/sumneko.lua-2.5.3]: Couldn't find message for key config.diagnostics.unused-local.
[2022-04-14 18:13:55.550] [renderer1] [warning] [/home/benh/.vscode-oss/extensions/sumneko.lua-2.5.3]: Couldn't find message for key config.diagnostics.unused-vararg.
[2022-04-14 18:13:55.550] [renderer1] [warning] [/home/benh/.vscode-oss/extensions/sumneko.lua-2.5.3]: Couldn't find message for key config.runtime.builtin.basic.
[2022-04-14 18:13:55.550] [renderer1] [warning] [/home/benh/.vscode-oss/extensions/sumneko.lua-2.5.3]: Couldn't find message for key config.runtime.builtin.bit.
[2022-04-14 18:13:55.552] [renderer1] [warning] [/home/benh/.vscode-oss/extensions/sumneko.lua-2.5.3]: Couldn't find message for key config.runtime.builtin.bit32.
[2022-04-14 18:13:55.552] [renderer1] [warning] [/home/benh/.vscode-oss/extensions/sumneko.lua-2.5.3]: Couldn't find message for key config.runtime.builtin.builtin.
[2022-04-14 18:13:55.552] [renderer1] [warning] [/home/benh/.vscode-oss/extensions/sumneko.lua-2.5.3]: Couldn't find message for key config.runtime.builtin.coroutine.
[2022-04-14 18:13:55.553] [renderer1] [warning] [/home/benh/.vscode-oss/extensions/sumneko.lua-2.5.3]: Couldn't find message for key config.runtime.builtin.debug.
[2022-04-14 18:13:55.553] [renderer1] [warning] [/home/benh/.vscode-oss/extensions/sumneko.lua-2.5.3]: Couldn't find message for key config.runtime.builtin.ffi.
[2022-04-14 18:13:55.555] [renderer1] [warning] [/home/benh/.vscode-oss/extensions/sumneko.lua-2.5.3]: Couldn't find message for key config.runtime.builtin.io.
[2022-04-14 18:13:55.555] [renderer1] [warning] [/home/benh/.vscode-oss/extensions/sumneko.lua-2.5.3]: Couldn't find message for key config.runtime.builtin.jit.
[2022-04-14 18:13:55.556] [renderer1] [warning] [/home/benh/.vscode-oss/extensions/sumneko.lua-2.5.3]: Couldn't find message for key config.runtime.builtin.math.
[2022-04-14 18:13:55.556] [renderer1] [warning] [/home/benh/.vscode-oss/extensions/sumneko.lua-2.5.3]: Couldn't find message for key config.runtime.builtin.os.
[2022-04-14 18:13:55.556] [renderer1] [warning] [/home/benh/.vscode-oss/extensions/sumneko.lua-2.5.3]: Couldn't find message for key config.runtime.builtin.package.
[2022-04-14 18:13:55.556] [renderer1] [warning] [/home/benh/.vscode-oss/extensions/sumneko.lua-2.5.3]: Couldn't find message for key config.runtime.builtin.string.
[2022-04-14 18:13:55.557] [renderer1] [warning] [/home/benh/.vscode-oss/extensions/sumneko.lua-2.5.3]: Couldn't find message for key config.runtime.builtin.table.
[2022-04-14 18:13:55.557] [renderer1] [warning] [/home/benh/.vscode-oss/extensions/sumneko.lua-2.5.3]: Couldn't find message for key config.runtime.builtin.utf8.
