[2022-04-14 18:22:19.198] [renderer1] [warning] [/home/benh/.vscode-oss/extensions/sumneko.lua-2.5.3]: Couldn't find message for key config.diagnostics.ambiguity-1.
[2022-04-14 18:22:19.199] [renderer1] [warning] [/home/benh/.vscode-oss/extensions/sumneko.lua-2.5.3]: Couldn't find message for key config.diagnostics.await-in-sync.
[2022-04-14 18:22:19.199] [renderer1] [warning] [/home/benh/.vscode-oss/extensions/sumneko.lua-2.5.3]: Couldn't find message for key config.diagnostics.circle-doc-class.
[2022-04-14 18:22:19.202] [renderer1] [warning] [/home/benh/.vscode-oss/extensions/sumneko.lua-2.5.3]: Couldn't find message for key config.diagnostics.close-non-object.
[2022-04-14 18:22:19.202] [renderer1] [warning] [/home/benh/.vscode-oss/extensions/sumneko.lua-2.5.3]: Couldn't find message for key config.diagnostics.code-after-break.
[2022-04-14 18:22:19.203] [renderer1] [warning] [/home/benh/.vscode-oss/extensions/sumneko.lua-2.5.3]: Couldn't find message for key config.diagnostics.count-down-loop.
[2022-04-14 18:22:19.203] [renderer1] [warning] [/home/benh/.vscode-oss/extensions/sumneko.lua-2.5.3]: Couldn't find message for key config.diagnostics.deprecated.
[2022-04-14 18:22:19.204] [renderer1] [warning] [/home/benh/.vscode-oss/extensions/sumneko.lua-2.5.3]: Couldn't find message for key config.diagnostics.different-requires.
[2022-04-14 18:22:19.204] [renderer1] [warning] [/home/benh/.vscode-oss/extensions/sumneko.lua-2.5.3]: Couldn't find message for key config.diagnostics.discard-returns.
[2022-04-14 18:22:19.205] [renderer1] [warning] [/home/benh/.vscode-oss/extensions/sumneko.lua-2.5.3]: Couldn't find message for key config.diagnostics.doc-field-no-class.
[2022-04-14 18:22:19.205] [renderer1] [warning] [/home/benh/.vscode-oss/extensions/sumneko.lua-2.5.3]: Couldn't find message for key config.diagnostics.duplicate-doc-class.
[2022-04-14 18:22:19.206] [renderer1] [warning] [/home/benh/.vscode-oss/extensions/sumneko.lua-2.5.3]: Couldn't find message for key config.diagnostics.duplicate-doc-field.
[2022-04-14 18:22:19.207] [renderer1] [warning] [/home/benh/.vscode-oss/extensions/sumneko.lua-2.5.3]: Couldn't find message for key config.diagnostics.duplicate-doc-param.
[2022-04-14 18:22:19.207] [renderer1] [warning] [/home/benh/.vscode-oss/extensions/sumneko.lua-2.5.3]: Couldn't find message for key config.diagnostics.duplicate-index.
[2022-04-14 18:22:19.208] [renderer1] [warning] [/home/benh/.vscode-oss/extensions/sumneko.lua-2.5.3]: Couldn't find message for key config.diagnostics.duplicate-set-field.
[2022-04-14 18:22:19.209] [renderer1] [warning] [/home/benh/.vscode-oss/extensions/sumneko.lua-2.5.3]: Couldn't find message for key config.diagnostics.empty-block.
[2022-04-14 18:22:19.209] [renderer1] [warning] [/home/benh/.vscode-oss/extensions/sumneko.lua-2.5.3]: Couldn't find message for key config.diagnostics.global-in-nil-env.
[2022-04-14 18:22:19.210] [renderer1] [warning] [/home/benh/.vscode-oss/extensions/sumneko.lua-2.5.3]: Couldn't find message for key config.diagnostics.lowercase-global.
[2022-04-14 18:22:19.214] [renderer1] [warning] [/home/benh/.vscode-oss/extensions/sumneko.lua-2.5.3]: Couldn't find message for key config.diagnostics.newfield-call.
[2022-04-14 18:22:19.215] [renderer1] [warning] [/home/benh/.vscode-oss/extensions/sumneko.lua-2.5.3]: Couldn't find message for key config.diagnostics.newline-call.
[2022-04-14 18:22:19.217] [renderer1] [warning] [/home/benh/.vscode-oss/extensions/sumneko.lua-2.5.3]: Couldn't find message for key config.diagnostics.no-implicit-any.
[2022-04-14 18:22:19.218] [renderer1] [warning] [/home/benh/.vscode-oss/extensions/sumneko.lua-2.5.3]: Couldn't find message for key config.diagnostics.not-yieldable.
[2022-04-14 18:22:19.222] [renderer1] [warning] [/home/benh/.vscode-oss/extensions/sumneko.lua-2.5.3]: Couldn't find message for key config.diagnostics.redefined-local.
[2022-04-14 18:22:19.223] [renderer1] [warning] [/home/benh/.vscode-oss/extensions/sumneko.lua-2.5.3]: Couldn't find message for key config.diagnostics.redundant-parameter.
[2022-04-14 18:22:19.224] [renderer1] [warning] [/home/benh/.vscode-oss/extensions/sumneko.lua-2.5.3]: Couldn't find message for key config.diagnostics.redundant-return.
[2022-04-14 18:22:19.225] [renderer1] [warning] [/home/benh/.vscode-oss/extensions/sumneko.lua-2.5.3]: Couldn't find message for key config.diagnostics.redundant-value.
[2022-04-14 18:22:19.226] [renderer1] [warning] [/home/benh/.vscode-oss/extensions/sumneko.lua-2.5.3]: Couldn't find message for key config.diagnostics.trailing-space.
[2022-04-14 18:22:19.227] [renderer1] [warning] [/home/benh/.vscode-oss/extensions/sumneko.lua-2.5.3]: Couldn't find message for key config.diagnostics.type-check.
[2022-04-14 18:22:19.229] [renderer1] [warning] [/home/benh/.vscode-oss/extensions/sumneko.lua-2.5.3]: Couldn't find message for key config.diagnostics.unbalanced-assignments.
[2022-04-14 18:22:19.230] [renderer1] [warning] [/home/benh/.vscode-oss/extensions/sumneko.lua-2.5.3]: Couldn't find message for key config.diagnostics.undefined-doc-class.
[2022-04-14 18:22:19.231] [renderer1] [warning] [/home/benh/.vscode-oss/extensions/sumneko.lua-2.5.3]: Couldn't find message for key config.diagnostics.undefined-doc-name.
[2022-04-14 18:22:19.231] [renderer1] [warning] [/home/benh/.vscode-oss/extensions/sumneko.lua-2.5.3]: Couldn't find message for key config.diagnostics.undefined-doc-param.
[2022-04-14 18:22:19.233] [renderer1] [warning] [/home/benh/.vscode-oss/extensions/sumneko.lua-2.5.3]: Couldn't find message for key config.diagnostics.undefined-env-child.
[2022-04-14 18:22:19.234] [renderer1] [warning] [/home/benh/.vscode-oss/extensions/sumneko.lua-2.5.3]: Couldn't find message for key config.diagnostics.undefined-field.
[2022-04-14 18:22:19.235] [renderer1] [warning] [/home/benh/.vscode-oss/extensions/sumneko.lua-2.5.3]: Couldn't find message for key config.diagnostics.undefined-global.
[2022-04-14 18:22:19.236] [renderer1] [warning] [/home/benh/.vscode-oss/extensions/sumneko.lua-2.5.3]: Couldn't find message for key config.diagnostics.unknown-diag-code.
[2022-04-14 18:22:19.238] [renderer1] [warning] [/home/benh/.vscode-oss/extensions/sumneko.lua-2.5.3]: Couldn't find message for key config.diagnostics.unused-function.
[2022-04-14 18:22:19.239] [renderer1] [warning] [/home/benh/.vscode-oss/extensions/sumneko.lua-2.5.3]: Couldn't find message for key config.diagnostics.unused-label.
[2022-04-14 18:22:19.240] [renderer1] [warning] [/home/benh/.vscode-oss/extensions/sumneko.lua-2.5.3]: Couldn't find message for key config.diagnostics.unused-local.
[2022-04-14 18:22:19.241] [renderer1] [warning] [/home/benh/.vscode-oss/extensions/sumneko.lua-2.5.3]: Couldn't find message for key config.diagnostics.unused-vararg.
[2022-04-14 18:22:19.242] [renderer1] [warning] [/home/benh/.vscode-oss/extensions/sumneko.lua-2.5.3]: Couldn't find message for key config.diagnostics.ambiguity-1.
[2022-04-14 18:22:19.243] [renderer1] [warning] [/home/benh/.vscode-oss/extensions/sumneko.lua-2.5.3]: Couldn't find message for key config.diagnostics.await-in-sync.
[2022-04-14 18:22:19.243] [renderer1] [warning] [/home/benh/.vscode-oss/extensions/sumneko.lua-2.5.3]: Couldn't find message for key config.diagnostics.circle-doc-class.
[2022-04-14 18:22:19.246] [renderer1] [warning] [/home/benh/.vscode-oss/extensions/sumneko.lua-2.5.3]: Couldn't find message for key config.diagnostics.close-non-object.
[2022-04-14 18:22:19.247] [renderer1] [warning] [/home/benh/.vscode-oss/extensions/sumneko.lua-2.5.3]: Couldn't find message for key config.diagnostics.code-after-break.
[2022-04-14 18:22:19.250] [renderer1] [warning] [/home/benh/.vscode-oss/extensions/sumneko.lua-2.5.3]: Couldn't find message for key config.diagnostics.count-down-loop.
[2022-04-14 18:22:19.251] [renderer1] [warning] [/home/benh/.vscode-oss/extensions/sumneko.lua-2.5.3]: Couldn't find message for key config.diagnostics.deprecated.
[2022-04-14 18:22:19.252] [renderer1] [warning] [/home/benh/.vscode-oss/extensions/sumneko.lua-2.5.3]: Couldn't find message for key config.diagnostics.different-requires.
[2022-04-14 18:22:19.253] [renderer1] [warning] [/home/benh/.vscode-oss/extensions/sumneko.lua-2.5.3]: Couldn't find message for key config.diagnostics.discard-returns.
[2022-04-14 18:22:19.254] [renderer1] [warning] [/home/benh/.vscode-oss/extensions/sumneko.lua-2.5.3]: Couldn't find message for key config.diagnostics.doc-field-no-class.
[2022-04-14 18:22:19.256] [renderer1] [warning] [/home/benh/.vscode-oss/extensions/sumneko.lua-2.5.3]: Couldn't find message for key config.diagnostics.duplicate-doc-class.
[2022-04-14 18:22:19.258] [renderer1] [warning] [/home/benh/.vscode-oss/extensions/sumneko.lua-2.5.3]: Couldn't find message for key config.diagnostics.duplicate-doc-field.
[2022-04-14 18:22:19.259] [renderer1] [warning] [/home/benh/.vscode-oss/extensions/sumneko.lua-2.5.3]: Couldn't find message for key config.diagnostics.duplicate-doc-param.
[2022-04-14 18:22:19.260] [renderer1] [warning] [/home/benh/.vscode-oss/extensions/sumneko.lua-2.5.3]: Couldn't find message for key config.diagnostics.duplicate-index.
[2022-04-14 18:22:19.261] [renderer1] [warning] [/home/benh/.vscode-oss/extensions/sumneko.lua-2.5.3]: Couldn't find message for key config.diagnostics.duplicate-set-field.
[2022-04-14 18:22:19.262] [renderer1] [warning] [/home/benh/.vscode-oss/extensions/sumneko.lua-2.5.3]: Couldn't find message for key config.diagnostics.empty-block.
[2022-04-14 18:22:19.263] [renderer1] [warning] [/home/benh/.vscode-oss/extensions/sumneko.lua-2.5.3]: Couldn't find message for key config.diagnostics.global-in-nil-env.
[2022-04-14 18:22:19.264] [renderer1] [warning] [/home/benh/.vscode-oss/extensions/sumneko.lua-2.5.3]: Couldn't find message for key config.diagnostics.lowercase-global.
[2022-04-14 18:22:19.266] [renderer1] [warning] [/home/benh/.vscode-oss/extensions/sumneko.lua-2.5.3]: Couldn't find message for key config.diagnostics.newfield-call.
[2022-04-14 18:22:19.267] [renderer1] [warning] [/home/benh/.vscode-oss/extensions/sumneko.lua-2.5.3]: Couldn't find message for key config.diagnostics.newline-call.
[2022-04-14 18:22:19.267] [renderer1] [warning] [/home/benh/.vscode-oss/extensions/sumneko.lua-2.5.3]: Couldn't find message for key config.diagnostics.no-implicit-any.
[2022-04-14 18:22:19.268] [renderer1] [warning] [/home/benh/.vscode-oss/extensions/sumneko.lua-2.5.3]: Couldn't find message for key config.diagnostics.not-yieldable.
[2022-04-14 18:22:19.268] [renderer1] [warning] [/home/benh/.vscode-oss/extensions/sumneko.lua-2.5.3]: Couldn't find message for key config.diagnostics.redefined-local.
[2022-04-14 18:22:19.269] [renderer1] [warning] [/home/benh/.vscode-oss/extensions/sumneko.lua-2.5.3]: Couldn't find message for key config.diagnostics.redundant-parameter.
[2022-04-14 18:22:19.269] [renderer1] [warning] [/home/benh/.vscode-oss/extensions/sumneko.lua-2.5.3]: Couldn't find message for key config.diagnostics.redundant-return.
[2022-04-14 18:22:19.270] [renderer1] [warning] [/home/benh/.vscode-oss/extensions/sumneko.lua-2.5.3]: Couldn't find message for key config.diagnostics.redundant-value.
[2022-04-14 18:22:19.270] [renderer1] [warning] [/home/benh/.vscode-oss/extensions/sumneko.lua-2.5.3]: Couldn't find message for key config.diagnostics.trailing-space.
[2022-04-14 18:22:19.275] [renderer1] [warning] [/home/benh/.vscode-oss/extensions/sumneko.lua-2.5.3]: Couldn't find message for key config.diagnostics.type-check.
[2022-04-14 18:22:19.276] [renderer1] [warning] [/home/benh/.vscode-oss/extensions/sumneko.lua-2.5.3]: Couldn't find message for key config.diagnostics.unbalanced-assignments.
[2022-04-14 18:22:19.286] [renderer1] [warning] [/home/benh/.vscode-oss/extensions/sumneko.lua-2.5.3]: Couldn't find message for key config.diagnostics.undefined-doc-class.
[2022-04-14 18:22:19.298] [renderer1] [warning] [/home/benh/.vscode-oss/extensions/sumneko.lua-2.5.3]: Couldn't find message for key config.diagnostics.undefined-doc-name.
[2022-04-14 18:22:19.299] [renderer1] [warning] [/home/benh/.vscode-oss/extensions/sumneko.lua-2.5.3]: Couldn't find message for key config.diagnostics.undefined-doc-param.
[2022-04-14 18:22:19.305] [renderer1] [warning] [/home/benh/.vscode-oss/extensions/sumneko.lua-2.5.3]: Couldn't find message for key config.diagnostics.undefined-env-child.
[2022-04-14 18:22:19.313] [renderer1] [warning] [/home/benh/.vscode-oss/extensions/sumneko.lua-2.5.3]: Couldn't find message for key config.diagnostics.undefined-field.
[2022-04-14 18:22:19.317] [renderer1] [warning] [/home/benh/.vscode-oss/extensions/sumneko.lua-2.5.3]: Couldn't find message for key config.diagnostics.undefined-global.
[2022-04-14 18:22:19.318] [renderer1] [warning] [/home/benh/.vscode-oss/extensions/sumneko.lua-2.5.3]: Couldn't find message for key config.diagnostics.unknown-diag-code.
[2022-04-14 18:22:19.319] [renderer1] [warning] [/home/benh/.vscode-oss/extensions/sumneko.lua-2.5.3]: Couldn't find message for key config.diagnostics.unused-function.
[2022-04-14 18:22:19.321] [renderer1] [warning] [/home/benh/.vscode-oss/extensions/sumneko.lua-2.5.3]: Couldn't find message for key config.diagnostics.unused-label.
[2022-04-14 18:22:19.322] [renderer1] [warning] [/home/benh/.vscode-oss/extensions/sumneko.lua-2.5.3]: Couldn't find message for key config.diagnostics.unused-local.
[2022-04-14 18:22:19.323] [renderer1] [warning] [/home/benh/.vscode-oss/extensions/sumneko.lua-2.5.3]: Couldn't find message for key config.diagnostics.unused-vararg.
[2022-04-14 18:22:19.324] [renderer1] [warning] [/home/benh/.vscode-oss/extensions/sumneko.lua-2.5.3]: Couldn't find message for key config.runtime.builtin.basic.
[2022-04-14 18:22:19.324] [renderer1] [warning] [/home/benh/.vscode-oss/extensions/sumneko.lua-2.5.3]: Couldn't find message for key config.runtime.builtin.bit.
[2022-04-14 18:22:19.325] [renderer1] [warning] [/home/benh/.vscode-oss/extensions/sumneko.lua-2.5.3]: Couldn't find message for key config.runtime.builtin.bit32.
[2022-04-14 18:22:19.327] [renderer1] [warning] [/home/benh/.vscode-oss/extensions/sumneko.lua-2.5.3]: Couldn't find message for key config.runtime.builtin.builtin.
[2022-04-14 18:22:19.331] [renderer1] [warning] [/home/benh/.vscode-oss/extensions/sumneko.lua-2.5.3]: Couldn't find message for key config.runtime.builtin.coroutine.
[2022-04-14 18:22:19.331] [renderer1] [warning] [/home/benh/.vscode-oss/extensions/sumneko.lua-2.5.3]: Couldn't find message for key config.runtime.builtin.debug.
[2022-04-14 18:22:19.332] [renderer1] [warning] [/home/benh/.vscode-oss/extensions/sumneko.lua-2.5.3]: Couldn't find message for key config.runtime.builtin.ffi.
[2022-04-14 18:22:19.332] [renderer1] [warning] [/home/benh/.vscode-oss/extensions/sumneko.lua-2.5.3]: Couldn't find message for key config.runtime.builtin.io.
[2022-04-14 18:22:19.335] [renderer1] [warning] [/home/benh/.vscode-oss/extensions/sumneko.lua-2.5.3]: Couldn't find message for key config.runtime.builtin.jit.
[2022-04-14 18:22:19.335] [renderer1] [warning] [/home/benh/.vscode-oss/extensions/sumneko.lua-2.5.3]: Couldn't find message for key config.runtime.builtin.math.
[2022-04-14 18:22:19.336] [renderer1] [warning] [/home/benh/.vscode-oss/extensions/sumneko.lua-2.5.3]: Couldn't find message for key config.runtime.builtin.os.
[2022-04-14 18:22:19.336] [renderer1] [warning] [/home/benh/.vscode-oss/extensions/sumneko.lua-2.5.3]: Couldn't find message for key config.runtime.builtin.package.
[2022-04-14 18:22:19.337] [renderer1] [warning] [/home/benh/.vscode-oss/extensions/sumneko.lua-2.5.3]: Couldn't find message for key config.runtime.builtin.string.
[2022-04-14 18:22:19.337] [renderer1] [warning] [/home/benh/.vscode-oss/extensions/sumneko.lua-2.5.3]: Couldn't find message for key config.runtime.builtin.table.
[2022-04-14 18:22:19.338] [renderer1] [warning] [/home/benh/.vscode-oss/extensions/sumneko.lua-2.5.3]: Couldn't find message for key config.runtime.builtin.utf8.
[2022-04-14 18:22:19.436] [renderer1] [critical] Extension 'ms-python.python CANNOT USE these API proposals 'quickPickSortByLabel, testObserver, notebookEditor'. You MUST start in extension development mode or use the --enable-proposed-api command line flag
[2022-04-14 18:22:19.437] [renderer1] [critical] Extension 'ms-toolsai.jupyter CANNOT USE these API proposals 'notebookConcatTextDocument, notebookControllerKind, notebookDebugOptions, notebookDeprecated, notebookEditor, notebookEditorDecorationType, notebookEditorEdit, notebookMessaging, notebookMime, notebookCellExecutionState, portsAttributes, textDocumentNotebook, quickPickSortByLabel'. You MUST start in extension development mode or use the --enable-proposed-api command line flag
[2022-04-14 18:22:19.461] [renderer1] [info] Ignoring configured affinity for 'pub.name' because the extension is unknown or cannot execute.
[2022-04-14 18:22:19.705] [renderer1] [error] [ms-toolsai.jupyter]: interactive/toolbar is a proposed menu identifier. It requires 'package.json#enabledApiProposals: ["notebookEditor"]' and is only available when running out of dev or with the following command line switch: --enable-proposed-api ms-toolsai.jupyter
[2022-04-14 18:22:19.706] [renderer1] [error] [ms-toolsai.jupyter]: interactive/cell/title is a proposed menu identifier. It requires 'package.json#enabledApiProposals: ["notebookEditor"]' and is only available when running out of dev or with the following command line switch: --enable-proposed-api ms-toolsai.jupyter
[2022-04-14 18:22:19.939] [renderer1] [info] Ignoring configured affinity for 'pub.name' because the extension is unknown or cannot execute.
[2022-04-14 18:22:27.270] [renderer1] [error] Error: File not found
    at g.handleSetInputError (vscode-file://vscode-app/opt/vscodium-bin/resources/app/out/vs/workbench/workbench.desktop.main.js:2636:112725)
    at async g.setInput (vscode-file://vscode-app/opt/vscodium-bin/resources/app/out/vs/workbench/workbench.desktop.main.js:2636:112400)
    at async i.doSetInput (vscode-file://vscode-app/opt/vscodium-bin/resources/app/out/vs/workbench/workbench.desktop.main.js:2636:26823)
    at async i.doOpenEditor (vscode-file://vscode-app/opt/vscodium-bin/resources/app/out/vs/workbench/workbench.desktop.main.js:2636:25196)
    at async i.openEditor (vscode-file://vscode-app/opt/vscodium-bin/resources/app/out/vs/workbench/workbench.desktop.main.js:2636:24822)
    at async vscode-file://vscode-app/opt/vscodium-bin/resources/app/out/vs/workbench/workbench.desktop.main.js:2842:17260
[2022-04-14 18:22:28.790] [renderer1] [warning] [/home/benh/.vscode-oss/extensions/sumneko.lua-2.5.3]: Couldn't find message for key config.diagnostics.ambiguity-1.
[2022-04-14 18:22:28.791] [renderer1] [warning] [/home/benh/.vscode-oss/extensions/sumneko.lua-2.5.3]: Couldn't find message for key config.diagnostics.await-in-sync.
[2022-04-14 18:22:28.791] [renderer1] [warning] [/home/benh/.vscode-oss/extensions/sumneko.lua-2.5.3]: Couldn't find message for key config.diagnostics.circle-doc-class.
[2022-04-14 18:22:28.791] [renderer1] [warning] [/home/benh/.vscode-oss/extensions/sumneko.lua-2.5.3]: Couldn't find message for key config.diagnostics.close-non-object.
[2022-04-14 18:22:28.792] [renderer1] [warning] [/home/benh/.vscode-oss/extensions/sumneko.lua-2.5.3]: Couldn't find message for key config.diagnostics.code-after-break.
[2022-04-14 18:22:28.796] [renderer1] [warning] [/home/benh/.vscode-oss/extensions/sumneko.lua-2.5.3]: Couldn't find message for key config.diagnostics.count-down-loop.
[2022-04-14 18:22:28.798] [renderer1] [warning] [/home/benh/.vscode-oss/extensions/sumneko.lua-2.5.3]: Couldn't find message for key config.diagnostics.deprecated.
[2022-04-14 18:22:28.798] [renderer1] [warning] [/home/benh/.vscode-oss/extensions/sumneko.lua-2.5.3]: Couldn't find message for key config.diagnostics.different-requires.
[2022-04-14 18:22:28.799] [renderer1] [warning] [/home/benh/.vscode-oss/extensions/sumneko.lua-2.5.3]: Couldn't find message for key config.diagnostics.discard-returns.
[2022-04-14 18:22:28.800] [renderer1] [warning] [/home/benh/.vscode-oss/extensions/sumneko.lua-2.5.3]: Couldn't find message for key config.diagnostics.doc-field-no-class.
[2022-04-14 18:22:28.802] [renderer1] [warning] [/home/benh/.vscode-oss/extensions/sumneko.lua-2.5.3]: Couldn't find message for key config.diagnostics.duplicate-doc-class.
[2022-04-14 18:22:28.803] [renderer1] [warning] [/home/benh/.vscode-oss/extensions/sumneko.lua-2.5.3]: Couldn't find message for key config.diagnostics.duplicate-doc-field.
[2022-04-14 18:22:28.804] [renderer1] [warning] [/home/benh/.vscode-oss/extensions/sumneko.lua-2.5.3]: Couldn't find message for key config.diagnostics.duplicate-doc-param.
[2022-04-14 18:22:28.805] [renderer1] [warning] [/home/benh/.vscode-oss/extensions/sumneko.lua-2.5.3]: Couldn't find message for key config.diagnostics.duplicate-index.
[2022-04-14 18:22:28.806] [renderer1] [warning] [/home/benh/.vscode-oss/extensions/sumneko.lua-2.5.3]: Couldn't find message for key config.diagnostics.duplicate-set-field.
[2022-04-14 18:22:28.807] [renderer1] [warning] [/home/benh/.vscode-oss/extensions/sumneko.lua-2.5.3]: Couldn't find message for key config.diagnostics.empty-block.
[2022-04-14 18:22:28.808] [renderer1] [warning] [/home/benh/.vscode-oss/extensions/sumneko.lua-2.5.3]: Couldn't find message for key config.diagnostics.global-in-nil-env.
[2022-04-14 18:22:28.809] [renderer1] [warning] [/home/benh/.vscode-oss/extensions/sumneko.lua-2.5.3]: Couldn't find message for key config.diagnostics.lowercase-global.
[2022-04-14 18:22:28.810] [renderer1] [warning] [/home/benh/.vscode-oss/extensions/sumneko.lua-2.5.3]: Couldn't find message for key config.diagnostics.newfield-call.
[2022-04-14 18:22:28.811] [renderer1] [warning] [/home/benh/.vscode-oss/extensions/sumneko.lua-2.5.3]: Couldn't find message for key config.diagnostics.newline-call.
[2022-04-14 18:22:28.812] [renderer1] [warning] [/home/benh/.vscode-oss/extensions/sumneko.lua-2.5.3]: Couldn't find message for key config.diagnostics.no-implicit-any.
[2022-04-14 18:22:28.813] [renderer1] [warning] [/home/benh/.vscode-oss/extensions/sumneko.lua-2.5.3]: Couldn't find message for key config.diagnostics.not-yieldable.
[2022-04-14 18:22:28.816] [renderer1] [warning] [/home/benh/.vscode-oss/extensions/sumneko.lua-2.5.3]: Couldn't find message for key config.diagnostics.redefined-local.
[2022-04-14 18:22:28.818] [renderer1] [warning] [/home/benh/.vscode-oss/extensions/sumneko.lua-2.5.3]: Couldn't find message for key config.diagnostics.redundant-parameter.
[2022-04-14 18:22:28.826] [renderer1] [warning] [/home/benh/.vscode-oss/extensions/sumneko.lua-2.5.3]: Couldn't find message for key config.diagnostics.redundant-return.
[2022-04-14 18:22:28.826] [renderer1] [warning] [/home/benh/.vscode-oss/extensions/sumneko.lua-2.5.3]: Couldn't find message for key config.diagnostics.redundant-value.
[2022-04-14 18:22:28.829] [renderer1] [warning] [/home/benh/.vscode-oss/extensions/sumneko.lua-2.5.3]: Couldn't find message for key config.diagnostics.trailing-space.
[2022-04-14 18:22:28.831] [renderer1] [warning] [/home/benh/.vscode-oss/extensions/sumneko.lua-2.5.3]: Couldn't find message for key config.diagnostics.type-check.
[2022-04-14 18:22:28.832] [renderer1] [warning] [/home/benh/.vscode-oss/extensions/sumneko.lua-2.5.3]: Couldn't find message for key config.diagnostics.unbalanced-assignments.
[2022-04-14 18:22:28.833] [renderer1] [warning] [/home/benh/.vscode-oss/extensions/sumneko.lua-2.5.3]: Couldn't find message for key config.diagnostics.undefined-doc-class.
[2022-04-14 18:22:28.834] [renderer1] [warning] [/home/benh/.vscode-oss/extensions/sumneko.lua-2.5.3]: Couldn't find message for key config.diagnostics.undefined-doc-name.
[2022-04-14 18:22:28.836] [renderer1] [warning] [/home/benh/.vscode-oss/extensions/sumneko.lua-2.5.3]: Couldn't find message for key config.diagnostics.undefined-doc-param.
[2022-04-14 18:22:28.836] [renderer1] [warning] [/home/benh/.vscode-oss/extensions/sumneko.lua-2.5.3]: Couldn't find message for key config.diagnostics.undefined-env-child.
[2022-04-14 18:22:28.838] [renderer1] [warning] [/home/benh/.vscode-oss/extensions/sumneko.lua-2.5.3]: Couldn't find message for key config.diagnostics.undefined-field.
[2022-04-14 18:22:28.838] [renderer1] [warning] [/home/benh/.vscode-oss/extensions/sumneko.lua-2.5.3]: Couldn't find message for key config.diagnostics.undefined-global.
[2022-04-14 18:22:28.839] [renderer1] [warning] [/home/benh/.vscode-oss/extensions/sumneko.lua-2.5.3]: Couldn't find message for key config.diagnostics.unknown-diag-code.
[2022-04-14 18:22:28.840] [renderer1] [warning] [/home/benh/.vscode-oss/extensions/sumneko.lua-2.5.3]: Couldn't find message for key config.diagnostics.unused-function.
[2022-04-14 18:22:28.841] [renderer1] [warning] [/home/benh/.vscode-oss/extensions/sumneko.lua-2.5.3]: Couldn't find message for key config.diagnostics.unused-label.
[2022-04-14 18:22:28.843] [renderer1] [warning] [/home/benh/.vscode-oss/extensions/sumneko.lua-2.5.3]: Couldn't find message for key config.diagnostics.unused-local.
[2022-04-14 18:22:28.844] [renderer1] [warning] [/home/benh/.vscode-oss/extensions/sumneko.lua-2.5.3]: Couldn't find message for key config.diagnostics.unused-vararg.
[2022-04-14 18:22:28.844] [renderer1] [warning] [/home/benh/.vscode-oss/extensions/sumneko.lua-2.5.3]: Couldn't find message for key config.diagnostics.ambiguity-1.
[2022-04-14 18:22:28.845] [renderer1] [warning] [/home/benh/.vscode-oss/extensions/sumneko.lua-2.5.3]: Couldn't find message for key config.diagnostics.await-in-sync.
[2022-04-14 18:22:28.845] [renderer1] [warning] [/home/benh/.vscode-oss/extensions/sumneko.lua-2.5.3]: Couldn't find message for key config.diagnostics.circle-doc-class.
[2022-04-14 18:22:28.845] [renderer1] [warning] [/home/benh/.vscode-oss/extensions/sumneko.lua-2.5.3]: Couldn't find message for key config.diagnostics.close-non-object.
[2022-04-14 18:22:28.846] [renderer1] [warning] [/home/benh/.vscode-oss/extensions/sumneko.lua-2.5.3]: Couldn't find message for key config.diagnostics.code-after-break.
[2022-04-14 18:22:28.846] [renderer1] [warning] [/home/benh/.vscode-oss/extensions/sumneko.lua-2.5.3]: Couldn't find message for key config.diagnostics.count-down-loop.
[2022-04-14 18:22:28.847] [renderer1] [warning] [/home/benh/.vscode-oss/extensions/sumneko.lua-2.5.3]: Couldn't find message for key config.diagnostics.deprecated.
[2022-04-14 18:22:28.848] [renderer1] [warning] [/home/benh/.vscode-oss/extensions/sumneko.lua-2.5.3]: Couldn't find message for key config.diagnostics.different-requires.
[2022-04-14 18:22:28.849] [renderer1] [warning] [/home/benh/.vscode-oss/extensions/sumneko.lua-2.5.3]: Couldn't find message for key config.diagnostics.discard-returns.
[2022-04-14 18:22:28.849] [renderer1] [warning] [/home/benh/.vscode-oss/extensions/sumneko.lua-2.5.3]: Couldn't find message for key config.diagnostics.doc-field-no-class.
[2022-04-14 18:22:28.850] [renderer1] [warning] [/home/benh/.vscode-oss/extensions/sumneko.lua-2.5.3]: Couldn't find message for key config.diagnostics.duplicate-doc-class.
[2022-04-14 18:22:28.851] [renderer1] [warning] [/home/benh/.vscode-oss/extensions/sumneko.lua-2.5.3]: Couldn't find message for key config.diagnostics.duplicate-doc-field.
[2022-04-14 18:22:28.873] [renderer1] [warning] [/home/benh/.vscode-oss/extensions/sumneko.lua-2.5.3]: Couldn't find message for key config.diagnostics.duplicate-doc-param.
[2022-04-14 18:22:28.874] [renderer1] [warning] [/home/benh/.vscode-oss/extensions/sumneko.lua-2.5.3]: Couldn't find message for key config.diagnostics.duplicate-index.
[2022-04-14 18:22:28.875] [renderer1] [warning] [/home/benh/.vscode-oss/extensions/sumneko.lua-2.5.3]: Couldn't find message for key config.diagnostics.duplicate-set-field.
[2022-04-14 18:22:28.875] [renderer1] [warning] [/home/benh/.vscode-oss/extensions/sumneko.lua-2.5.3]: Couldn't find message for key config.diagnostics.empty-block.
[2022-04-14 18:22:28.875] [renderer1] [warning] [/home/benh/.vscode-oss/extensions/sumneko.lua-2.5.3]: Couldn't find message for key config.diagnostics.global-in-nil-env.
[2022-04-14 18:22:28.877] [renderer1] [warning] [/home/benh/.vscode-oss/extensions/sumneko.lua-2.5.3]: Couldn't find message for key config.diagnostics.lowercase-global.
[2022-04-14 18:22:28.878] [renderer1] [warning] [/home/benh/.vscode-oss/extensions/sumneko.lua-2.5.3]: Couldn't find message for key config.diagnostics.newfield-call.
[2022-04-14 18:22:28.878] [renderer1] [warning] [/home/benh/.vscode-oss/extensions/sumneko.lua-2.5.3]: Couldn't find message for key config.diagnostics.newline-call.
[2022-04-14 18:22:28.878] [renderer1] [warning] [/home/benh/.vscode-oss/extensions/sumneko.lua-2.5.3]: Couldn't find message for key config.diagnostics.no-implicit-any.
[2022-04-14 18:22:28.879] [renderer1] [warning] [/home/benh/.vscode-oss/extensions/sumneko.lua-2.5.3]: Couldn't find message for key config.diagnostics.not-yieldable.
[2022-04-14 18:22:28.879] [renderer1] [warning] [/home/benh/.vscode-oss/extensions/sumneko.lua-2.5.3]: Couldn't find message for key config.diagnostics.redefined-local.
[2022-04-14 18:22:28.880] [renderer1] [warning] [/home/benh/.vscode-oss/extensions/sumneko.lua-2.5.3]: Couldn't find message for key config.diagnostics.redundant-parameter.
[2022-04-14 18:22:28.881] [renderer1] [warning] [/home/benh/.vscode-oss/extensions/sumneko.lua-2.5.3]: Couldn't find message for key config.diagnostics.redundant-return.
[2022-04-14 18:22:28.881] [renderer1] [warning] [/home/benh/.vscode-oss/extensions/sumneko.lua-2.5.3]: Couldn't find message for key config.diagnostics.redundant-value.
[2022-04-14 18:22:28.881] [renderer1] [warning] [/home/benh/.vscode-oss/extensions/sumneko.lua-2.5.3]: Couldn't find message for key config.diagnostics.trailing-space.
[2022-04-14 18:22:28.882] [renderer1] [warning] [/home/benh/.vscode-oss/extensions/sumneko.lua-2.5.3]: Couldn't find message for key config.diagnostics.type-check.
[2022-04-14 18:22:28.882] [renderer1] [warning] [/home/benh/.vscode-oss/extensions/sumneko.lua-2.5.3]: Couldn't find message for key config.diagnostics.unbalanced-assignments.
[2022-04-14 18:22:28.884] [renderer1] [warning] [/home/benh/.vscode-oss/extensions/sumneko.lua-2.5.3]: Couldn't find message for key config.diagnostics.undefined-doc-class.
[2022-04-14 18:22:28.884] [renderer1] [warning] [/home/benh/.vscode-oss/extensions/sumneko.lua-2.5.3]: Couldn't find message for key config.diagnostics.undefined-doc-name.
[2022-04-14 18:22:28.885] [renderer1] [warning] [/home/benh/.vscode-oss/extensions/sumneko.lua-2.5.3]: Couldn't find message for key config.diagnostics.undefined-doc-param.
[2022-04-14 18:22:28.886] [renderer1] [warning] [/home/benh/.vscode-oss/extensions/sumneko.lua-2.5.3]: Couldn't find message for key config.diagnostics.undefined-env-child.
[2022-04-14 18:22:28.886] [renderer1] [warning] [/home/benh/.vscode-oss/extensions/sumneko.lua-2.5.3]: Couldn't find message for key config.diagnostics.undefined-field.
[2022-04-14 18:22:28.887] [renderer1] [warning] [/home/benh/.vscode-oss/extensions/sumneko.lua-2.5.3]: Couldn't find message for key config.diagnostics.undefined-global.
[2022-04-14 18:22:28.888] [renderer1] [warning] [/home/benh/.vscode-oss/extensions/sumneko.lua-2.5.3]: Couldn't find message for key config.diagnostics.unknown-diag-code.
[2022-04-14 18:22:28.889] [renderer1] [warning] [/home/benh/.vscode-oss/extensions/sumneko.lua-2.5.3]: Couldn't find message for key config.diagnostics.unused-function.
[2022-04-14 18:22:28.890] [renderer1] [warning] [/home/benh/.vscode-oss/extensions/sumneko.lua-2.5.3]: Couldn't find message for key config.diagnostics.unused-label.
[2022-04-14 18:22:28.890] [renderer1] [warning] [/home/benh/.vscode-oss/extensions/sumneko.lua-2.5.3]: Couldn't find message for key config.diagnostics.unused-local.
[2022-04-14 18:22:28.890] [renderer1] [warning] [/home/benh/.vscode-oss/extensions/sumneko.lua-2.5.3]: Couldn't find message for key config.diagnostics.unused-vararg.
[2022-04-14 18:22:28.891] [renderer1] [warning] [/home/benh/.vscode-oss/extensions/sumneko.lua-2.5.3]: Couldn't find message for key config.runtime.builtin.basic.
[2022-04-14 18:22:28.891] [renderer1] [warning] [/home/benh/.vscode-oss/extensions/sumneko.lua-2.5.3]: Couldn't find message for key config.runtime.builtin.bit.
[2022-04-14 18:22:28.891] [renderer1] [warning] [/home/benh/.vscode-oss/extensions/sumneko.lua-2.5.3]: Couldn't find message for key config.runtime.builtin.bit32.
[2022-04-14 18:22:28.892] [renderer1] [warning] [/home/benh/.vscode-oss/extensions/sumneko.lua-2.5.3]: Couldn't find message for key config.runtime.builtin.builtin.
[2022-04-14 18:22:28.892] [renderer1] [warning] [/home/benh/.vscode-oss/extensions/sumneko.lua-2.5.3]: Couldn't find message for key config.runtime.builtin.coroutine.
[2022-04-14 18:22:28.893] [renderer1] [warning] [/home/benh/.vscode-oss/extensions/sumneko.lua-2.5.3]: Couldn't find message for key config.runtime.builtin.debug.
[2022-04-14 18:22:28.893] [renderer1] [warning] [/home/benh/.vscode-oss/extensions/sumneko.lua-2.5.3]: Couldn't find message for key config.runtime.builtin.ffi.
[2022-04-14 18:22:28.894] [renderer1] [warning] [/home/benh/.vscode-oss/extensions/sumneko.lua-2.5.3]: Couldn't find message for key config.runtime.builtin.io.
[2022-04-14 18:22:28.894] [renderer1] [warning] [/home/benh/.vscode-oss/extensions/sumneko.lua-2.5.3]: Couldn't find message for key config.runtime.builtin.jit.
[2022-04-14 18:22:28.895] [renderer1] [warning] [/home/benh/.vscode-oss/extensions/sumneko.lua-2.5.3]: Couldn't find message for key config.runtime.builtin.math.
[2022-04-14 18:22:28.896] [renderer1] [warning] [/home/benh/.vscode-oss/extensions/sumneko.lua-2.5.3]: Couldn't find message for key config.runtime.builtin.os.
[2022-04-14 18:22:28.898] [renderer1] [warning] [/home/benh/.vscode-oss/extensions/sumneko.lua-2.5.3]: Couldn't find message for key config.runtime.builtin.package.
[2022-04-14 18:22:28.901] [renderer1] [warning] [/home/benh/.vscode-oss/extensions/sumneko.lua-2.5.3]: Couldn't find message for key config.runtime.builtin.string.
[2022-04-14 18:22:28.902] [renderer1] [warning] [/home/benh/.vscode-oss/extensions/sumneko.lua-2.5.3]: Couldn't find message for key config.runtime.builtin.table.
[2022-04-14 18:22:28.903] [renderer1] [warning] [/home/benh/.vscode-oss/extensions/sumneko.lua-2.5.3]: Couldn't find message for key config.runtime.builtin.utf8.
[2022-04-14 18:22:29.151] [renderer1] [critical] Extension 'ms-python.python CANNOT USE these API proposals 'quickPickSortByLabel, testObserver, notebookEditor'. You MUST start in extension development mode or use the --enable-proposed-api command line flag
[2022-04-14 18:22:29.152] [renderer1] [critical] Extension 'ms-toolsai.jupyter CANNOT USE these API proposals 'notebookConcatTextDocument, notebookControllerKind, notebookDebugOptions, notebookDeprecated, notebookEditor, notebookEditorDecorationType, notebookEditorEdit, notebookMessaging, notebookMime, notebookCellExecutionState, portsAttributes, textDocumentNotebook, quickPickSortByLabel'. You MUST start in extension development mode or use the --enable-proposed-api command line flag
[2022-04-14 18:22:29.158] [renderer1] [info] Ignoring configured affinity for 'pub.name' because the extension is unknown or cannot execute.
[2022-04-14 18:22:29.341] [renderer1] [error] [ms-toolsai.jupyter]: interactive/toolbar is a proposed menu identifier. It requires 'package.json#enabledApiProposals: ["notebookEditor"]' and is only available when running out of dev or with the following command line switch: --enable-proposed-api ms-toolsai.jupyter
[2022-04-14 18:22:29.343] [renderer1] [error] [ms-toolsai.jupyter]: interactive/cell/title is a proposed menu identifier. It requires 'package.json#enabledApiProposals: ["notebookEditor"]' and is only available when running out of dev or with the following command line switch: --enable-proposed-api ms-toolsai.jupyter
[2022-04-14 18:22:29.494] [renderer1] [info] Ignoring configured affinity for 'pub.name' because the extension is unknown or cannot execute.
[2022-04-14 18:24:40.234] [renderer1] [info] Ignoring configured affinity for 'pub.name' because the extension is unknown or cannot execute.
[2022-04-14 18:27:20.441] [renderer1] [info] Ignoring configured affinity for 'pub.name' because the extension is unknown or cannot execute.
[2022-04-14 18:30:09.037] [renderer1] [info] Ignoring configured affinity for 'pub.name' because the extension is unknown or cannot execute.
