[2022-04-28 02:04:06.272] [renderer1] [warning] [/home/benh/.vscode-oss/extensions/sumneko.lua-3.2.0]: Couldn't find message for key config.diagnostics.await-in-sync.
[2022-04-28 02:04:06.273] [renderer1] [warning] [/home/benh/.vscode-oss/extensions/sumneko.lua-3.2.0]: Couldn't find message for key config.diagnostics.circle-doc-class.
[2022-04-28 02:04:06.274] [renderer1] [warning] [/home/benh/.vscode-oss/extensions/sumneko.lua-3.2.0]: Couldn't find message for key config.diagnostics.close-non-object.
[2022-04-28 02:04:06.275] [renderer1] [warning] [/home/benh/.vscode-oss/extensions/sumneko.lua-3.2.0]: Couldn't find message for key config.diagnostics.code-after-break.
[2022-04-28 02:04:06.277] [renderer1] [warning] [/home/benh/.vscode-oss/extensions/sumneko.lua-3.2.0]: Couldn't find message for key config.diagnostics.codestyle-check.
[2022-04-28 02:04:06.277] [renderer1] [warning] [/home/benh/.vscode-oss/extensions/sumneko.lua-3.2.0]: Couldn't find message for key config.diagnostics.count-down-loop.
[2022-04-28 02:04:06.279] [renderer1] [warning] [/home/benh/.vscode-oss/extensions/sumneko.lua-3.2.0]: Couldn't find message for key config.diagnostics.deprecated.
[2022-04-28 02:04:06.286] [renderer1] [warning] [/home/benh/.vscode-oss/extensions/sumneko.lua-3.2.0]: Couldn't find message for key config.diagnostics.different-requires.
[2022-04-28 02:04:06.290] [renderer1] [warning] [/home/benh/.vscode-oss/extensions/sumneko.lua-3.2.0]: Couldn't find message for key config.diagnostics.discard-returns.
[2022-04-28 02:04:06.291] [renderer1] [warning] [/home/benh/.vscode-oss/extensions/sumneko.lua-3.2.0]: Couldn't find message for key config.diagnostics.doc-field-no-class.
[2022-04-28 02:04:06.292] [renderer1] [warning] [/home/benh/.vscode-oss/extensions/sumneko.lua-3.2.0]: Couldn't find message for key config.diagnostics.duplicate-doc-alias.
[2022-04-28 02:04:06.293] [renderer1] [warning] [/home/benh/.vscode-oss/extensions/sumneko.lua-3.2.0]: Couldn't find message for key config.diagnostics.duplicate-doc-field.
[2022-04-28 02:04:06.293] [renderer1] [warning] [/home/benh/.vscode-oss/extensions/sumneko.lua-3.2.0]: Couldn't find message for key config.diagnostics.duplicate-doc-param.
[2022-04-28 02:04:06.294] [renderer1] [warning] [/home/benh/.vscode-oss/extensions/sumneko.lua-3.2.0]: Couldn't find message for key config.diagnostics.duplicate-set-field.
[2022-04-28 02:04:06.295] [renderer1] [warning] [/home/benh/.vscode-oss/extensions/sumneko.lua-3.2.0]: Couldn't find message for key config.diagnostics.missing-parameter.
[2022-04-28 02:04:06.295] [renderer1] [warning] [/home/benh/.vscode-oss/extensions/sumneko.lua-3.2.0]: Couldn't find message for key config.diagnostics.need-check-nil.
[2022-04-28 02:04:06.296] [renderer1] [warning] [/home/benh/.vscode-oss/extensions/sumneko.lua-3.2.0]: Couldn't find message for key config.diagnostics.no-unknown.
[2022-04-28 02:04:06.297] [renderer1] [warning] [/home/benh/.vscode-oss/extensions/sumneko.lua-3.2.0]: Couldn't find message for key config.diagnostics.not-yieldable.
[2022-04-28 02:04:06.297] [renderer1] [warning] [/home/benh/.vscode-oss/extensions/sumneko.lua-3.2.0]: Couldn't find message for key config.diagnostics.redundant-return.
[2022-04-28 02:04:06.300] [renderer1] [warning] [/home/benh/.vscode-oss/extensions/sumneko.lua-3.2.0]: Couldn't find message for key config.diagnostics.type-check.
[2022-04-28 02:04:06.300] [renderer1] [warning] [/home/benh/.vscode-oss/extensions/sumneko.lua-3.2.0]: Couldn't find message for key config.diagnostics.unbalanced-assignments.
[2022-04-28 02:04:06.301] [renderer1] [warning] [/home/benh/.vscode-oss/extensions/sumneko.lua-3.2.0]: Couldn't find message for key config.diagnostics.undefined-doc-class.
[2022-04-28 02:04:06.302] [renderer1] [warning] [/home/benh/.vscode-oss/extensions/sumneko.lua-3.2.0]: Couldn't find message for key config.diagnostics.undefined-doc-name.
[2022-04-28 02:04:06.302] [renderer1] [warning] [/home/benh/.vscode-oss/extensions/sumneko.lua-3.2.0]: Couldn't find message for key config.diagnostics.undefined-doc-param.
[2022-04-28 02:04:06.302] [renderer1] [warning] [/home/benh/.vscode-oss/extensions/sumneko.lua-3.2.0]: Couldn't find message for key config.diagnostics.undefined-field.
[2022-04-28 02:04:06.303] [renderer1] [warning] [/home/benh/.vscode-oss/extensions/sumneko.lua-3.2.0]: Couldn't find message for key config.diagnostics.unknown-diag-code.
[2022-04-28 02:04:06.303] [renderer1] [warning] [/home/benh/.vscode-oss/extensions/sumneko.lua-3.2.0]: Couldn't find message for key config.diagnostics.await-in-sync.
[2022-04-28 02:04:06.304] [renderer1] [warning] [/home/benh/.vscode-oss/extensions/sumneko.lua-3.2.0]: Couldn't find message for key config.diagnostics.circle-doc-class.
[2022-04-28 02:04:06.304] [renderer1] [warning] [/home/benh/.vscode-oss/extensions/sumneko.lua-3.2.0]: Couldn't find message for key config.diagnostics.close-non-object.
[2022-04-28 02:04:06.305] [renderer1] [warning] [/home/benh/.vscode-oss/extensions/sumneko.lua-3.2.0]: Couldn't find message for key config.diagnostics.code-after-break.
[2022-04-28 02:04:06.305] [renderer1] [warning] [/home/benh/.vscode-oss/extensions/sumneko.lua-3.2.0]: Couldn't find message for key config.diagnostics.codestyle-check.
[2022-04-28 02:04:06.305] [renderer1] [warning] [/home/benh/.vscode-oss/extensions/sumneko.lua-3.2.0]: Couldn't find message for key config.diagnostics.count-down-loop.
[2022-04-28 02:04:06.306] [renderer1] [warning] [/home/benh/.vscode-oss/extensions/sumneko.lua-3.2.0]: Couldn't find message for key config.diagnostics.deprecated.
[2022-04-28 02:04:06.306] [renderer1] [warning] [/home/benh/.vscode-oss/extensions/sumneko.lua-3.2.0]: Couldn't find message for key config.diagnostics.different-requires.
[2022-04-28 02:04:06.307] [renderer1] [warning] [/home/benh/.vscode-oss/extensions/sumneko.lua-3.2.0]: Couldn't find message for key config.diagnostics.discard-returns.
[2022-04-28 02:04:06.307] [renderer1] [warning] [/home/benh/.vscode-oss/extensions/sumneko.lua-3.2.0]: Couldn't find message for key config.diagnostics.doc-field-no-class.
[2022-04-28 02:04:06.307] [renderer1] [warning] [/home/benh/.vscode-oss/extensions/sumneko.lua-3.2.0]: Couldn't find message for key config.diagnostics.duplicate-doc-alias.
[2022-04-28 02:04:06.309] [renderer1] [warning] [/home/benh/.vscode-oss/extensions/sumneko.lua-3.2.0]: Couldn't find message for key config.diagnostics.duplicate-doc-field.
[2022-04-28 02:04:06.309] [renderer1] [warning] [/home/benh/.vscode-oss/extensions/sumneko.lua-3.2.0]: Couldn't find message for key config.diagnostics.duplicate-doc-param.
[2022-04-28 02:04:06.310] [renderer1] [warning] [/home/benh/.vscode-oss/extensions/sumneko.lua-3.2.0]: Couldn't find message for key config.diagnostics.duplicate-set-field.
[2022-04-28 02:04:06.310] [renderer1] [warning] [/home/benh/.vscode-oss/extensions/sumneko.lua-3.2.0]: Couldn't find message for key config.diagnostics.missing-parameter.
[2022-04-28 02:04:06.310] [renderer1] [warning] [/home/benh/.vscode-oss/extensions/sumneko.lua-3.2.0]: Couldn't find message for key config.diagnostics.need-check-nil.
[2022-04-28 02:04:06.311] [renderer1] [warning] [/home/benh/.vscode-oss/extensions/sumneko.lua-3.2.0]: Couldn't find message for key config.diagnostics.no-unknown.
[2022-04-28 02:04:06.312] [renderer1] [warning] [/home/benh/.vscode-oss/extensions/sumneko.lua-3.2.0]: Couldn't find message for key config.diagnostics.not-yieldable.
[2022-04-28 02:04:06.312] [renderer1] [warning] [/home/benh/.vscode-oss/extensions/sumneko.lua-3.2.0]: Couldn't find message for key config.diagnostics.redundant-return.
[2022-04-28 02:04:06.313] [renderer1] [warning] [/home/benh/.vscode-oss/extensions/sumneko.lua-3.2.0]: Couldn't find message for key config.diagnostics.type-check.
[2022-04-28 02:04:06.313] [renderer1] [warning] [/home/benh/.vscode-oss/extensions/sumneko.lua-3.2.0]: Couldn't find message for key config.diagnostics.unbalanced-assignments.
[2022-04-28 02:04:06.320] [renderer1] [warning] [/home/benh/.vscode-oss/extensions/sumneko.lua-3.2.0]: Couldn't find message for key config.diagnostics.undefined-doc-class.
[2022-04-28 02:04:06.320] [renderer1] [warning] [/home/benh/.vscode-oss/extensions/sumneko.lua-3.2.0]: Couldn't find message for key config.diagnostics.undefined-doc-name.
[2022-04-28 02:04:06.321] [renderer1] [warning] [/home/benh/.vscode-oss/extensions/sumneko.lua-3.2.0]: Couldn't find message for key config.diagnostics.undefined-doc-param.
[2022-04-28 02:04:06.321] [renderer1] [warning] [/home/benh/.vscode-oss/extensions/sumneko.lua-3.2.0]: Couldn't find message for key config.diagnostics.undefined-field.
[2022-04-28 02:04:06.324] [renderer1] [warning] [/home/benh/.vscode-oss/extensions/sumneko.lua-3.2.0]: Couldn't find message for key config.diagnostics.unknown-diag-code.
[2022-04-28 02:04:06.327] [renderer1] [warning] [/home/benh/.vscode-oss/extensions/sumneko.lua-3.2.0]: Couldn't find message for key config.format.defaultConfig.
[2022-04-28 02:04:06.328] [renderer1] [warning] [/home/benh/.vscode-oss/extensions/sumneko.lua-3.2.0]: Couldn't find message for key config.runtime.builtin.basic.
[2022-04-28 02:04:06.329] [renderer1] [warning] [/home/benh/.vscode-oss/extensions/sumneko.lua-3.2.0]: Couldn't find message for key config.runtime.builtin.bit.
[2022-04-28 02:04:06.329] [renderer1] [warning] [/home/benh/.vscode-oss/extensions/sumneko.lua-3.2.0]: Couldn't find message for key config.runtime.builtin.bit32.
[2022-04-28 02:04:06.333] [renderer1] [warning] [/home/benh/.vscode-oss/extensions/sumneko.lua-3.2.0]: Couldn't find message for key config.runtime.builtin.builtin.
[2022-04-28 02:04:06.334] [renderer1] [warning] [/home/benh/.vscode-oss/extensions/sumneko.lua-3.2.0]: Couldn't find message for key config.runtime.builtin.coroutine.
[2022-04-28 02:04:06.334] [renderer1] [warning] [/home/benh/.vscode-oss/extensions/sumneko.lua-3.2.0]: Couldn't find message for key config.runtime.builtin.debug.
[2022-04-28 02:04:06.335] [renderer1] [warning] [/home/benh/.vscode-oss/extensions/sumneko.lua-3.2.0]: Couldn't find message for key config.runtime.builtin.ffi.
[2022-04-28 02:04:06.335] [renderer1] [warning] [/home/benh/.vscode-oss/extensions/sumneko.lua-3.2.0]: Couldn't find message for key config.runtime.builtin.io.
[2022-04-28 02:04:06.336] [renderer1] [warning] [/home/benh/.vscode-oss/extensions/sumneko.lua-3.2.0]: Couldn't find message for key config.runtime.builtin.jit.
[2022-04-28 02:04:06.337] [renderer1] [warning] [/home/benh/.vscode-oss/extensions/sumneko.lua-3.2.0]: Couldn't find message for key config.runtime.builtin.math.
[2022-04-28 02:04:06.338] [renderer1] [warning] [/home/benh/.vscode-oss/extensions/sumneko.lua-3.2.0]: Couldn't find message for key config.runtime.builtin.os.
[2022-04-28 02:04:06.338] [renderer1] [warning] [/home/benh/.vscode-oss/extensions/sumneko.lua-3.2.0]: Couldn't find message for key config.runtime.builtin.package.
[2022-04-28 02:04:06.339] [renderer1] [warning] [/home/benh/.vscode-oss/extensions/sumneko.lua-3.2.0]: Couldn't find message for key config.runtime.builtin.string.
[2022-04-28 02:04:06.339] [renderer1] [warning] [/home/benh/.vscode-oss/extensions/sumneko.lua-3.2.0]: Couldn't find message for key config.runtime.builtin.table.
[2022-04-28 02:04:06.340] [renderer1] [warning] [/home/benh/.vscode-oss/extensions/sumneko.lua-3.2.0]: Couldn't find message for key config.runtime.builtin.utf8.
[2022-04-28 02:04:06.341] [renderer1] [warning] [/home/benh/.vscode-oss/extensions/sumneko.lua-2.5.3]: Couldn't find message for key config.diagnostics.ambiguity-1.
[2022-04-28 02:04:06.345] [renderer1] [warning] [/home/benh/.vscode-oss/extensions/sumneko.lua-2.5.3]: Couldn't find message for key config.diagnostics.await-in-sync.
[2022-04-28 02:04:06.346] [renderer1] [warning] [/home/benh/.vscode-oss/extensions/sumneko.lua-2.5.3]: Couldn't find message for key config.diagnostics.circle-doc-class.
[2022-04-28 02:04:06.347] [renderer1] [warning] [/home/benh/.vscode-oss/extensions/sumneko.lua-2.5.3]: Couldn't find message for key config.diagnostics.close-non-object.
[2022-04-28 02:04:06.364] [renderer1] [warning] [/home/benh/.vscode-oss/extensions/sumneko.lua-2.5.3]: Couldn't find message for key config.diagnostics.code-after-break.
[2022-04-28 02:04:06.365] [renderer1] [warning] [/home/benh/.vscode-oss/extensions/sumneko.lua-2.5.3]: Couldn't find message for key config.diagnostics.count-down-loop.
[2022-04-28 02:04:06.366] [renderer1] [warning] [/home/benh/.vscode-oss/extensions/sumneko.lua-2.5.3]: Couldn't find message for key config.diagnostics.deprecated.
[2022-04-28 02:04:06.367] [renderer1] [warning] [/home/benh/.vscode-oss/extensions/sumneko.lua-2.5.3]: Couldn't find message for key config.diagnostics.different-requires.
[2022-04-28 02:04:06.367] [renderer1] [warning] [/home/benh/.vscode-oss/extensions/sumneko.lua-2.5.3]: Couldn't find message for key config.diagnostics.discard-returns.
[2022-04-28 02:04:06.367] [renderer1] [warning] [/home/benh/.vscode-oss/extensions/sumneko.lua-2.5.3]: Couldn't find message for key config.diagnostics.doc-field-no-class.
[2022-04-28 02:04:06.368] [renderer1] [warning] [/home/benh/.vscode-oss/extensions/sumneko.lua-2.5.3]: Couldn't find message for key config.diagnostics.duplicate-doc-class.
[2022-04-28 02:04:06.368] [renderer1] [warning] [/home/benh/.vscode-oss/extensions/sumneko.lua-2.5.3]: Couldn't find message for key config.diagnostics.duplicate-doc-field.
[2022-04-28 02:04:06.369] [renderer1] [warning] [/home/benh/.vscode-oss/extensions/sumneko.lua-2.5.3]: Couldn't find message for key config.diagnostics.duplicate-doc-param.
[2022-04-28 02:04:06.369] [renderer1] [warning] [/home/benh/.vscode-oss/extensions/sumneko.lua-2.5.3]: Couldn't find message for key config.diagnostics.duplicate-index.
[2022-04-28 02:04:06.370] [renderer1] [warning] [/home/benh/.vscode-oss/extensions/sumneko.lua-2.5.3]: Couldn't find message for key config.diagnostics.duplicate-set-field.
[2022-04-28 02:04:06.371] [renderer1] [warning] [/home/benh/.vscode-oss/extensions/sumneko.lua-2.5.3]: Couldn't find message for key config.diagnostics.empty-block.
[2022-04-28 02:04:06.371] [renderer1] [warning] [/home/benh/.vscode-oss/extensions/sumneko.lua-2.5.3]: Couldn't find message for key config.diagnostics.global-in-nil-env.
[2022-04-28 02:04:06.372] [renderer1] [warning] [/home/benh/.vscode-oss/extensions/sumneko.lua-2.5.3]: Couldn't find message for key config.diagnostics.lowercase-global.
[2022-04-28 02:04:06.373] [renderer1] [warning] [/home/benh/.vscode-oss/extensions/sumneko.lua-2.5.3]: Couldn't find message for key config.diagnostics.newfield-call.
[2022-04-28 02:04:06.375] [renderer1] [warning] [/home/benh/.vscode-oss/extensions/sumneko.lua-2.5.3]: Couldn't find message for key config.diagnostics.newline-call.
[2022-04-28 02:04:06.375] [renderer1] [warning] [/home/benh/.vscode-oss/extensions/sumneko.lua-2.5.3]: Couldn't find message for key config.diagnostics.no-implicit-any.
[2022-04-28 02:04:06.376] [renderer1] [warning] [/home/benh/.vscode-oss/extensions/sumneko.lua-2.5.3]: Couldn't find message for key config.diagnostics.not-yieldable.
[2022-04-28 02:04:06.376] [renderer1] [warning] [/home/benh/.vscode-oss/extensions/sumneko.lua-2.5.3]: Couldn't find message for key config.diagnostics.redefined-local.
[2022-04-28 02:04:06.376] [renderer1] [warning] [/home/benh/.vscode-oss/extensions/sumneko.lua-2.5.3]: Couldn't find message for key config.diagnostics.redundant-parameter.
[2022-04-28 02:04:06.377] [renderer1] [warning] [/home/benh/.vscode-oss/extensions/sumneko.lua-2.5.3]: Couldn't find message for key config.diagnostics.redundant-return.
[2022-04-28 02:04:06.377] [renderer1] [warning] [/home/benh/.vscode-oss/extensions/sumneko.lua-2.5.3]: Couldn't find message for key config.diagnostics.redundant-value.
[2022-04-28 02:04:06.379] [renderer1] [warning] [/home/benh/.vscode-oss/extensions/sumneko.lua-2.5.3]: Couldn't find message for key config.diagnostics.trailing-space.
[2022-04-28 02:04:06.380] [renderer1] [warning] [/home/benh/.vscode-oss/extensions/sumneko.lua-2.5.3]: Couldn't find message for key config.diagnostics.type-check.
[2022-04-28 02:04:06.381] [renderer1] [warning] [/home/benh/.vscode-oss/extensions/sumneko.lua-2.5.3]: Couldn't find message for key config.diagnostics.unbalanced-assignments.
[2022-04-28 02:04:06.383] [renderer1] [warning] [/home/benh/.vscode-oss/extensions/sumneko.lua-2.5.3]: Couldn't find message for key config.diagnostics.undefined-doc-class.
[2022-04-28 02:04:06.383] [renderer1] [warning] [/home/benh/.vscode-oss/extensions/sumneko.lua-2.5.3]: Couldn't find message for key config.diagnostics.undefined-doc-name.
[2022-04-28 02:04:06.384] [renderer1] [warning] [/home/benh/.vscode-oss/extensions/sumneko.lua-2.5.3]: Couldn't find message for key config.diagnostics.undefined-doc-param.
[2022-04-28 02:04:06.384] [renderer1] [warning] [/home/benh/.vscode-oss/extensions/sumneko.lua-2.5.3]: Couldn't find message for key config.diagnostics.undefined-env-child.
[2022-04-28 02:04:06.385] [renderer1] [warning] [/home/benh/.vscode-oss/extensions/sumneko.lua-2.5.3]: Couldn't find message for key config.diagnostics.undefined-field.
[2022-04-28 02:04:06.385] [renderer1] [warning] [/home/benh/.vscode-oss/extensions/sumneko.lua-2.5.3]: Couldn't find message for key config.diagnostics.undefined-global.
[2022-04-28 02:04:06.387] [renderer1] [warning] [/home/benh/.vscode-oss/extensions/sumneko.lua-2.5.3]: Couldn't find message for key config.diagnostics.unknown-diag-code.
[2022-04-28 02:04:06.388] [renderer1] [warning] [/home/benh/.vscode-oss/extensions/sumneko.lua-2.5.3]: Couldn't find message for key config.diagnostics.unused-function.
[2022-04-28 02:04:06.389] [renderer1] [warning] [/home/benh/.vscode-oss/extensions/sumneko.lua-2.5.3]: Couldn't find message for key config.diagnostics.unused-label.
[2022-04-28 02:04:06.389] [renderer1] [warning] [/home/benh/.vscode-oss/extensions/sumneko.lua-2.5.3]: Couldn't find message for key config.diagnostics.unused-local.
[2022-04-28 02:04:06.390] [renderer1] [warning] [/home/benh/.vscode-oss/extensions/sumneko.lua-2.5.3]: Couldn't find message for key config.diagnostics.unused-vararg.
[2022-04-28 02:04:06.390] [renderer1] [warning] [/home/benh/.vscode-oss/extensions/sumneko.lua-2.5.3]: Couldn't find message for key config.diagnostics.ambiguity-1.
[2022-04-28 02:04:06.391] [renderer1] [warning] [/home/benh/.vscode-oss/extensions/sumneko.lua-2.5.3]: Couldn't find message for key config.diagnostics.await-in-sync.
[2022-04-28 02:04:06.391] [renderer1] [warning] [/home/benh/.vscode-oss/extensions/sumneko.lua-2.5.3]: Couldn't find message for key config.diagnostics.circle-doc-class.
[2022-04-28 02:04:06.392] [renderer1] [warning] [/home/benh/.vscode-oss/extensions/sumneko.lua-2.5.3]: Couldn't find message for key config.diagnostics.close-non-object.
[2022-04-28 02:04:06.392] [renderer1] [warning] [/home/benh/.vscode-oss/extensions/sumneko.lua-2.5.3]: Couldn't find message for key config.diagnostics.code-after-break.
[2022-04-28 02:04:06.393] [renderer1] [warning] [/home/benh/.vscode-oss/extensions/sumneko.lua-2.5.3]: Couldn't find message for key config.diagnostics.count-down-loop.
[2022-04-28 02:04:06.394] [renderer1] [warning] [/home/benh/.vscode-oss/extensions/sumneko.lua-2.5.3]: Couldn't find message for key config.diagnostics.deprecated.
[2022-04-28 02:04:06.395] [renderer1] [warning] [/home/benh/.vscode-oss/extensions/sumneko.lua-2.5.3]: Couldn't find message for key config.diagnostics.different-requires.
[2022-04-28 02:04:06.395] [renderer1] [warning] [/home/benh/.vscode-oss/extensions/sumneko.lua-2.5.3]: Couldn't find message for key config.diagnostics.discard-returns.
[2022-04-28 02:04:06.396] [renderer1] [warning] [/home/benh/.vscode-oss/extensions/sumneko.lua-2.5.3]: Couldn't find message for key config.diagnostics.doc-field-no-class.
[2022-04-28 02:04:06.396] [renderer1] [warning] [/home/benh/.vscode-oss/extensions/sumneko.lua-2.5.3]: Couldn't find message for key config.diagnostics.duplicate-doc-class.
[2022-04-28 02:04:06.397] [renderer1] [warning] [/home/benh/.vscode-oss/extensions/sumneko.lua-2.5.3]: Couldn't find message for key config.diagnostics.duplicate-doc-field.
[2022-04-28 02:04:06.397] [renderer1] [warning] [/home/benh/.vscode-oss/extensions/sumneko.lua-2.5.3]: Couldn't find message for key config.diagnostics.duplicate-doc-param.
[2022-04-28 02:04:06.398] [renderer1] [warning] [/home/benh/.vscode-oss/extensions/sumneko.lua-2.5.3]: Couldn't find message for key config.diagnostics.duplicate-index.
[2022-04-28 02:04:06.399] [renderer1] [warning] [/home/benh/.vscode-oss/extensions/sumneko.lua-2.5.3]: Couldn't find message for key config.diagnostics.duplicate-set-field.
[2022-04-28 02:04:06.399] [renderer1] [warning] [/home/benh/.vscode-oss/extensions/sumneko.lua-2.5.3]: Couldn't find message for key config.diagnostics.empty-block.
[2022-04-28 02:04:06.400] [renderer1] [warning] [/home/benh/.vscode-oss/extensions/sumneko.lua-2.5.3]: Couldn't find message for key config.diagnostics.global-in-nil-env.
[2022-04-28 02:04:06.401] [renderer1] [warning] [/home/benh/.vscode-oss/extensions/sumneko.lua-2.5.3]: Couldn't find message for key config.diagnostics.lowercase-global.
[2022-04-28 02:04:06.401] [renderer1] [warning] [/home/benh/.vscode-oss/extensions/sumneko.lua-2.5.3]: Couldn't find message for key config.diagnostics.newfield-call.
[2022-04-28 02:04:06.402] [renderer1] [warning] [/home/benh/.vscode-oss/extensions/sumneko.lua-2.5.3]: Couldn't find message for key config.diagnostics.newline-call.
[2022-04-28 02:04:06.402] [renderer1] [warning] [/home/benh/.vscode-oss/extensions/sumneko.lua-2.5.3]: Couldn't find message for key config.diagnostics.no-implicit-any.
[2022-04-28 02:04:06.403] [renderer1] [warning] [/home/benh/.vscode-oss/extensions/sumneko.lua-2.5.3]: Couldn't find message for key config.diagnostics.not-yieldable.
[2022-04-28 02:04:06.403] [renderer1] [warning] [/home/benh/.vscode-oss/extensions/sumneko.lua-2.5.3]: Couldn't find message for key config.diagnostics.redefined-local.
[2022-04-28 02:04:06.404] [renderer1] [warning] [/home/benh/.vscode-oss/extensions/sumneko.lua-2.5.3]: Couldn't find message for key config.diagnostics.redundant-parameter.
[2022-04-28 02:04:06.404] [renderer1] [warning] [/home/benh/.vscode-oss/extensions/sumneko.lua-2.5.3]: Couldn't find message for key config.diagnostics.redundant-return.
[2022-04-28 02:04:06.405] [renderer1] [warning] [/home/benh/.vscode-oss/extensions/sumneko.lua-2.5.3]: Couldn't find message for key config.diagnostics.redundant-value.
[2022-04-28 02:04:06.405] [renderer1] [warning] [/home/benh/.vscode-oss/extensions/sumneko.lua-2.5.3]: Couldn't find message for key config.diagnostics.trailing-space.
[2022-04-28 02:04:06.406] [renderer1] [warning] [/home/benh/.vscode-oss/extensions/sumneko.lua-2.5.3]: Couldn't find message for key config.diagnostics.type-check.
[2022-04-28 02:04:06.407] [renderer1] [warning] [/home/benh/.vscode-oss/extensions/sumneko.lua-2.5.3]: Couldn't find message for key config.diagnostics.unbalanced-assignments.
[2022-04-28 02:04:06.407] [renderer1] [warning] [/home/benh/.vscode-oss/extensions/sumneko.lua-2.5.3]: Couldn't find message for key config.diagnostics.undefined-doc-class.
[2022-04-28 02:04:06.408] [renderer1] [warning] [/home/benh/.vscode-oss/extensions/sumneko.lua-2.5.3]: Couldn't find message for key config.diagnostics.undefined-doc-name.
[2022-04-28 02:04:06.408] [renderer1] [warning] [/home/benh/.vscode-oss/extensions/sumneko.lua-2.5.3]: Couldn't find message for key config.diagnostics.undefined-doc-param.
[2022-04-28 02:04:06.409] [renderer1] [warning] [/home/benh/.vscode-oss/extensions/sumneko.lua-2.5.3]: Couldn't find message for key config.diagnostics.undefined-env-child.
[2022-04-28 02:04:06.410] [renderer1] [warning] [/home/benh/.vscode-oss/extensions/sumneko.lua-2.5.3]: Couldn't find message for key config.diagnostics.undefined-field.
[2022-04-28 02:04:06.410] [renderer1] [warning] [/home/benh/.vscode-oss/extensions/sumneko.lua-2.5.3]: Couldn't find message for key config.diagnostics.undefined-global.
[2022-04-28 02:04:06.411] [renderer1] [warning] [/home/benh/.vscode-oss/extensions/sumneko.lua-2.5.3]: Couldn't find message for key config.diagnostics.unknown-diag-code.
[2022-04-28 02:04:06.412] [renderer1] [warning] [/home/benh/.vscode-oss/extensions/sumneko.lua-2.5.3]: Couldn't find message for key config.diagnostics.unused-function.
[2022-04-28 02:04:06.412] [renderer1] [warning] [/home/benh/.vscode-oss/extensions/sumneko.lua-2.5.3]: Couldn't find message for key config.diagnostics.unused-label.
[2022-04-28 02:04:06.413] [renderer1] [warning] [/home/benh/.vscode-oss/extensions/sumneko.lua-2.5.3]: Couldn't find message for key config.diagnostics.unused-local.
[2022-04-28 02:04:06.413] [renderer1] [warning] [/home/benh/.vscode-oss/extensions/sumneko.lua-2.5.3]: Couldn't find message for key config.diagnostics.unused-vararg.
[2022-04-28 02:04:06.415] [renderer1] [warning] [/home/benh/.vscode-oss/extensions/sumneko.lua-2.5.3]: Couldn't find message for key config.runtime.builtin.basic.
[2022-04-28 02:04:06.416] [renderer1] [warning] [/home/benh/.vscode-oss/extensions/sumneko.lua-2.5.3]: Couldn't find message for key config.runtime.builtin.bit.
[2022-04-28 02:04:06.417] [renderer1] [warning] [/home/benh/.vscode-oss/extensions/sumneko.lua-2.5.3]: Couldn't find message for key config.runtime.builtin.bit32.
[2022-04-28 02:04:06.418] [renderer1] [warning] [/home/benh/.vscode-oss/extensions/sumneko.lua-2.5.3]: Couldn't find message for key config.runtime.builtin.builtin.
[2022-04-28 02:04:06.418] [renderer1] [warning] [/home/benh/.vscode-oss/extensions/sumneko.lua-2.5.3]: Couldn't find message for key config.runtime.builtin.coroutine.
[2022-04-28 02:04:06.419] [renderer1] [warning] [/home/benh/.vscode-oss/extensions/sumneko.lua-2.5.3]: Couldn't find message for key config.runtime.builtin.debug.
[2022-04-28 02:04:06.420] [renderer1] [warning] [/home/benh/.vscode-oss/extensions/sumneko.lua-2.5.3]: Couldn't find message for key config.runtime.builtin.ffi.
[2022-04-28 02:04:06.421] [renderer1] [warning] [/home/benh/.vscode-oss/extensions/sumneko.lua-2.5.3]: Couldn't find message for key config.runtime.builtin.io.
[2022-04-28 02:04:06.422] [renderer1] [warning] [/home/benh/.vscode-oss/extensions/sumneko.lua-2.5.3]: Couldn't find message for key config.runtime.builtin.jit.
[2022-04-28 02:04:06.423] [renderer1] [warning] [/home/benh/.vscode-oss/extensions/sumneko.lua-2.5.3]: Couldn't find message for key config.runtime.builtin.math.
[2022-04-28 02:04:06.423] [renderer1] [warning] [/home/benh/.vscode-oss/extensions/sumneko.lua-2.5.3]: Couldn't find message for key config.runtime.builtin.os.
[2022-04-28 02:04:06.424] [renderer1] [warning] [/home/benh/.vscode-oss/extensions/sumneko.lua-2.5.3]: Couldn't find message for key config.runtime.builtin.package.
[2022-04-28 02:04:06.424] [renderer1] [warning] [/home/benh/.vscode-oss/extensions/sumneko.lua-2.5.3]: Couldn't find message for key config.runtime.builtin.string.
[2022-04-28 02:04:06.425] [renderer1] [warning] [/home/benh/.vscode-oss/extensions/sumneko.lua-2.5.3]: Couldn't find message for key config.runtime.builtin.table.
[2022-04-28 02:04:06.425] [renderer1] [warning] [/home/benh/.vscode-oss/extensions/sumneko.lua-2.5.3]: Couldn't find message for key config.runtime.builtin.utf8.
[2022-04-28 02:04:06.470] [renderer1] [critical] Extension 'ms-python.python CANNOT USE these API proposals 'quickPickSortByLabel, testObserver, notebookEditor'. You MUST start in extension development mode or use the --enable-proposed-api command line flag
[2022-04-28 02:04:06.471] [renderer1] [critical] Extension 'ms-toolsai.jupyter CANNOT USE these API proposals 'notebookConcatTextDocument, notebookControllerKind, notebookDebugOptions, notebookDeprecated, notebookEditor, notebookEditorDecorationType, notebookEditorEdit, notebookMessaging, notebookMime, notebookCellExecutionState, portsAttributes, textDocumentNotebook, quickPickSortByLabel'. You MUST start in extension development mode or use the --enable-proposed-api command line flag
[2022-04-28 02:04:06.481] [renderer1] [info] Ignoring configured affinity for 'pub.name' because the extension is unknown or cannot execute.
[2022-04-28 02:04:06.636] [renderer1] [error] [ms-toolsai.jupyter]: interactive/toolbar is a proposed menu identifier. It requires 'package.json#enabledApiProposals: ["notebookEditor"]' and is only available when running out of dev or with the following command line switch: --enable-proposed-api ms-toolsai.jupyter
[2022-04-28 02:04:06.636] [renderer1] [error] [ms-toolsai.jupyter]: interactive/cell/title is a proposed menu identifier. It requires 'package.json#enabledApiProposals: ["notebookEditor"]' and is only available when running out of dev or with the following command line switch: --enable-proposed-api ms-toolsai.jupyter
[2022-04-28 02:04:06.808] [renderer1] [info] Ignoring configured affinity for 'pub.name' because the extension is unknown or cannot execute.
