[2022-04-28T08:45:16.278Z] Validating found git in: git
[2022-04-28T08:45:16.296Z] Using git 2.35.1 from git
[2022-04-28T08:45:16.336Z] > git rev-parse --git-dir [9ms]
[2022-04-28T08:45:16.342Z] Open repository: /home/benh/projects/pillar
[2022-04-28T08:45:16.370Z] > git symbolic-ref --short HEAD [2ms]
[2022-04-28T08:45:16.414Z] > git for-each-ref --format=%(refname)%00%(upstream:short)%00%(objectname)%00%(upstream:track) refs/heads/dev refs/remotes/dev [38ms]
[2022-04-28T08:45:16.449Z] > git remote --verbose [12ms]
[2022-04-28T08:45:16.453Z] > git for-each-ref --sort -committerdate --format %(refname) %(objectname) %(*objectname) [32ms]
[2022-04-28T08:45:16.482Z] > git config --get commit.template [2ms]
[2022-04-28T08:45:17.610Z] > git ls-files --stage -- /home/benh/projects/pillar/src/utils.rs [2ms]
[2022-04-28T08:45:17.618Z] > git cat-file -s e8e11025ca8be8d60daa78166aa598cc88a50bf9 [2ms]
[2022-04-28T08:45:19.695Z] > git symbolic-ref --short HEAD [4ms]
[2022-04-28T08:45:19.708Z] > git for-each-ref --format=%(refname)%00%(upstream:short)%00%(objectname)%00%(upstream:track) refs/heads/dev refs/remotes/dev [5ms]
[2022-04-28T08:45:19.739Z] > git remote --verbose [8ms]
[2022-04-28T08:45:19.741Z] > git for-each-ref --sort -committerdate --format %(refname) %(objectname) %(*objectname) [20ms]
[2022-04-28T08:45:19.764Z] > git config --get commit.template [3ms]
[2022-04-28T08:46:04.239Z] > git ls-files --stage -- /home/benh/projects/pillar/src/utils.rs [1ms]
[2022-04-28T08:46:04.247Z] > git symbolic-ref --short HEAD [16ms]
[2022-04-28T08:46:04.255Z] > git cat-file -s 2e02f96aabe590050d9331513ce413e9aa40115a [9ms]
[2022-04-28T08:46:04.257Z] > git for-each-ref --format=%(refname)%00%(upstream:short)%00%(objectname)%00%(upstream:track) refs/heads/main refs/remotes/main [3ms]
[2022-04-28T08:46:04.272Z] > git for-each-ref --sort -committerdate --format %(refname) %(objectname) %(*objectname) [9ms]
[2022-04-28T08:46:04.282Z] > git remote --verbose [12ms]
[2022-04-28T08:46:04.299Z] > git config --get commit.template [4ms]
[2022-04-28T08:46:09.315Z] > git symbolic-ref --short HEAD [1ms]
[2022-04-28T08:46:09.322Z] > git for-each-ref --format=%(refname)%00%(upstream:short)%00%(objectname)%00%(upstream:track) refs/heads/main refs/remotes/main [2ms]
[2022-04-28T08:46:09.333Z] > git for-each-ref --sort -committerdate --format %(refname) %(objectname) %(*objectname) [7ms]
[2022-04-28T08:46:09.334Z] > git remote --verbose [2ms]
[2022-04-28T08:46:09.342Z] > git config --get commit.template [1ms]
[2022-04-28T08:46:22.682Z] > git ls-files --stage -- /home/benh/projects/pillar/src/main.rs [3ms]
[2022-04-28T08:46:22.692Z] > git cat-file -s d2965a2e523d6073814acccd4d9dd90097bb7d9d [1ms]
