[2022-04-14 18:22:21.007] [exthost] [info] Extension host with pid 305519 started
[2022-04-14 18:22:21.007] [exthost] [info] Skipping acquiring lock for /home/benh/.config/VSCodium/User/workspaceStorage/8ca0ef7a3579af2b352bdb9f5aa39ef7.
[2022-04-14 18:22:22.066] [exthost] [info] ExtensionService#_doActivateExtension rust-lang.rust, startup: false, activationEvent: 'onLanguage:rust'
[2022-04-14 18:22:22.691] [exthost] [info] ExtensionService#_doActivateExtension vscode.debug-auto-launch, startup: true, activationEvent: '*'
[2022-04-14 18:22:22.702] [exthost] [info] ExtensionService#_doActivateExtension vscode.git-base, startup: true, activationEvent: '*', root cause: vscode.git
[2022-04-14 18:22:22.715] [exthost] [info] ExtensionService#_doActivateExtension vscode.ipynb, startup: true, activationEvent: '*'
[2022-04-14 18:22:22.754] [exthost] [info] ExtensionService#_doActivateExtension Gruntfuggly.triggertaskonsave, startup: true, activationEvent: '*'
[2022-04-14 18:22:22.803] [exthost] [info] ExtensionService#_doActivateExtension sainnhe.gruvbox-material, startup: true, activationEvent: '*'
[2022-04-14 18:22:23.456] [exthost] [info] ExtensionService#_doActivateExtension vscode.git, startup: true, activationEvent: '*'
[2022-04-14 18:22:23.509] [exthost] [info] ExtensionService#_doActivateExtension vscode.github, startup: true, activationEvent: '*'
[2022-04-14 18:22:23.740] [exthost] [info] Eager extensions activated
[2022-04-14 18:22:23.886] [exthost] [info] ExtensionService#_doActivateExtension vscode.emmet, startup: false, activationEvent: 'onStartupFinished'
[2022-04-14 18:22:23.936] [exthost] [info] ExtensionService#_doActivateExtension vscode.merge-conflict, startup: false, activationEvent: 'onStartupFinished'
[2022-04-14 18:22:25.436] [exthost] [info] extension host terminating: renderer closed the socket
[2022-04-14 18:22:25.467] [exthost] [info] Extension host with pid 305519 exiting with code 0
[2022-04-14 18:22:30.743] [exthost] [info] Extension host with pid 305634 started
[2022-04-14 18:22:30.745] [exthost] [info] Skipping acquiring lock for /home/benh/.config/VSCodium/User/workspaceStorage/b6c2ef292bbc2546877926cbbf3560a0.
[2022-04-14 18:22:31.194] [exthost] [info] ExtensionService#_doActivateExtension sumneko.lua, startup: false, activationEvent: 'onLanguage:lua'
[2022-04-14 18:22:31.916] [exthost] [info] ExtensionService#_doActivateExtension vscode.html-language-features, startup: false, activationEvent: 'onLanguage:html'
[2022-04-14 18:22:31.969] [exthost] [info] ExtensionService#_doActivateExtension vscode.debug-auto-launch, startup: true, activationEvent: '*'
[2022-04-14 18:22:31.975] [exthost] [info] ExtensionService#_doActivateExtension vscode.git-base, startup: true, activationEvent: '*', root cause: vscode.git
[2022-04-14 18:22:31.983] [exthost] [info] ExtensionService#_doActivateExtension vscode.ipynb, startup: true, activationEvent: '*'
[2022-04-14 18:22:31.991] [exthost] [info] ExtensionService#_doActivateExtension Gruntfuggly.triggertaskonsave, startup: true, activationEvent: '*'
[2022-04-14 18:22:32.001] [exthost] [info] ExtensionService#_doActivateExtension sainnhe.gruvbox-material, startup: true, activationEvent: '*'
[2022-04-14 18:22:32.337] [exthost] [info] ExtensionService#_doActivateExtension vscode.git, startup: true, activationEvent: '*'
[2022-04-14 18:22:32.407] [exthost] [info] ExtensionService#_doActivateExtension vscode.github, startup: true, activationEvent: '*'
[2022-04-14 18:22:32.691] [exthost] [info] Eager extensions activated
[2022-04-14 18:22:33.453] [exthost] [info] ExtensionService#_doActivateExtension vscode.emmet, startup: false, activationEvent: 'onStartupFinished'
[2022-04-14 18:22:33.490] [exthost] [info] ExtensionService#_doActivateExtension vscode.merge-conflict, startup: false, activationEvent: 'onStartupFinished'
[2022-04-14 18:22:34.111] [exthost] [info] ExtensionService#_doActivateExtension bungcip.better-toml, startup: false, activationEvent: 'onLanguage:toml'
[2022-04-14 18:24:40.436] [exthost] [info] ExtensionService#_doActivateExtension bmalehorn.vscode-fish, startup: false, activationEvent: 'onLanguage:fish'
[2022-04-14 18:25:22.809] [exthost] [info] ExtensionService#_doActivateExtension vscode.grunt, startup: false, activationEvent: 'onTaskType:grunt'
[2022-04-14 18:25:22.821] [exthost] [info] ExtensionService#_doActivateExtension vscode.gulp, startup: false, activationEvent: 'onTaskType:gulp'
[2022-04-14 18:25:22.826] [exthost] [info] ExtensionService#_doActivateExtension vscode.jake, startup: false, activationEvent: 'onTaskType:jake'
[2022-04-14 18:25:22.833] [exthost] [info] ExtensionService#_doActivateExtension vscode.npm, startup: false, activationEvent: 'onTaskType:npm'
[2022-04-14 18:25:22.857] [exthost] [info] ExtensionService#_doActivateExtension vscode.typescript-language-features, startup: false, activationEvent: 'onTaskType:typescript'
[2022-04-14 18:27:20.530] [exthost] [info] ExtensionService#_doActivateExtension mads-hartmann.bash-ide-vscode, startup: false, activationEvent: 'onLanguage:shellscript'
[2022-04-14 18:30:09.532] [exthost] [info] ExtensionService#_doActivateExtension timonwong.shellcheck, startup: false, activationEvent: 'onLanguage:shellscript'
[2022-04-14 18:54:44.784] [exthost] [info] extension host terminating: renderer closed the socket
[2022-04-14 18:54:44.830] [exthost] [info] Extension host with pid 305634 exiting with code 0
