6:55:17 PM Reset result indicator
6:58:45 PM Document /home/benh/projects/mx/docs/projects/proctime saved in workspace mx
6:58:45 PM No tasks available.
6:58:45 PM {}
6:59:02 PM Document /home/benh/projects/mx/docs/projects/proctime saved in workspace mx
6:59:02 PM No tasks available.
6:59:02 PM {}
6:59:25 PM Document /home/benh/projects/mx/docs/projects/proctime saved in workspace mx
6:59:25 PM No tasks available.
6:59:25 PM {}
6:59:29 PM Document /home/benh/projects/mx/docs/projects/proctime saved in workspace mx
6:59:29 PM No tasks available.
6:59:29 PM {}
6:59:42 PM Document /home/benh/projects/mx/docs/projects/proctime saved in workspace mx
6:59:42 PM No tasks available.
6:59:42 PM {}
6:59:52 PM Document /home/benh/projects/mx/docs/projects/proctime saved in workspace mx
6:59:52 PM No tasks available.
6:59:52 PM {}
7:00:37 PM Document /home/benh/projects/mx/docs/projects/proctime saved in workspace mx
7:00:37 PM No tasks available.
7:00:37 PM {}
7:00:43 PM Document /home/benh/projects/mx/docs/projects/proctime saved in workspace mx
7:00:44 PM No tasks available.
7:00:44 PM {}
7:00:50 PM Document /home/benh/projects/mx/docs/projects/proctime saved in workspace mx
7:00:50 PM No tasks available.
7:00:50 PM {}
7:01:10 PM Document /home/benh/projects/mx/docs/projects/proctime saved in workspace mx
7:01:10 PM No tasks available.
7:01:10 PM {}
7:01:13 PM Document /home/benh/projects/mx/docs/projects/proctime saved in workspace mx
7:01:13 PM No tasks available.
7:01:13 PM {}
7:01:35 PM Document /home/benh/projects/mx/docs/projects/proctime saved in workspace mx
7:01:35 PM No tasks available.
7:01:35 PM {}
7:01:40 PM Document /home/benh/projects/mx/docs/projects/proctime saved in workspace mx
7:01:40 PM No tasks available.
7:01:40 PM {}
7:01:43 PM Document /home/benh/projects/mx/docs/projects/proctime saved in workspace mx
7:01:43 PM No tasks available.
7:01:43 PM {}
7:01:45 PM Document /home/benh/projects/mx/docs/projects/proctime saved in workspace mx
7:01:45 PM No tasks available.
7:01:45 PM {}
7:01:54 PM Document /home/benh/projects/mx/docs/projects/proctime saved in workspace mx
7:01:54 PM No tasks available.
7:01:54 PM {}
7:02:57 PM Document /home/benh/projects/mx/docs/projects/proctime saved in workspace mx
7:02:57 PM No tasks available.
7:02:57 PM {}
7:03:02 PM Document /home/benh/projects/mx/docs/projects/proctime saved in workspace mx
7:03:02 PM No tasks available.
7:03:02 PM {}
7:03:06 PM Document /home/benh/projects/mx/docs/projects/proctime saved in workspace mx
7:03:06 PM No tasks available.
7:03:06 PM {}
7:03:09 PM Document /home/benh/projects/mx/docs/projects/proctime saved in workspace mx
7:03:09 PM No tasks available.
7:03:09 PM {}
7:03:21 PM Document /home/benh/projects/mx/docs/projects/proctime saved in workspace mx
7:03:21 PM No tasks available.
7:03:21 PM {}
7:04:23 PM Document /home/benh/projects/mx/docs/projects/proctime saved in workspace mx
7:04:23 PM No tasks available.
7:04:23 PM {}
7:04:26 PM Document /home/benh/projects/mx/docs/projects/proctime saved in workspace mx
7:04:27 PM No tasks available.
7:04:27 PM {}
7:04:37 PM Document /home/benh/projects/mx/docs/projects/proctime saved in workspace mx
7:04:37 PM No tasks available.
7:04:37 PM {}
7:04:42 PM Document /home/benh/projects/mx/docs/projects/proctime saved in workspace mx
7:04:42 PM No tasks available.
7:04:42 PM {}
7:05:35 PM Document /home/benh/projects/mx/docs/projects/proctime saved in workspace mx
7:05:35 PM No tasks available.
7:05:35 PM {}
7:05:37 PM Document /home/benh/projects/mx/docs/projects/proctime saved in workspace mx
7:05:37 PM No tasks available.
7:05:37 PM {}
7:05:58 PM Document /home/benh/projects/mx/docs/projects/proctime saved in workspace mx
7:05:58 PM No tasks available.
7:05:58 PM {}
7:06:03 PM Document /home/benh/projects/mx/docs/projects/proctime saved in workspace mx
7:06:03 PM No tasks available.
7:06:03 PM {}
7:06:09 PM Document /home/benh/projects/mx/docs/projects/proctime saved in workspace mx
7:06:09 PM No tasks available.
7:06:09 PM {}
7:06:15 PM Document /home/benh/projects/mx/docs/projects/proctime saved in workspace mx
7:06:15 PM No tasks available.
7:06:15 PM {}
7:06:23 PM Document /home/benh/projects/mx/docs/projects/proctime saved in workspace mx
7:06:23 PM No tasks available.
7:06:23 PM {}
7:06:37 PM Document /home/benh/projects/mx/docs/projects/proctime saved in workspace mx
7:06:37 PM No tasks available.
7:06:37 PM {}
7:06:48 PM Document /home/benh/projects/mx/docs/projects/proctime saved in workspace mx
7:06:48 PM No tasks available.
7:06:48 PM {}
7:07:07 PM Document /home/benh/projects/mx/docs/projects/proctime saved in workspace mx
7:07:07 PM No tasks available.
7:07:07 PM {}
7:07:15 PM Document /home/benh/projects/mx/docs/projects/proctime saved in workspace mx
7:07:15 PM No tasks available.
7:07:15 PM {}
7:07:17 PM Document /home/benh/projects/mx/docs/projects/proctime saved in workspace mx
7:07:17 PM No tasks available.
7:07:17 PM {}
7:07:27 PM Document /home/benh/projects/mx/docs/projects/proctime saved in workspace mx
7:07:27 PM No tasks available.
7:07:27 PM {}
7:07:28 PM Document /home/benh/projects/mx/docs/projects/proctime saved in workspace mx
7:07:28 PM No tasks available.
7:07:28 PM {}
7:08:02 PM Document /home/benh/projects/mx/docs/projects/proctime saved in workspace mx
7:08:02 PM No tasks available.
7:08:02 PM {}
7:08:28 PM Document /home/benh/projects/mx/docs/projects/proctime saved in workspace mx
7:08:28 PM No tasks available.
7:08:28 PM {}
7:08:30 PM Document /home/benh/projects/mx/docs/projects/proctime saved in workspace mx
7:08:30 PM No tasks available.
7:08:30 PM {}
7:09:13 PM Document /home/benh/projects/mx/docs/projects/proctime saved in workspace mx
7:09:13 PM No tasks available.
7:09:13 PM {}
7:09:14 PM Document /home/benh/projects/mx/docs/projects/proctime saved in workspace mx
7:09:14 PM No tasks available.
7:09:14 PM {}
7:09:17 PM Document /home/benh/projects/mx/docs/projects/proctime saved in workspace mx
7:09:17 PM No tasks available.
7:09:17 PM {}
7:09:41 PM Document /home/benh/projects/mx/docs/projects/proctrack saved in workspace mx
7:09:41 PM No tasks available.
7:09:41 PM {}
7:11:02 PM Document /home/benh/projects/mx/docs/projects/proctrack saved in workspace mx
7:11:02 PM No tasks available.
7:11:02 PM {}
7:11:29 PM Document /home/benh/projects/mx/docs/projects/proctrack saved in workspace mx
7:11:30 PM No tasks available.
7:11:30 PM {}
7:11:33 PM Document /home/benh/projects/mx/docs/projects/proctrack saved in workspace mx
7:11:33 PM No tasks available.
7:11:33 PM {}
7:11:39 PM Document /home/benh/projects/mx/docs/projects/proctrack saved in workspace mx
7:11:39 PM No tasks available.
7:11:39 PM {}
7:11:39 PM Document /home/benh/projects/mx/docs/projects/proctrack saved in workspace mx
7:11:39 PM No tasks available.
7:11:39 PM {}
7:26:29 PM Document /home/benh/projects/mx/docs/projects/proctrack saved in workspace mx
7:26:29 PM No tasks available.
7:26:29 PM {}
7:27:11 PM Document /home/benh/projects/mx/docs/projects/proctrack saved in workspace mx
7:27:11 PM No tasks available.
7:27:11 PM {}
7:27:17 PM Document /home/benh/projects/mx/docs/projects/proctrack saved in workspace mx
7:27:17 PM No tasks available.
7:27:17 PM {}
7:27:20 PM Document /home/benh/projects/mx/docs/projects/proctrack saved in workspace mx
7:27:20 PM No tasks available.
7:27:20 PM {}
7:27:23 PM Document /home/benh/projects/mx/docs/projects/proctrack saved in workspace mx
7:27:23 PM No tasks available.
7:27:23 PM {}
7:28:03 PM Document /home/benh/projects/mx/docs/projects/proctrack saved in workspace mx
7:28:03 PM No tasks available.
7:28:03 PM {}
7:28:53 PM Document /home/benh/projects/mx/docs/projects/proctrack saved in workspace mx
7:28:53 PM No tasks available.
7:28:53 PM {}
7:28:55 PM Document /home/benh/projects/mx/docs/projects/proctrack saved in workspace mx
7:28:55 PM No tasks available.
7:28:55 PM {}
7:31:13 PM Document /home/benh/projects/mx/docs/projects/proctrack saved in workspace mx
7:31:13 PM No tasks available.
7:31:13 PM {}
7:31:16 PM Document /home/benh/projects/mx/docs/projects/proctrack saved in workspace mx
7:31:16 PM No tasks available.
7:31:16 PM {}
7:31:28 PM Document /home/benh/projects/mx/docs/projects/proctrack saved in workspace mx
7:31:28 PM No tasks available.
7:31:28 PM {}
7:31:30 PM Document /home/benh/projects/mx/docs/projects/proctrack saved in workspace mx
7:31:30 PM No tasks available.
7:31:30 PM {}
7:31:33 PM Document /home/benh/projects/mx/docs/projects/proctrack saved in workspace mx
7:31:33 PM No tasks available.
7:31:33 PM {}
7:31:43 PM Document /home/benh/projects/mx/docs/projects/proctrack saved in workspace mx
7:31:43 PM No tasks available.
7:31:43 PM {}
7:31:51 PM Document /home/benh/projects/mx/docs/projects/proctrack saved in workspace mx
7:31:51 PM No tasks available.
7:31:51 PM {}
7:31:55 PM Document /home/benh/projects/mx/docs/projects/proctrack saved in workspace mx
7:31:55 PM No tasks available.
7:31:55 PM {}
7:32:09 PM Document /home/benh/projects/mx/docs/projects/proctrack saved in workspace mx
7:32:09 PM No tasks available.
7:32:09 PM {}
7:33:07 PM Document /home/benh/projects/mx/docs/projects/proctrack saved in workspace mx
7:33:07 PM No tasks available.
7:33:07 PM {}
7:33:18 PM Document /home/benh/projects/mx/docs/projects/proctrack saved in workspace mx
7:33:18 PM No tasks available.
7:33:18 PM {}
7:39:05 PM Document /home/benh/projects/mx/docs/projects/proctrack saved in workspace mx
7:39:05 PM No tasks available.
7:39:05 PM {}
7:39:15 PM Document /home/benh/projects/mx/docs/projects/proctrack saved in workspace mx
7:39:15 PM No tasks available.
7:39:15 PM {}
