[2022-04-15T01:55:19.098Z] Validating found git in: git
[2022-04-15T01:55:19.135Z] Using git 2.35.1 from git
[2022-04-15T01:55:19.197Z] > git rev-parse --git-dir [3ms]
[2022-04-15T01:55:19.211Z] Open repository: /home/benh/projects/mx
[2022-04-15T01:55:19.313Z] > git symbolic-ref --short HEAD [16ms]
[2022-04-15T01:55:19.332Z] > git for-each-ref --format=%(refname)%00%(upstream:short)%00%(objectname)%00%(upstream:track) refs/heads/master refs/remotes/master [4ms]
[2022-04-15T01:55:19.355Z] > git for-each-ref --sort -committerdate --format %(refname) %(objectname) %(*objectname) [12ms]
[2022-04-15T01:55:19.359Z] > git remote --verbose [7ms]
[2022-04-15T01:55:19.388Z] > git config --get commit.template [10ms]
[2022-04-15T01:55:19.625Z] > git log --format=%H%n%aN%n%aE%n%at%n%ct%n%P%n%B -z -n21 -- /home/benh/projects/mx/docs/projects/proctrack [47ms]
[2022-04-15T01:55:20.267Z] > git ls-files --stage -- /home/benh/projects/mx/docs/projects/proctrack [12ms]
[2022-04-15T01:55:20.291Z] > git cat-file -s 9e943ec343eec602e475bf4917ca2dfeec0000bd [4ms]
[2022-04-15T01:56:30.849Z] > git log --format=%H%n%aN%n%aE%n%at%n%ct%n%P%n%B -z -n21 -- /home/benh/projects/mx/docs/projects/prpnd [38ms]
[2022-04-15T01:56:30.986Z] > git ls-files --stage -- /home/benh/projects/mx/docs/projects/prpnd [2ms]
[2022-04-15T01:56:30.993Z] > git cat-file -s ac8478b11a8cbea51506996a4fb91071ea7ca40b [2ms]
[2022-04-15T01:56:36.740Z] > git log --format=%H%n%aN%n%aE%n%at%n%ct%n%P%n%B -z -n21 -- /home/benh/projects/mx/docs/projects/proctime [29ms]
[2022-04-15T01:56:36.971Z] > git ls-files --stage -- /home/benh/projects/mx/docs/projects/proctime [31ms]
[2022-04-15T01:56:37.018Z] > git cat-file -s 407327b7027dccd49350b3280ed6cc23c0e8766e [6ms]
[2022-04-15T01:58:46.434Z] > git symbolic-ref --short HEAD [2ms]
[2022-04-15T01:58:46.452Z] > git for-each-ref --format=%(refname)%00%(upstream:short)%00%(objectname)%00%(upstream:track) refs/heads/master refs/remotes/master [7ms]
[2022-04-15T01:58:46.464Z] > git for-each-ref --sort -committerdate --format %(refname) %(objectname) %(*objectname) [6ms]
[2022-04-15T01:58:46.465Z] > git remote --verbose [2ms]
[2022-04-15T01:58:46.481Z] > git config --get commit.template [3ms]
[2022-04-15T01:58:47.000Z] > git rev-list --count 301b2a5ac61a2d818394203bd1f4e33069d58114.. -- /home/benh/projects/mx/docs/projects/proctime [20ms]
[2022-04-15T01:58:47.034Z] > git log --format=%H%n%aN%n%aE%n%at%n%ct%n%P%n%B -z -n3 -- /home/benh/projects/mx/docs/projects/proctime [25ms]
[2022-04-15T01:59:03.585Z] > git symbolic-ref --short HEAD [3ms]
[2022-04-15T01:59:03.596Z] > git for-each-ref --format=%(refname)%00%(upstream:short)%00%(objectname)%00%(upstream:track) refs/heads/master refs/remotes/master [2ms]
[2022-04-15T01:59:03.609Z] > git for-each-ref --sort -committerdate --format %(refname) %(objectname) %(*objectname) [8ms]
[2022-04-15T01:59:03.611Z] > git remote --verbose [3ms]
[2022-04-15T01:59:03.628Z] > git config --get commit.template [2ms]
[2022-04-15T01:59:04.149Z] > git rev-list --count 301b2a5ac61a2d818394203bd1f4e33069d58114.. -- /home/benh/projects/mx/docs/projects/proctime [19ms]
[2022-04-15T01:59:04.192Z] > git log --format=%H%n%aN%n%aE%n%at%n%ct%n%P%n%B -z -n3 -- /home/benh/projects/mx/docs/projects/proctime [36ms]
[2022-04-15T01:59:26.602Z] > git symbolic-ref --short HEAD [2ms]
[2022-04-15T01:59:26.613Z] > git for-each-ref --format=%(refname)%00%(upstream:short)%00%(objectname)%00%(upstream:track) refs/heads/master refs/remotes/master [3ms]
[2022-04-15T01:59:26.631Z] > git for-each-ref --sort -committerdate --format %(refname) %(objectname) %(*objectname) [8ms]
[2022-04-15T01:59:26.631Z] > git remote --verbose [1ms]
[2022-04-15T01:59:26.643Z] > git config --get commit.template [1ms]
[2022-04-15T01:59:27.168Z] > git rev-list --count 301b2a5ac61a2d818394203bd1f4e33069d58114.. -- /home/benh/projects/mx/docs/projects/proctime [21ms]
[2022-04-15T01:59:27.207Z] > git log --format=%H%n%aN%n%aE%n%at%n%ct%n%P%n%B -z -n3 -- /home/benh/projects/mx/docs/projects/proctime [29ms]
[2022-04-15T01:59:31.691Z] > git symbolic-ref --short HEAD [2ms]
[2022-04-15T01:59:31.705Z] > git for-each-ref --format=%(refname)%00%(upstream:short)%00%(objectname)%00%(upstream:track) refs/heads/master refs/remotes/master [3ms]
[2022-04-15T01:59:31.721Z] > git for-each-ref --sort -committerdate --format %(refname) %(objectname) %(*objectname) [9ms]
[2022-04-15T01:59:31.722Z] > git remote --verbose [2ms]
[2022-04-15T01:59:31.737Z] > git config --get commit.template [2ms]
[2022-04-15T01:59:32.263Z] > git rev-list --count 301b2a5ac61a2d818394203bd1f4e33069d58114.. -- /home/benh/projects/mx/docs/projects/proctime [17ms]
[2022-04-15T01:59:32.296Z] > git log --format=%H%n%aN%n%aE%n%at%n%ct%n%P%n%B -z -n3 -- /home/benh/projects/mx/docs/projects/proctime [24ms]
[2022-04-15T01:59:43.623Z] > git symbolic-ref --short HEAD [3ms]
[2022-04-15T01:59:43.637Z] > git for-each-ref --format=%(refname)%00%(upstream:short)%00%(objectname)%00%(upstream:track) refs/heads/master refs/remotes/master [3ms]
[2022-04-15T01:59:43.650Z] > git for-each-ref --sort -committerdate --format %(refname) %(objectname) %(*objectname) [7ms]
[2022-04-15T01:59:43.651Z] > git remote --verbose [3ms]
[2022-04-15T01:59:43.669Z] > git config --get commit.template [2ms]
[2022-04-15T01:59:44.194Z] > git rev-list --count 301b2a5ac61a2d818394203bd1f4e33069d58114.. -- /home/benh/projects/mx/docs/projects/proctime [21ms]
[2022-04-15T01:59:44.229Z] > git log --format=%H%n%aN%n%aE%n%at%n%ct%n%P%n%B -z -n3 -- /home/benh/projects/mx/docs/projects/proctime [27ms]
[2022-04-15T01:59:53.425Z] > git symbolic-ref --short HEAD [1ms]
[2022-04-15T01:59:53.437Z] > git for-each-ref --format=%(refname)%00%(upstream:short)%00%(objectname)%00%(upstream:track) refs/heads/master refs/remotes/master [3ms]
[2022-04-15T01:59:53.456Z] > git for-each-ref --sort -committerdate --format %(refname) %(objectname) %(*objectname) [8ms]
[2022-04-15T01:59:53.457Z] > git remote --verbose [2ms]
[2022-04-15T01:59:53.468Z] > git config --get commit.template [2ms]
[2022-04-15T01:59:53.993Z] > git rev-list --count 301b2a5ac61a2d818394203bd1f4e33069d58114.. -- /home/benh/projects/mx/docs/projects/proctime [22ms]
[2022-04-15T01:59:54.025Z] > git log --format=%H%n%aN%n%aE%n%at%n%ct%n%P%n%B -z -n3 -- /home/benh/projects/mx/docs/projects/proctime [27ms]
[2022-04-15T02:00:38.343Z] > git symbolic-ref --short HEAD [2ms]
[2022-04-15T02:00:38.351Z] > git for-each-ref --format=%(refname)%00%(upstream:short)%00%(objectname)%00%(upstream:track) refs/heads/master refs/remotes/master [2ms]
[2022-04-15T02:00:38.372Z] > git for-each-ref --sort -committerdate --format %(refname) %(objectname) %(*objectname) [12ms]
[2022-04-15T02:00:38.373Z] > git remote --verbose [2ms]
[2022-04-15T02:00:38.386Z] > git config --get commit.template [1ms]
[2022-04-15T02:00:38.905Z] > git rev-list --count 301b2a5ac61a2d818394203bd1f4e33069d58114.. -- /home/benh/projects/mx/docs/projects/proctime [19ms]
[2022-04-15T02:00:38.942Z] > git log --format=%H%n%aN%n%aE%n%at%n%ct%n%P%n%B -z -n3 -- /home/benh/projects/mx/docs/projects/proctime [26ms]
[2022-04-15T02:00:45.012Z] > git symbolic-ref --short HEAD [2ms]
[2022-04-15T02:00:45.023Z] > git for-each-ref --format=%(refname)%00%(upstream:short)%00%(objectname)%00%(upstream:track) refs/heads/master refs/remotes/master [3ms]
[2022-04-15T02:00:45.040Z] > git for-each-ref --sort -committerdate --format %(refname) %(objectname) %(*objectname) [9ms]
[2022-04-15T02:00:45.041Z] > git remote --verbose [2ms]
[2022-04-15T02:00:45.054Z] > git config --get commit.template [3ms]
[2022-04-15T02:00:45.581Z] > git rev-list --count 301b2a5ac61a2d818394203bd1f4e33069d58114.. -- /home/benh/projects/mx/docs/projects/proctime [15ms]
[2022-04-15T02:00:45.624Z] > git log --format=%H%n%aN%n%aE%n%at%n%ct%n%P%n%B -z -n3 -- /home/benh/projects/mx/docs/projects/proctime [32ms]
[2022-04-15T02:00:51.939Z] > git symbolic-ref --short HEAD [2ms]
[2022-04-15T02:00:51.954Z] > git for-each-ref --format=%(refname)%00%(upstream:short)%00%(objectname)%00%(upstream:track) refs/heads/master refs/remotes/master [6ms]
[2022-04-15T02:00:51.969Z] > git for-each-ref --sort -committerdate --format %(refname) %(objectname) %(*objectname) [7ms]
[2022-04-15T02:00:51.969Z] > git remote --verbose [1ms]
[2022-04-15T02:00:51.983Z] > git config --get commit.template [3ms]
[2022-04-15T02:00:52.500Z] > git rev-list --count 301b2a5ac61a2d818394203bd1f4e33069d58114.. -- /home/benh/projects/mx/docs/projects/proctime [19ms]
[2022-04-15T02:00:52.537Z] > git log --format=%H%n%aN%n%aE%n%at%n%ct%n%P%n%B -z -n3 -- /home/benh/projects/mx/docs/projects/proctime [30ms]
[2022-04-15T02:01:11.729Z] > git symbolic-ref --short HEAD [2ms]
[2022-04-15T02:01:11.738Z] > git for-each-ref --format=%(refname)%00%(upstream:short)%00%(objectname)%00%(upstream:track) refs/heads/master refs/remotes/master [2ms]
[2022-04-15T02:01:11.765Z] > git for-each-ref --sort -committerdate --format %(refname) %(objectname) %(*objectname) [15ms]
[2022-04-15T02:01:11.765Z] > git remote --verbose [2ms]
[2022-04-15T02:01:11.776Z] > git config --get commit.template [1ms]
[2022-04-15T02:01:12.304Z] > git rev-list --count 301b2a5ac61a2d818394203bd1f4e33069d58114.. -- /home/benh/projects/mx/docs/projects/proctime [15ms]
[2022-04-15T02:01:12.340Z] > git log --format=%H%n%aN%n%aE%n%at%n%ct%n%P%n%B -z -n3 -- /home/benh/projects/mx/docs/projects/proctime [25ms]
[2022-04-15T02:01:25.784Z] > git symbolic-ref --short HEAD [3ms]
[2022-04-15T02:01:25.805Z] > git for-each-ref --format=%(refname)%00%(upstream:short)%00%(objectname)%00%(upstream:track) refs/heads/master refs/remotes/master [5ms]
[2022-04-15T02:01:25.823Z] > git for-each-ref --sort -committerdate --format %(refname) %(objectname) %(*objectname) [8ms]
[2022-04-15T02:01:25.824Z] > git remote --verbose [2ms]
[2022-04-15T02:01:25.842Z] > git config --get commit.template [1ms]
[2022-04-15T02:01:26.363Z] > git rev-list --count 301b2a5ac61a2d818394203bd1f4e33069d58114.. -- /home/benh/projects/mx/docs/projects/proctime [22ms]
[2022-04-15T02:01:26.398Z] > git log --format=%H%n%aN%n%aE%n%at%n%ct%n%P%n%B -z -n3 -- /home/benh/projects/mx/docs/projects/proctime [25ms]
[2022-04-15T02:01:36.946Z] > git symbolic-ref --short HEAD [2ms]
[2022-04-15T02:01:36.955Z] > git for-each-ref --format=%(refname)%00%(upstream:short)%00%(objectname)%00%(upstream:track) refs/heads/master refs/remotes/master [4ms]
[2022-04-15T02:01:36.981Z] > git for-each-ref --sort -committerdate --format %(refname) %(objectname) %(*objectname) [15ms]
[2022-04-15T02:01:36.983Z] > git remote --verbose [3ms]
[2022-04-15T02:01:36.996Z] > git config --get commit.template [3ms]
[2022-04-15T02:01:37.518Z] > git rev-list --count 301b2a5ac61a2d818394203bd1f4e33069d58114.. -- /home/benh/projects/mx/docs/projects/proctime [19ms]
[2022-04-15T02:01:37.551Z] > git log --format=%H%n%aN%n%aE%n%at%n%ct%n%P%n%B -z -n3 -- /home/benh/projects/mx/docs/projects/proctime [24ms]
[2022-04-15T02:01:42.039Z] > git symbolic-ref --short HEAD [2ms]
[2022-04-15T02:01:42.049Z] > git for-each-ref --format=%(refname)%00%(upstream:short)%00%(objectname)%00%(upstream:track) refs/heads/master refs/remotes/master [3ms]
[2022-04-15T02:01:42.064Z] > git for-each-ref --sort -committerdate --format %(refname) %(objectname) %(*objectname) [7ms]
[2022-04-15T02:01:42.064Z] > git remote --verbose [2ms]
[2022-04-15T02:01:42.079Z] > git config --get commit.template [2ms]
[2022-04-15T02:01:42.600Z] > git rev-list --count 301b2a5ac61a2d818394203bd1f4e33069d58114.. -- /home/benh/projects/mx/docs/projects/proctime [23ms]
[2022-04-15T02:01:42.631Z] > git log --format=%H%n%aN%n%aE%n%at%n%ct%n%P%n%B -z -n3 -- /home/benh/projects/mx/docs/projects/proctime [23ms]
[2022-04-15T02:01:47.132Z] > git symbolic-ref --short HEAD [2ms]
[2022-04-15T02:01:47.145Z] > git for-each-ref --format=%(refname)%00%(upstream:short)%00%(objectname)%00%(upstream:track) refs/heads/master refs/remotes/master [1ms]
[2022-04-15T02:01:47.157Z] > git for-each-ref --sort -committerdate --format %(refname) %(objectname) %(*objectname) [7ms]
[2022-04-15T02:01:47.157Z] > git remote --verbose [2ms]
[2022-04-15T02:01:47.172Z] > git config --get commit.template [3ms]
[2022-04-15T02:01:47.689Z] > git rev-list --count 301b2a5ac61a2d818394203bd1f4e33069d58114.. -- /home/benh/projects/mx/docs/projects/proctime [20ms]
[2022-04-15T02:01:47.725Z] > git log --format=%H%n%aN%n%aE%n%at%n%ct%n%P%n%B -z -n3 -- /home/benh/projects/mx/docs/projects/proctime [27ms]
[2022-04-15T02:01:55.245Z] > git symbolic-ref --short HEAD [2ms]
[2022-04-15T02:01:55.260Z] > git for-each-ref --format=%(refname)%00%(upstream:short)%00%(objectname)%00%(upstream:track) refs/heads/master refs/remotes/master [6ms]
[2022-04-15T02:01:55.280Z] > git for-each-ref --sort -committerdate --format %(refname) %(objectname) %(*objectname) [9ms]
[2022-04-15T02:01:55.280Z] > git remote --verbose [2ms]
[2022-04-15T02:01:55.296Z] > git config --get commit.template [1ms]
[2022-04-15T02:01:55.825Z] > git rev-list --count 301b2a5ac61a2d818394203bd1f4e33069d58114.. -- /home/benh/projects/mx/docs/projects/proctime [17ms]
[2022-04-15T02:01:55.858Z] > git log --format=%H%n%aN%n%aE%n%at%n%ct%n%P%n%B -z -n3 -- /home/benh/projects/mx/docs/projects/proctime [18ms]
[2022-04-15T02:02:58.329Z] > git symbolic-ref --short HEAD [1ms]
[2022-04-15T02:02:58.345Z] > git for-each-ref --format=%(refname)%00%(upstream:short)%00%(objectname)%00%(upstream:track) refs/heads/master refs/remotes/master [4ms]
[2022-04-15T02:02:58.362Z] > git for-each-ref --sort -committerdate --format %(refname) %(objectname) %(*objectname) [7ms]
[2022-04-15T02:02:58.362Z] > git remote --verbose [1ms]
[2022-04-15T02:02:58.377Z] > git config --get commit.template [2ms]
[2022-04-15T02:02:58.901Z] > git rev-list --count 301b2a5ac61a2d818394203bd1f4e33069d58114.. -- /home/benh/projects/mx/docs/projects/proctime [22ms]
[2022-04-15T02:02:58.943Z] > git log --format=%H%n%aN%n%aE%n%at%n%ct%n%P%n%B -z -n3 -- /home/benh/projects/mx/docs/projects/proctime [33ms]
[2022-04-15T02:03:03.428Z] > git symbolic-ref --short HEAD [1ms]
[2022-04-15T02:03:03.436Z] > git for-each-ref --format=%(refname)%00%(upstream:short)%00%(objectname)%00%(upstream:track) refs/heads/master refs/remotes/master [2ms]
[2022-04-15T02:03:03.457Z] > git for-each-ref --sort -committerdate --format %(refname) %(objectname) %(*objectname) [12ms]
[2022-04-15T02:03:03.461Z] > git remote --verbose [7ms]
[2022-04-15T02:03:03.477Z] > git config --get commit.template [2ms]
[2022-04-15T02:03:03.997Z] > git rev-list --count 301b2a5ac61a2d818394203bd1f4e33069d58114.. -- /home/benh/projects/mx/docs/projects/proctime [21ms]
[2022-04-15T02:03:04.036Z] > git log --format=%H%n%aN%n%aE%n%at%n%ct%n%P%n%B -z -n3 -- /home/benh/projects/mx/docs/projects/proctime [25ms]
[2022-04-15T02:03:08.520Z] > git symbolic-ref --short HEAD [1ms]
[2022-04-15T02:03:08.536Z] > git for-each-ref --format=%(refname)%00%(upstream:short)%00%(objectname)%00%(upstream:track) refs/heads/master refs/remotes/master [8ms]
[2022-04-15T02:03:08.554Z] > git for-each-ref --sort -committerdate --format %(refname) %(objectname) %(*objectname) [10ms]
[2022-04-15T02:03:08.554Z] > git remote --verbose [1ms]
[2022-04-15T02:03:08.562Z] > git config --get commit.template [1ms]
[2022-04-15T02:03:09.088Z] > git rev-list --count 301b2a5ac61a2d818394203bd1f4e33069d58114.. -- /home/benh/projects/mx/docs/projects/proctime [19ms]
[2022-04-15T02:03:09.124Z] > git log --format=%H%n%aN%n%aE%n%at%n%ct%n%P%n%B -z -n3 -- /home/benh/projects/mx/docs/projects/proctime [24ms]
[2022-04-15T02:03:17.491Z] > git symbolic-ref --short HEAD [5ms]
[2022-04-15T02:03:17.509Z] > git for-each-ref --format=%(refname)%00%(upstream:short)%00%(objectname)%00%(upstream:track) refs/heads/master refs/remotes/master [6ms]
[2022-04-15T02:03:17.527Z] > git for-each-ref --sort -committerdate --format %(refname) %(objectname) %(*objectname) [9ms]
[2022-04-15T02:03:17.528Z] > git remote --verbose [2ms]
[2022-04-15T02:03:17.541Z] > git config --get commit.template [1ms]
[2022-04-15T02:03:18.061Z] > git rev-list --count 301b2a5ac61a2d818394203bd1f4e33069d58114.. -- /home/benh/projects/mx/docs/projects/proctime [18ms]
[2022-04-15T02:03:18.098Z] > git log --format=%H%n%aN%n%aE%n%at%n%ct%n%P%n%B -z -n3 -- /home/benh/projects/mx/docs/projects/proctime [28ms]
[2022-04-15T02:03:35.255Z] > git symbolic-ref --short HEAD [2ms]
[2022-04-15T02:03:35.269Z] > git for-each-ref --format=%(refname)%00%(upstream:short)%00%(objectname)%00%(upstream:track) refs/heads/master refs/remotes/master [3ms]
[2022-04-15T02:03:35.291Z] > git for-each-ref --sort -committerdate --format %(refname) %(objectname) %(*objectname) [14ms]
[2022-04-15T02:03:35.292Z] > git remote --verbose [3ms]
[2022-04-15T02:03:35.313Z] > git config --get commit.template [2ms]
[2022-04-15T02:03:35.826Z] > git rev-list --count 301b2a5ac61a2d818394203bd1f4e33069d58114.. -- /home/benh/projects/mx/docs/projects/proctime [19ms]
[2022-04-15T02:03:35.861Z] > git log --format=%H%n%aN%n%aE%n%at%n%ct%n%P%n%B -z -n3 -- /home/benh/projects/mx/docs/projects/proctime [23ms]
[2022-04-15T02:04:24.570Z] > git symbolic-ref --short HEAD [7ms]
[2022-04-15T02:04:24.583Z] > git for-each-ref --format=%(refname)%00%(upstream:short)%00%(objectname)%00%(upstream:track) refs/heads/master refs/remotes/master [3ms]
[2022-04-15T02:04:24.597Z] > git for-each-ref --sort -committerdate --format %(refname) %(objectname) %(*objectname) [6ms]
[2022-04-15T02:04:24.597Z] > git remote --verbose [1ms]
[2022-04-15T02:04:24.613Z] > git config --get commit.template [2ms]
[2022-04-15T02:04:25.129Z] > git rev-list --count 301b2a5ac61a2d818394203bd1f4e33069d58114.. -- /home/benh/projects/mx/docs/projects/proctime [18ms]
[2022-04-15T02:04:25.160Z] > git log --format=%H%n%aN%n%aE%n%at%n%ct%n%P%n%B -z -n3 -- /home/benh/projects/mx/docs/projects/proctime [23ms]
[2022-04-15T02:04:29.664Z] > git symbolic-ref --short HEAD [1ms]
[2022-04-15T02:04:29.670Z] > git for-each-ref --format=%(refname)%00%(upstream:short)%00%(objectname)%00%(upstream:track) refs/heads/master refs/remotes/master [1ms]
[2022-04-15T02:04:29.691Z] > git remote --verbose [2ms]
[2022-04-15T02:04:29.692Z] > git for-each-ref --sort -committerdate --format %(refname) %(objectname) %(*objectname) [13ms]
[2022-04-15T02:04:29.703Z] > git config --get commit.template [1ms]
[2022-04-15T02:04:30.234Z] > git rev-list --count 301b2a5ac61a2d818394203bd1f4e33069d58114.. -- /home/benh/projects/mx/docs/projects/proctime [19ms]
[2022-04-15T02:04:30.267Z] > git log --format=%H%n%aN%n%aE%n%at%n%ct%n%P%n%B -z -n3 -- /home/benh/projects/mx/docs/projects/proctime [24ms]
[2022-04-15T02:04:38.654Z] > git symbolic-ref --short HEAD [2ms]
[2022-04-15T02:04:38.664Z] > git for-each-ref --format=%(refname)%00%(upstream:short)%00%(objectname)%00%(upstream:track) refs/heads/master refs/remotes/master [3ms]
[2022-04-15T02:04:38.685Z] > git for-each-ref --sort -committerdate --format %(refname) %(objectname) %(*objectname) [9ms]
[2022-04-15T02:04:38.687Z] > git remote --verbose [3ms]
[2022-04-15T02:04:38.698Z] > git config --get commit.template [2ms]
[2022-04-15T02:04:39.226Z] > git rev-list --count 301b2a5ac61a2d818394203bd1f4e33069d58114.. -- /home/benh/projects/mx/docs/projects/proctime [16ms]
[2022-04-15T02:04:39.262Z] > git log --format=%H%n%aN%n%aE%n%at%n%ct%n%P%n%B -z -n3 -- /home/benh/projects/mx/docs/projects/proctime [28ms]
[2022-04-15T02:04:55.145Z] > git symbolic-ref --short HEAD [2ms]
[2022-04-15T02:04:55.163Z] > git for-each-ref --format=%(refname)%00%(upstream:short)%00%(objectname)%00%(upstream:track) refs/heads/master refs/remotes/master [3ms]
[2022-04-15T02:04:55.189Z] > git for-each-ref --sort -committerdate --format %(refname) %(objectname) %(*objectname) [13ms]
[2022-04-15T02:04:55.192Z] > git remote --verbose [4ms]
[2022-04-15T02:04:55.213Z] > git config --get commit.template [2ms]
[2022-04-15T02:04:55.731Z] > git rev-list --count 301b2a5ac61a2d818394203bd1f4e33069d58114.. -- /home/benh/projects/mx/docs/projects/proctime [24ms]
[2022-04-15T02:04:55.765Z] > git log --format=%H%n%aN%n%aE%n%at%n%ct%n%P%n%B -z -n3 -- /home/benh/projects/mx/docs/projects/proctime [25ms]
[2022-04-15T02:04:57.375Z] > git log --format=%H%n%aN%n%aE%n%at%n%ct%n%P%n%B -z -n21 -- /home/benh/projects/mx/docs/projects/proctrack [38ms]
[2022-04-15T02:04:57.488Z] > git ls-files --stage -- /home/benh/projects/mx/docs/projects/proctrack [2ms]
[2022-04-15T02:04:57.503Z] > git cat-file -s 9e943ec343eec602e475bf4917ca2dfeec0000bd [3ms]
[2022-04-15T02:05:33.480Z] > git log --format=%H%n%aN%n%aE%n%at%n%ct%n%P%n%B -z -n21 -- /home/benh/projects/mx/docs/projects/proctime [31ms]
[2022-04-15T02:05:33.604Z] > git ls-files --stage -- /home/benh/projects/mx/docs/projects/proctime [2ms]
[2022-04-15T02:05:33.617Z] > git cat-file -s 407327b7027dccd49350b3280ed6cc23c0e8766e [4ms]
[2022-04-15T02:05:36.495Z] > git symbolic-ref --short HEAD [3ms]
[2022-04-15T02:05:36.509Z] > git for-each-ref --format=%(refname)%00%(upstream:short)%00%(objectname)%00%(upstream:track) refs/heads/master refs/remotes/master [2ms]
[2022-04-15T02:05:36.523Z] > git for-each-ref --sort -committerdate --format %(refname) %(objectname) %(*objectname) [8ms]
[2022-04-15T02:05:36.524Z] > git remote --verbose [2ms]
[2022-04-15T02:05:36.544Z] > git config --get commit.template [2ms]
[2022-04-15T02:05:37.065Z] > git rev-list --count 301b2a5ac61a2d818394203bd1f4e33069d58114.. -- /home/benh/projects/mx/docs/projects/proctime [25ms]
[2022-04-15T02:05:37.094Z] > git log --format=%H%n%aN%n%aE%n%at%n%ct%n%P%n%B -z -n3 -- /home/benh/projects/mx/docs/projects/proctime [23ms]
[2022-04-15T02:05:55.594Z] > git symbolic-ref --short HEAD [3ms]
[2022-04-15T02:05:55.605Z] > git for-each-ref --format=%(refname)%00%(upstream:short)%00%(objectname)%00%(upstream:track) refs/heads/master refs/remotes/master [2ms]
[2022-04-15T02:05:55.629Z] > git for-each-ref --sort -committerdate --format %(refname) %(objectname) %(*objectname) [17ms]
[2022-04-15T02:05:55.630Z] > git remote --verbose [5ms]
[2022-04-15T02:05:55.647Z] > git config --get commit.template [5ms]
[2022-04-15T02:05:56.164Z] > git rev-list --count 301b2a5ac61a2d818394203bd1f4e33069d58114.. -- /home/benh/projects/mx/docs/projects/proctime [18ms]
[2022-04-15T02:05:56.198Z] > git log --format=%H%n%aN%n%aE%n%at%n%ct%n%P%n%B -z -n3 -- /home/benh/projects/mx/docs/projects/proctime [27ms]
[2022-04-15T02:06:01.793Z] > git symbolic-ref --short HEAD [5ms]
[2022-04-15T02:06:01.808Z] > git for-each-ref --format=%(refname)%00%(upstream:short)%00%(objectname)%00%(upstream:track) refs/heads/master refs/remotes/master [4ms]
[2022-04-15T02:06:01.827Z] > git for-each-ref --sort -committerdate --format %(refname) %(objectname) %(*objectname) [11ms]
[2022-04-15T02:06:01.828Z] > git remote --verbose [2ms]
[2022-04-15T02:06:01.845Z] > git config --get commit.template [3ms]
[2022-04-15T02:06:02.368Z] > git rev-list --count 301b2a5ac61a2d818394203bd1f4e33069d58114.. -- /home/benh/projects/mx/docs/projects/proctime [20ms]
[2022-04-15T02:06:02.401Z] > git log --format=%H%n%aN%n%aE%n%at%n%ct%n%P%n%B -z -n3 -- /home/benh/projects/mx/docs/projects/proctime [22ms]
[2022-04-15T02:06:06.896Z] > git symbolic-ref --short HEAD [1ms]
[2022-04-15T02:06:06.903Z] > git for-each-ref --format=%(refname)%00%(upstream:short)%00%(objectname)%00%(upstream:track) refs/heads/master refs/remotes/master [2ms]
[2022-04-15T02:06:06.919Z] > git for-each-ref --sort -committerdate --format %(refname) %(objectname) %(*objectname) [9ms]
[2022-04-15T02:06:06.920Z] > git remote --verbose [3ms]
[2022-04-15T02:06:06.934Z] > git config --get commit.template [1ms]
[2022-04-15T02:06:07.457Z] > git rev-list --count 301b2a5ac61a2d818394203bd1f4e33069d58114.. -- /home/benh/projects/mx/docs/projects/proctime [22ms]
[2022-04-15T02:06:07.489Z] > git log --format=%H%n%aN%n%aE%n%at%n%ct%n%P%n%B -z -n3 -- /home/benh/projects/mx/docs/projects/proctime [22ms]
[2022-04-15T02:06:11.982Z] > git symbolic-ref --short HEAD [4ms]
[2022-04-15T02:06:11.993Z] > git for-each-ref --format=%(refname)%00%(upstream:short)%00%(objectname)%00%(upstream:track) refs/heads/master refs/remotes/master [1ms]
[2022-04-15T02:06:12.006Z] > git for-each-ref --sort -committerdate --format %(refname) %(objectname) %(*objectname) [8ms]
[2022-04-15T02:06:12.007Z] > git remote --verbose [2ms]
[2022-04-15T02:06:12.026Z] > git config --get commit.template [2ms]
[2022-04-15T02:06:12.539Z] > git rev-list --count 301b2a5ac61a2d818394203bd1f4e33069d58114.. -- /home/benh/projects/mx/docs/projects/proctime [20ms]
[2022-04-15T02:06:12.573Z] > git log --format=%H%n%aN%n%aE%n%at%n%ct%n%P%n%B -z -n3 -- /home/benh/projects/mx/docs/projects/proctime [22ms]
[2022-04-15T02:06:17.076Z] > git symbolic-ref --short HEAD [1ms]
[2022-04-15T02:06:17.085Z] > git for-each-ref --format=%(refname)%00%(upstream:short)%00%(objectname)%00%(upstream:track) refs/heads/master refs/remotes/master [2ms]
[2022-04-15T02:06:17.099Z] > git for-each-ref --sort -committerdate --format %(refname) %(objectname) %(*objectname) [9ms]
[2022-04-15T02:06:17.100Z] > git remote --verbose [2ms]
[2022-04-15T02:06:17.119Z] > git config --get commit.template [1ms]
[2022-04-15T02:06:17.635Z] > git rev-list --count 301b2a5ac61a2d818394203bd1f4e33069d58114.. -- /home/benh/projects/mx/docs/projects/proctime [18ms]
[2022-04-15T02:06:17.670Z] > git log --format=%H%n%aN%n%aE%n%at%n%ct%n%P%n%B -z -n3 -- /home/benh/projects/mx/docs/projects/proctime [26ms]
[2022-04-15T02:06:24.117Z] > git symbolic-ref --short HEAD [2ms]
[2022-04-15T02:06:24.127Z] > git for-each-ref --format=%(refname)%00%(upstream:short)%00%(objectname)%00%(upstream:track) refs/heads/master refs/remotes/master [2ms]
[2022-04-15T02:06:24.147Z] > git for-each-ref --sort -committerdate --format %(refname) %(objectname) %(*objectname) [11ms]
[2022-04-15T02:06:24.149Z] > git remote --verbose [3ms]
[2022-04-15T02:06:24.165Z] > git config --get commit.template [2ms]
[2022-04-15T02:06:24.680Z] > git rev-list --count 301b2a5ac61a2d818394203bd1f4e33069d58114.. -- /home/benh/projects/mx/docs/projects/proctime [17ms]
[2022-04-15T02:06:24.718Z] > git log --format=%H%n%aN%n%aE%n%at%n%ct%n%P%n%B -z -n3 -- /home/benh/projects/mx/docs/projects/proctime [24ms]
[2022-04-15T02:06:38.164Z] > git symbolic-ref --short HEAD [5ms]
[2022-04-15T02:06:38.177Z] > git for-each-ref --format=%(refname)%00%(upstream:short)%00%(objectname)%00%(upstream:track) refs/heads/master refs/remotes/master [4ms]
[2022-04-15T02:06:38.199Z] > git for-each-ref --sort -committerdate --format %(refname) %(objectname) %(*objectname) [13ms]
[2022-04-15T02:06:38.200Z] > git remote --verbose [3ms]
[2022-04-15T02:06:38.214Z] > git config --get commit.template [3ms]
[2022-04-15T02:06:38.729Z] > git rev-list --count 301b2a5ac61a2d818394203bd1f4e33069d58114.. -- /home/benh/projects/mx/docs/projects/proctime [18ms]
[2022-04-15T02:06:38.770Z] > git log --format=%H%n%aN%n%aE%n%at%n%ct%n%P%n%B -z -n3 -- /home/benh/projects/mx/docs/projects/proctime [25ms]
[2022-04-15T02:06:49.576Z] > git symbolic-ref --short HEAD [1ms]
[2022-04-15T02:06:49.587Z] > git for-each-ref --format=%(refname)%00%(upstream:short)%00%(objectname)%00%(upstream:track) refs/heads/master refs/remotes/master [4ms]
[2022-04-15T02:06:49.608Z] > git for-each-ref --sort -committerdate --format %(refname) %(objectname) %(*objectname) [13ms]
[2022-04-15T02:06:49.609Z] > git remote --verbose [3ms]
[2022-04-15T02:06:49.618Z] > git config --get commit.template [1ms]
[2022-04-15T02:06:50.142Z] > git rev-list --count 301b2a5ac61a2d818394203bd1f4e33069d58114.. -- /home/benh/projects/mx/docs/projects/proctime [19ms]
[2022-04-15T02:06:50.172Z] > git log --format=%H%n%aN%n%aE%n%at%n%ct%n%P%n%B -z -n3 -- /home/benh/projects/mx/docs/projects/proctime [23ms]
[2022-04-15T02:07:14.080Z] > git symbolic-ref --short HEAD [1ms]
[2022-04-15T02:07:14.101Z] > git for-each-ref --format=%(refname)%00%(upstream:short)%00%(objectname)%00%(upstream:track) refs/heads/master refs/remotes/master [7ms]
[2022-04-15T02:07:14.122Z] > git remote --verbose [2ms]
[2022-04-15T02:07:14.122Z] > git for-each-ref --sort -committerdate --format %(refname) %(objectname) %(*objectname) [15ms]
[2022-04-15T02:07:14.136Z] > git config --get commit.template [2ms]
[2022-04-15T02:07:14.658Z] > git rev-list --count 301b2a5ac61a2d818394203bd1f4e33069d58114.. -- /home/benh/projects/mx/docs/projects/proctime [22ms]
[2022-04-15T02:07:14.692Z] > git log --format=%H%n%aN%n%aE%n%at%n%ct%n%P%n%B -z -n3 -- /home/benh/projects/mx/docs/projects/proctime [29ms]
[2022-04-15T02:07:23.740Z] > git symbolic-ref --short HEAD [3ms]
[2022-04-15T02:07:23.761Z] > git for-each-ref --format=%(refname)%00%(upstream:short)%00%(objectname)%00%(upstream:track) refs/heads/master refs/remotes/master [10ms]
[2022-04-15T02:07:23.778Z] > git for-each-ref --sort -committerdate --format %(refname) %(objectname) %(*objectname) [7ms]
[2022-04-15T02:07:23.779Z] > git remote --verbose [2ms]
[2022-04-15T02:07:23.797Z] > git config --get commit.template [1ms]
[2022-04-15T02:07:24.312Z] > git rev-list --count 301b2a5ac61a2d818394203bd1f4e33069d58114.. -- /home/benh/projects/mx/docs/projects/proctime [17ms]
[2022-04-15T02:07:24.345Z] > git log --format=%H%n%aN%n%aE%n%at%n%ct%n%P%n%B -z -n3 -- /home/benh/projects/mx/docs/projects/proctime [28ms]
[2022-04-15T02:07:28.844Z] > git symbolic-ref --short HEAD [2ms]
[2022-04-15T02:07:28.859Z] > git for-each-ref --format=%(refname)%00%(upstream:short)%00%(objectname)%00%(upstream:track) refs/heads/master refs/remotes/master [5ms]
[2022-04-15T02:07:28.874Z] > git for-each-ref --sort -committerdate --format %(refname) %(objectname) %(*objectname) [7ms]
[2022-04-15T02:07:28.875Z] > git remote --verbose [1ms]
[2022-04-15T02:07:28.888Z] > git config --get commit.template [2ms]
[2022-04-15T02:07:29.406Z] > git rev-list --count 301b2a5ac61a2d818394203bd1f4e33069d58114.. -- /home/benh/projects/mx/docs/projects/proctime [18ms]
[2022-04-15T02:07:29.439Z] > git log --format=%H%n%aN%n%aE%n%at%n%ct%n%P%n%B -z -n3 -- /home/benh/projects/mx/docs/projects/proctime [20ms]
[2022-04-15T02:08:03.471Z] > git symbolic-ref --short HEAD [3ms]
[2022-04-15T02:08:03.482Z] > git for-each-ref --format=%(refname)%00%(upstream:short)%00%(objectname)%00%(upstream:track) refs/heads/master refs/remotes/master [2ms]
[2022-04-15T02:08:03.500Z] > git for-each-ref --sort -committerdate --format %(refname) %(objectname) %(*objectname) [8ms]
[2022-04-15T02:08:03.501Z] > git remote --verbose [2ms]
[2022-04-15T02:08:03.513Z] > git config --get commit.template [5ms]
[2022-04-15T02:08:04.043Z] > git rev-list --count 301b2a5ac61a2d818394203bd1f4e33069d58114.. -- /home/benh/projects/mx/docs/projects/proctime [16ms]
[2022-04-15T02:08:04.079Z] > git log --format=%H%n%aN%n%aE%n%at%n%ct%n%P%n%B -z -n3 -- /home/benh/projects/mx/docs/projects/proctime [22ms]
[2022-04-15T02:08:29.209Z] > git symbolic-ref --short HEAD [2ms]
[2022-04-15T02:08:29.220Z] > git for-each-ref --format=%(refname)%00%(upstream:short)%00%(objectname)%00%(upstream:track) refs/heads/master refs/remotes/master [3ms]
[2022-04-15T02:08:29.241Z] > git for-each-ref --sort -committerdate --format %(refname) %(objectname) %(*objectname) [12ms]
[2022-04-15T02:08:29.241Z] > git remote --verbose [1ms]
[2022-04-15T02:08:29.251Z] > git config --get commit.template [3ms]
[2022-04-15T02:08:29.781Z] > git rev-list --count 301b2a5ac61a2d818394203bd1f4e33069d58114.. -- /home/benh/projects/mx/docs/projects/proctime [18ms]
[2022-04-15T02:08:29.814Z] > git log --format=%H%n%aN%n%aE%n%at%n%ct%n%P%n%B -z -n3 -- /home/benh/projects/mx/docs/projects/proctime [21ms]
[2022-04-15T02:08:40.505Z] > git symbolic-ref --short HEAD [2ms]
[2022-04-15T02:08:40.518Z] > git for-each-ref --format=%(refname)%00%(upstream:short)%00%(objectname)%00%(upstream:track) refs/heads/master refs/remotes/master [2ms]
[2022-04-15T02:08:40.540Z] > git for-each-ref --sort -committerdate --format %(refname) %(objectname) %(*objectname) [8ms]
[2022-04-15T02:08:40.541Z] > git remote --verbose [2ms]
[2022-04-15T02:08:40.556Z] > git config --get commit.template [1ms]
[2022-04-15T02:08:41.077Z] > git rev-list --count 301b2a5ac61a2d818394203bd1f4e33069d58114.. -- /home/benh/projects/mx/docs/projects/proctime [16ms]
[2022-04-15T02:08:41.107Z] > git log --format=%H%n%aN%n%aE%n%at%n%ct%n%P%n%B -z -n3 -- /home/benh/projects/mx/docs/projects/proctime [25ms]
[2022-04-15T02:09:14.606Z] > git symbolic-ref --short HEAD [2ms]
[2022-04-15T02:09:14.613Z] > git for-each-ref --format=%(refname)%00%(upstream:short)%00%(objectname)%00%(upstream:track) refs/heads/master refs/remotes/master [2ms]
[2022-04-15T02:09:14.632Z] > git for-each-ref --sort -committerdate --format %(refname) %(objectname) %(*objectname) [12ms]
[2022-04-15T02:09:14.633Z] > git remote --verbose [4ms]
[2022-04-15T02:09:14.644Z] > git config --get commit.template [3ms]
[2022-04-15T02:09:15.181Z] > git rev-list --count 301b2a5ac61a2d818394203bd1f4e33069d58114.. -- /home/benh/projects/mx/docs/projects/proctime [24ms]
[2022-04-15T02:09:15.230Z] > git log --format=%H%n%aN%n%aE%n%at%n%ct%n%P%n%B -z -n3 -- /home/benh/projects/mx/docs/projects/proctime [34ms]
[2022-04-15T02:09:24.053Z] > git symbolic-ref --short HEAD [3ms]
[2022-04-15T02:09:24.063Z] > git for-each-ref --format=%(refname)%00%(upstream:short)%00%(objectname)%00%(upstream:track) refs/heads/master refs/remotes/master [3ms]
[2022-04-15T02:09:24.090Z] > git for-each-ref --sort -committerdate --format %(refname) %(objectname) %(*objectname) [18ms]
[2022-04-15T02:09:24.093Z] > git remote --verbose [5ms]
[2022-04-15T02:09:24.108Z] > git config --get commit.template [2ms]
[2022-04-15T02:09:24.633Z] > git rev-list --count 301b2a5ac61a2d818394203bd1f4e33069d58114.. -- /home/benh/projects/mx/docs/projects/proctime [16ms]
[2022-04-15T02:09:24.667Z] > git log --format=%H%n%aN%n%aE%n%at%n%ct%n%P%n%B -z -n3 -- /home/benh/projects/mx/docs/projects/proctime [24ms]
[2022-04-15T02:09:28.541Z] > git log --format=%H%n%aN%n%aE%n%at%n%ct%n%P%n%B -z -n21 -- /home/benh/projects/mx/docs/projects/ptable [58ms]
[2022-04-15T02:09:28.662Z] > git ls-files --stage -- /home/benh/projects/mx/docs/projects/ptable [3ms]
[2022-04-15T02:09:28.675Z] > git cat-file -s 949d5107beaa973e00d9243da6f5ac1583fed60c [3ms]
[2022-04-15T02:09:33.903Z] > git log --format=%H%n%aN%n%aE%n%at%n%ct%n%P%n%B -z -n21 -- /home/benh/projects/mx/docs/projects/proctime [42ms]
[2022-04-15T02:09:34.050Z] > git ls-files --stage -- /home/benh/projects/mx/docs/projects/proctime [8ms]
[2022-04-15T02:09:34.061Z] > git cat-file -s 407327b7027dccd49350b3280ed6cc23c0e8766e [2ms]
[2022-04-15T02:09:38.808Z] > git log --format=%H%n%aN%n%aE%n%at%n%ct%n%P%n%B -z -n21 -- /home/benh/projects/mx/docs/projects/proctrack [27ms]
[2022-04-15T02:09:38.950Z] > git ls-files --stage -- /home/benh/projects/mx/docs/projects/proctrack [2ms]
[2022-04-15T02:09:38.961Z] > git cat-file -s 9e943ec343eec602e475bf4917ca2dfeec0000bd [1ms]
[2022-04-15T02:10:13.030Z] > git symbolic-ref --short HEAD [2ms]
[2022-04-15T02:10:13.043Z] > git for-each-ref --format=%(refname)%00%(upstream:short)%00%(objectname)%00%(upstream:track) refs/heads/master refs/remotes/master [3ms]
[2022-04-15T02:10:13.066Z] > git remote --verbose [2ms]
[2022-04-15T02:10:13.066Z] > git for-each-ref --sort -committerdate --format %(refname) %(objectname) %(*objectname) [15ms]
[2022-04-15T02:10:13.081Z] > git config --get commit.template [1ms]
[2022-04-15T02:10:13.599Z] > git rev-list --count 4262b41d141921ebdbe6bea06370e9876d75ef4c.. -- /home/benh/projects/mx/docs/projects/proctrack [22ms]
[2022-04-15T02:10:13.637Z] > git log --format=%H%n%aN%n%aE%n%at%n%ct%n%P%n%B -z -n3 -- /home/benh/projects/mx/docs/projects/proctrack [29ms]
[2022-04-15T02:11:25.437Z] > git symbolic-ref --short HEAD [6ms]
[2022-04-15T02:11:25.459Z] > git for-each-ref --format=%(refname)%00%(upstream:short)%00%(objectname)%00%(upstream:track) refs/heads/master refs/remotes/master [4ms]
[2022-04-15T02:11:25.479Z] > git for-each-ref --sort -committerdate --format %(refname) %(objectname) %(*objectname) [11ms]
[2022-04-15T02:11:25.483Z] > git remote --verbose [7ms]
[2022-04-15T02:11:25.495Z] > git config --get commit.template [2ms]
[2022-04-15T02:11:26.018Z] > git rev-list --count 4262b41d141921ebdbe6bea06370e9876d75ef4c.. -- /home/benh/projects/mx/docs/projects/proctrack [18ms]
[2022-04-15T02:11:26.057Z] > git log --format=%H%n%aN%n%aE%n%at%n%ct%n%P%n%B -z -n3 -- /home/benh/projects/mx/docs/projects/proctrack [27ms]
[2022-04-15T02:11:31.047Z] > git symbolic-ref --short HEAD [2ms]
[2022-04-15T02:11:31.061Z] > git for-each-ref --format=%(refname)%00%(upstream:short)%00%(objectname)%00%(upstream:track) refs/heads/master refs/remotes/master [5ms]
[2022-04-15T02:11:31.080Z] > git for-each-ref --sort -committerdate --format %(refname) %(objectname) %(*objectname) [10ms]
[2022-04-15T02:11:31.081Z] > git remote --verbose [3ms]
[2022-04-15T02:11:31.093Z] > git config --get commit.template [2ms]
[2022-04-15T02:11:31.640Z] > git rev-list --count 4262b41d141921ebdbe6bea06370e9876d75ef4c.. -- /home/benh/projects/mx/docs/projects/proctrack [28ms]
[2022-04-15T02:11:31.676Z] > git log --format=%H%n%aN%n%aE%n%at%n%ct%n%P%n%B -z -n3 -- /home/benh/projects/mx/docs/projects/proctrack [30ms]
[2022-04-15T02:11:36.137Z] > git symbolic-ref --short HEAD [2ms]
[2022-04-15T02:11:36.148Z] > git for-each-ref --format=%(refname)%00%(upstream:short)%00%(objectname)%00%(upstream:track) refs/heads/master refs/remotes/master [3ms]
[2022-04-15T02:11:36.169Z] > git for-each-ref --sort -committerdate --format %(refname) %(objectname) %(*objectname) [11ms]
[2022-04-15T02:11:36.170Z] > git remote --verbose [2ms]
[2022-04-15T02:11:36.178Z] > git config --get commit.template [1ms]
[2022-04-15T02:11:36.710Z] > git rev-list --count 4262b41d141921ebdbe6bea06370e9876d75ef4c.. -- /home/benh/projects/mx/docs/projects/proctrack [20ms]
[2022-04-15T02:11:36.745Z] > git log --format=%H%n%aN%n%aE%n%at%n%ct%n%P%n%B -z -n3 -- /home/benh/projects/mx/docs/projects/proctrack [25ms]
[2022-04-15T02:13:17.564Z] > git symbolic-ref --short HEAD [2ms]
[2022-04-15T02:13:17.590Z] > git for-each-ref --format=%(refname)%00%(upstream:short)%00%(objectname)%00%(upstream:track) refs/heads/master refs/remotes/master [5ms]
[2022-04-15T02:13:17.613Z] > git remote --verbose [3ms]
[2022-04-15T02:13:17.615Z] > git for-each-ref --sort -committerdate --format %(refname) %(objectname) %(*objectname) [10ms]
[2022-04-15T02:13:17.634Z] > git config --get commit.template [2ms]
[2022-04-15T02:13:18.153Z] > git rev-list --count 4262b41d141921ebdbe6bea06370e9876d75ef4c.. -- /home/benh/projects/mx/docs/projects/proctrack [18ms]
[2022-04-15T02:13:18.188Z] > git log --format=%H%n%aN%n%aE%n%at%n%ct%n%P%n%B -z -n3 -- /home/benh/projects/mx/docs/projects/proctrack [30ms]
[2022-04-15T02:15:09.445Z] > git log --format=%H%n%aN%n%aE%n%at%n%ct%n%P%n%B -z -n21 -- /home/benh/projects/mx/docs/projects/prpnd [31ms]
[2022-04-15T02:15:09.568Z] > git ls-files --stage -- /home/benh/projects/mx/docs/projects/prpnd [1ms]
[2022-04-15T02:15:09.579Z] > git cat-file -s ac8478b11a8cbea51506996a4fb91071ea7ca40b [3ms]
[2022-04-15T02:15:16.438Z] > git log --format=%H%n%aN%n%aE%n%at%n%ct%n%P%n%B -z -n21 -- /home/benh/projects/mx/docs/projects/proctime [45ms]
[2022-04-15T02:15:16.611Z] > git ls-files --stage -- /home/benh/projects/mx/docs/projects/proctime [4ms]
[2022-04-15T02:15:16.640Z] > git cat-file -s 407327b7027dccd49350b3280ed6cc23c0e8766e [15ms]
[2022-04-15T02:25:25.499Z] > git log --format=%H%n%aN%n%aE%n%at%n%ct%n%P%n%B -z -n21 -- /home/benh/projects/mx/docs/projects/proctrack [39ms]
[2022-04-15T02:25:25.614Z] > git ls-files --stage -- /home/benh/projects/mx/docs/projects/proctrack [3ms]
[2022-04-15T02:25:25.628Z] > git cat-file -s 9e943ec343eec602e475bf4917ca2dfeec0000bd [4ms]
[2022-04-15T02:26:30.747Z] > git symbolic-ref --short HEAD [1ms]
[2022-04-15T02:26:30.755Z] > git for-each-ref --format=%(refname)%00%(upstream:short)%00%(objectname)%00%(upstream:track) refs/heads/master refs/remotes/master [2ms]
[2022-04-15T02:26:30.774Z] > git for-each-ref --sort -committerdate --format %(refname) %(objectname) %(*objectname) [11ms]
[2022-04-15T02:26:30.776Z] > git remote --verbose [4ms]
[2022-04-15T02:26:30.789Z] > git config --get commit.template [2ms]
[2022-04-15T02:26:31.319Z] > git rev-list --count 4262b41d141921ebdbe6bea06370e9876d75ef4c.. -- /home/benh/projects/mx/docs/projects/proctrack [17ms]
[2022-04-15T02:26:31.353Z] > git log --format=%H%n%aN%n%aE%n%at%n%ct%n%P%n%B -z -n3 -- /home/benh/projects/mx/docs/projects/proctrack [25ms]
[2022-04-15T02:27:12.412Z] > git symbolic-ref --short HEAD [1ms]
[2022-04-15T02:27:12.424Z] > git for-each-ref --format=%(refname)%00%(upstream:short)%00%(objectname)%00%(upstream:track) refs/heads/master refs/remotes/master [3ms]
[2022-04-15T02:27:12.443Z] > git for-each-ref --sort -committerdate --format %(refname) %(objectname) %(*objectname) [9ms]
[2022-04-15T02:27:12.443Z] > git remote --verbose [1ms]
[2022-04-15T02:27:12.451Z] > git config --get commit.template [2ms]
[2022-04-15T02:27:12.986Z] > git rev-list --count 4262b41d141921ebdbe6bea06370e9876d75ef4c.. -- /home/benh/projects/mx/docs/projects/proctrack [20ms]
[2022-04-15T02:27:13.018Z] > git log --format=%H%n%aN%n%aE%n%at%n%ct%n%P%n%B -z -n3 -- /home/benh/projects/mx/docs/projects/proctrack [21ms]
[2022-04-15T02:27:18.894Z] > git symbolic-ref --short HEAD [2ms]
[2022-04-15T02:27:18.907Z] > git for-each-ref --format=%(refname)%00%(upstream:short)%00%(objectname)%00%(upstream:track) refs/heads/master refs/remotes/master [3ms]
[2022-04-15T02:27:18.919Z] > git for-each-ref --sort -committerdate --format %(refname) %(objectname) %(*objectname) [6ms]
[2022-04-15T02:27:18.920Z] > git remote --verbose [2ms]
[2022-04-15T02:27:18.934Z] > git config --get commit.template [2ms]
[2022-04-15T02:27:19.458Z] > git rev-list --count 4262b41d141921ebdbe6bea06370e9876d75ef4c.. -- /home/benh/projects/mx/docs/projects/proctrack [20ms]
[2022-04-15T02:27:19.493Z] > git log --format=%H%n%aN%n%aE%n%at%n%ct%n%P%n%B -z -n3 -- /home/benh/projects/mx/docs/projects/proctrack [27ms]
[2022-04-15T02:27:23.996Z] > git symbolic-ref --short HEAD [3ms]
[2022-04-15T02:27:24.006Z] > git for-each-ref --format=%(refname)%00%(upstream:short)%00%(objectname)%00%(upstream:track) refs/heads/master refs/remotes/master [2ms]
[2022-04-15T02:27:24.025Z] > git remote --verbose [4ms]
[2022-04-15T02:27:24.027Z] > git for-each-ref --sort -committerdate --format %(refname) %(objectname) %(*objectname) [14ms]
[2022-04-15T02:27:24.041Z] > git config --get commit.template [1ms]
[2022-04-15T02:27:24.568Z] > git rev-list --count 4262b41d141921ebdbe6bea06370e9876d75ef4c.. -- /home/benh/projects/mx/docs/projects/proctrack [23ms]
[2022-04-15T02:27:24.610Z] > git log --format=%H%n%aN%n%aE%n%at%n%ct%n%P%n%B -z -n3 -- /home/benh/projects/mx/docs/projects/proctrack [35ms]
[2022-04-15T02:28:04.378Z] > git symbolic-ref --short HEAD [3ms]
[2022-04-15T02:28:04.385Z] > git for-each-ref --format=%(refname)%00%(upstream:short)%00%(objectname)%00%(upstream:track) refs/heads/master refs/remotes/master [1ms]
[2022-04-15T02:28:04.409Z] > git for-each-ref --sort -committerdate --format %(refname) %(objectname) %(*objectname) [17ms]
[2022-04-15T02:28:04.410Z] > git remote --verbose [3ms]
[2022-04-15T02:28:04.422Z] > git config --get commit.template [1ms]
[2022-04-15T02:28:04.948Z] > git rev-list --count 4262b41d141921ebdbe6bea06370e9876d75ef4c.. -- /home/benh/projects/mx/docs/projects/proctrack [22ms]
[2022-04-15T02:28:04.987Z] > git log --format=%H%n%aN%n%aE%n%at%n%ct%n%P%n%B -z -n3 -- /home/benh/projects/mx/docs/projects/proctrack [32ms]
[2022-04-15T02:28:54.291Z] > git symbolic-ref --short HEAD [2ms]
[2022-04-15T02:28:54.298Z] > git for-each-ref --format=%(refname)%00%(upstream:short)%00%(objectname)%00%(upstream:track) refs/heads/master refs/remotes/master [2ms]
[2022-04-15T02:28:54.316Z] > git for-each-ref --sort -committerdate --format %(refname) %(objectname) %(*objectname) [10ms]
[2022-04-15T02:28:54.317Z] > git remote --verbose [2ms]
[2022-04-15T02:28:54.330Z] > git config --get commit.template [1ms]
[2022-04-15T02:28:54.862Z] > git rev-list --count 4262b41d141921ebdbe6bea06370e9876d75ef4c.. -- /home/benh/projects/mx/docs/projects/proctrack [19ms]
[2022-04-15T02:28:54.898Z] > git log --format=%H%n%aN%n%aE%n%at%n%ct%n%P%n%B -z -n3 -- /home/benh/projects/mx/docs/projects/proctrack [25ms]
[2022-04-15T02:29:16.170Z] > git symbolic-ref --short HEAD [2ms]
[2022-04-15T02:29:16.188Z] > git for-each-ref --format=%(refname)%00%(upstream:short)%00%(objectname)%00%(upstream:track) refs/heads/master refs/remotes/master [9ms]
[2022-04-15T02:29:16.218Z] > git for-each-ref --sort -committerdate --format %(refname) %(objectname) %(*objectname) [13ms]
[2022-04-15T02:29:16.220Z] > git remote --verbose [3ms]
[2022-04-15T02:29:16.239Z] > git config --get commit.template [4ms]
[2022-04-15T02:29:16.757Z] > git rev-list --count 4262b41d141921ebdbe6bea06370e9876d75ef4c.. -- /home/benh/projects/mx/docs/projects/proctrack [18ms]
[2022-04-15T02:29:16.792Z] > git log --format=%H%n%aN%n%aE%n%at%n%ct%n%P%n%B -z -n3 -- /home/benh/projects/mx/docs/projects/proctrack [23ms]
[2022-04-15T02:31:14.365Z] > git symbolic-ref --short HEAD [2ms]
[2022-04-15T02:31:14.376Z] > git for-each-ref --format=%(refname)%00%(upstream:short)%00%(objectname)%00%(upstream:track) refs/heads/master refs/remotes/master [3ms]
[2022-04-15T02:31:14.397Z] > git for-each-ref --sort -committerdate --format %(refname) %(objectname) %(*objectname) [12ms]
[2022-04-15T02:31:14.398Z] > git remote --verbose [2ms]
[2022-04-15T02:31:14.415Z] > git config --get commit.template [1ms]
[2022-04-15T02:31:14.960Z] > git rev-list --count 4262b41d141921ebdbe6bea06370e9876d75ef4c.. -- /home/benh/projects/mx/docs/projects/proctrack [29ms]
[2022-04-15T02:31:14.998Z] > git log --format=%H%n%aN%n%aE%n%at%n%ct%n%P%n%B -z -n3 -- /home/benh/projects/mx/docs/projects/proctrack [32ms]
[2022-04-15T02:31:19.468Z] > git symbolic-ref --short HEAD [1ms]
[2022-04-15T02:31:19.478Z] > git for-each-ref --format=%(refname)%00%(upstream:short)%00%(objectname)%00%(upstream:track) refs/heads/master refs/remotes/master [2ms]
[2022-04-15T02:31:19.494Z] > git for-each-ref --sort -committerdate --format %(refname) %(objectname) %(*objectname) [10ms]
[2022-04-15T02:31:19.495Z] > git remote --verbose [2ms]
[2022-04-15T02:31:19.510Z] > git config --get commit.template [1ms]
[2022-04-15T02:31:20.036Z] > git rev-list --count 4262b41d141921ebdbe6bea06370e9876d75ef4c.. -- /home/benh/projects/mx/docs/projects/proctrack [14ms]
[2022-04-15T02:31:20.074Z] > git log --format=%H%n%aN%n%aE%n%at%n%ct%n%P%n%B -z -n3 -- /home/benh/projects/mx/docs/projects/proctrack [29ms]
[2022-04-15T02:31:29.140Z] > git symbolic-ref --short HEAD [4ms]
[2022-04-15T02:31:29.149Z] > git for-each-ref --format=%(refname)%00%(upstream:short)%00%(objectname)%00%(upstream:track) refs/heads/master refs/remotes/master [1ms]
[2022-04-15T02:31:29.163Z] > git remote --verbose [1ms]
[2022-04-15T02:31:29.163Z] > git for-each-ref --sort -committerdate --format %(refname) %(objectname) %(*objectname) [9ms]
[2022-04-15T02:31:29.177Z] > git config --get commit.template [3ms]
[2022-04-15T02:31:29.698Z] > git rev-list --count 4262b41d141921ebdbe6bea06370e9876d75ef4c.. -- /home/benh/projects/mx/docs/projects/proctrack [20ms]
[2022-04-15T02:31:29.734Z] > git log --format=%H%n%aN%n%aE%n%at%n%ct%n%P%n%B -z -n3 -- /home/benh/projects/mx/docs/projects/proctrack [27ms]
[2022-04-15T02:31:34.227Z] > git symbolic-ref --short HEAD [1ms]
[2022-04-15T02:31:34.243Z] > git for-each-ref --format=%(refname)%00%(upstream:short)%00%(objectname)%00%(upstream:track) refs/heads/master refs/remotes/master [3ms]
[2022-04-15T02:31:34.261Z] > git for-each-ref --sort -committerdate --format %(refname) %(objectname) %(*objectname) [7ms]
[2022-04-15T02:31:34.261Z] > git remote --verbose [2ms]
[2022-04-15T02:31:34.273Z] > git config --get commit.template [2ms]
[2022-04-15T02:31:34.800Z] > git rev-list --count 4262b41d141921ebdbe6bea06370e9876d75ef4c.. -- /home/benh/projects/mx/docs/projects/proctrack [18ms]
[2022-04-15T02:31:34.836Z] > git log --format=%H%n%aN%n%aE%n%at%n%ct%n%P%n%B -z -n3 -- /home/benh/projects/mx/docs/projects/proctrack [25ms]
[2022-04-15T02:31:39.318Z] > git symbolic-ref --short HEAD [1ms]
[2022-04-15T02:31:39.328Z] > git for-each-ref --format=%(refname)%00%(upstream:short)%00%(objectname)%00%(upstream:track) refs/heads/master refs/remotes/master [3ms]
[2022-04-15T02:31:39.350Z] > git for-each-ref --sort -committerdate --format %(refname) %(objectname) %(*objectname) [11ms]
[2022-04-15T02:31:39.351Z] > git remote --verbose [2ms]
[2022-04-15T02:31:39.362Z] > git config --get commit.template [1ms]
[2022-04-15T02:31:39.891Z] > git rev-list --count 4262b41d141921ebdbe6bea06370e9876d75ef4c.. -- /home/benh/projects/mx/docs/projects/proctrack [21ms]
[2022-04-15T02:31:39.929Z] > git log --format=%H%n%aN%n%aE%n%at%n%ct%n%P%n%B -z -n3 -- /home/benh/projects/mx/docs/projects/proctrack [26ms]
[2022-04-15T02:31:44.665Z] > git symbolic-ref --short HEAD [3ms]
[2022-04-15T02:31:44.680Z] > git for-each-ref --format=%(refname)%00%(upstream:short)%00%(objectname)%00%(upstream:track) refs/heads/master refs/remotes/master [3ms]
[2022-04-15T02:31:44.693Z] > git for-each-ref --sort -committerdate --format %(refname) %(objectname) %(*objectname) [9ms]
[2022-04-15T02:31:44.695Z] > git remote --verbose [4ms]
[2022-04-15T02:31:44.710Z] > git config --get commit.template [3ms]
[2022-04-15T02:31:45.236Z] > git rev-list --count 4262b41d141921ebdbe6bea06370e9876d75ef4c.. -- /home/benh/projects/mx/docs/projects/proctrack [18ms]
[2022-04-15T02:31:45.270Z] > git log --format=%H%n%aN%n%aE%n%at%n%ct%n%P%n%B -z -n3 -- /home/benh/projects/mx/docs/projects/proctrack [25ms]
[2022-04-15T02:31:52.444Z] > git symbolic-ref --short HEAD [1ms]
[2022-04-15T02:31:52.454Z] > git for-each-ref --format=%(refname)%00%(upstream:short)%00%(objectname)%00%(upstream:track) refs/heads/master refs/remotes/master [3ms]
[2022-04-15T02:31:52.471Z] > git for-each-ref --sort -committerdate --format %(refname) %(objectname) %(*objectname) [8ms]
[2022-04-15T02:31:52.472Z] > git remote --verbose [1ms]
[2022-04-15T02:31:52.483Z] > git config --get commit.template [4ms]
[2022-04-15T02:31:53.001Z] > git rev-list --count 4262b41d141921ebdbe6bea06370e9876d75ef4c.. -- /home/benh/projects/mx/docs/projects/proctrack [18ms]
[2022-04-15T02:31:53.036Z] > git log --format=%H%n%aN%n%aE%n%at%n%ct%n%P%n%B -z -n3 -- /home/benh/projects/mx/docs/projects/proctrack [26ms]
[2022-04-15T02:31:57.531Z] > git symbolic-ref --short HEAD [3ms]
[2022-04-15T02:31:57.540Z] > git for-each-ref --format=%(refname)%00%(upstream:short)%00%(objectname)%00%(upstream:track) refs/heads/master refs/remotes/master [1ms]
[2022-04-15T02:31:57.555Z] > git for-each-ref --sort -committerdate --format %(refname) %(objectname) %(*objectname) [10ms]
[2022-04-15T02:31:57.555Z] > git remote --verbose [1ms]
[2022-04-15T02:31:57.571Z] > git config --get commit.template [3ms]
[2022-04-15T02:31:58.094Z] > git rev-list --count 4262b41d141921ebdbe6bea06370e9876d75ef4c.. -- /home/benh/projects/mx/docs/projects/proctrack [20ms]
[2022-04-15T02:31:58.129Z] > git log --format=%H%n%aN%n%aE%n%at%n%ct%n%P%n%B -z -n3 -- /home/benh/projects/mx/docs/projects/proctrack [25ms]
[2022-04-15T02:32:21.814Z] > git symbolic-ref --short HEAD [2ms]
[2022-04-15T02:32:21.838Z] > git for-each-ref --format=%(refname)%00%(upstream:short)%00%(objectname)%00%(upstream:track) refs/heads/master refs/remotes/master [4ms]
[2022-04-15T02:32:21.857Z] > git for-each-ref --sort -committerdate --format %(refname) %(objectname) %(*objectname) [8ms]
[2022-04-15T02:32:21.858Z] > git remote --verbose [2ms]
[2022-04-15T02:32:21.880Z] > git config --get commit.template [3ms]
[2022-04-15T02:32:22.405Z] > git rev-list --count 4262b41d141921ebdbe6bea06370e9876d75ef4c.. -- /home/benh/projects/mx/docs/projects/proctrack [17ms]
[2022-04-15T02:32:22.442Z] > git log --format=%H%n%aN%n%aE%n%at%n%ct%n%P%n%B -z -n3 -- /home/benh/projects/mx/docs/projects/proctrack [27ms]
[2022-04-15T02:33:08.259Z] > git symbolic-ref --short HEAD [2ms]
[2022-04-15T02:33:08.271Z] > git for-each-ref --format=%(refname)%00%(upstream:short)%00%(objectname)%00%(upstream:track) refs/heads/master refs/remotes/master [3ms]
[2022-04-15T02:33:08.292Z] > git for-each-ref --sort -committerdate --format %(refname) %(objectname) %(*objectname) [11ms]
[2022-04-15T02:33:08.293Z] > git remote --verbose [4ms]
[2022-04-15T02:33:08.307Z] > git config --get commit.template [1ms]
[2022-04-15T02:33:08.832Z] > git rev-list --count 4262b41d141921ebdbe6bea06370e9876d75ef4c.. -- /home/benh/projects/mx/docs/projects/proctrack [20ms]
[2022-04-15T02:33:08.866Z] > git log --format=%H%n%aN%n%aE%n%at%n%ct%n%P%n%B -z -n3 -- /home/benh/projects/mx/docs/projects/proctrack [24ms]
[2022-04-15T02:33:33.772Z] > git symbolic-ref --short HEAD [1ms]
[2022-04-15T02:33:33.784Z] > git for-each-ref --format=%(refname)%00%(upstream:short)%00%(objectname)%00%(upstream:track) refs/heads/master refs/remotes/master [3ms]
[2022-04-15T02:33:33.811Z] > git for-each-ref --sort -committerdate --format %(refname) %(objectname) %(*objectname) [12ms]
[2022-04-15T02:33:33.813Z] > git remote --verbose [4ms]
[2022-04-15T02:33:33.825Z] > git config --get commit.template [2ms]
[2022-04-15T02:33:34.347Z] > git rev-list --count 4262b41d141921ebdbe6bea06370e9876d75ef4c.. -- /home/benh/projects/mx/docs/projects/proctrack [20ms]
[2022-04-15T02:33:34.386Z] > git log --format=%H%n%aN%n%aE%n%at%n%ct%n%P%n%B -z -n3 -- /home/benh/projects/mx/docs/projects/proctrack [29ms]
[2022-04-15T02:39:06.105Z] > git symbolic-ref --short HEAD [1ms]
[2022-04-15T02:39:06.112Z] > git for-each-ref --format=%(refname)%00%(upstream:short)%00%(objectname)%00%(upstream:track) refs/heads/master refs/remotes/master [1ms]
[2022-04-15T02:39:06.131Z] > git for-each-ref --sort -committerdate --format %(refname) %(objectname) %(*objectname) [10ms]
[2022-04-15T02:39:06.134Z] > git remote --verbose [5ms]
[2022-04-15T02:39:06.146Z] > git config --get commit.template [1ms]
[2022-04-15T02:39:06.674Z] > git rev-list --count 4262b41d141921ebdbe6bea06370e9876d75ef4c.. -- /home/benh/projects/mx/docs/projects/proctrack [19ms]
[2022-04-15T02:39:06.710Z] > git log --format=%H%n%aN%n%aE%n%at%n%ct%n%P%n%B -z -n3 -- /home/benh/projects/mx/docs/projects/proctrack [22ms]
[2022-04-15T02:39:16.480Z] > git symbolic-ref --short HEAD [1ms]
[2022-04-15T02:39:16.487Z] > git for-each-ref --format=%(refname)%00%(upstream:short)%00%(objectname)%00%(upstream:track) refs/heads/master refs/remotes/master [1ms]
[2022-04-15T02:39:16.507Z] > git for-each-ref --sort -committerdate --format %(refname) %(objectname) %(*objectname) [12ms]
[2022-04-15T02:39:16.508Z] > git remote --verbose [4ms]
[2022-04-15T02:39:16.520Z] > git config --get commit.template [2ms]
[2022-04-15T02:39:17.046Z] > git rev-list --count 4262b41d141921ebdbe6bea06370e9876d75ef4c.. -- /home/benh/projects/mx/docs/projects/proctrack [15ms]
[2022-04-15T02:39:17.080Z] > git log --format=%H%n%aN%n%aE%n%at%n%ct%n%P%n%B -z -n3 -- /home/benh/projects/mx/docs/projects/proctrack [24ms]
