[Info  - 6:55:20 PM] BashLanguageServer initializing...
Analyzing files matching glob "**/*@(.sh|.inc|.bash|.command)" inside /home/benh/projects/mx
Glob resolved with 1 files after 0.143 seconds
Analyzing file:///home/benh/projects/mx/docs/files/sway/scripts/sway_bar.sh
Analyzer finished after 0.165 seconds
[Info  - 6:55:21 PM] BashLanguageServer initialized
onDocumentSymbol
onDocumentSymbol
onDocumentSymbol
onDocumentSymbol
onDocumentHighlight 9:7 word=null
onHover 7:8 word=null
onHover 4:9 word="time"
onHover 4:10 word="time"
onHover 4:12 word=null
onDocumentHighlight 4:12 word=null
onHover 6:22 word="':'"
onDocumentSymbol
onDocumentSymbol
onDocumentSymbol
onHover 5:10 word="t"
onHover 5:9 word="$"
onHover 5:8 word=null
onDocumentSymbol
onHover 6:9 word="$"
onHover 6:8 word=null
onDocumentSymbol
onHover 7:9 word="$"
onHover 7:9 word="$"
onDocumentSymbol
onHover 7:4 word="echo"
onHover 7:8 word=null
onHover 6:20 word="'m'"
onHover 7:7 word="echo"
onHover 7:26 word="'s/\.[0-9]\+s//'"
onHover 7:37 word=null
onHover 7:36 word=")"
onHover 7:22 word="'s/\.[0-9]\+s//'"
onDocumentSymbol
onDocumentHighlight 8:0 word="t"
onDocumentSymbol
onCompletion 7:1 word="t"
onCompletionResolve name=t type=3
onDocumentSymbol
onDocumentSymbol
onDocumentSymbol
onCompletion 7:4 word="$"
onCompletionResolve name=battery_charge type=3
onCompletion 7:5 word="${"
onCompletionResolve name=battery_charge type=3
onDocumentSymbol
onDocumentSymbol
onDocumentHighlight 8:6 word="# t=$(echo "$t" | sed 's/\.[0-9]\+s//')"
onDocumentSymbol
onDocumentSymbol
onHover 8:25 word="# t=$(echo "$t" | sed 's/\.[0-9]\+s//')"
onHover 8:35 word="# t=$(echo "$t" | sed 's/\.[0-9]\+s//')"
onDefinition 8:35 word="# t=$(echo "$t" | sed 's/\.[0-9]\+s//')"
onDefinition 8:34 word="# t=$(echo "$t" | sed 's/\.[0-9]\+s//')"
onHover 7:7 word="/"
onDocumentSymbol
onDocumentSymbol
onHover 8:9 word="# t=$(echo "$t" | sed 's/\.[0-9]\+s//')"
onHover 8:10 word="# t=$(echo "$t" | sed 's/\.[0-9]\+s//')"
onHover 4:13 word="-p"
onHover 4:9 word="time"
onHover 4:8 word="time"
onHover 4:8 word="time"
onHover 4:12 word=null
onHover 4:14 word="-p"
onHover 4:15 word=null
onDocumentHighlight 4:15 word=null
onDocumentSymbol
onHover 4:11 word="time"
onHover 4:11 word="time"
onHover 2:35 word="""
onHover 2:35 word="""
onDocumentHighlight 2:35 word="""
onDocumentSymbol
onDocumentSymbol
onHover 4:20 word="-n"
onHover 4:10 word="time"
onHover 4:11 word="time"
onDocumentHighlight 4:12 word=null
onHover 6:22 word=null
onDocumentSymbol
onDocumentSymbol
onHover 4:10 word="time.tmp"
onHover 4:10 word="time.tmp"
onDocumentHighlight 4:8 word="time.tmp"
onDocumentSymbol
onHover 4:11 word=null
onHover 4:11 word=null
onHover 5:22 word="' '"
onHover 5:4 word="echo"
onHover 4:2 word="$("
onDocumentSymbol
onHover 6:25 word="# t=$(echo "$t" | tr 'm' ':')"
onHover 4:8 word="# t=$(cat "time.tmp" | head -n 2 | tail -1)"
onDocumentHighlight 4:8 word="# t=$(cat "time.tmp" | head -n 2 | tail -1)"
onHover 7:9 word="# t="${t//\.[0-9]\+s/}""
onDocumentSymbol
onHover 4:9 word=null
onDocumentHighlight 4:10 word=null
onHover 8:18 word="# # t=$(echo "$t" | sed 's/\.[0-9]\+s//')"
onDocumentSymbol
onHover 10:7 word="# echo $t"
onHover 11:7 word="# rm "time""
onDefinition 11:7 word="# rm "time""
onDocumentSymbol
onHover 10:6 word="t"
onDocumentHighlight 10:7 word=null
onHover 10:5 word="$"
onDocumentSymbol
onHover 11:8 word="""
onDocumentHighlight 11:8 word="""
onDocumentSymbol
onHover 5:11 word="t"
onHover 4:11 word=null
onHover 8:8 word="# t=$(echo "$t" | sed 's/\.[0-9]\+s//')"
onHover 7:6 word="/"
onDocumentHighlight 7:6 word="/"
onDefinition 7:6 word="/"
onDocumentSymbol
onHover 8:7 word="# t=$(echo "$t" | sed 's/\.[0-9]\+s//')"
onDocumentHighlight 8:7 word="# t=$(echo "$t" | sed 's/\.[0-9]\+s//')"
onDefinition 8:7 word="# t=$(echo "$t" | sed 's/\.[0-9]\+s//')"
onDocumentSymbol
onHover 8:32 word="'s/\.[0-9]\+s//'"
onHover 4:9 word=null
onDocumentHighlight 4:9 word=null
onHover 5:17 word="tr"
onDefinition 5:17 word="tr"
onDocumentSymbol
onDocumentSymbol
onDocumentSymbol
onDocumentSymbol
onDocumentSymbol
onDocumentSymbol
onDocumentSymbol
onDocumentSymbol
onHover 4:9 word="time"
onHover 4:9 word="time"
onDocumentHighlight 4:10 word="time"
onDocumentSymbol
onDocumentHighlight 11:7 word=null
onDocumentSymbol
onHover 2:32 word="""
onDocumentHighlight 2:32 word="""
onDocumentSymbol
onHover 4:8 word="t"
onDocumentHighlight 4:9 word=null
onDocumentSymbol
onHover 11:6 word=null
onHover 11:5 word="""
onDocumentHighlight 11:5 word="""
onDocumentSymbol
onHover 5:7 word="echo"
onHover 4:10 word="t.tmp"
onHover 4:11 word="t.tmp"
onHover 4:11 word="t.tmp"
onDocumentHighlight 4:12 word="t.tmp"
onHover 4:14 word="|"
onHover 4:9 word="t.tmp"
onHover 4:10 word="t.tmp"
onHover 6:19 word="'m'"
onHover 4:7 word=null
onHover 4:9 word="t.tmp"
onHover 4:5 word="cat"
onDocumentHighlight 4:5 word="cat"
onHover 7:13 word="/\.[0-9]\+s/"
onHover 7:14 word="/\.[0-9]\+s/"
onDocumentSymbol
onHover 5:7 word="echo"
onHover 4:5 word=null
onHover 4:5 word=null
onHover 4:14 word="head"
onDocumentHighlight 4:14 word="head"
onDocumentSymbol
onHover 4:7 word="t.tmp"
onHover 4:6 word="t.tmp"
onHover 4:6 word="t.tmp"
onDocumentHighlight 4:6 word="t.tmp"
onDocumentSymbol
onDocumentHighlight 10:7 word=null
onHover 10:5 word="$"
onDocumentSymbol
onHover 7:10 word="/\.[0-9]\+s/"
onDocumentSymbol
onHover 8:10 word="# t=$(echo "$t" | sed 's/\.[0-9]\+s//')"
onDocumentSymbol
onHover 8:14 word="|"
onHover 8:17 word="sed"
onDocumentSymbol
onDocumentSymbol
onDocumentSymbol
onHover 4:8 word="time"
onDocumentHighlight 4:9 word="time"
onDocumentSymbol
onHover 5:9 word="$"
onDocumentSymbol
onHover 6:10 word="t"
onHover 7:8 word=null
onHover 6:8 word=null
onHover 6:9 word="$"
onDocumentSymbol
onHover 7:9 word="$"
onDocumentSymbol
onHover 9:5 word="$"
onHover 9:5 word="$"
onDocumentSymbol
onHover 4:12 word=null
onHover 4:11 word=null
onDocumentSymbol
onDocumentSymbol
onHover 4:17 word="head"
onHover 2:13 word="/dev/null"
onDocumentHighlight 2:14 word="/dev/null"
onDefinition 2:14 word="/dev/null"
onDocumentSymbol
onHover 9:4 word=null
onDocumentSymbol
onHover 4:9 word="time"
onDocumentHighlight 4:10 word="time"
onDefinition 7:19 word="'s/\.[0-9]\+s//'"
onDefinition 7:19 word="'s/\.[0-9]\+s//'"
onHover 7:19 word="'s/\.[0-9]\+s//'"
onHover 2:35 word="""
onHover 2:35 word="""
onDocumentHighlight 2:35 word="""
onDocumentSymbol
onHover 10:7 word=null
onDocumentHighlight 10:8 word="""
onDocumentSymbol
onDocumentSymbol
onHover 7:11 word=null
onHover 4:9 word="time"
onDocumentHighlight 4:9 word="time"
onHover 5:14 word="tr"
onDocumentSymbol
onDocumentHighlight 4:9 word=null
onDocumentSymbol
onDocumentSymbol
onDocumentSymbol
onHover 6:17 word="'m'"
onHover 5:9 word="$"
onHover 9:6 word="t"
onHover 9:5 word="$"
onHover 9:7 word=null
onDocumentSymbol
onHover 7:20 word="'s/\.[0-9]\+s//'"
onHover 5:9 word="$"
onDocumentSymbol
onDocumentSymbol
onDefinition 7:10 word="t"
onHover 6:9 word="$"
onDocumentSymbol
onHover 6:8 word=null
onHover 7:9 word="$"
onHover 7:11 word=null
onDocumentSymbol
onDocumentSymbol
onDocumentSymbol
onCompletion 7:1 word="t"
onCompletionResolve name=t type=3
onDocumentSymbol
onCompletion 7:3 word="$"
onCompletionResolve name=battery_charge type=3
onDocumentSymbol
onDocumentSymbol
onDocumentSymbol
onDocumentSymbol
onDocumentSymbol
onDocumentSymbol
onDocumentHighlight 7:13 word="\+s"
onDocumentHighlight 7:10 word=null
onDocumentHighlight 7:8 word="0-9"
onDocumentSymbol
onDocumentSymbol
onDocumentHighlight 7:10 word="0-9"
onDocumentHighlight 7:12 word="0-9"
onDocumentHighlight 7:16 word="\+s"
onDocumentSymbol
onHover 7:7 word="t//\."
onHover 7:7 word="t//\."
onHover 8:7 word="echo"
onDocumentHighlight 8:8 word=null
onHover 8:17 word="sed"
onHover 8:15 word=null
onDocumentSymbol
onDocumentHighlight 7:17 word="\+s/"
onDocumentHighlight 7:13 word=null
onDocumentHighlight 7:11 word="0-9"
onDocumentHighlight 7:5 word="t//\."
onCompletion 7:4 word="${"
onCompletionResolve name=battery_charge type=3
onDocumentSymbol
onDocumentSymbol
onHover 7:18 word="}"
onHover 7:18 word="}"
onHover 8:17 word="# t=$(echo "$t" | sed 's/\.[0-9]\+s//')"
onHover 7:16 word="/\.[0-9]\+s/"
onDocumentHighlight 7:17 word="/\.[0-9]\+s/"
onHover 6:16 word="tr"
onHover 7:10 word="/\.[0-9]\+s/"
onDocumentHighlight 7:10 word="/\.[0-9]\+s/"
onDocumentSymbol
onHover 7:9 word="# t=$(echo "$t" | sed 's/\.[0-9]\+s//')"
onDocumentHighlight 7:9 word="# t=$(echo "$t" | sed 's/\.[0-9]\+s//')"
onDefinition 7:9 word="# t=$(echo "$t" | sed 's/\.[0-9]\+s//')"
onDocumentSymbol
onDocumentSymbol
onHover 7:28 word=null
onHover 40:10 word="="
onDocumentHighlight 40:10 word="="
onDocumentSymbol
onHover 39:25 word="${"
onDocumentSymbol
onDocumentSymbol
onHover 39:30 word="${"
onHover 39:30 word="${"
onDocumentSymbol
onHover 40:29 word="# formated=$(column -t -s$'\t' ~/.proctimes)"
onDocumentHighlight 40:26 word="# formated=$(column -t -s$'\t' ~/.proctimes)"
onDocumentSymbol
onDocumentHighlight 41:33 word=null
onHover 40:29 word="$'\t'"
onHover 40:29 word="$'\t'"
onHover 40:30 word=null
onHover 40:30 word=null
onHover 40:31 word="~/.proctimes"
onHover 40:23 word="-s"
onDocumentSymbol
onDocumentSymbol
onDocumentSymbol
onHover 4:39 word="-1"
onHover 11:24 word=null
onHover 16:11 word="""
onHover 16:9 word="printf"
onHover 16:8 word="printf"
onHover 16:9 word="printf"
onHover 22:5 word="printf"
onDocumentHighlight 22:6 word="printf"
onDocumentSymbol
onCompletion 47:1 word="f"
onCompletionResolve name=f2fs_io type=1
onCompletionResolve name=fullcircle type=1
onCompletionResolve name=function type=2
onCompletionResolve name=function type=2
onDocumentSymbol
onCompletion 47:6 word="functi"
onCompletionResolve name=function type=2
onDocumentSymbol
onCompletion 47:10 word="f"
onCompletionResolve name=f2fs_io type=1
onCompletionResolve name=fold type=1
onCompletionResolve name=foomatic-cleanupdrivers type=1
onCompletionResolve name=foomatic-cleanupdrivers type=1
onDocumentSymbol
onDocumentSymbol
onDocumentSymbol
onHover 47:3 word="function"
onHover 47:4 word="function"
onCompletion 47:16 word="focus-t"
onCompletion 47:19 word="focus-task"
onCompletion 47:21 word="{"
onDocumentSymbol
onHover 47:5 word="function"
onCompletion 48:2 word="w"
onCompletionResolve name=whatis type=1
onCompletionResolve name=which type=1
onCompletionResolve name=while type=2
onDocumentSymbol
onCompletion 48:8 word="t"
onCompletionResolve name=t type=3
onCompletionResolve name=tune.exfat type=1
onCompletionResolve name=true type=0
onDocumentSymbol
onCompletionResolve name=tune.exfat type=1
onCompletionResolve name=tr type=1
onCompletionResolve name=tred type=1
onDocumentSymbol
onCompletionResolve name=tred type=1
onDocumentSymbol
onCompletion 48:14 word="d"
onCompletionResolve name=date type=1
onCompletionResolve name=do type=2
onDocumentSymbol
onDocumentSymbol
onDocumentSymbol
onCompletion 49:2 word="e"
onCompletionResolve name=e2freefrag type=1
onCompletionResolve name=enable type=0
onCompletionResolve name=encode_keychange type=1
onDocumentSymbol
onCompletionResolve name=e2freefrag type=1
onDocumentSymbol
onCompletion 49:2 word="s"
onCompletionResolve name=saaldump type=1
onCompletionResolve name=st4topgm type=1
onCompletionResolve name=stoken type=1
onCompletionResolve name=st4topgm type=1
onCompletionResolve name=stoken type=1
onCompletionResolve name=saaldump type=1
onCompletion 49:2 word="e"
onCompletionResolve name=e2freefrag type=1
onCompletionResolve name=enable type=0
onCompletionResolve name=encode_keychange type=1
onDocumentSymbol
onHover 49:1 word="end"
onHover 48:1 word="while"
onHover 48:1 word="while"
onHover 49:2 word="end"
onHover 49:3 word="end"
onDocumentHighlight 49:3 word="end"
onCompletion 49:2 word="d"
onCompletionResolve name=date type=1
onCompletionResolve name=do type=2
onCompletionResolve name=done type=2
onDocumentSymbol
onHover 48:3 word="while"
onDocumentHighlight 48:3 word="while"
onHover 48:2 word="while"
onDocumentHighlight 48:15 word=null
onDocumentSymbol
onDocumentSymbol
onDocumentSymbol
onHover 49:2 word=null
onHover 48:2 word="while"
onHover 48:7 word="true"
onCompletion 49:2 word="e"
onCompletionResolve name=e2freefrag type=1
onCompletionResolve name=echo type=0
onDocumentSymbol
onCompletion 49:2 word="p"
onCompletionResolve name=p11-kit type=1
onCompletionResolve name=pa-info type=1
onCompletionResolve name=passwd type=1
onCompletionResolve name=passwd type=1
onDocumentSymbol
onDocumentSymbol
onDocumentSymbol
onDocumentHighlight 50:5 word=null
onHover 49:3 word="pass"
onDocumentHighlight 49:4 word="pass"
onCompletion 49:2 word="e"
onCompletionResolve name=e2freefrag type=1
onCompletionResolve name=exa type=1
onCompletionResolve name=exiftool type=1
onCompletionResolve name=exit type=0
onCompletionResolve name=exiftool type=1
onCompletionResolve name=exa type=1
onDocumentSymbol
onCompletion 49:2 word="p"
onCompletionResolve name=p11-kit type=1
onCompletionResolve name=pa-info type=1
onCompletionResolve name=passwd type=1
onDocumentSymbol
onDocumentHighlight 50:5 word=null
onHover 49:2 word="pass"
onHover 49:1 word="pass"
onDocumentHighlight 49:1 word="pass"
onDocumentSymbol
onDocumentSymbol
onHover 46:20 word="{"
onHover 46:6 word="function"
onDocumentHighlight 47:15 word=null
onHover 22:5 word="printf"
onDocumentSymbol
onHover 31:4 word="numunits"
onHover 30:5 word="numunits"
onDocumentHighlight 30:5 word="numunits"
onDocumentSymbol
onDocumentHighlight 39:8 word=null
onHover 40:43 word="~/.proctimes"
onHover 34:27 word="# 		newtime="00:00:${newtime}""
onDocumentSymbol
onCompletion 52:1 word="f"
onCompletionResolve name=f2fs_io type=1
onCompletionResolve name=fc type=0
onCompletionResolve name=fc-query type=1
onCompletionResolve name=function type=2
onCompletionResolve name=foomatic-printermap-to-gutenprint-xml type=1
onDocumentSymbol
onCompletion 52:2 word="fu"
onCompletionResolve name=fullcircle type=1
onCompletionResolve name=function type=2
onDocumentSymbol
onCompletion 52:10 word="e"
onCompletionResolve name=e2freefrag type=1
onCompletionResolve name=enable type=0
onCompletionResolve name=enitune type=1
onCompletionResolve name=elements["Er"] type=3
onCompletionResolve name=ecryptfs-insert-wrapped-passphrase-into-keyring type=1
onDocumentSymbol
onDocumentSymbol
onCompletion 52:21 word="{"
onDocumentSymbol
onHover 28:7 word="newtime"
onHover 27:6 word="# gets the new run time from proctime"
onDocumentHighlight 27:6 word="# gets the new run time from proctime"
onDocumentSymbol
onDocumentSymbol
onDefinition 37:7 word="# gets the new run time from proctime"
onDefinition 38:7 word="newtime"
onDefinition 39:7 word="# adds appropriate number of zeros (maybe not necessary?)"
onHover 37:4 word="# gets the new run time from proctime"
onDocumentHighlight 37:4 word="# gets the new run time from proctime"
onDocumentSymbol
onDocumentSymbol
onDocumentSymbol
onDocumentSymbol
onCompletion 27:3 word="e"
onCompletionResolve name=e2freefrag type=1
onCompletionResolve name=enable type=0
onCompletionResolve name=enter-time type=3
onDocumentSymbol
onDocumentSymbol
onCompletion 27:14 word="$"
onCompletionResolve name=battery_charge type=3
onDocumentSymbol
onHover 27:13 word="$"
onDocumentSymbol
onDocumentHighlight 32:15 word=null
onHover 31:10 word="focus-task"
onDocumentHighlight 31:11 word="focus-task"
onDocumentSymbol
onDocumentSymbol
onDocumentHighlight 0:11 word=null
onDocumentSymbol
onDocumentSymbol
onDocumentHighlight 3:18 word=null
onDocumentSymbol
onDocumentSymbol
onHover 2:8 word="# this is where the times are stored"
onHover 14:12 word="# adds appropriate number of zeros (maybe not necessary?)"
onDefinition 14:12 word="# adds appropriate number of zeros (maybe not necessary?)"
onDocumentSymbol
onDocumentSymbol
onCompletion 48:4 word="e"
onCompletionResolve name=e2freefrag type=1
onCompletionResolve name=enable type=0
onCompletionResolve name=enter-time type=3
onDocumentSymbol
onDocumentSymbol
onDocumentSymbol
onCompletion 48:15 word="f"
onCompletionResolve name=f2fs_io type=1
onCompletionResolve name=focus-task type=3
onDocumentSymbol
onDocumentSymbol
onDocumentSymbol
onDocumentSymbol
onCompletion 48:27 word="$"
onCompletionResolve name=battery_charge type=3
onDocumentSymbol
onDocumentSymbol
onDocumentSymbol
onHover 33:29 word=null
onHover 44:40 word=null
onHover 44:11 word="""
onHover 41:8 word="printf"
onCompletion 42:5 word="l"
onCompletionResolve name=l2ping type=1
onDocumentSymbol
onCompletion 42:5 word="k"
onCompletionResolve name=k5srvutil type=1
onCompletionResolve name=kiconfinder5 type=1
onCompletionResolve name=kill type=0
onDocumentSymbol
onCompletion 42:10 word="f"
onCompletionResolve name=f2fs_io type=1
onCompletionResolve name=focus-task type=3
onDocumentSymbol
onDocumentSymbol
onHover 45:47 word=null
onHover 45:6 word="printf"
onHover 42:7 word="kill"
onDocumentHighlight 42:8 word=null
onDocumentSymbol
onDocumentHighlight 42:8 word="focus-task"
onDocumentSymbol
onHover 13:11 word="proctime"
onHover 47:27 word=null
onHover 48:26 word="$"
onHover 48:26 word="$"
onHover 48:26 word="$"
onHover 48:27 word="1"
onHover 48:27 word="1"
onHover 48:28 word="""
onHover 39:16 word=null
onHover 39:16 word=null
onHover 47:28 word=null
onHover 41:4 word="printf"
onHover 41:25 word=null
onHover 42:0 word=null
onHover 42:5 word=null
onHover 42:4 word=";;"
onHover 41:5 word="printf"
onHover 41:2 word=null
onHover 40:5 word="end"
