[2022-04-21 15:13:47.009] [exthost] [info] Extension host with pid 72669 started
[2022-04-21 15:13:47.009] [exthost] [info] Skipping acquiring lock for /home/benh/.config/VSCodium/User/workspaceStorage/b6c2ef292bbc2546877926cbbf3560a0.
[2022-04-21 15:13:47.445] [exthost] [info] ExtensionService#_doActivateExtension mads-hartmann.bash-ide-vscode, startup: false, activationEvent: 'onLanguage:shellscript'
[2022-04-21 15:13:47.637] [exthost] [info] ExtensionService#_doActivateExtension timonwong.shellcheck, startup: false, activationEvent: 'onLanguage:shellscript'
[2022-04-21 15:13:47.669] [exthost] [info] ExtensionService#_doActivateExtension vscode.debug-auto-launch, startup: true, activationEvent: '*'
[2022-04-21 15:13:47.676] [exthost] [info] ExtensionService#_doActivateExtension vscode.git-base, startup: true, activationEvent: '*', root cause: vscode.git
[2022-04-21 15:13:47.683] [exthost] [info] ExtensionService#_doActivateExtension vscode.ipynb, startup: true, activationEvent: '*'
[2022-04-21 15:13:47.704] [exthost] [info] ExtensionService#_doActivateExtension Gruntfuggly.triggertaskonsave, startup: true, activationEvent: '*'
[2022-04-21 15:13:47.738] [exthost] [info] ExtensionService#_doActivateExtension sainnhe.gruvbox-material, startup: true, activationEvent: '*'
[2022-04-21 15:13:48.242] [exthost] [info] ExtensionService#_doActivateExtension vscode.git, startup: true, activationEvent: '*'
[2022-04-21 15:13:48.272] [exthost] [info] ExtensionService#_doActivateExtension vscode.github, startup: true, activationEvent: '*'
[2022-04-21 15:13:48.331] [exthost] [info] Eager extensions activated
[2022-04-21 15:13:48.394] [exthost] [info] ExtensionService#_doActivateExtension vscode.emmet, startup: false, activationEvent: 'onStartupFinished'
[2022-04-21 15:13:48.415] [exthost] [info] ExtensionService#_doActivateExtension vscode.merge-conflict, startup: false, activationEvent: 'onStartupFinished'
[2022-04-21 15:14:36.042] [exthost] [info] extension host terminating: renderer closed the socket
[2022-04-21 15:14:36.059] [exthost] [info] Extension host with pid 72669 exiting with code 0
[2022-04-21 15:14:39.273] [exthost] [info] Extension host with pid 73494 started
[2022-04-21 15:14:39.274] [exthost] [info] Skipping acquiring lock for /home/benh/.config/VSCodium/User/workspaceStorage/8ca0ef7a3579af2b352bdb9f5aa39ef7.
[2022-04-21 15:14:39.468] [exthost] [info] ExtensionService#_doActivateExtension rust-lang.rust, startup: false, activationEvent: 'onLanguage:rust'
[2022-04-21 15:14:39.600] [exthost] [info] ExtensionService#_doActivateExtension vscode.debug-auto-launch, startup: true, activationEvent: '*'
[2022-04-21 15:14:39.602] [exthost] [info] ExtensionService#_doActivateExtension vscode.git-base, startup: true, activationEvent: '*', root cause: vscode.git
[2022-04-21 15:14:39.604] [exthost] [info] ExtensionService#_doActivateExtension vscode.ipynb, startup: true, activationEvent: '*'
[2022-04-21 15:14:39.609] [exthost] [info] ExtensionService#_doActivateExtension Gruntfuggly.triggertaskonsave, startup: true, activationEvent: '*'
[2022-04-21 15:14:39.616] [exthost] [info] ExtensionService#_doActivateExtension sainnhe.gruvbox-material, startup: true, activationEvent: '*'
[2022-04-21 15:14:39.854] [exthost] [info] ExtensionService#_doActivateExtension vscode.git, startup: true, activationEvent: '*'
[2022-04-21 15:14:39.880] [exthost] [info] ExtensionService#_doActivateExtension vscode.github, startup: true, activationEvent: '*'
[2022-04-21 15:14:39.926] [exthost] [info] Eager extensions activated
[2022-04-21 15:14:39.975] [exthost] [info] ExtensionService#_doActivateExtension vscode.emmet, startup: false, activationEvent: 'onStartupFinished'
[2022-04-21 15:14:39.985] [exthost] [info] ExtensionService#_doActivateExtension vscode.merge-conflict, startup: false, activationEvent: 'onStartupFinished'
[2022-04-21 15:17:59.588] [exthost] [info] ExtensionService#_doActivateExtension vscode.html-language-features, startup: false, activationEvent: 'onLanguage:html'
[2022-04-21 15:18:32.590] [exthost] [info] ExtensionService#_doActivateExtension vscode.grunt, startup: false, activationEvent: 'onTaskType:grunt'
[2022-04-21 15:18:32.596] [exthost] [info] ExtensionService#_doActivateExtension vscode.gulp, startup: false, activationEvent: 'onTaskType:gulp'
[2022-04-21 15:18:32.600] [exthost] [info] ExtensionService#_doActivateExtension vscode.jake, startup: false, activationEvent: 'onTaskType:jake'
[2022-04-21 15:18:32.604] [exthost] [info] ExtensionService#_doActivateExtension vscode.npm, startup: false, activationEvent: 'onTaskType:npm'
[2022-04-21 15:18:32.628] [exthost] [info] ExtensionService#_doActivateExtension vscode.typescript-language-features, startup: false, activationEvent: 'onTaskType:typescript'
[2022-04-21 15:20:23.871] [exthost] [error] [rust-lang.rust] provider FAILED
[2022-04-21 15:20:23.871] [exthost] [error] TypeError: Cannot read properties of undefined (reading 'value')
	at SignatureHelpProvider.hoverToSignatureHelp (/home/benh/.vscode-oss/extensions/rust-lang.rust-0.7.8/out/src/providers/signatureHelpProvider.js:75:41)
	at /home/benh/.vscode-oss/extensions/rust-lang.rust-0.7.8/out/src/providers/signatureHelpProvider.js:15:105
	at async ee.provideSignatureHelp (/opt/vscodium-bin/resources/app/out/vs/workbench/api/node/extensionHostProcess.js:85:114837)
[2022-04-21 15:20:24.867] [exthost] [error] [rust-lang.rust] provider FAILED
[2022-04-21 15:20:24.868] [exthost] [error] TypeError: Cannot read properties of undefined (reading 'value')
	at SignatureHelpProvider.hoverToSignatureHelp (/home/benh/.vscode-oss/extensions/rust-lang.rust-0.7.8/out/src/providers/signatureHelpProvider.js:75:41)
	at /home/benh/.vscode-oss/extensions/rust-lang.rust-0.7.8/out/src/providers/signatureHelpProvider.js:20:130
	at async ee.provideSignatureHelp (/opt/vscodium-bin/resources/app/out/vs/workbench/api/node/extensionHostProcess.js:85:114837)
[2022-04-21 15:43:22.782] [exthost] [error] [rust-lang.rust] provider FAILED
[2022-04-21 15:43:22.783] [exthost] [error] TypeError: Cannot read properties of undefined (reading 'value')
	at SignatureHelpProvider.hoverToSignatureHelp (/home/benh/.vscode-oss/extensions/rust-lang.rust-0.7.8/out/src/providers/signatureHelpProvider.js:75:41)
	at /home/benh/.vscode-oss/extensions/rust-lang.rust-0.7.8/out/src/providers/signatureHelpProvider.js:15:105
	at async ee.provideSignatureHelp (/opt/vscodium-bin/resources/app/out/vs/workbench/api/node/extensionHostProcess.js:85:114837)
[2022-04-21 15:43:23.556] [exthost] [error] [rust-lang.rust] provider FAILED
[2022-04-21 15:43:23.557] [exthost] [error] TypeError: Cannot read properties of undefined (reading 'value')
	at SignatureHelpProvider.hoverToSignatureHelp (/home/benh/.vscode-oss/extensions/rust-lang.rust-0.7.8/out/src/providers/signatureHelpProvider.js:75:41)
	at /home/benh/.vscode-oss/extensions/rust-lang.rust-0.7.8/out/src/providers/signatureHelpProvider.js:20:130
	at async ee.provideSignatureHelp (/opt/vscodium-bin/resources/app/out/vs/workbench/api/node/extensionHostProcess.js:85:114837)
[2022-04-21 15:43:24.909] [exthost] [error] [rust-lang.rust] provider FAILED
[2022-04-21 15:43:24.909] [exthost] [error] TypeError: Cannot read properties of undefined (reading 'value')
	at SignatureHelpProvider.hoverToSignatureHelp (/home/benh/.vscode-oss/extensions/rust-lang.rust-0.7.8/out/src/providers/signatureHelpProvider.js:75:41)
	at /home/benh/.vscode-oss/extensions/rust-lang.rust-0.7.8/out/src/providers/signatureHelpProvider.js:20:130
	at async ee.provideSignatureHelp (/opt/vscodium-bin/resources/app/out/vs/workbench/api/node/extensionHostProcess.js:85:114837)
[2022-04-21 15:43:52.200] [exthost] [error] [rust-lang.rust] provider FAILED
[2022-04-21 15:43:52.200] [exthost] [error] TypeError: Cannot read properties of undefined (reading 'value')
	at SignatureHelpProvider.hoverToSignatureHelp (/home/benh/.vscode-oss/extensions/rust-lang.rust-0.7.8/out/src/providers/signatureHelpProvider.js:75:41)
	at /home/benh/.vscode-oss/extensions/rust-lang.rust-0.7.8/out/src/providers/signatureHelpProvider.js:15:105
	at async ee.provideSignatureHelp (/opt/vscodium-bin/resources/app/out/vs/workbench/api/node/extensionHostProcess.js:85:114837)
[2022-04-21 15:44:50.040] [exthost] [error] [rust-lang.rust] provider FAILED
[2022-04-21 15:44:50.040] [exthost] [error] TypeError: Cannot read properties of undefined (reading 'value')
	at SignatureHelpProvider.hoverToSignatureHelp (/home/benh/.vscode-oss/extensions/rust-lang.rust-0.7.8/out/src/providers/signatureHelpProvider.js:75:41)
	at /home/benh/.vscode-oss/extensions/rust-lang.rust-0.7.8/out/src/providers/signatureHelpProvider.js:15:105
	at async ee.provideSignatureHelp (/opt/vscodium-bin/resources/app/out/vs/workbench/api/node/extensionHostProcess.js:85:114837)
[2022-04-21 15:45:22.179] [exthost] [error] [rust-lang.rust] provider FAILED
[2022-04-21 15:45:22.179] [exthost] [error] TypeError: Cannot read properties of undefined (reading 'value')
	at SignatureHelpProvider.hoverToSignatureHelp (/home/benh/.vscode-oss/extensions/rust-lang.rust-0.7.8/out/src/providers/signatureHelpProvider.js:75:41)
	at /home/benh/.vscode-oss/extensions/rust-lang.rust-0.7.8/out/src/providers/signatureHelpProvider.js:15:105
	at async ee.provideSignatureHelp (/opt/vscodium-bin/resources/app/out/vs/workbench/api/node/extensionHostProcess.js:85:114837)
[2022-04-21 15:48:58.380] [exthost] [error] [rust-lang.rust] provider FAILED
[2022-04-21 15:48:58.380] [exthost] [error] TypeError: Cannot read properties of undefined (reading 'value')
	at SignatureHelpProvider.hoverToSignatureHelp (/home/benh/.vscode-oss/extensions/rust-lang.rust-0.7.8/out/src/providers/signatureHelpProvider.js:75:41)
	at /home/benh/.vscode-oss/extensions/rust-lang.rust-0.7.8/out/src/providers/signatureHelpProvider.js:15:105
	at async ee.provideSignatureHelp (/opt/vscodium-bin/resources/app/out/vs/workbench/api/node/extensionHostProcess.js:85:114837)
[2022-04-21 15:49:25.387] [exthost] [error] [rust-lang.rust] provider FAILED
[2022-04-21 15:49:25.387] [exthost] [error] TypeError: Cannot read properties of undefined (reading 'value')
	at SignatureHelpProvider.hoverToSignatureHelp (/home/benh/.vscode-oss/extensions/rust-lang.rust-0.7.8/out/src/providers/signatureHelpProvider.js:75:41)
	at /home/benh/.vscode-oss/extensions/rust-lang.rust-0.7.8/out/src/providers/signatureHelpProvider.js:20:130
	at async ee.provideSignatureHelp (/opt/vscodium-bin/resources/app/out/vs/workbench/api/node/extensionHostProcess.js:85:114837)
[2022-04-21 15:49:29.902] [exthost] [error] [rust-lang.rust] provider FAILED
[2022-04-21 15:49:29.902] [exthost] [error] TypeError: Cannot read properties of undefined (reading 'value')
	at SignatureHelpProvider.hoverToSignatureHelp (/home/benh/.vscode-oss/extensions/rust-lang.rust-0.7.8/out/src/providers/signatureHelpProvider.js:75:41)
	at /home/benh/.vscode-oss/extensions/rust-lang.rust-0.7.8/out/src/providers/signatureHelpProvider.js:20:130
	at async ee.provideSignatureHelp (/opt/vscodium-bin/resources/app/out/vs/workbench/api/node/extensionHostProcess.js:85:114837)
[2022-04-21 15:50:20.988] [exthost] [error] [rust-lang.rust] provider FAILED
[2022-04-21 15:50:20.988] [exthost] [error] TypeError: Cannot read properties of undefined (reading 'value')
	at SignatureHelpProvider.hoverToSignatureHelp (/home/benh/.vscode-oss/extensions/rust-lang.rust-0.7.8/out/src/providers/signatureHelpProvider.js:75:41)
	at /home/benh/.vscode-oss/extensions/rust-lang.rust-0.7.8/out/src/providers/signatureHelpProvider.js:15:105
	at async ee.provideSignatureHelp (/opt/vscodium-bin/resources/app/out/vs/workbench/api/node/extensionHostProcess.js:85:114837)
[2022-04-21 15:50:59.519] [exthost] [error] [rust-lang.rust] provider FAILED
[2022-04-21 15:50:59.519] [exthost] [error] TypeError: Cannot read properties of undefined (reading 'value')
	at SignatureHelpProvider.hoverToSignatureHelp (/home/benh/.vscode-oss/extensions/rust-lang.rust-0.7.8/out/src/providers/signatureHelpProvider.js:75:41)
	at /home/benh/.vscode-oss/extensions/rust-lang.rust-0.7.8/out/src/providers/signatureHelpProvider.js:15:105
	at async ee.provideSignatureHelp (/opt/vscodium-bin/resources/app/out/vs/workbench/api/node/extensionHostProcess.js:85:114837)
[2022-04-21 15:57:47.183] [exthost] [error] [rust-lang.rust] provider FAILED
[2022-04-21 15:57:47.183] [exthost] [error] TypeError: Cannot read properties of undefined (reading 'value')
	at SignatureHelpProvider.hoverToSignatureHelp (/home/benh/.vscode-oss/extensions/rust-lang.rust-0.7.8/out/src/providers/signatureHelpProvider.js:75:41)
	at /home/benh/.vscode-oss/extensions/rust-lang.rust-0.7.8/out/src/providers/signatureHelpProvider.js:15:105
	at async ee.provideSignatureHelp (/opt/vscodium-bin/resources/app/out/vs/workbench/api/node/extensionHostProcess.js:85:114837)
[2022-04-21 16:04:17.679] [exthost] [error] [rust-lang.rust] provider FAILED
[2022-04-21 16:04:17.679] [exthost] [error] TypeError: Cannot read properties of undefined (reading 'value')
	at SignatureHelpProvider.hoverToSignatureHelp (/home/benh/.vscode-oss/extensions/rust-lang.rust-0.7.8/out/src/providers/signatureHelpProvider.js:75:41)
	at /home/benh/.vscode-oss/extensions/rust-lang.rust-0.7.8/out/src/providers/signatureHelpProvider.js:15:105
	at async ee.provideSignatureHelp (/opt/vscodium-bin/resources/app/out/vs/workbench/api/node/extensionHostProcess.js:85:114837)
[2022-04-21 16:04:18.107] [exthost] [error] [rust-lang.rust] provider FAILED
[2022-04-21 16:04:18.107] [exthost] [error] TypeError: Cannot read properties of undefined (reading 'value')
	at SignatureHelpProvider.hoverToSignatureHelp (/home/benh/.vscode-oss/extensions/rust-lang.rust-0.7.8/out/src/providers/signatureHelpProvider.js:75:41)
	at /home/benh/.vscode-oss/extensions/rust-lang.rust-0.7.8/out/src/providers/signatureHelpProvider.js:20:130
	at async ee.provideSignatureHelp (/opt/vscodium-bin/resources/app/out/vs/workbench/api/node/extensionHostProcess.js:85:114837)
[2022-04-21 16:14:05.577] [exthost] [error] [rust-lang.rust] provider FAILED
[2022-04-21 16:14:05.577] [exthost] [error] TypeError: Cannot read properties of undefined (reading 'value')
	at SignatureHelpProvider.hoverToSignatureHelp (/home/benh/.vscode-oss/extensions/rust-lang.rust-0.7.8/out/src/providers/signatureHelpProvider.js:75:41)
	at /home/benh/.vscode-oss/extensions/rust-lang.rust-0.7.8/out/src/providers/signatureHelpProvider.js:15:105
	at async ee.provideSignatureHelp (/opt/vscodium-bin/resources/app/out/vs/workbench/api/node/extensionHostProcess.js:85:114837)
[2022-04-21 16:15:02.404] [exthost] [error] [rust-lang.rust] provider FAILED
[2022-04-21 16:15:02.404] [exthost] [error] TypeError: Cannot read properties of undefined (reading 'value')
	at SignatureHelpProvider.hoverToSignatureHelp (/home/benh/.vscode-oss/extensions/rust-lang.rust-0.7.8/out/src/providers/signatureHelpProvider.js:75:41)
	at /home/benh/.vscode-oss/extensions/rust-lang.rust-0.7.8/out/src/providers/signatureHelpProvider.js:15:105
	at async ee.provideSignatureHelp (/opt/vscodium-bin/resources/app/out/vs/workbench/api/node/extensionHostProcess.js:85:114837)
[2022-04-21 16:16:53.211] [exthost] [error] [rust-lang.rust] provider FAILED
[2022-04-21 16:16:53.211] [exthost] [error] TypeError: Cannot read properties of undefined (reading 'value')
	at SignatureHelpProvider.hoverToSignatureHelp (/home/benh/.vscode-oss/extensions/rust-lang.rust-0.7.8/out/src/providers/signatureHelpProvider.js:75:41)
	at /home/benh/.vscode-oss/extensions/rust-lang.rust-0.7.8/out/src/providers/signatureHelpProvider.js:15:105
	at async ee.provideSignatureHelp (/opt/vscodium-bin/resources/app/out/vs/workbench/api/node/extensionHostProcess.js:85:114837)
[2022-04-21 16:17:00.554] [exthost] [error] [rust-lang.rust] provider FAILED
[2022-04-21 16:17:00.554] [exthost] [error] TypeError: Cannot read properties of undefined (reading 'value')
	at SignatureHelpProvider.hoverToSignatureHelp (/home/benh/.vscode-oss/extensions/rust-lang.rust-0.7.8/out/src/providers/signatureHelpProvider.js:75:41)
	at /home/benh/.vscode-oss/extensions/rust-lang.rust-0.7.8/out/src/providers/signatureHelpProvider.js:15:105
	at async ee.provideSignatureHelp (/opt/vscodium-bin/resources/app/out/vs/workbench/api/node/extensionHostProcess.js:85:114837)
[2022-04-21 16:17:28.434] [exthost] [error] [rust-lang.rust] provider FAILED
[2022-04-21 16:17:28.434] [exthost] [error] TypeError: Cannot read properties of undefined (reading 'value')
	at SignatureHelpProvider.hoverToSignatureHelp (/home/benh/.vscode-oss/extensions/rust-lang.rust-0.7.8/out/src/providers/signatureHelpProvider.js:75:41)
	at /home/benh/.vscode-oss/extensions/rust-lang.rust-0.7.8/out/src/providers/signatureHelpProvider.js:15:105
	at async ee.provideSignatureHelp (/opt/vscodium-bin/resources/app/out/vs/workbench/api/node/extensionHostProcess.js:85:114837)
[2022-04-21 16:21:44.844] [exthost] [error] [rust-lang.rust] provider FAILED
[2022-04-21 16:21:44.844] [exthost] [error] TypeError: Cannot read properties of undefined (reading 'value')
	at SignatureHelpProvider.hoverToSignatureHelp (/home/benh/.vscode-oss/extensions/rust-lang.rust-0.7.8/out/src/providers/signatureHelpProvider.js:75:41)
	at /home/benh/.vscode-oss/extensions/rust-lang.rust-0.7.8/out/src/providers/signatureHelpProvider.js:15:105
	at async ee.provideSignatureHelp (/opt/vscodium-bin/resources/app/out/vs/workbench/api/node/extensionHostProcess.js:85:114837)
[2022-04-21 16:22:36.819] [exthost] [error] [rust-lang.rust] provider FAILED
[2022-04-21 16:22:36.819] [exthost] [error] TypeError: Cannot read properties of undefined (reading 'value')
	at SignatureHelpProvider.hoverToSignatureHelp (/home/benh/.vscode-oss/extensions/rust-lang.rust-0.7.8/out/src/providers/signatureHelpProvider.js:75:41)
	at /home/benh/.vscode-oss/extensions/rust-lang.rust-0.7.8/out/src/providers/signatureHelpProvider.js:15:105
	at async ee.provideSignatureHelp (/opt/vscodium-bin/resources/app/out/vs/workbench/api/node/extensionHostProcess.js:85:114837)
[2022-04-21 16:25:33.574] [exthost] [error] [rust-lang.rust] provider FAILED
[2022-04-21 16:25:33.574] [exthost] [error] TypeError: Cannot read properties of undefined (reading 'value')
	at SignatureHelpProvider.hoverToSignatureHelp (/home/benh/.vscode-oss/extensions/rust-lang.rust-0.7.8/out/src/providers/signatureHelpProvider.js:75:41)
	at /home/benh/.vscode-oss/extensions/rust-lang.rust-0.7.8/out/src/providers/signatureHelpProvider.js:15:105
	at async ee.provideSignatureHelp (/opt/vscodium-bin/resources/app/out/vs/workbench/api/node/extensionHostProcess.js:85:114837)
[2022-04-21 16:26:35.756] [exthost] [error] [rust-lang.rust] provider FAILED
[2022-04-21 16:26:35.757] [exthost] [error] TypeError: Cannot read properties of undefined (reading 'value')
	at SignatureHelpProvider.hoverToSignatureHelp (/home/benh/.vscode-oss/extensions/rust-lang.rust-0.7.8/out/src/providers/signatureHelpProvider.js:75:41)
	at /home/benh/.vscode-oss/extensions/rust-lang.rust-0.7.8/out/src/providers/signatureHelpProvider.js:15:105
	at async ee.provideSignatureHelp (/opt/vscodium-bin/resources/app/out/vs/workbench/api/node/extensionHostProcess.js:85:114837)
[2022-04-21 16:27:54.564] [exthost] [error] [rust-lang.rust] provider FAILED
[2022-04-21 16:27:54.564] [exthost] [error] TypeError: Cannot read properties of undefined (reading 'value')
	at SignatureHelpProvider.hoverToSignatureHelp (/home/benh/.vscode-oss/extensions/rust-lang.rust-0.7.8/out/src/providers/signatureHelpProvider.js:75:41)
	at /home/benh/.vscode-oss/extensions/rust-lang.rust-0.7.8/out/src/providers/signatureHelpProvider.js:15:105
	at async ee.provideSignatureHelp (/opt/vscodium-bin/resources/app/out/vs/workbench/api/node/extensionHostProcess.js:85:114837)
[2022-04-21 16:28:01.750] [exthost] [error] [rust-lang.rust] provider FAILED
[2022-04-21 16:28:01.750] [exthost] [error] TypeError: Cannot read properties of undefined (reading 'value')
	at SignatureHelpProvider.hoverToSignatureHelp (/home/benh/.vscode-oss/extensions/rust-lang.rust-0.7.8/out/src/providers/signatureHelpProvider.js:75:41)
	at /home/benh/.vscode-oss/extensions/rust-lang.rust-0.7.8/out/src/providers/signatureHelpProvider.js:20:130
	at async ee.provideSignatureHelp (/opt/vscodium-bin/resources/app/out/vs/workbench/api/node/extensionHostProcess.js:85:114837)
[2022-04-21 16:41:51.406] [exthost] [error] [rust-lang.rust] provider FAILED
[2022-04-21 16:41:51.406] [exthost] [error] TypeError: Cannot read properties of undefined (reading 'value')
	at SignatureHelpProvider.hoverToSignatureHelp (/home/benh/.vscode-oss/extensions/rust-lang.rust-0.7.8/out/src/providers/signatureHelpProvider.js:75:41)
	at /home/benh/.vscode-oss/extensions/rust-lang.rust-0.7.8/out/src/providers/signatureHelpProvider.js:15:105
	at async ee.provideSignatureHelp (/opt/vscodium-bin/resources/app/out/vs/workbench/api/node/extensionHostProcess.js:85:114837)
[2022-04-21 16:51:29.629] [exthost] [error] [rust-lang.rust] provider FAILED
[2022-04-21 16:51:29.629] [exthost] [error] TypeError: Cannot read properties of undefined (reading 'value')
	at SignatureHelpProvider.hoverToSignatureHelp (/home/benh/.vscode-oss/extensions/rust-lang.rust-0.7.8/out/src/providers/signatureHelpProvider.js:75:41)
	at /home/benh/.vscode-oss/extensions/rust-lang.rust-0.7.8/out/src/providers/signatureHelpProvider.js:15:105
	at async ee.provideSignatureHelp (/opt/vscodium-bin/resources/app/out/vs/workbench/api/node/extensionHostProcess.js:85:114837)
[2022-04-21 16:51:39.020] [exthost] [error] [rust-lang.rust] provider FAILED
[2022-04-21 16:51:39.020] [exthost] [error] TypeError: Cannot read properties of undefined (reading 'value')
	at SignatureHelpProvider.hoverToSignatureHelp (/home/benh/.vscode-oss/extensions/rust-lang.rust-0.7.8/out/src/providers/signatureHelpProvider.js:75:41)
	at /home/benh/.vscode-oss/extensions/rust-lang.rust-0.7.8/out/src/providers/signatureHelpProvider.js:15:105
	at async ee.provideSignatureHelp (/opt/vscodium-bin/resources/app/out/vs/workbench/api/node/extensionHostProcess.js:85:114837)
[2022-04-21 16:51:48.854] [exthost] [error] [rust-lang.rust] provider FAILED
[2022-04-21 16:51:48.854] [exthost] [error] TypeError: Cannot read properties of undefined (reading 'value')
	at SignatureHelpProvider.hoverToSignatureHelp (/home/benh/.vscode-oss/extensions/rust-lang.rust-0.7.8/out/src/providers/signatureHelpProvider.js:75:41)
	at /home/benh/.vscode-oss/extensions/rust-lang.rust-0.7.8/out/src/providers/signatureHelpProvider.js:15:105
	at async ee.provideSignatureHelp (/opt/vscodium-bin/resources/app/out/vs/workbench/api/node/extensionHostProcess.js:85:114837)
[2022-04-21 16:52:53.426] [exthost] [error] [rust-lang.rust] provider FAILED
[2022-04-21 16:52:53.426] [exthost] [error] TypeError: Cannot read properties of undefined (reading 'value')
	at SignatureHelpProvider.hoverToSignatureHelp (/home/benh/.vscode-oss/extensions/rust-lang.rust-0.7.8/out/src/providers/signatureHelpProvider.js:75:41)
	at /home/benh/.vscode-oss/extensions/rust-lang.rust-0.7.8/out/src/providers/signatureHelpProvider.js:15:105
	at async ee.provideSignatureHelp (/opt/vscodium-bin/resources/app/out/vs/workbench/api/node/extensionHostProcess.js:85:114837)
[2022-04-21 16:53:14.910] [exthost] [error] [rust-lang.rust] provider FAILED
[2022-04-21 16:53:14.910] [exthost] [error] TypeError: Cannot read properties of undefined (reading 'value')
	at SignatureHelpProvider.hoverToSignatureHelp (/home/benh/.vscode-oss/extensions/rust-lang.rust-0.7.8/out/src/providers/signatureHelpProvider.js:75:41)
	at /home/benh/.vscode-oss/extensions/rust-lang.rust-0.7.8/out/src/providers/signatureHelpProvider.js:20:130
	at async ee.provideSignatureHelp (/opt/vscodium-bin/resources/app/out/vs/workbench/api/node/extensionHostProcess.js:85:114837)
[2022-04-21 17:00:30.787] [exthost] [error] [rust-lang.rust] provider FAILED
[2022-04-21 17:00:30.788] [exthost] [error] TypeError: Cannot read properties of undefined (reading 'value')
	at SignatureHelpProvider.hoverToSignatureHelp (/home/benh/.vscode-oss/extensions/rust-lang.rust-0.7.8/out/src/providers/signatureHelpProvider.js:75:41)
	at /home/benh/.vscode-oss/extensions/rust-lang.rust-0.7.8/out/src/providers/signatureHelpProvider.js:15:105
	at async ee.provideSignatureHelp (/opt/vscodium-bin/resources/app/out/vs/workbench/api/node/extensionHostProcess.js:85:114837)
[2022-04-21 17:01:05.916] [exthost] [error] [rust-lang.rust] provider FAILED
[2022-04-21 17:01:05.916] [exthost] [error] TypeError: Cannot read properties of undefined (reading 'value')
	at SignatureHelpProvider.hoverToSignatureHelp (/home/benh/.vscode-oss/extensions/rust-lang.rust-0.7.8/out/src/providers/signatureHelpProvider.js:75:41)
	at /home/benh/.vscode-oss/extensions/rust-lang.rust-0.7.8/out/src/providers/signatureHelpProvider.js:15:105
	at async ee.provideSignatureHelp (/opt/vscodium-bin/resources/app/out/vs/workbench/api/node/extensionHostProcess.js:85:114837)
[2022-04-21 17:01:11.230] [exthost] [error] [rust-lang.rust] provider FAILED
[2022-04-21 17:01:11.231] [exthost] [error] TypeError: Cannot read properties of undefined (reading 'value')
	at SignatureHelpProvider.hoverToSignatureHelp (/home/benh/.vscode-oss/extensions/rust-lang.rust-0.7.8/out/src/providers/signatureHelpProvider.js:75:41)
	at /home/benh/.vscode-oss/extensions/rust-lang.rust-0.7.8/out/src/providers/signatureHelpProvider.js:20:130
	at async ee.provideSignatureHelp (/opt/vscodium-bin/resources/app/out/vs/workbench/api/node/extensionHostProcess.js:85:114837)
[2022-04-21 17:05:27.635] [exthost] [error] [rust-lang.rust] provider FAILED
[2022-04-21 17:05:27.635] [exthost] [error] TypeError: Cannot read properties of undefined (reading 'value')
	at SignatureHelpProvider.hoverToSignatureHelp (/home/benh/.vscode-oss/extensions/rust-lang.rust-0.7.8/out/src/providers/signatureHelpProvider.js:75:41)
	at /home/benh/.vscode-oss/extensions/rust-lang.rust-0.7.8/out/src/providers/signatureHelpProvider.js:15:105
	at async ee.provideSignatureHelp (/opt/vscodium-bin/resources/app/out/vs/workbench/api/node/extensionHostProcess.js:85:114837)
[2022-04-21 17:05:36.735] [exthost] [error] [rust-lang.rust] provider FAILED
[2022-04-21 17:05:36.735] [exthost] [error] TypeError: Cannot read properties of undefined (reading 'value')
	at SignatureHelpProvider.hoverToSignatureHelp (/home/benh/.vscode-oss/extensions/rust-lang.rust-0.7.8/out/src/providers/signatureHelpProvider.js:75:41)
	at /home/benh/.vscode-oss/extensions/rust-lang.rust-0.7.8/out/src/providers/signatureHelpProvider.js:20:130
	at async ee.provideSignatureHelp (/opt/vscodium-bin/resources/app/out/vs/workbench/api/node/extensionHostProcess.js:85:114837)
[2022-04-21 17:06:01.074] [exthost] [error] [rust-lang.rust] provider FAILED
[2022-04-21 17:06:01.074] [exthost] [error] TypeError: Cannot read properties of undefined (reading 'value')
	at SignatureHelpProvider.hoverToSignatureHelp (/home/benh/.vscode-oss/extensions/rust-lang.rust-0.7.8/out/src/providers/signatureHelpProvider.js:75:41)
	at /home/benh/.vscode-oss/extensions/rust-lang.rust-0.7.8/out/src/providers/signatureHelpProvider.js:15:105
	at async ee.provideSignatureHelp (/opt/vscodium-bin/resources/app/out/vs/workbench/api/node/extensionHostProcess.js:85:114837)
[2022-04-22 18:29:09.694] [exthost] [info] extension host terminating: renderer closed the socket
[2022-04-22 18:29:09.731] [exthost] [info] Extension host with pid 73494 exiting with code 0
