[2022-04-28 01:45:07.031] [exthost] [info] Extension host with pid 12717 started
[2022-04-28 01:45:07.306] [exthost] [info] ExtensionService#_doActivateExtension vscode.debug-auto-launch, startup: true, activationEvent: '*'
[2022-04-28 01:45:07.329] [exthost] [info] ExtensionService#_doActivateExtension vscode.git-base, startup: true, activationEvent: '*', root cause: vscode.git
[2022-04-28 01:45:07.362] [exthost] [info] ExtensionService#_doActivateExtension vscode.ipynb, startup: true, activationEvent: '*'
[2022-04-28 01:45:07.397] [exthost] [info] ExtensionService#_doActivateExtension Gruntfuggly.triggertaskonsave, startup: true, activationEvent: '*'
[2022-04-28 01:45:07.461] [exthost] [info] ExtensionService#_doActivateExtension sainnhe.gruvbox-material, startup: true, activationEvent: '*'
[2022-04-28 01:45:07.667] [exthost] [info] ExtensionService#_doActivateExtension vscode.git, startup: true, activationEvent: '*'
[2022-04-28 01:45:07.710] [exthost] [info] ExtensionService#_doActivateExtension vscode.github, startup: true, activationEvent: '*'
[2022-04-28 01:45:07.771] [exthost] [info] Eager extensions activated
[2022-04-28 01:45:07.792] [exthost] [info] ExtensionService#_doActivateExtension vscode.emmet, startup: false, activationEvent: 'onStartupFinished'
[2022-04-28 01:45:07.811] [exthost] [info] ExtensionService#_doActivateExtension vscode.merge-conflict, startup: false, activationEvent: 'onStartupFinished'
[2022-04-28 01:45:12.238] [exthost] [info] extension host terminating: renderer closed the socket
[2022-04-28 01:45:12.246] [exthost] [info] Extension host with pid 12717 exiting with code 0
[2022-04-28 01:45:15.298] [exthost] [info] Extension host with pid 12777 started
[2022-04-28 01:45:15.298] [exthost] [info] Skipping acquiring lock for /home/benh/.config/VSCodium/User/workspaceStorage/8ca0ef7a3579af2b352bdb9f5aa39ef7.
[2022-04-28 01:45:15.809] [exthost] [info] ExtensionService#_doActivateExtension rust-lang.rust, startup: false, activationEvent: 'onLanguage:rust'
[2022-04-28 01:45:15.969] [exthost] [info] ExtensionService#_doActivateExtension vscode.debug-auto-launch, startup: true, activationEvent: '*'
[2022-04-28 01:45:15.972] [exthost] [info] ExtensionService#_doActivateExtension vscode.git-base, startup: true, activationEvent: '*', root cause: vscode.git
[2022-04-28 01:45:15.976] [exthost] [info] ExtensionService#_doActivateExtension vscode.ipynb, startup: true, activationEvent: '*'
[2022-04-28 01:45:15.981] [exthost] [info] ExtensionService#_doActivateExtension Gruntfuggly.triggertaskonsave, startup: true, activationEvent: '*'
[2022-04-28 01:45:15.985] [exthost] [info] ExtensionService#_doActivateExtension sainnhe.gruvbox-material, startup: true, activationEvent: '*'
[2022-04-28 01:45:16.248] [exthost] [info] ExtensionService#_doActivateExtension vscode.git, startup: true, activationEvent: '*'
[2022-04-28 01:45:16.270] [exthost] [info] ExtensionService#_doActivateExtension vscode.github, startup: true, activationEvent: '*'
[2022-04-28 01:45:16.311] [exthost] [info] Eager extensions activated
[2022-04-28 01:45:16.391] [exthost] [info] ExtensionService#_doActivateExtension vscode.emmet, startup: false, activationEvent: 'onStartupFinished'
[2022-04-28 01:45:16.399] [exthost] [info] ExtensionService#_doActivateExtension vscode.merge-conflict, startup: false, activationEvent: 'onStartupFinished'
[2022-04-28 01:48:48.834] [exthost] [info] extension host terminating: renderer closed the socket
[2022-04-28 01:48:48.851] [exthost] [info] Extension host with pid 12777 exiting with code 0
