[2022-04-28 01:45:05.916] [renderer1] [warning] [/home/benh/.vscode-oss/extensions/sumneko.lua-2.5.3]: Couldn't find message for key config.diagnostics.ambiguity-1.
[2022-04-28 01:45:05.916] [renderer1] [warning] [/home/benh/.vscode-oss/extensions/sumneko.lua-2.5.3]: Couldn't find message for key config.diagnostics.await-in-sync.
[2022-04-28 01:45:05.917] [renderer1] [warning] [/home/benh/.vscode-oss/extensions/sumneko.lua-2.5.3]: Couldn't find message for key config.diagnostics.circle-doc-class.
[2022-04-28 01:45:05.917] [renderer1] [warning] [/home/benh/.vscode-oss/extensions/sumneko.lua-2.5.3]: Couldn't find message for key config.diagnostics.close-non-object.
[2022-04-28 01:45:05.919] [renderer1] [warning] [/home/benh/.vscode-oss/extensions/sumneko.lua-2.5.3]: Couldn't find message for key config.diagnostics.code-after-break.
[2022-04-28 01:45:05.920] [renderer1] [warning] [/home/benh/.vscode-oss/extensions/sumneko.lua-2.5.3]: Couldn't find message for key config.diagnostics.count-down-loop.
[2022-04-28 01:45:05.921] [renderer1] [warning] [/home/benh/.vscode-oss/extensions/sumneko.lua-2.5.3]: Couldn't find message for key config.diagnostics.deprecated.
[2022-04-28 01:45:05.921] [renderer1] [warning] [/home/benh/.vscode-oss/extensions/sumneko.lua-2.5.3]: Couldn't find message for key config.diagnostics.different-requires.
[2022-04-28 01:45:05.923] [renderer1] [warning] [/home/benh/.vscode-oss/extensions/sumneko.lua-2.5.3]: Couldn't find message for key config.diagnostics.discard-returns.
[2022-04-28 01:45:05.923] [renderer1] [warning] [/home/benh/.vscode-oss/extensions/sumneko.lua-2.5.3]: Couldn't find message for key config.diagnostics.doc-field-no-class.
[2022-04-28 01:45:05.925] [renderer1] [warning] [/home/benh/.vscode-oss/extensions/sumneko.lua-2.5.3]: Couldn't find message for key config.diagnostics.duplicate-doc-class.
[2022-04-28 01:45:05.925] [renderer1] [warning] [/home/benh/.vscode-oss/extensions/sumneko.lua-2.5.3]: Couldn't find message for key config.diagnostics.duplicate-doc-field.
[2022-04-28 01:45:05.935] [renderer1] [warning] [/home/benh/.vscode-oss/extensions/sumneko.lua-2.5.3]: Couldn't find message for key config.diagnostics.duplicate-doc-param.
[2022-04-28 01:45:05.937] [renderer1] [warning] [/home/benh/.vscode-oss/extensions/sumneko.lua-2.5.3]: Couldn't find message for key config.diagnostics.duplicate-index.
[2022-04-28 01:45:05.937] [renderer1] [warning] [/home/benh/.vscode-oss/extensions/sumneko.lua-2.5.3]: Couldn't find message for key config.diagnostics.duplicate-set-field.
[2022-04-28 01:45:05.938] [renderer1] [warning] [/home/benh/.vscode-oss/extensions/sumneko.lua-2.5.3]: Couldn't find message for key config.diagnostics.empty-block.
[2022-04-28 01:45:05.950] [renderer1] [warning] [/home/benh/.vscode-oss/extensions/sumneko.lua-2.5.3]: Couldn't find message for key config.diagnostics.global-in-nil-env.
[2022-04-28 01:45:05.950] [renderer1] [warning] [/home/benh/.vscode-oss/extensions/sumneko.lua-2.5.3]: Couldn't find message for key config.diagnostics.lowercase-global.
[2022-04-28 01:45:05.951] [renderer1] [warning] [/home/benh/.vscode-oss/extensions/sumneko.lua-2.5.3]: Couldn't find message for key config.diagnostics.newfield-call.
[2022-04-28 01:45:05.952] [renderer1] [warning] [/home/benh/.vscode-oss/extensions/sumneko.lua-2.5.3]: Couldn't find message for key config.diagnostics.newline-call.
[2022-04-28 01:45:05.953] [renderer1] [warning] [/home/benh/.vscode-oss/extensions/sumneko.lua-2.5.3]: Couldn't find message for key config.diagnostics.no-implicit-any.
[2022-04-28 01:45:05.953] [renderer1] [warning] [/home/benh/.vscode-oss/extensions/sumneko.lua-2.5.3]: Couldn't find message for key config.diagnostics.not-yieldable.
[2022-04-28 01:45:05.954] [renderer1] [warning] [/home/benh/.vscode-oss/extensions/sumneko.lua-2.5.3]: Couldn't find message for key config.diagnostics.redefined-local.
[2022-04-28 01:45:05.954] [renderer1] [warning] [/home/benh/.vscode-oss/extensions/sumneko.lua-2.5.3]: Couldn't find message for key config.diagnostics.redundant-parameter.
[2022-04-28 01:45:05.955] [renderer1] [warning] [/home/benh/.vscode-oss/extensions/sumneko.lua-2.5.3]: Couldn't find message for key config.diagnostics.redundant-return.
[2022-04-28 01:45:05.955] [renderer1] [warning] [/home/benh/.vscode-oss/extensions/sumneko.lua-2.5.3]: Couldn't find message for key config.diagnostics.redundant-value.
[2022-04-28 01:45:05.956] [renderer1] [warning] [/home/benh/.vscode-oss/extensions/sumneko.lua-2.5.3]: Couldn't find message for key config.diagnostics.trailing-space.
[2022-04-28 01:45:05.956] [renderer1] [warning] [/home/benh/.vscode-oss/extensions/sumneko.lua-2.5.3]: Couldn't find message for key config.diagnostics.type-check.
[2022-04-28 01:45:05.957] [renderer1] [warning] [/home/benh/.vscode-oss/extensions/sumneko.lua-2.5.3]: Couldn't find message for key config.diagnostics.unbalanced-assignments.
[2022-04-28 01:45:05.957] [renderer1] [warning] [/home/benh/.vscode-oss/extensions/sumneko.lua-2.5.3]: Couldn't find message for key config.diagnostics.undefined-doc-class.
[2022-04-28 01:45:05.958] [renderer1] [warning] [/home/benh/.vscode-oss/extensions/sumneko.lua-2.5.3]: Couldn't find message for key config.diagnostics.undefined-doc-name.
[2022-04-28 01:45:05.959] [renderer1] [warning] [/home/benh/.vscode-oss/extensions/sumneko.lua-2.5.3]: Couldn't find message for key config.diagnostics.undefined-doc-param.
[2022-04-28 01:45:05.959] [renderer1] [warning] [/home/benh/.vscode-oss/extensions/sumneko.lua-2.5.3]: Couldn't find message for key config.diagnostics.undefined-env-child.
[2022-04-28 01:45:05.960] [renderer1] [warning] [/home/benh/.vscode-oss/extensions/sumneko.lua-2.5.3]: Couldn't find message for key config.diagnostics.undefined-field.
[2022-04-28 01:45:05.960] [renderer1] [warning] [/home/benh/.vscode-oss/extensions/sumneko.lua-2.5.3]: Couldn't find message for key config.diagnostics.undefined-global.
[2022-04-28 01:45:05.961] [renderer1] [warning] [/home/benh/.vscode-oss/extensions/sumneko.lua-2.5.3]: Couldn't find message for key config.diagnostics.unknown-diag-code.
[2022-04-28 01:45:05.961] [renderer1] [warning] [/home/benh/.vscode-oss/extensions/sumneko.lua-2.5.3]: Couldn't find message for key config.diagnostics.unused-function.
[2022-04-28 01:45:05.961] [renderer1] [warning] [/home/benh/.vscode-oss/extensions/sumneko.lua-2.5.3]: Couldn't find message for key config.diagnostics.unused-label.
[2022-04-28 01:45:05.962] [renderer1] [warning] [/home/benh/.vscode-oss/extensions/sumneko.lua-2.5.3]: Couldn't find message for key config.diagnostics.unused-local.
[2022-04-28 01:45:05.962] [renderer1] [warning] [/home/benh/.vscode-oss/extensions/sumneko.lua-2.5.3]: Couldn't find message for key config.diagnostics.unused-vararg.
[2022-04-28 01:45:05.963] [renderer1] [warning] [/home/benh/.vscode-oss/extensions/sumneko.lua-2.5.3]: Couldn't find message for key config.diagnostics.ambiguity-1.
[2022-04-28 01:45:05.963] [renderer1] [warning] [/home/benh/.vscode-oss/extensions/sumneko.lua-2.5.3]: Couldn't find message for key config.diagnostics.await-in-sync.
[2022-04-28 01:45:05.964] [renderer1] [warning] [/home/benh/.vscode-oss/extensions/sumneko.lua-2.5.3]: Couldn't find message for key config.diagnostics.circle-doc-class.
[2022-04-28 01:45:05.964] [renderer1] [warning] [/home/benh/.vscode-oss/extensions/sumneko.lua-2.5.3]: Couldn't find message for key config.diagnostics.close-non-object.
[2022-04-28 01:45:05.964] [renderer1] [warning] [/home/benh/.vscode-oss/extensions/sumneko.lua-2.5.3]: Couldn't find message for key config.diagnostics.code-after-break.
[2022-04-28 01:45:05.965] [renderer1] [warning] [/home/benh/.vscode-oss/extensions/sumneko.lua-2.5.3]: Couldn't find message for key config.diagnostics.count-down-loop.
[2022-04-28 01:45:05.965] [renderer1] [warning] [/home/benh/.vscode-oss/extensions/sumneko.lua-2.5.3]: Couldn't find message for key config.diagnostics.deprecated.
[2022-04-28 01:45:05.966] [renderer1] [warning] [/home/benh/.vscode-oss/extensions/sumneko.lua-2.5.3]: Couldn't find message for key config.diagnostics.different-requires.
[2022-04-28 01:45:05.966] [renderer1] [warning] [/home/benh/.vscode-oss/extensions/sumneko.lua-2.5.3]: Couldn't find message for key config.diagnostics.discard-returns.
[2022-04-28 01:45:05.967] [renderer1] [warning] [/home/benh/.vscode-oss/extensions/sumneko.lua-2.5.3]: Couldn't find message for key config.diagnostics.doc-field-no-class.
[2022-04-28 01:45:05.967] [renderer1] [warning] [/home/benh/.vscode-oss/extensions/sumneko.lua-2.5.3]: Couldn't find message for key config.diagnostics.duplicate-doc-class.
[2022-04-28 01:45:05.968] [renderer1] [warning] [/home/benh/.vscode-oss/extensions/sumneko.lua-2.5.3]: Couldn't find message for key config.diagnostics.duplicate-doc-field.
[2022-04-28 01:45:05.968] [renderer1] [warning] [/home/benh/.vscode-oss/extensions/sumneko.lua-2.5.3]: Couldn't find message for key config.diagnostics.duplicate-doc-param.
[2022-04-28 01:45:05.968] [renderer1] [warning] [/home/benh/.vscode-oss/extensions/sumneko.lua-2.5.3]: Couldn't find message for key config.diagnostics.duplicate-index.
[2022-04-28 01:45:05.969] [renderer1] [warning] [/home/benh/.vscode-oss/extensions/sumneko.lua-2.5.3]: Couldn't find message for key config.diagnostics.duplicate-set-field.
[2022-04-28 01:45:05.969] [renderer1] [warning] [/home/benh/.vscode-oss/extensions/sumneko.lua-2.5.3]: Couldn't find message for key config.diagnostics.empty-block.
[2022-04-28 01:45:05.970] [renderer1] [warning] [/home/benh/.vscode-oss/extensions/sumneko.lua-2.5.3]: Couldn't find message for key config.diagnostics.global-in-nil-env.
[2022-04-28 01:45:05.970] [renderer1] [warning] [/home/benh/.vscode-oss/extensions/sumneko.lua-2.5.3]: Couldn't find message for key config.diagnostics.lowercase-global.
[2022-04-28 01:45:05.971] [renderer1] [warning] [/home/benh/.vscode-oss/extensions/sumneko.lua-2.5.3]: Couldn't find message for key config.diagnostics.newfield-call.
[2022-04-28 01:45:05.971] [renderer1] [warning] [/home/benh/.vscode-oss/extensions/sumneko.lua-2.5.3]: Couldn't find message for key config.diagnostics.newline-call.
[2022-04-28 01:45:05.972] [renderer1] [warning] [/home/benh/.vscode-oss/extensions/sumneko.lua-2.5.3]: Couldn't find message for key config.diagnostics.no-implicit-any.
[2022-04-28 01:45:05.972] [renderer1] [warning] [/home/benh/.vscode-oss/extensions/sumneko.lua-2.5.3]: Couldn't find message for key config.diagnostics.not-yieldable.
[2022-04-28 01:45:05.979] [renderer1] [warning] [/home/benh/.vscode-oss/extensions/sumneko.lua-2.5.3]: Couldn't find message for key config.diagnostics.redefined-local.
[2022-04-28 01:45:05.981] [renderer1] [warning] [/home/benh/.vscode-oss/extensions/sumneko.lua-2.5.3]: Couldn't find message for key config.diagnostics.redundant-parameter.
[2022-04-28 01:45:05.981] [renderer1] [warning] [/home/benh/.vscode-oss/extensions/sumneko.lua-2.5.3]: Couldn't find message for key config.diagnostics.redundant-return.
[2022-04-28 01:45:05.983] [renderer1] [warning] [/home/benh/.vscode-oss/extensions/sumneko.lua-2.5.3]: Couldn't find message for key config.diagnostics.redundant-value.
[2022-04-28 01:45:05.985] [renderer1] [warning] [/home/benh/.vscode-oss/extensions/sumneko.lua-2.5.3]: Couldn't find message for key config.diagnostics.trailing-space.
[2022-04-28 01:45:05.986] [renderer1] [warning] [/home/benh/.vscode-oss/extensions/sumneko.lua-2.5.3]: Couldn't find message for key config.diagnostics.type-check.
[2022-04-28 01:45:05.987] [renderer1] [warning] [/home/benh/.vscode-oss/extensions/sumneko.lua-2.5.3]: Couldn't find message for key config.diagnostics.unbalanced-assignments.
[2022-04-28 01:45:05.988] [renderer1] [warning] [/home/benh/.vscode-oss/extensions/sumneko.lua-2.5.3]: Couldn't find message for key config.diagnostics.undefined-doc-class.
[2022-04-28 01:45:05.989] [renderer1] [warning] [/home/benh/.vscode-oss/extensions/sumneko.lua-2.5.3]: Couldn't find message for key config.diagnostics.undefined-doc-name.
[2022-04-28 01:45:05.989] [renderer1] [warning] [/home/benh/.vscode-oss/extensions/sumneko.lua-2.5.3]: Couldn't find message for key config.diagnostics.undefined-doc-param.
[2022-04-28 01:45:05.990] [renderer1] [warning] [/home/benh/.vscode-oss/extensions/sumneko.lua-2.5.3]: Couldn't find message for key config.diagnostics.undefined-env-child.
[2022-04-28 01:45:05.990] [renderer1] [warning] [/home/benh/.vscode-oss/extensions/sumneko.lua-2.5.3]: Couldn't find message for key config.diagnostics.undefined-field.
[2022-04-28 01:45:05.990] [renderer1] [warning] [/home/benh/.vscode-oss/extensions/sumneko.lua-2.5.3]: Couldn't find message for key config.diagnostics.undefined-global.
[2022-04-28 01:45:05.991] [renderer1] [warning] [/home/benh/.vscode-oss/extensions/sumneko.lua-2.5.3]: Couldn't find message for key config.diagnostics.unknown-diag-code.
[2022-04-28 01:45:05.992] [renderer1] [warning] [/home/benh/.vscode-oss/extensions/sumneko.lua-2.5.3]: Couldn't find message for key config.diagnostics.unused-function.
[2022-04-28 01:45:05.992] [renderer1] [warning] [/home/benh/.vscode-oss/extensions/sumneko.lua-2.5.3]: Couldn't find message for key config.diagnostics.unused-label.
[2022-04-28 01:45:05.993] [renderer1] [warning] [/home/benh/.vscode-oss/extensions/sumneko.lua-2.5.3]: Couldn't find message for key config.diagnostics.unused-local.
[2022-04-28 01:45:05.993] [renderer1] [warning] [/home/benh/.vscode-oss/extensions/sumneko.lua-2.5.3]: Couldn't find message for key config.diagnostics.unused-vararg.
[2022-04-28 01:45:05.994] [renderer1] [warning] [/home/benh/.vscode-oss/extensions/sumneko.lua-2.5.3]: Couldn't find message for key config.runtime.builtin.basic.
[2022-04-28 01:45:05.994] [renderer1] [warning] [/home/benh/.vscode-oss/extensions/sumneko.lua-2.5.3]: Couldn't find message for key config.runtime.builtin.bit.
[2022-04-28 01:45:05.995] [renderer1] [warning] [/home/benh/.vscode-oss/extensions/sumneko.lua-2.5.3]: Couldn't find message for key config.runtime.builtin.bit32.
[2022-04-28 01:45:05.997] [renderer1] [warning] [/home/benh/.vscode-oss/extensions/sumneko.lua-2.5.3]: Couldn't find message for key config.runtime.builtin.builtin.
[2022-04-28 01:45:05.997] [renderer1] [warning] [/home/benh/.vscode-oss/extensions/sumneko.lua-2.5.3]: Couldn't find message for key config.runtime.builtin.coroutine.
[2022-04-28 01:45:05.998] [renderer1] [warning] [/home/benh/.vscode-oss/extensions/sumneko.lua-2.5.3]: Couldn't find message for key config.runtime.builtin.debug.
[2022-04-28 01:45:05.998] [renderer1] [warning] [/home/benh/.vscode-oss/extensions/sumneko.lua-2.5.3]: Couldn't find message for key config.runtime.builtin.ffi.
[2022-04-28 01:45:05.999] [renderer1] [warning] [/home/benh/.vscode-oss/extensions/sumneko.lua-2.5.3]: Couldn't find message for key config.runtime.builtin.io.
[2022-04-28 01:45:05.999] [renderer1] [warning] [/home/benh/.vscode-oss/extensions/sumneko.lua-2.5.3]: Couldn't find message for key config.runtime.builtin.jit.
[2022-04-28 01:45:06.000] [renderer1] [warning] [/home/benh/.vscode-oss/extensions/sumneko.lua-2.5.3]: Couldn't find message for key config.runtime.builtin.math.
[2022-04-28 01:45:06.001] [renderer1] [warning] [/home/benh/.vscode-oss/extensions/sumneko.lua-2.5.3]: Couldn't find message for key config.runtime.builtin.os.
[2022-04-28 01:45:06.001] [renderer1] [warning] [/home/benh/.vscode-oss/extensions/sumneko.lua-2.5.3]: Couldn't find message for key config.runtime.builtin.package.
[2022-04-28 01:45:06.002] [renderer1] [warning] [/home/benh/.vscode-oss/extensions/sumneko.lua-2.5.3]: Couldn't find message for key config.runtime.builtin.string.
[2022-04-28 01:45:06.002] [renderer1] [warning] [/home/benh/.vscode-oss/extensions/sumneko.lua-2.5.3]: Couldn't find message for key config.runtime.builtin.table.
[2022-04-28 01:45:06.003] [renderer1] [warning] [/home/benh/.vscode-oss/extensions/sumneko.lua-2.5.3]: Couldn't find message for key config.runtime.builtin.utf8.
[2022-04-28 01:45:06.055] [renderer1] [critical] Extension 'ms-python.python CANNOT USE these API proposals 'quickPickSortByLabel, testObserver, notebookEditor'. You MUST start in extension development mode or use the --enable-proposed-api command line flag
[2022-04-28 01:45:06.055] [renderer1] [critical] Extension 'ms-toolsai.jupyter CANNOT USE these API proposals 'notebookConcatTextDocument, notebookControllerKind, notebookDebugOptions, notebookDeprecated, notebookEditor, notebookEditorDecorationType, notebookEditorEdit, notebookMessaging, notebookMime, notebookCellExecutionState, portsAttributes, textDocumentNotebook, quickPickSortByLabel'. You MUST start in extension development mode or use the --enable-proposed-api command line flag
[2022-04-28 01:45:06.071] [renderer1] [info] Ignoring configured affinity for 'pub.name' because the extension is unknown or cannot execute.
[2022-04-28 01:45:06.291] [renderer1] [error] [ms-toolsai.jupyter]: interactive/toolbar is a proposed menu identifier. It requires 'package.json#enabledApiProposals: ["notebookEditor"]' and is only available when running out of dev or with the following command line switch: --enable-proposed-api ms-toolsai.jupyter
[2022-04-28 01:45:06.291] [renderer1] [error] [ms-toolsai.jupyter]: interactive/cell/title is a proposed menu identifier. It requires 'package.json#enabledApiProposals: ["notebookEditor"]' and is only available when running out of dev or with the following command line switch: --enable-proposed-api ms-toolsai.jupyter
[2022-04-28 01:45:06.679] [renderer1] [info] Ignoring configured affinity for 'pub.name' because the extension is unknown or cannot execute.
[2022-04-28 01:45:14.075] [renderer1] [critical] Extension 'ms-python.python CANNOT USE these API proposals 'quickPickSortByLabel, testObserver, notebookEditor'. You MUST start in extension development mode or use the --enable-proposed-api command line flag
[2022-04-28 01:45:14.076] [renderer1] [critical] Extension 'ms-toolsai.jupyter CANNOT USE these API proposals 'notebookConcatTextDocument, notebookControllerKind, notebookDebugOptions, notebookDeprecated, notebookEditor, notebookEditorDecorationType, notebookEditorEdit, notebookMessaging, notebookMime, notebookCellExecutionState, portsAttributes, textDocumentNotebook, quickPickSortByLabel'. You MUST start in extension development mode or use the --enable-proposed-api command line flag
[2022-04-28 01:45:14.081] [renderer1] [info] Ignoring configured affinity for 'pub.name' because the extension is unknown or cannot execute.
[2022-04-28 01:45:14.354] [renderer1] [error] [ms-toolsai.jupyter]: interactive/toolbar is a proposed menu identifier. It requires 'package.json#enabledApiProposals: ["notebookEditor"]' and is only available when running out of dev or with the following command line switch: --enable-proposed-api ms-toolsai.jupyter
[2022-04-28 01:45:14.355] [renderer1] [error] [ms-toolsai.jupyter]: interactive/cell/title is a proposed menu identifier. It requires 'package.json#enabledApiProposals: ["notebookEditor"]' and is only available when running out of dev or with the following command line switch: --enable-proposed-api ms-toolsai.jupyter
[2022-04-28 01:45:15.011] [renderer1] [info] Ignoring configured affinity for 'pub.name' because the extension is unknown or cannot execute.
[2022-04-28 01:45:45.384] [renderer1] [warning] [/home/benh/.vscode-oss/extensions/sumneko.lua-3.2.0]: Couldn't find message for key config.diagnostics.await-in-sync.
[2022-04-28 01:45:45.386] [renderer1] [warning] [/home/benh/.vscode-oss/extensions/sumneko.lua-3.2.0]: Couldn't find message for key config.diagnostics.circle-doc-class.
[2022-04-28 01:45:45.388] [renderer1] [warning] [/home/benh/.vscode-oss/extensions/sumneko.lua-3.2.0]: Couldn't find message for key config.diagnostics.close-non-object.
[2022-04-28 01:45:45.393] [renderer1] [warning] [/home/benh/.vscode-oss/extensions/sumneko.lua-3.2.0]: Couldn't find message for key config.diagnostics.code-after-break.
[2022-04-28 01:45:45.395] [renderer1] [warning] [/home/benh/.vscode-oss/extensions/sumneko.lua-3.2.0]: Couldn't find message for key config.diagnostics.codestyle-check.
[2022-04-28 01:45:45.398] [renderer1] [warning] [/home/benh/.vscode-oss/extensions/sumneko.lua-3.2.0]: Couldn't find message for key config.diagnostics.count-down-loop.
[2022-04-28 01:45:45.399] [renderer1] [warning] [/home/benh/.vscode-oss/extensions/sumneko.lua-3.2.0]: Couldn't find message for key config.diagnostics.deprecated.
[2022-04-28 01:45:45.404] [renderer1] [warning] [/home/benh/.vscode-oss/extensions/sumneko.lua-3.2.0]: Couldn't find message for key config.diagnostics.different-requires.
[2022-04-28 01:45:45.404] [renderer1] [warning] [/home/benh/.vscode-oss/extensions/sumneko.lua-3.2.0]: Couldn't find message for key config.diagnostics.discard-returns.
[2022-04-28 01:45:45.404] [renderer1] [warning] [/home/benh/.vscode-oss/extensions/sumneko.lua-3.2.0]: Couldn't find message for key config.diagnostics.doc-field-no-class.
[2022-04-28 01:45:45.405] [renderer1] [warning] [/home/benh/.vscode-oss/extensions/sumneko.lua-3.2.0]: Couldn't find message for key config.diagnostics.duplicate-doc-alias.
[2022-04-28 01:45:45.405] [renderer1] [warning] [/home/benh/.vscode-oss/extensions/sumneko.lua-3.2.0]: Couldn't find message for key config.diagnostics.duplicate-doc-field.
[2022-04-28 01:45:45.405] [renderer1] [warning] [/home/benh/.vscode-oss/extensions/sumneko.lua-3.2.0]: Couldn't find message for key config.diagnostics.duplicate-doc-param.
[2022-04-28 01:45:45.406] [renderer1] [warning] [/home/benh/.vscode-oss/extensions/sumneko.lua-3.2.0]: Couldn't find message for key config.diagnostics.duplicate-set-field.
[2022-04-28 01:45:45.406] [renderer1] [warning] [/home/benh/.vscode-oss/extensions/sumneko.lua-3.2.0]: Couldn't find message for key config.diagnostics.missing-parameter.
[2022-04-28 01:45:45.407] [renderer1] [warning] [/home/benh/.vscode-oss/extensions/sumneko.lua-3.2.0]: Couldn't find message for key config.diagnostics.need-check-nil.
[2022-04-28 01:45:45.407] [renderer1] [warning] [/home/benh/.vscode-oss/extensions/sumneko.lua-3.2.0]: Couldn't find message for key config.diagnostics.no-unknown.
[2022-04-28 01:45:45.407] [renderer1] [warning] [/home/benh/.vscode-oss/extensions/sumneko.lua-3.2.0]: Couldn't find message for key config.diagnostics.not-yieldable.
[2022-04-28 01:45:45.408] [renderer1] [warning] [/home/benh/.vscode-oss/extensions/sumneko.lua-3.2.0]: Couldn't find message for key config.diagnostics.redundant-return.
[2022-04-28 01:45:45.408] [renderer1] [warning] [/home/benh/.vscode-oss/extensions/sumneko.lua-3.2.0]: Couldn't find message for key config.diagnostics.type-check.
[2022-04-28 01:45:45.408] [renderer1] [warning] [/home/benh/.vscode-oss/extensions/sumneko.lua-3.2.0]: Couldn't find message for key config.diagnostics.unbalanced-assignments.
[2022-04-28 01:45:45.409] [renderer1] [warning] [/home/benh/.vscode-oss/extensions/sumneko.lua-3.2.0]: Couldn't find message for key config.diagnostics.undefined-doc-class.
[2022-04-28 01:45:45.409] [renderer1] [warning] [/home/benh/.vscode-oss/extensions/sumneko.lua-3.2.0]: Couldn't find message for key config.diagnostics.undefined-doc-name.
[2022-04-28 01:45:45.409] [renderer1] [warning] [/home/benh/.vscode-oss/extensions/sumneko.lua-3.2.0]: Couldn't find message for key config.diagnostics.undefined-doc-param.
[2022-04-28 01:45:45.410] [renderer1] [warning] [/home/benh/.vscode-oss/extensions/sumneko.lua-3.2.0]: Couldn't find message for key config.diagnostics.undefined-field.
[2022-04-28 01:45:45.410] [renderer1] [warning] [/home/benh/.vscode-oss/extensions/sumneko.lua-3.2.0]: Couldn't find message for key config.diagnostics.unknown-diag-code.
[2022-04-28 01:45:45.411] [renderer1] [warning] [/home/benh/.vscode-oss/extensions/sumneko.lua-3.2.0]: Couldn't find message for key config.diagnostics.await-in-sync.
[2022-04-28 01:45:45.411] [renderer1] [warning] [/home/benh/.vscode-oss/extensions/sumneko.lua-3.2.0]: Couldn't find message for key config.diagnostics.circle-doc-class.
[2022-04-28 01:45:45.411] [renderer1] [warning] [/home/benh/.vscode-oss/extensions/sumneko.lua-3.2.0]: Couldn't find message for key config.diagnostics.close-non-object.
[2022-04-28 01:45:45.411] [renderer1] [warning] [/home/benh/.vscode-oss/extensions/sumneko.lua-3.2.0]: Couldn't find message for key config.diagnostics.code-after-break.
[2022-04-28 01:45:45.412] [renderer1] [warning] [/home/benh/.vscode-oss/extensions/sumneko.lua-3.2.0]: Couldn't find message for key config.diagnostics.codestyle-check.
[2022-04-28 01:45:45.412] [renderer1] [warning] [/home/benh/.vscode-oss/extensions/sumneko.lua-3.2.0]: Couldn't find message for key config.diagnostics.count-down-loop.
[2022-04-28 01:45:45.413] [renderer1] [warning] [/home/benh/.vscode-oss/extensions/sumneko.lua-3.2.0]: Couldn't find message for key config.diagnostics.deprecated.
[2022-04-28 01:45:45.413] [renderer1] [warning] [/home/benh/.vscode-oss/extensions/sumneko.lua-3.2.0]: Couldn't find message for key config.diagnostics.different-requires.
[2022-04-28 01:45:45.413] [renderer1] [warning] [/home/benh/.vscode-oss/extensions/sumneko.lua-3.2.0]: Couldn't find message for key config.diagnostics.discard-returns.
[2022-04-28 01:45:45.414] [renderer1] [warning] [/home/benh/.vscode-oss/extensions/sumneko.lua-3.2.0]: Couldn't find message for key config.diagnostics.doc-field-no-class.
[2022-04-28 01:45:45.414] [renderer1] [warning] [/home/benh/.vscode-oss/extensions/sumneko.lua-3.2.0]: Couldn't find message for key config.diagnostics.duplicate-doc-alias.
[2022-04-28 01:45:45.414] [renderer1] [warning] [/home/benh/.vscode-oss/extensions/sumneko.lua-3.2.0]: Couldn't find message for key config.diagnostics.duplicate-doc-field.
[2022-04-28 01:45:45.415] [renderer1] [warning] [/home/benh/.vscode-oss/extensions/sumneko.lua-3.2.0]: Couldn't find message for key config.diagnostics.duplicate-doc-param.
[2022-04-28 01:45:45.415] [renderer1] [warning] [/home/benh/.vscode-oss/extensions/sumneko.lua-3.2.0]: Couldn't find message for key config.diagnostics.duplicate-set-field.
[2022-04-28 01:45:45.415] [renderer1] [warning] [/home/benh/.vscode-oss/extensions/sumneko.lua-3.2.0]: Couldn't find message for key config.diagnostics.missing-parameter.
[2022-04-28 01:45:45.416] [renderer1] [warning] [/home/benh/.vscode-oss/extensions/sumneko.lua-3.2.0]: Couldn't find message for key config.diagnostics.need-check-nil.
[2022-04-28 01:45:45.416] [renderer1] [warning] [/home/benh/.vscode-oss/extensions/sumneko.lua-3.2.0]: Couldn't find message for key config.diagnostics.no-unknown.
[2022-04-28 01:45:45.416] [renderer1] [warning] [/home/benh/.vscode-oss/extensions/sumneko.lua-3.2.0]: Couldn't find message for key config.diagnostics.not-yieldable.
[2022-04-28 01:45:45.417] [renderer1] [warning] [/home/benh/.vscode-oss/extensions/sumneko.lua-3.2.0]: Couldn't find message for key config.diagnostics.redundant-return.
[2022-04-28 01:45:45.418] [renderer1] [warning] [/home/benh/.vscode-oss/extensions/sumneko.lua-3.2.0]: Couldn't find message for key config.diagnostics.type-check.
[2022-04-28 01:45:45.418] [renderer1] [warning] [/home/benh/.vscode-oss/extensions/sumneko.lua-3.2.0]: Couldn't find message for key config.diagnostics.unbalanced-assignments.
[2022-04-28 01:45:45.418] [renderer1] [warning] [/home/benh/.vscode-oss/extensions/sumneko.lua-3.2.0]: Couldn't find message for key config.diagnostics.undefined-doc-class.
[2022-04-28 01:45:45.419] [renderer1] [warning] [/home/benh/.vscode-oss/extensions/sumneko.lua-3.2.0]: Couldn't find message for key config.diagnostics.undefined-doc-name.
[2022-04-28 01:45:45.419] [renderer1] [warning] [/home/benh/.vscode-oss/extensions/sumneko.lua-3.2.0]: Couldn't find message for key config.diagnostics.undefined-doc-param.
[2022-04-28 01:45:45.420] [renderer1] [warning] [/home/benh/.vscode-oss/extensions/sumneko.lua-3.2.0]: Couldn't find message for key config.diagnostics.undefined-field.
[2022-04-28 01:45:45.420] [renderer1] [warning] [/home/benh/.vscode-oss/extensions/sumneko.lua-3.2.0]: Couldn't find message for key config.diagnostics.unknown-diag-code.
[2022-04-28 01:45:45.420] [renderer1] [warning] [/home/benh/.vscode-oss/extensions/sumneko.lua-3.2.0]: Couldn't find message for key config.format.defaultConfig.
[2022-04-28 01:45:45.421] [renderer1] [warning] [/home/benh/.vscode-oss/extensions/sumneko.lua-3.2.0]: Couldn't find message for key config.runtime.builtin.basic.
[2022-04-28 01:45:45.421] [renderer1] [warning] [/home/benh/.vscode-oss/extensions/sumneko.lua-3.2.0]: Couldn't find message for key config.runtime.builtin.bit.
[2022-04-28 01:45:45.421] [renderer1] [warning] [/home/benh/.vscode-oss/extensions/sumneko.lua-3.2.0]: Couldn't find message for key config.runtime.builtin.bit32.
[2022-04-28 01:45:45.422] [renderer1] [warning] [/home/benh/.vscode-oss/extensions/sumneko.lua-3.2.0]: Couldn't find message for key config.runtime.builtin.builtin.
[2022-04-28 01:45:45.422] [renderer1] [warning] [/home/benh/.vscode-oss/extensions/sumneko.lua-3.2.0]: Couldn't find message for key config.runtime.builtin.coroutine.
[2022-04-28 01:45:45.423] [renderer1] [warning] [/home/benh/.vscode-oss/extensions/sumneko.lua-3.2.0]: Couldn't find message for key config.runtime.builtin.debug.
[2022-04-28 01:45:45.423] [renderer1] [warning] [/home/benh/.vscode-oss/extensions/sumneko.lua-3.2.0]: Couldn't find message for key config.runtime.builtin.ffi.
[2022-04-28 01:45:45.423] [renderer1] [warning] [/home/benh/.vscode-oss/extensions/sumneko.lua-3.2.0]: Couldn't find message for key config.runtime.builtin.io.
[2022-04-28 01:45:45.424] [renderer1] [warning] [/home/benh/.vscode-oss/extensions/sumneko.lua-3.2.0]: Couldn't find message for key config.runtime.builtin.jit.
[2022-04-28 01:45:45.424] [renderer1] [warning] [/home/benh/.vscode-oss/extensions/sumneko.lua-3.2.0]: Couldn't find message for key config.runtime.builtin.math.
[2022-04-28 01:45:45.424] [renderer1] [warning] [/home/benh/.vscode-oss/extensions/sumneko.lua-3.2.0]: Couldn't find message for key config.runtime.builtin.os.
[2022-04-28 01:45:45.425] [renderer1] [warning] [/home/benh/.vscode-oss/extensions/sumneko.lua-3.2.0]: Couldn't find message for key config.runtime.builtin.package.
[2022-04-28 01:45:45.425] [renderer1] [warning] [/home/benh/.vscode-oss/extensions/sumneko.lua-3.2.0]: Couldn't find message for key config.runtime.builtin.string.
[2022-04-28 01:45:45.426] [renderer1] [warning] [/home/benh/.vscode-oss/extensions/sumneko.lua-3.2.0]: Couldn't find message for key config.runtime.builtin.table.
[2022-04-28 01:45:45.426] [renderer1] [warning] [/home/benh/.vscode-oss/extensions/sumneko.lua-3.2.0]: Couldn't find message for key config.runtime.builtin.utf8.
