[2022-04-21 15:13:46.034] [renderer1] [critical] Extension 'ms-python.python CANNOT USE these API proposals 'quickPickSortByLabel, testObserver, notebookEditor'. You MUST start in extension development mode or use the --enable-proposed-api command line flag
[2022-04-21 15:13:46.036] [renderer1] [critical] Extension 'ms-toolsai.jupyter CANNOT USE these API proposals 'notebookConcatTextDocument, notebookControllerKind, notebookDebugOptions, notebookDeprecated, notebookEditor, notebookEditorDecorationType, notebookEditorEdit, notebookMessaging, notebookMime, notebookCellExecutionState, portsAttributes, textDocumentNotebook, quickPickSortByLabel'. You MUST start in extension development mode or use the --enable-proposed-api command line flag
[2022-04-21 15:13:46.044] [renderer1] [info] Ignoring configured affinity for 'pub.name' because the extension is unknown or cannot execute.
[2022-04-21 15:13:46.212] [renderer1] [error] [ms-toolsai.jupyter]: interactive/toolbar is a proposed menu identifier. It requires 'package.json#enabledApiProposals: ["notebookEditor"]' and is only available when running out of dev or with the following command line switch: --enable-proposed-api ms-toolsai.jupyter
[2022-04-21 15:13:46.213] [renderer1] [error] [ms-toolsai.jupyter]: interactive/cell/title is a proposed menu identifier. It requires 'package.json#enabledApiProposals: ["notebookEditor"]' and is only available when running out of dev or with the following command line switch: --enable-proposed-api ms-toolsai.jupyter
[2022-04-21 15:13:46.668] [renderer1] [info] Ignoring configured affinity for 'pub.name' because the extension is unknown or cannot execute.
[2022-04-21 15:14:38.400] [renderer1] [warning] [/home/benh/.vscode-oss/extensions/sumneko.lua-2.5.3]: Couldn't find message for key config.diagnostics.ambiguity-1.
[2022-04-21 15:14:38.400] [renderer1] [warning] [/home/benh/.vscode-oss/extensions/sumneko.lua-2.5.3]: Couldn't find message for key config.diagnostics.await-in-sync.
[2022-04-21 15:14:38.401] [renderer1] [warning] [/home/benh/.vscode-oss/extensions/sumneko.lua-2.5.3]: Couldn't find message for key config.diagnostics.circle-doc-class.
[2022-04-21 15:14:38.401] [renderer1] [warning] [/home/benh/.vscode-oss/extensions/sumneko.lua-2.5.3]: Couldn't find message for key config.diagnostics.close-non-object.
[2022-04-21 15:14:38.402] [renderer1] [warning] [/home/benh/.vscode-oss/extensions/sumneko.lua-2.5.3]: Couldn't find message for key config.diagnostics.code-after-break.
[2022-04-21 15:14:38.402] [renderer1] [warning] [/home/benh/.vscode-oss/extensions/sumneko.lua-2.5.3]: Couldn't find message for key config.diagnostics.count-down-loop.
[2022-04-21 15:14:38.403] [renderer1] [warning] [/home/benh/.vscode-oss/extensions/sumneko.lua-2.5.3]: Couldn't find message for key config.diagnostics.deprecated.
[2022-04-21 15:14:38.403] [renderer1] [warning] [/home/benh/.vscode-oss/extensions/sumneko.lua-2.5.3]: Couldn't find message for key config.diagnostics.different-requires.
[2022-04-21 15:14:38.403] [renderer1] [warning] [/home/benh/.vscode-oss/extensions/sumneko.lua-2.5.3]: Couldn't find message for key config.diagnostics.discard-returns.
[2022-04-21 15:14:38.404] [renderer1] [warning] [/home/benh/.vscode-oss/extensions/sumneko.lua-2.5.3]: Couldn't find message for key config.diagnostics.doc-field-no-class.
[2022-04-21 15:14:38.404] [renderer1] [warning] [/home/benh/.vscode-oss/extensions/sumneko.lua-2.5.3]: Couldn't find message for key config.diagnostics.duplicate-doc-class.
[2022-04-21 15:14:38.405] [renderer1] [warning] [/home/benh/.vscode-oss/extensions/sumneko.lua-2.5.3]: Couldn't find message for key config.diagnostics.duplicate-doc-field.
[2022-04-21 15:14:38.405] [renderer1] [warning] [/home/benh/.vscode-oss/extensions/sumneko.lua-2.5.3]: Couldn't find message for key config.diagnostics.duplicate-doc-param.
[2022-04-21 15:14:38.406] [renderer1] [warning] [/home/benh/.vscode-oss/extensions/sumneko.lua-2.5.3]: Couldn't find message for key config.diagnostics.duplicate-index.
[2022-04-21 15:14:38.406] [renderer1] [warning] [/home/benh/.vscode-oss/extensions/sumneko.lua-2.5.3]: Couldn't find message for key config.diagnostics.duplicate-set-field.
[2022-04-21 15:14:38.406] [renderer1] [warning] [/home/benh/.vscode-oss/extensions/sumneko.lua-2.5.3]: Couldn't find message for key config.diagnostics.empty-block.
[2022-04-21 15:14:38.407] [renderer1] [warning] [/home/benh/.vscode-oss/extensions/sumneko.lua-2.5.3]: Couldn't find message for key config.diagnostics.global-in-nil-env.
[2022-04-21 15:14:38.407] [renderer1] [warning] [/home/benh/.vscode-oss/extensions/sumneko.lua-2.5.3]: Couldn't find message for key config.diagnostics.lowercase-global.
[2022-04-21 15:14:38.408] [renderer1] [warning] [/home/benh/.vscode-oss/extensions/sumneko.lua-2.5.3]: Couldn't find message for key config.diagnostics.newfield-call.
[2022-04-21 15:14:38.408] [renderer1] [warning] [/home/benh/.vscode-oss/extensions/sumneko.lua-2.5.3]: Couldn't find message for key config.diagnostics.newline-call.
[2022-04-21 15:14:38.408] [renderer1] [warning] [/home/benh/.vscode-oss/extensions/sumneko.lua-2.5.3]: Couldn't find message for key config.diagnostics.no-implicit-any.
[2022-04-21 15:14:38.410] [renderer1] [warning] [/home/benh/.vscode-oss/extensions/sumneko.lua-2.5.3]: Couldn't find message for key config.diagnostics.not-yieldable.
[2022-04-21 15:14:38.411] [renderer1] [warning] [/home/benh/.vscode-oss/extensions/sumneko.lua-2.5.3]: Couldn't find message for key config.diagnostics.redefined-local.
[2022-04-21 15:14:38.412] [renderer1] [warning] [/home/benh/.vscode-oss/extensions/sumneko.lua-2.5.3]: Couldn't find message for key config.diagnostics.redundant-parameter.
[2022-04-21 15:14:38.412] [renderer1] [warning] [/home/benh/.vscode-oss/extensions/sumneko.lua-2.5.3]: Couldn't find message for key config.diagnostics.redundant-return.
[2022-04-21 15:14:38.413] [renderer1] [warning] [/home/benh/.vscode-oss/extensions/sumneko.lua-2.5.3]: Couldn't find message for key config.diagnostics.redundant-value.
[2022-04-21 15:14:38.414] [renderer1] [warning] [/home/benh/.vscode-oss/extensions/sumneko.lua-2.5.3]: Couldn't find message for key config.diagnostics.trailing-space.
[2022-04-21 15:14:38.415] [renderer1] [warning] [/home/benh/.vscode-oss/extensions/sumneko.lua-2.5.3]: Couldn't find message for key config.diagnostics.type-check.
[2022-04-21 15:14:38.415] [renderer1] [warning] [/home/benh/.vscode-oss/extensions/sumneko.lua-2.5.3]: Couldn't find message for key config.diagnostics.unbalanced-assignments.
[2022-04-21 15:14:38.416] [renderer1] [warning] [/home/benh/.vscode-oss/extensions/sumneko.lua-2.5.3]: Couldn't find message for key config.diagnostics.undefined-doc-class.
[2022-04-21 15:14:38.417] [renderer1] [warning] [/home/benh/.vscode-oss/extensions/sumneko.lua-2.5.3]: Couldn't find message for key config.diagnostics.undefined-doc-name.
[2022-04-21 15:14:38.418] [renderer1] [warning] [/home/benh/.vscode-oss/extensions/sumneko.lua-2.5.3]: Couldn't find message for key config.diagnostics.undefined-doc-param.
[2022-04-21 15:14:38.418] [renderer1] [warning] [/home/benh/.vscode-oss/extensions/sumneko.lua-2.5.3]: Couldn't find message for key config.diagnostics.undefined-env-child.
[2022-04-21 15:14:38.419] [renderer1] [warning] [/home/benh/.vscode-oss/extensions/sumneko.lua-2.5.3]: Couldn't find message for key config.diagnostics.undefined-field.
[2022-04-21 15:14:38.419] [renderer1] [warning] [/home/benh/.vscode-oss/extensions/sumneko.lua-2.5.3]: Couldn't find message for key config.diagnostics.undefined-global.
[2022-04-21 15:14:38.420] [renderer1] [warning] [/home/benh/.vscode-oss/extensions/sumneko.lua-2.5.3]: Couldn't find message for key config.diagnostics.unknown-diag-code.
[2022-04-21 15:14:38.420] [renderer1] [warning] [/home/benh/.vscode-oss/extensions/sumneko.lua-2.5.3]: Couldn't find message for key config.diagnostics.unused-function.
[2022-04-21 15:14:38.420] [renderer1] [warning] [/home/benh/.vscode-oss/extensions/sumneko.lua-2.5.3]: Couldn't find message for key config.diagnostics.unused-label.
[2022-04-21 15:14:38.421] [renderer1] [warning] [/home/benh/.vscode-oss/extensions/sumneko.lua-2.5.3]: Couldn't find message for key config.diagnostics.unused-local.
[2022-04-21 15:14:38.421] [renderer1] [warning] [/home/benh/.vscode-oss/extensions/sumneko.lua-2.5.3]: Couldn't find message for key config.diagnostics.unused-vararg.
[2022-04-21 15:14:38.421] [renderer1] [warning] [/home/benh/.vscode-oss/extensions/sumneko.lua-2.5.3]: Couldn't find message for key config.diagnostics.ambiguity-1.
[2022-04-21 15:14:38.422] [renderer1] [warning] [/home/benh/.vscode-oss/extensions/sumneko.lua-2.5.3]: Couldn't find message for key config.diagnostics.await-in-sync.
[2022-04-21 15:14:38.422] [renderer1] [warning] [/home/benh/.vscode-oss/extensions/sumneko.lua-2.5.3]: Couldn't find message for key config.diagnostics.circle-doc-class.
[2022-04-21 15:14:38.423] [renderer1] [warning] [/home/benh/.vscode-oss/extensions/sumneko.lua-2.5.3]: Couldn't find message for key config.diagnostics.close-non-object.
[2022-04-21 15:14:38.423] [renderer1] [warning] [/home/benh/.vscode-oss/extensions/sumneko.lua-2.5.3]: Couldn't find message for key config.diagnostics.code-after-break.
[2022-04-21 15:14:38.423] [renderer1] [warning] [/home/benh/.vscode-oss/extensions/sumneko.lua-2.5.3]: Couldn't find message for key config.diagnostics.count-down-loop.
[2022-04-21 15:14:38.424] [renderer1] [warning] [/home/benh/.vscode-oss/extensions/sumneko.lua-2.5.3]: Couldn't find message for key config.diagnostics.deprecated.
[2022-04-21 15:14:38.424] [renderer1] [warning] [/home/benh/.vscode-oss/extensions/sumneko.lua-2.5.3]: Couldn't find message for key config.diagnostics.different-requires.
[2022-04-21 15:14:38.424] [renderer1] [warning] [/home/benh/.vscode-oss/extensions/sumneko.lua-2.5.3]: Couldn't find message for key config.diagnostics.discard-returns.
[2022-04-21 15:14:38.425] [renderer1] [warning] [/home/benh/.vscode-oss/extensions/sumneko.lua-2.5.3]: Couldn't find message for key config.diagnostics.doc-field-no-class.
[2022-04-21 15:14:38.425] [renderer1] [warning] [/home/benh/.vscode-oss/extensions/sumneko.lua-2.5.3]: Couldn't find message for key config.diagnostics.duplicate-doc-class.
[2022-04-21 15:14:38.426] [renderer1] [warning] [/home/benh/.vscode-oss/extensions/sumneko.lua-2.5.3]: Couldn't find message for key config.diagnostics.duplicate-doc-field.
[2022-04-21 15:14:38.426] [renderer1] [warning] [/home/benh/.vscode-oss/extensions/sumneko.lua-2.5.3]: Couldn't find message for key config.diagnostics.duplicate-doc-param.
[2022-04-21 15:14:38.426] [renderer1] [warning] [/home/benh/.vscode-oss/extensions/sumneko.lua-2.5.3]: Couldn't find message for key config.diagnostics.duplicate-index.
[2022-04-21 15:14:38.427] [renderer1] [warning] [/home/benh/.vscode-oss/extensions/sumneko.lua-2.5.3]: Couldn't find message for key config.diagnostics.duplicate-set-field.
[2022-04-21 15:14:38.427] [renderer1] [warning] [/home/benh/.vscode-oss/extensions/sumneko.lua-2.5.3]: Couldn't find message for key config.diagnostics.empty-block.
[2022-04-21 15:14:38.428] [renderer1] [warning] [/home/benh/.vscode-oss/extensions/sumneko.lua-2.5.3]: Couldn't find message for key config.diagnostics.global-in-nil-env.
[2022-04-21 15:14:38.428] [renderer1] [warning] [/home/benh/.vscode-oss/extensions/sumneko.lua-2.5.3]: Couldn't find message for key config.diagnostics.lowercase-global.
[2022-04-21 15:14:38.429] [renderer1] [warning] [/home/benh/.vscode-oss/extensions/sumneko.lua-2.5.3]: Couldn't find message for key config.diagnostics.newfield-call.
[2022-04-21 15:14:38.429] [renderer1] [warning] [/home/benh/.vscode-oss/extensions/sumneko.lua-2.5.3]: Couldn't find message for key config.diagnostics.newline-call.
[2022-04-21 15:14:38.429] [renderer1] [warning] [/home/benh/.vscode-oss/extensions/sumneko.lua-2.5.3]: Couldn't find message for key config.diagnostics.no-implicit-any.
[2022-04-21 15:14:38.430] [renderer1] [warning] [/home/benh/.vscode-oss/extensions/sumneko.lua-2.5.3]: Couldn't find message for key config.diagnostics.not-yieldable.
[2022-04-21 15:14:38.430] [renderer1] [warning] [/home/benh/.vscode-oss/extensions/sumneko.lua-2.5.3]: Couldn't find message for key config.diagnostics.redefined-local.
[2022-04-21 15:14:38.430] [renderer1] [warning] [/home/benh/.vscode-oss/extensions/sumneko.lua-2.5.3]: Couldn't find message for key config.diagnostics.redundant-parameter.
[2022-04-21 15:14:38.431] [renderer1] [warning] [/home/benh/.vscode-oss/extensions/sumneko.lua-2.5.3]: Couldn't find message for key config.diagnostics.redundant-return.
[2022-04-21 15:14:38.431] [renderer1] [warning] [/home/benh/.vscode-oss/extensions/sumneko.lua-2.5.3]: Couldn't find message for key config.diagnostics.redundant-value.
[2022-04-21 15:14:38.431] [renderer1] [warning] [/home/benh/.vscode-oss/extensions/sumneko.lua-2.5.3]: Couldn't find message for key config.diagnostics.trailing-space.
[2022-04-21 15:14:38.437] [renderer1] [warning] [/home/benh/.vscode-oss/extensions/sumneko.lua-2.5.3]: Couldn't find message for key config.diagnostics.type-check.
[2022-04-21 15:14:38.439] [renderer1] [warning] [/home/benh/.vscode-oss/extensions/sumneko.lua-2.5.3]: Couldn't find message for key config.diagnostics.unbalanced-assignments.
[2022-04-21 15:14:38.441] [renderer1] [warning] [/home/benh/.vscode-oss/extensions/sumneko.lua-2.5.3]: Couldn't find message for key config.diagnostics.undefined-doc-class.
[2022-04-21 15:14:38.441] [renderer1] [warning] [/home/benh/.vscode-oss/extensions/sumneko.lua-2.5.3]: Couldn't find message for key config.diagnostics.undefined-doc-name.
[2022-04-21 15:14:38.441] [renderer1] [warning] [/home/benh/.vscode-oss/extensions/sumneko.lua-2.5.3]: Couldn't find message for key config.diagnostics.undefined-doc-param.
[2022-04-21 15:14:38.442] [renderer1] [warning] [/home/benh/.vscode-oss/extensions/sumneko.lua-2.5.3]: Couldn't find message for key config.diagnostics.undefined-env-child.
[2022-04-21 15:14:38.442] [renderer1] [warning] [/home/benh/.vscode-oss/extensions/sumneko.lua-2.5.3]: Couldn't find message for key config.diagnostics.undefined-field.
[2022-04-21 15:14:38.442] [renderer1] [warning] [/home/benh/.vscode-oss/extensions/sumneko.lua-2.5.3]: Couldn't find message for key config.diagnostics.undefined-global.
[2022-04-21 15:14:38.443] [renderer1] [warning] [/home/benh/.vscode-oss/extensions/sumneko.lua-2.5.3]: Couldn't find message for key config.diagnostics.unknown-diag-code.
[2022-04-21 15:14:38.443] [renderer1] [warning] [/home/benh/.vscode-oss/extensions/sumneko.lua-2.5.3]: Couldn't find message for key config.diagnostics.unused-function.
[2022-04-21 15:14:38.445] [renderer1] [warning] [/home/benh/.vscode-oss/extensions/sumneko.lua-2.5.3]: Couldn't find message for key config.diagnostics.unused-label.
[2022-04-21 15:14:38.445] [renderer1] [warning] [/home/benh/.vscode-oss/extensions/sumneko.lua-2.5.3]: Couldn't find message for key config.diagnostics.unused-local.
[2022-04-21 15:14:38.445] [renderer1] [warning] [/home/benh/.vscode-oss/extensions/sumneko.lua-2.5.3]: Couldn't find message for key config.diagnostics.unused-vararg.
[2022-04-21 15:14:38.446] [renderer1] [warning] [/home/benh/.vscode-oss/extensions/sumneko.lua-2.5.3]: Couldn't find message for key config.runtime.builtin.basic.
[2022-04-21 15:14:38.446] [renderer1] [warning] [/home/benh/.vscode-oss/extensions/sumneko.lua-2.5.3]: Couldn't find message for key config.runtime.builtin.bit.
[2022-04-21 15:14:38.447] [renderer1] [warning] [/home/benh/.vscode-oss/extensions/sumneko.lua-2.5.3]: Couldn't find message for key config.runtime.builtin.bit32.
[2022-04-21 15:14:38.447] [renderer1] [warning] [/home/benh/.vscode-oss/extensions/sumneko.lua-2.5.3]: Couldn't find message for key config.runtime.builtin.builtin.
[2022-04-21 15:14:38.447] [renderer1] [warning] [/home/benh/.vscode-oss/extensions/sumneko.lua-2.5.3]: Couldn't find message for key config.runtime.builtin.coroutine.
[2022-04-21 15:14:38.448] [renderer1] [warning] [/home/benh/.vscode-oss/extensions/sumneko.lua-2.5.3]: Couldn't find message for key config.runtime.builtin.debug.
[2022-04-21 15:14:38.448] [renderer1] [warning] [/home/benh/.vscode-oss/extensions/sumneko.lua-2.5.3]: Couldn't find message for key config.runtime.builtin.ffi.
[2022-04-21 15:14:38.449] [renderer1] [warning] [/home/benh/.vscode-oss/extensions/sumneko.lua-2.5.3]: Couldn't find message for key config.runtime.builtin.io.
[2022-04-21 15:14:38.449] [renderer1] [warning] [/home/benh/.vscode-oss/extensions/sumneko.lua-2.5.3]: Couldn't find message for key config.runtime.builtin.jit.
[2022-04-21 15:14:38.450] [renderer1] [warning] [/home/benh/.vscode-oss/extensions/sumneko.lua-2.5.3]: Couldn't find message for key config.runtime.builtin.math.
[2022-04-21 15:14:38.450] [renderer1] [warning] [/home/benh/.vscode-oss/extensions/sumneko.lua-2.5.3]: Couldn't find message for key config.runtime.builtin.os.
[2022-04-21 15:14:38.450] [renderer1] [warning] [/home/benh/.vscode-oss/extensions/sumneko.lua-2.5.3]: Couldn't find message for key config.runtime.builtin.package.
[2022-04-21 15:14:38.451] [renderer1] [warning] [/home/benh/.vscode-oss/extensions/sumneko.lua-2.5.3]: Couldn't find message for key config.runtime.builtin.string.
[2022-04-21 15:14:38.451] [renderer1] [warning] [/home/benh/.vscode-oss/extensions/sumneko.lua-2.5.3]: Couldn't find message for key config.runtime.builtin.table.
[2022-04-21 15:14:38.451] [renderer1] [warning] [/home/benh/.vscode-oss/extensions/sumneko.lua-2.5.3]: Couldn't find message for key config.runtime.builtin.utf8.
[2022-04-21 15:14:38.561] [renderer1] [critical] Extension 'ms-python.python CANNOT USE these API proposals 'quickPickSortByLabel, testObserver, notebookEditor'. You MUST start in extension development mode or use the --enable-proposed-api command line flag
[2022-04-21 15:14:38.562] [renderer1] [critical] Extension 'ms-toolsai.jupyter CANNOT USE these API proposals 'notebookConcatTextDocument, notebookControllerKind, notebookDebugOptions, notebookDeprecated, notebookEditor, notebookEditorDecorationType, notebookEditorEdit, notebookMessaging, notebookMime, notebookCellExecutionState, portsAttributes, textDocumentNotebook, quickPickSortByLabel'. You MUST start in extension development mode or use the --enable-proposed-api command line flag
[2022-04-21 15:14:38.567] [renderer1] [info] Ignoring configured affinity for 'pub.name' because the extension is unknown or cannot execute.
[2022-04-21 15:14:38.673] [renderer1] [error] [ms-toolsai.jupyter]: interactive/toolbar is a proposed menu identifier. It requires 'package.json#enabledApiProposals: ["notebookEditor"]' and is only available when running out of dev or with the following command line switch: --enable-proposed-api ms-toolsai.jupyter
[2022-04-21 15:14:38.674] [renderer1] [error] [ms-toolsai.jupyter]: interactive/cell/title is a proposed menu identifier. It requires 'package.json#enabledApiProposals: ["notebookEditor"]' and is only available when running out of dev or with the following command line switch: --enable-proposed-api ms-toolsai.jupyter
[2022-04-21 15:14:38.772] [renderer1] [info] Ignoring configured affinity for 'pub.name' because the extension is unknown or cannot execute.
[2022-04-21 15:20:23.874] [renderer1] [error] Cannot read properties of undefined (reading 'value'): TypeError: Cannot read properties of undefined (reading 'value')
	at SignatureHelpProvider.hoverToSignatureHelp (/home/benh/.vscode-oss/extensions/rust-lang.rust-0.7.8/out/src/providers/signatureHelpProvider.js:75:41)
	at /home/benh/.vscode-oss/extensions/rust-lang.rust-0.7.8/out/src/providers/signatureHelpProvider.js:15:105
	at async ee.provideSignatureHelp (/opt/vscodium-bin/resources/app/out/vs/workbench/api/node/extensionHostProcess.js:85:114837)
[2022-04-21 15:20:24.872] [renderer1] [error] Cannot read properties of undefined (reading 'value'): TypeError: Cannot read properties of undefined (reading 'value')
	at SignatureHelpProvider.hoverToSignatureHelp (/home/benh/.vscode-oss/extensions/rust-lang.rust-0.7.8/out/src/providers/signatureHelpProvider.js:75:41)
	at /home/benh/.vscode-oss/extensions/rust-lang.rust-0.7.8/out/src/providers/signatureHelpProvider.js:20:130
	at async ee.provideSignatureHelp (/opt/vscodium-bin/resources/app/out/vs/workbench/api/node/extensionHostProcess.js:85:114837)
[2022-04-21 15:43:22.785] [renderer1] [error] Cannot read properties of undefined (reading 'value'): TypeError: Cannot read properties of undefined (reading 'value')
	at SignatureHelpProvider.hoverToSignatureHelp (/home/benh/.vscode-oss/extensions/rust-lang.rust-0.7.8/out/src/providers/signatureHelpProvider.js:75:41)
	at /home/benh/.vscode-oss/extensions/rust-lang.rust-0.7.8/out/src/providers/signatureHelpProvider.js:15:105
	at async ee.provideSignatureHelp (/opt/vscodium-bin/resources/app/out/vs/workbench/api/node/extensionHostProcess.js:85:114837)
[2022-04-21 15:43:23.559] [renderer1] [error] Cannot read properties of undefined (reading 'value'): TypeError: Cannot read properties of undefined (reading 'value')
	at SignatureHelpProvider.hoverToSignatureHelp (/home/benh/.vscode-oss/extensions/rust-lang.rust-0.7.8/out/src/providers/signatureHelpProvider.js:75:41)
	at /home/benh/.vscode-oss/extensions/rust-lang.rust-0.7.8/out/src/providers/signatureHelpProvider.js:20:130
	at async ee.provideSignatureHelp (/opt/vscodium-bin/resources/app/out/vs/workbench/api/node/extensionHostProcess.js:85:114837)
[2022-04-21 15:43:24.917] [renderer1] [error] Cannot read properties of undefined (reading 'value'): TypeError: Cannot read properties of undefined (reading 'value')
	at SignatureHelpProvider.hoverToSignatureHelp (/home/benh/.vscode-oss/extensions/rust-lang.rust-0.7.8/out/src/providers/signatureHelpProvider.js:75:41)
	at /home/benh/.vscode-oss/extensions/rust-lang.rust-0.7.8/out/src/providers/signatureHelpProvider.js:20:130
	at async ee.provideSignatureHelp (/opt/vscodium-bin/resources/app/out/vs/workbench/api/node/extensionHostProcess.js:85:114837)
[2022-04-21 15:43:52.203] [renderer1] [error] Cannot read properties of undefined (reading 'value'): TypeError: Cannot read properties of undefined (reading 'value')
	at SignatureHelpProvider.hoverToSignatureHelp (/home/benh/.vscode-oss/extensions/rust-lang.rust-0.7.8/out/src/providers/signatureHelpProvider.js:75:41)
	at /home/benh/.vscode-oss/extensions/rust-lang.rust-0.7.8/out/src/providers/signatureHelpProvider.js:15:105
	at async ee.provideSignatureHelp (/opt/vscodium-bin/resources/app/out/vs/workbench/api/node/extensionHostProcess.js:85:114837)
[2022-04-21 15:44:50.046] [renderer1] [error] Cannot read properties of undefined (reading 'value'): TypeError: Cannot read properties of undefined (reading 'value')
	at SignatureHelpProvider.hoverToSignatureHelp (/home/benh/.vscode-oss/extensions/rust-lang.rust-0.7.8/out/src/providers/signatureHelpProvider.js:75:41)
	at /home/benh/.vscode-oss/extensions/rust-lang.rust-0.7.8/out/src/providers/signatureHelpProvider.js:15:105
	at async ee.provideSignatureHelp (/opt/vscodium-bin/resources/app/out/vs/workbench/api/node/extensionHostProcess.js:85:114837)
[2022-04-21 15:45:22.183] [renderer1] [error] Cannot read properties of undefined (reading 'value'): TypeError: Cannot read properties of undefined (reading 'value')
	at SignatureHelpProvider.hoverToSignatureHelp (/home/benh/.vscode-oss/extensions/rust-lang.rust-0.7.8/out/src/providers/signatureHelpProvider.js:75:41)
	at /home/benh/.vscode-oss/extensions/rust-lang.rust-0.7.8/out/src/providers/signatureHelpProvider.js:15:105
	at async ee.provideSignatureHelp (/opt/vscodium-bin/resources/app/out/vs/workbench/api/node/extensionHostProcess.js:85:114837)
[2022-04-21 15:48:58.383] [renderer1] [error] Cannot read properties of undefined (reading 'value'): TypeError: Cannot read properties of undefined (reading 'value')
	at SignatureHelpProvider.hoverToSignatureHelp (/home/benh/.vscode-oss/extensions/rust-lang.rust-0.7.8/out/src/providers/signatureHelpProvider.js:75:41)
	at /home/benh/.vscode-oss/extensions/rust-lang.rust-0.7.8/out/src/providers/signatureHelpProvider.js:15:105
	at async ee.provideSignatureHelp (/opt/vscodium-bin/resources/app/out/vs/workbench/api/node/extensionHostProcess.js:85:114837)
[2022-04-21 15:49:25.388] [renderer1] [error] Cannot read properties of undefined (reading 'value'): TypeError: Cannot read properties of undefined (reading 'value')
	at SignatureHelpProvider.hoverToSignatureHelp (/home/benh/.vscode-oss/extensions/rust-lang.rust-0.7.8/out/src/providers/signatureHelpProvider.js:75:41)
	at /home/benh/.vscode-oss/extensions/rust-lang.rust-0.7.8/out/src/providers/signatureHelpProvider.js:20:130
	at async ee.provideSignatureHelp (/opt/vscodium-bin/resources/app/out/vs/workbench/api/node/extensionHostProcess.js:85:114837)
[2022-04-21 15:49:29.903] [renderer1] [error] Cannot read properties of undefined (reading 'value'): TypeError: Cannot read properties of undefined (reading 'value')
	at SignatureHelpProvider.hoverToSignatureHelp (/home/benh/.vscode-oss/extensions/rust-lang.rust-0.7.8/out/src/providers/signatureHelpProvider.js:75:41)
	at /home/benh/.vscode-oss/extensions/rust-lang.rust-0.7.8/out/src/providers/signatureHelpProvider.js:20:130
	at async ee.provideSignatureHelp (/opt/vscodium-bin/resources/app/out/vs/workbench/api/node/extensionHostProcess.js:85:114837)
[2022-04-21 15:50:20.990] [renderer1] [error] Cannot read properties of undefined (reading 'value'): TypeError: Cannot read properties of undefined (reading 'value')
	at SignatureHelpProvider.hoverToSignatureHelp (/home/benh/.vscode-oss/extensions/rust-lang.rust-0.7.8/out/src/providers/signatureHelpProvider.js:75:41)
	at /home/benh/.vscode-oss/extensions/rust-lang.rust-0.7.8/out/src/providers/signatureHelpProvider.js:15:105
	at async ee.provideSignatureHelp (/opt/vscodium-bin/resources/app/out/vs/workbench/api/node/extensionHostProcess.js:85:114837)
[2022-04-21 15:50:59.523] [renderer1] [error] Cannot read properties of undefined (reading 'value'): TypeError: Cannot read properties of undefined (reading 'value')
	at SignatureHelpProvider.hoverToSignatureHelp (/home/benh/.vscode-oss/extensions/rust-lang.rust-0.7.8/out/src/providers/signatureHelpProvider.js:75:41)
	at /home/benh/.vscode-oss/extensions/rust-lang.rust-0.7.8/out/src/providers/signatureHelpProvider.js:15:105
	at async ee.provideSignatureHelp (/opt/vscodium-bin/resources/app/out/vs/workbench/api/node/extensionHostProcess.js:85:114837)
[2022-04-21 15:57:47.188] [renderer1] [error] Cannot read properties of undefined (reading 'value'): TypeError: Cannot read properties of undefined (reading 'value')
	at SignatureHelpProvider.hoverToSignatureHelp (/home/benh/.vscode-oss/extensions/rust-lang.rust-0.7.8/out/src/providers/signatureHelpProvider.js:75:41)
	at /home/benh/.vscode-oss/extensions/rust-lang.rust-0.7.8/out/src/providers/signatureHelpProvider.js:15:105
	at async ee.provideSignatureHelp (/opt/vscodium-bin/resources/app/out/vs/workbench/api/node/extensionHostProcess.js:85:114837)
[2022-04-21 16:04:17.686] [renderer1] [error] Cannot read properties of undefined (reading 'value'): TypeError: Cannot read properties of undefined (reading 'value')
	at SignatureHelpProvider.hoverToSignatureHelp (/home/benh/.vscode-oss/extensions/rust-lang.rust-0.7.8/out/src/providers/signatureHelpProvider.js:75:41)
	at /home/benh/.vscode-oss/extensions/rust-lang.rust-0.7.8/out/src/providers/signatureHelpProvider.js:15:105
	at async ee.provideSignatureHelp (/opt/vscodium-bin/resources/app/out/vs/workbench/api/node/extensionHostProcess.js:85:114837)
[2022-04-21 16:04:18.109] [renderer1] [error] Cannot read properties of undefined (reading 'value'): TypeError: Cannot read properties of undefined (reading 'value')
	at SignatureHelpProvider.hoverToSignatureHelp (/home/benh/.vscode-oss/extensions/rust-lang.rust-0.7.8/out/src/providers/signatureHelpProvider.js:75:41)
	at /home/benh/.vscode-oss/extensions/rust-lang.rust-0.7.8/out/src/providers/signatureHelpProvider.js:20:130
	at async ee.provideSignatureHelp (/opt/vscodium-bin/resources/app/out/vs/workbench/api/node/extensionHostProcess.js:85:114837)
[2022-04-21 16:14:05.580] [renderer1] [error] Cannot read properties of undefined (reading 'value'): TypeError: Cannot read properties of undefined (reading 'value')
	at SignatureHelpProvider.hoverToSignatureHelp (/home/benh/.vscode-oss/extensions/rust-lang.rust-0.7.8/out/src/providers/signatureHelpProvider.js:75:41)
	at /home/benh/.vscode-oss/extensions/rust-lang.rust-0.7.8/out/src/providers/signatureHelpProvider.js:15:105
	at async ee.provideSignatureHelp (/opt/vscodium-bin/resources/app/out/vs/workbench/api/node/extensionHostProcess.js:85:114837)
[2022-04-21 16:15:02.407] [renderer1] [error] Cannot read properties of undefined (reading 'value'): TypeError: Cannot read properties of undefined (reading 'value')
	at SignatureHelpProvider.hoverToSignatureHelp (/home/benh/.vscode-oss/extensions/rust-lang.rust-0.7.8/out/src/providers/signatureHelpProvider.js:75:41)
	at /home/benh/.vscode-oss/extensions/rust-lang.rust-0.7.8/out/src/providers/signatureHelpProvider.js:15:105
	at async ee.provideSignatureHelp (/opt/vscodium-bin/resources/app/out/vs/workbench/api/node/extensionHostProcess.js:85:114837)
[2022-04-21 16:16:53.214] [renderer1] [error] Cannot read properties of undefined (reading 'value'): TypeError: Cannot read properties of undefined (reading 'value')
	at SignatureHelpProvider.hoverToSignatureHelp (/home/benh/.vscode-oss/extensions/rust-lang.rust-0.7.8/out/src/providers/signatureHelpProvider.js:75:41)
	at /home/benh/.vscode-oss/extensions/rust-lang.rust-0.7.8/out/src/providers/signatureHelpProvider.js:15:105
	at async ee.provideSignatureHelp (/opt/vscodium-bin/resources/app/out/vs/workbench/api/node/extensionHostProcess.js:85:114837)
[2022-04-21 16:17:00.556] [renderer1] [error] Cannot read properties of undefined (reading 'value'): TypeError: Cannot read properties of undefined (reading 'value')
	at SignatureHelpProvider.hoverToSignatureHelp (/home/benh/.vscode-oss/extensions/rust-lang.rust-0.7.8/out/src/providers/signatureHelpProvider.js:75:41)
	at /home/benh/.vscode-oss/extensions/rust-lang.rust-0.7.8/out/src/providers/signatureHelpProvider.js:15:105
	at async ee.provideSignatureHelp (/opt/vscodium-bin/resources/app/out/vs/workbench/api/node/extensionHostProcess.js:85:114837)
[2022-04-21 16:17:28.438] [renderer1] [error] Cannot read properties of undefined (reading 'value'): TypeError: Cannot read properties of undefined (reading 'value')
	at SignatureHelpProvider.hoverToSignatureHelp (/home/benh/.vscode-oss/extensions/rust-lang.rust-0.7.8/out/src/providers/signatureHelpProvider.js:75:41)
	at /home/benh/.vscode-oss/extensions/rust-lang.rust-0.7.8/out/src/providers/signatureHelpProvider.js:15:105
	at async ee.provideSignatureHelp (/opt/vscodium-bin/resources/app/out/vs/workbench/api/node/extensionHostProcess.js:85:114837)
[2022-04-21 16:21:44.855] [renderer1] [error] Cannot read properties of undefined (reading 'value'): TypeError: Cannot read properties of undefined (reading 'value')
	at SignatureHelpProvider.hoverToSignatureHelp (/home/benh/.vscode-oss/extensions/rust-lang.rust-0.7.8/out/src/providers/signatureHelpProvider.js:75:41)
	at /home/benh/.vscode-oss/extensions/rust-lang.rust-0.7.8/out/src/providers/signatureHelpProvider.js:15:105
	at async ee.provideSignatureHelp (/opt/vscodium-bin/resources/app/out/vs/workbench/api/node/extensionHostProcess.js:85:114837)
[2022-04-21 16:22:36.821] [renderer1] [error] Cannot read properties of undefined (reading 'value'): TypeError: Cannot read properties of undefined (reading 'value')
	at SignatureHelpProvider.hoverToSignatureHelp (/home/benh/.vscode-oss/extensions/rust-lang.rust-0.7.8/out/src/providers/signatureHelpProvider.js:75:41)
	at /home/benh/.vscode-oss/extensions/rust-lang.rust-0.7.8/out/src/providers/signatureHelpProvider.js:15:105
	at async ee.provideSignatureHelp (/opt/vscodium-bin/resources/app/out/vs/workbench/api/node/extensionHostProcess.js:85:114837)
[2022-04-21 16:25:33.576] [renderer1] [error] Cannot read properties of undefined (reading 'value'): TypeError: Cannot read properties of undefined (reading 'value')
	at SignatureHelpProvider.hoverToSignatureHelp (/home/benh/.vscode-oss/extensions/rust-lang.rust-0.7.8/out/src/providers/signatureHelpProvider.js:75:41)
	at /home/benh/.vscode-oss/extensions/rust-lang.rust-0.7.8/out/src/providers/signatureHelpProvider.js:15:105
	at async ee.provideSignatureHelp (/opt/vscodium-bin/resources/app/out/vs/workbench/api/node/extensionHostProcess.js:85:114837)
[2022-04-21 16:26:35.760] [renderer1] [error] Cannot read properties of undefined (reading 'value'): TypeError: Cannot read properties of undefined (reading 'value')
	at SignatureHelpProvider.hoverToSignatureHelp (/home/benh/.vscode-oss/extensions/rust-lang.rust-0.7.8/out/src/providers/signatureHelpProvider.js:75:41)
	at /home/benh/.vscode-oss/extensions/rust-lang.rust-0.7.8/out/src/providers/signatureHelpProvider.js:15:105
	at async ee.provideSignatureHelp (/opt/vscodium-bin/resources/app/out/vs/workbench/api/node/extensionHostProcess.js:85:114837)
[2022-04-21 16:27:54.567] [renderer1] [error] Cannot read properties of undefined (reading 'value'): TypeError: Cannot read properties of undefined (reading 'value')
	at SignatureHelpProvider.hoverToSignatureHelp (/home/benh/.vscode-oss/extensions/rust-lang.rust-0.7.8/out/src/providers/signatureHelpProvider.js:75:41)
	at /home/benh/.vscode-oss/extensions/rust-lang.rust-0.7.8/out/src/providers/signatureHelpProvider.js:15:105
	at async ee.provideSignatureHelp (/opt/vscodium-bin/resources/app/out/vs/workbench/api/node/extensionHostProcess.js:85:114837)
[2022-04-21 16:28:01.752] [renderer1] [error] Cannot read properties of undefined (reading 'value'): TypeError: Cannot read properties of undefined (reading 'value')
	at SignatureHelpProvider.hoverToSignatureHelp (/home/benh/.vscode-oss/extensions/rust-lang.rust-0.7.8/out/src/providers/signatureHelpProvider.js:75:41)
	at /home/benh/.vscode-oss/extensions/rust-lang.rust-0.7.8/out/src/providers/signatureHelpProvider.js:20:130
	at async ee.provideSignatureHelp (/opt/vscodium-bin/resources/app/out/vs/workbench/api/node/extensionHostProcess.js:85:114837)
[2022-04-21 16:41:51.412] [renderer1] [error] Cannot read properties of undefined (reading 'value'): TypeError: Cannot read properties of undefined (reading 'value')
	at SignatureHelpProvider.hoverToSignatureHelp (/home/benh/.vscode-oss/extensions/rust-lang.rust-0.7.8/out/src/providers/signatureHelpProvider.js:75:41)
	at /home/benh/.vscode-oss/extensions/rust-lang.rust-0.7.8/out/src/providers/signatureHelpProvider.js:15:105
	at async ee.provideSignatureHelp (/opt/vscodium-bin/resources/app/out/vs/workbench/api/node/extensionHostProcess.js:85:114837)
[2022-04-21 16:51:29.631] [renderer1] [error] Cannot read properties of undefined (reading 'value'): TypeError: Cannot read properties of undefined (reading 'value')
	at SignatureHelpProvider.hoverToSignatureHelp (/home/benh/.vscode-oss/extensions/rust-lang.rust-0.7.8/out/src/providers/signatureHelpProvider.js:75:41)
	at /home/benh/.vscode-oss/extensions/rust-lang.rust-0.7.8/out/src/providers/signatureHelpProvider.js:15:105
	at async ee.provideSignatureHelp (/opt/vscodium-bin/resources/app/out/vs/workbench/api/node/extensionHostProcess.js:85:114837)
[2022-04-21 16:51:39.023] [renderer1] [error] Cannot read properties of undefined (reading 'value'): TypeError: Cannot read properties of undefined (reading 'value')
	at SignatureHelpProvider.hoverToSignatureHelp (/home/benh/.vscode-oss/extensions/rust-lang.rust-0.7.8/out/src/providers/signatureHelpProvider.js:75:41)
	at /home/benh/.vscode-oss/extensions/rust-lang.rust-0.7.8/out/src/providers/signatureHelpProvider.js:15:105
	at async ee.provideSignatureHelp (/opt/vscodium-bin/resources/app/out/vs/workbench/api/node/extensionHostProcess.js:85:114837)
[2022-04-21 16:51:48.858] [renderer1] [error] Cannot read properties of undefined (reading 'value'): TypeError: Cannot read properties of undefined (reading 'value')
	at SignatureHelpProvider.hoverToSignatureHelp (/home/benh/.vscode-oss/extensions/rust-lang.rust-0.7.8/out/src/providers/signatureHelpProvider.js:75:41)
	at /home/benh/.vscode-oss/extensions/rust-lang.rust-0.7.8/out/src/providers/signatureHelpProvider.js:15:105
	at async ee.provideSignatureHelp (/opt/vscodium-bin/resources/app/out/vs/workbench/api/node/extensionHostProcess.js:85:114837)
[2022-04-21 16:52:53.431] [renderer1] [error] Cannot read properties of undefined (reading 'value'): TypeError: Cannot read properties of undefined (reading 'value')
	at SignatureHelpProvider.hoverToSignatureHelp (/home/benh/.vscode-oss/extensions/rust-lang.rust-0.7.8/out/src/providers/signatureHelpProvider.js:75:41)
	at /home/benh/.vscode-oss/extensions/rust-lang.rust-0.7.8/out/src/providers/signatureHelpProvider.js:15:105
	at async ee.provideSignatureHelp (/opt/vscodium-bin/resources/app/out/vs/workbench/api/node/extensionHostProcess.js:85:114837)
[2022-04-21 16:53:14.913] [renderer1] [error] Cannot read properties of undefined (reading 'value'): TypeError: Cannot read properties of undefined (reading 'value')
	at SignatureHelpProvider.hoverToSignatureHelp (/home/benh/.vscode-oss/extensions/rust-lang.rust-0.7.8/out/src/providers/signatureHelpProvider.js:75:41)
	at /home/benh/.vscode-oss/extensions/rust-lang.rust-0.7.8/out/src/providers/signatureHelpProvider.js:20:130
	at async ee.provideSignatureHelp (/opt/vscodium-bin/resources/app/out/vs/workbench/api/node/extensionHostProcess.js:85:114837)
[2022-04-21 17:00:30.792] [renderer1] [error] Cannot read properties of undefined (reading 'value'): TypeError: Cannot read properties of undefined (reading 'value')
	at SignatureHelpProvider.hoverToSignatureHelp (/home/benh/.vscode-oss/extensions/rust-lang.rust-0.7.8/out/src/providers/signatureHelpProvider.js:75:41)
	at /home/benh/.vscode-oss/extensions/rust-lang.rust-0.7.8/out/src/providers/signatureHelpProvider.js:15:105
	at async ee.provideSignatureHelp (/opt/vscodium-bin/resources/app/out/vs/workbench/api/node/extensionHostProcess.js:85:114837)
[2022-04-21 17:01:05.919] [renderer1] [error] Cannot read properties of undefined (reading 'value'): TypeError: Cannot read properties of undefined (reading 'value')
	at SignatureHelpProvider.hoverToSignatureHelp (/home/benh/.vscode-oss/extensions/rust-lang.rust-0.7.8/out/src/providers/signatureHelpProvider.js:75:41)
	at /home/benh/.vscode-oss/extensions/rust-lang.rust-0.7.8/out/src/providers/signatureHelpProvider.js:15:105
	at async ee.provideSignatureHelp (/opt/vscodium-bin/resources/app/out/vs/workbench/api/node/extensionHostProcess.js:85:114837)
[2022-04-21 17:01:11.233] [renderer1] [error] Cannot read properties of undefined (reading 'value'): TypeError: Cannot read properties of undefined (reading 'value')
	at SignatureHelpProvider.hoverToSignatureHelp (/home/benh/.vscode-oss/extensions/rust-lang.rust-0.7.8/out/src/providers/signatureHelpProvider.js:75:41)
	at /home/benh/.vscode-oss/extensions/rust-lang.rust-0.7.8/out/src/providers/signatureHelpProvider.js:20:130
	at async ee.provideSignatureHelp (/opt/vscodium-bin/resources/app/out/vs/workbench/api/node/extensionHostProcess.js:85:114837)
[2022-04-21 17:05:27.640] [renderer1] [error] Cannot read properties of undefined (reading 'value'): TypeError: Cannot read properties of undefined (reading 'value')
	at SignatureHelpProvider.hoverToSignatureHelp (/home/benh/.vscode-oss/extensions/rust-lang.rust-0.7.8/out/src/providers/signatureHelpProvider.js:75:41)
	at /home/benh/.vscode-oss/extensions/rust-lang.rust-0.7.8/out/src/providers/signatureHelpProvider.js:15:105
	at async ee.provideSignatureHelp (/opt/vscodium-bin/resources/app/out/vs/workbench/api/node/extensionHostProcess.js:85:114837)
[2022-04-21 17:05:36.744] [renderer1] [error] Cannot read properties of undefined (reading 'value'): TypeError: Cannot read properties of undefined (reading 'value')
	at SignatureHelpProvider.hoverToSignatureHelp (/home/benh/.vscode-oss/extensions/rust-lang.rust-0.7.8/out/src/providers/signatureHelpProvider.js:75:41)
	at /home/benh/.vscode-oss/extensions/rust-lang.rust-0.7.8/out/src/providers/signatureHelpProvider.js:20:130
	at async ee.provideSignatureHelp (/opt/vscodium-bin/resources/app/out/vs/workbench/api/node/extensionHostProcess.js:85:114837)
[2022-04-21 17:06:01.078] [renderer1] [error] Cannot read properties of undefined (reading 'value'): TypeError: Cannot read properties of undefined (reading 'value')
	at SignatureHelpProvider.hoverToSignatureHelp (/home/benh/.vscode-oss/extensions/rust-lang.rust-0.7.8/out/src/providers/signatureHelpProvider.js:75:41)
	at /home/benh/.vscode-oss/extensions/rust-lang.rust-0.7.8/out/src/providers/signatureHelpProvider.js:15:105
	at async ee.provideSignatureHelp (/opt/vscodium-bin/resources/app/out/vs/workbench/api/node/extensionHostProcess.js:85:114837)
