[2022-04-29 14:47:10.668] [renderer1] [warning] [/home/benh/.vscode-oss/extensions/sumneko.lua-3.2.0]: Couldn't find message for key config.diagnostics.await-in-sync.
[2022-04-29 14:47:10.669] [renderer1] [warning] [/home/benh/.vscode-oss/extensions/sumneko.lua-3.2.0]: Couldn't find message for key config.diagnostics.circle-doc-class.
[2022-04-29 14:47:10.669] [renderer1] [warning] [/home/benh/.vscode-oss/extensions/sumneko.lua-3.2.0]: Couldn't find message for key config.diagnostics.close-non-object.
[2022-04-29 14:47:10.670] [renderer1] [warning] [/home/benh/.vscode-oss/extensions/sumneko.lua-3.2.0]: Couldn't find message for key config.diagnostics.code-after-break.
[2022-04-29 14:47:10.670] [renderer1] [warning] [/home/benh/.vscode-oss/extensions/sumneko.lua-3.2.0]: Couldn't find message for key config.diagnostics.codestyle-check.
[2022-04-29 14:47:10.671] [renderer1] [warning] [/home/benh/.vscode-oss/extensions/sumneko.lua-3.2.0]: Couldn't find message for key config.diagnostics.count-down-loop.
[2022-04-29 14:47:10.671] [renderer1] [warning] [/home/benh/.vscode-oss/extensions/sumneko.lua-3.2.0]: Couldn't find message for key config.diagnostics.deprecated.
[2022-04-29 14:47:10.672] [renderer1] [warning] [/home/benh/.vscode-oss/extensions/sumneko.lua-3.2.0]: Couldn't find message for key config.diagnostics.different-requires.
[2022-04-29 14:47:10.672] [renderer1] [warning] [/home/benh/.vscode-oss/extensions/sumneko.lua-3.2.0]: Couldn't find message for key config.diagnostics.discard-returns.
[2022-04-29 14:47:10.672] [renderer1] [warning] [/home/benh/.vscode-oss/extensions/sumneko.lua-3.2.0]: Couldn't find message for key config.diagnostics.doc-field-no-class.
[2022-04-29 14:47:10.673] [renderer1] [warning] [/home/benh/.vscode-oss/extensions/sumneko.lua-3.2.0]: Couldn't find message for key config.diagnostics.duplicate-doc-alias.
[2022-04-29 14:47:10.673] [renderer1] [warning] [/home/benh/.vscode-oss/extensions/sumneko.lua-3.2.0]: Couldn't find message for key config.diagnostics.duplicate-doc-field.
[2022-04-29 14:47:10.674] [renderer1] [warning] [/home/benh/.vscode-oss/extensions/sumneko.lua-3.2.0]: Couldn't find message for key config.diagnostics.duplicate-doc-param.
[2022-04-29 14:47:10.674] [renderer1] [warning] [/home/benh/.vscode-oss/extensions/sumneko.lua-3.2.0]: Couldn't find message for key config.diagnostics.duplicate-set-field.
[2022-04-29 14:47:10.675] [renderer1] [warning] [/home/benh/.vscode-oss/extensions/sumneko.lua-3.2.0]: Couldn't find message for key config.diagnostics.missing-parameter.
[2022-04-29 14:47:10.675] [renderer1] [warning] [/home/benh/.vscode-oss/extensions/sumneko.lua-3.2.0]: Couldn't find message for key config.diagnostics.need-check-nil.
[2022-04-29 14:47:10.676] [renderer1] [warning] [/home/benh/.vscode-oss/extensions/sumneko.lua-3.2.0]: Couldn't find message for key config.diagnostics.no-unknown.
[2022-04-29 14:47:10.676] [renderer1] [warning] [/home/benh/.vscode-oss/extensions/sumneko.lua-3.2.0]: Couldn't find message for key config.diagnostics.not-yieldable.
[2022-04-29 14:47:10.677] [renderer1] [warning] [/home/benh/.vscode-oss/extensions/sumneko.lua-3.2.0]: Couldn't find message for key config.diagnostics.redundant-return.
[2022-04-29 14:47:10.677] [renderer1] [warning] [/home/benh/.vscode-oss/extensions/sumneko.lua-3.2.0]: Couldn't find message for key config.diagnostics.type-check.
[2022-04-29 14:47:10.678] [renderer1] [warning] [/home/benh/.vscode-oss/extensions/sumneko.lua-3.2.0]: Couldn't find message for key config.diagnostics.unbalanced-assignments.
[2022-04-29 14:47:10.679] [renderer1] [warning] [/home/benh/.vscode-oss/extensions/sumneko.lua-3.2.0]: Couldn't find message for key config.diagnostics.undefined-doc-class.
[2022-04-29 14:47:10.679] [renderer1] [warning] [/home/benh/.vscode-oss/extensions/sumneko.lua-3.2.0]: Couldn't find message for key config.diagnostics.undefined-doc-name.
[2022-04-29 14:47:10.680] [renderer1] [warning] [/home/benh/.vscode-oss/extensions/sumneko.lua-3.2.0]: Couldn't find message for key config.diagnostics.undefined-doc-param.
[2022-04-29 14:47:10.680] [renderer1] [warning] [/home/benh/.vscode-oss/extensions/sumneko.lua-3.2.0]: Couldn't find message for key config.diagnostics.undefined-field.
[2022-04-29 14:47:10.681] [renderer1] [warning] [/home/benh/.vscode-oss/extensions/sumneko.lua-3.2.0]: Couldn't find message for key config.diagnostics.unknown-diag-code.
[2022-04-29 14:47:10.682] [renderer1] [warning] [/home/benh/.vscode-oss/extensions/sumneko.lua-3.2.0]: Couldn't find message for key config.diagnostics.await-in-sync.
[2022-04-29 14:47:10.682] [renderer1] [warning] [/home/benh/.vscode-oss/extensions/sumneko.lua-3.2.0]: Couldn't find message for key config.diagnostics.circle-doc-class.
[2022-04-29 14:47:10.683] [renderer1] [warning] [/home/benh/.vscode-oss/extensions/sumneko.lua-3.2.0]: Couldn't find message for key config.diagnostics.close-non-object.
[2022-04-29 14:47:10.684] [renderer1] [warning] [/home/benh/.vscode-oss/extensions/sumneko.lua-3.2.0]: Couldn't find message for key config.diagnostics.code-after-break.
[2022-04-29 14:47:10.686] [renderer1] [warning] [/home/benh/.vscode-oss/extensions/sumneko.lua-3.2.0]: Couldn't find message for key config.diagnostics.codestyle-check.
[2022-04-29 14:47:10.687] [renderer1] [warning] [/home/benh/.vscode-oss/extensions/sumneko.lua-3.2.0]: Couldn't find message for key config.diagnostics.count-down-loop.
[2022-04-29 14:47:10.688] [renderer1] [warning] [/home/benh/.vscode-oss/extensions/sumneko.lua-3.2.0]: Couldn't find message for key config.diagnostics.deprecated.
[2022-04-29 14:47:10.688] [renderer1] [warning] [/home/benh/.vscode-oss/extensions/sumneko.lua-3.2.0]: Couldn't find message for key config.diagnostics.different-requires.
[2022-04-29 14:47:10.688] [renderer1] [warning] [/home/benh/.vscode-oss/extensions/sumneko.lua-3.2.0]: Couldn't find message for key config.diagnostics.discard-returns.
[2022-04-29 14:47:10.689] [renderer1] [warning] [/home/benh/.vscode-oss/extensions/sumneko.lua-3.2.0]: Couldn't find message for key config.diagnostics.doc-field-no-class.
[2022-04-29 14:47:10.689] [renderer1] [warning] [/home/benh/.vscode-oss/extensions/sumneko.lua-3.2.0]: Couldn't find message for key config.diagnostics.duplicate-doc-alias.
[2022-04-29 14:47:10.690] [renderer1] [warning] [/home/benh/.vscode-oss/extensions/sumneko.lua-3.2.0]: Couldn't find message for key config.diagnostics.duplicate-doc-field.
[2022-04-29 14:47:10.690] [renderer1] [warning] [/home/benh/.vscode-oss/extensions/sumneko.lua-3.2.0]: Couldn't find message for key config.diagnostics.duplicate-doc-param.
[2022-04-29 14:47:10.690] [renderer1] [warning] [/home/benh/.vscode-oss/extensions/sumneko.lua-3.2.0]: Couldn't find message for key config.diagnostics.duplicate-set-field.
[2022-04-29 14:47:10.691] [renderer1] [warning] [/home/benh/.vscode-oss/extensions/sumneko.lua-3.2.0]: Couldn't find message for key config.diagnostics.missing-parameter.
[2022-04-29 14:47:10.691] [renderer1] [warning] [/home/benh/.vscode-oss/extensions/sumneko.lua-3.2.0]: Couldn't find message for key config.diagnostics.need-check-nil.
[2022-04-29 14:47:10.692] [renderer1] [warning] [/home/benh/.vscode-oss/extensions/sumneko.lua-3.2.0]: Couldn't find message for key config.diagnostics.no-unknown.
[2022-04-29 14:47:10.692] [renderer1] [warning] [/home/benh/.vscode-oss/extensions/sumneko.lua-3.2.0]: Couldn't find message for key config.diagnostics.not-yieldable.
[2022-04-29 14:47:10.692] [renderer1] [warning] [/home/benh/.vscode-oss/extensions/sumneko.lua-3.2.0]: Couldn't find message for key config.diagnostics.redundant-return.
[2022-04-29 14:47:10.692] [renderer1] [warning] [/home/benh/.vscode-oss/extensions/sumneko.lua-3.2.0]: Couldn't find message for key config.diagnostics.type-check.
[2022-04-29 14:47:10.693] [renderer1] [warning] [/home/benh/.vscode-oss/extensions/sumneko.lua-3.2.0]: Couldn't find message for key config.diagnostics.unbalanced-assignments.
[2022-04-29 14:47:10.693] [renderer1] [warning] [/home/benh/.vscode-oss/extensions/sumneko.lua-3.2.0]: Couldn't find message for key config.diagnostics.undefined-doc-class.
[2022-04-29 14:47:10.693] [renderer1] [warning] [/home/benh/.vscode-oss/extensions/sumneko.lua-3.2.0]: Couldn't find message for key config.diagnostics.undefined-doc-name.
[2022-04-29 14:47:10.693] [renderer1] [warning] [/home/benh/.vscode-oss/extensions/sumneko.lua-3.2.0]: Couldn't find message for key config.diagnostics.undefined-doc-param.
[2022-04-29 14:47:10.694] [renderer1] [warning] [/home/benh/.vscode-oss/extensions/sumneko.lua-3.2.0]: Couldn't find message for key config.diagnostics.undefined-field.
[2022-04-29 14:47:10.694] [renderer1] [warning] [/home/benh/.vscode-oss/extensions/sumneko.lua-3.2.0]: Couldn't find message for key config.diagnostics.unknown-diag-code.
[2022-04-29 14:47:10.694] [renderer1] [warning] [/home/benh/.vscode-oss/extensions/sumneko.lua-3.2.0]: Couldn't find message for key config.format.defaultConfig.
[2022-04-29 14:47:10.694] [renderer1] [warning] [/home/benh/.vscode-oss/extensions/sumneko.lua-3.2.0]: Couldn't find message for key config.runtime.builtin.basic.
[2022-04-29 14:47:10.695] [renderer1] [warning] [/home/benh/.vscode-oss/extensions/sumneko.lua-3.2.0]: Couldn't find message for key config.runtime.builtin.bit.
[2022-04-29 14:47:10.695] [renderer1] [warning] [/home/benh/.vscode-oss/extensions/sumneko.lua-3.2.0]: Couldn't find message for key config.runtime.builtin.bit32.
[2022-04-29 14:47:10.695] [renderer1] [warning] [/home/benh/.vscode-oss/extensions/sumneko.lua-3.2.0]: Couldn't find message for key config.runtime.builtin.builtin.
[2022-04-29 14:47:10.695] [renderer1] [warning] [/home/benh/.vscode-oss/extensions/sumneko.lua-3.2.0]: Couldn't find message for key config.runtime.builtin.coroutine.
[2022-04-29 14:47:10.696] [renderer1] [warning] [/home/benh/.vscode-oss/extensions/sumneko.lua-3.2.0]: Couldn't find message for key config.runtime.builtin.debug.
[2022-04-29 14:47:10.696] [renderer1] [warning] [/home/benh/.vscode-oss/extensions/sumneko.lua-3.2.0]: Couldn't find message for key config.runtime.builtin.ffi.
[2022-04-29 14:47:10.696] [renderer1] [warning] [/home/benh/.vscode-oss/extensions/sumneko.lua-3.2.0]: Couldn't find message for key config.runtime.builtin.io.
[2022-04-29 14:47:10.697] [renderer1] [warning] [/home/benh/.vscode-oss/extensions/sumneko.lua-3.2.0]: Couldn't find message for key config.runtime.builtin.jit.
[2022-04-29 14:47:10.697] [renderer1] [warning] [/home/benh/.vscode-oss/extensions/sumneko.lua-3.2.0]: Couldn't find message for key config.runtime.builtin.math.
[2022-04-29 14:47:10.698] [renderer1] [warning] [/home/benh/.vscode-oss/extensions/sumneko.lua-3.2.0]: Couldn't find message for key config.runtime.builtin.os.
[2022-04-29 14:47:10.698] [renderer1] [warning] [/home/benh/.vscode-oss/extensions/sumneko.lua-3.2.0]: Couldn't find message for key config.runtime.builtin.package.
[2022-04-29 14:47:10.699] [renderer1] [warning] [/home/benh/.vscode-oss/extensions/sumneko.lua-3.2.0]: Couldn't find message for key config.runtime.builtin.string.
[2022-04-29 14:47:10.699] [renderer1] [warning] [/home/benh/.vscode-oss/extensions/sumneko.lua-3.2.0]: Couldn't find message for key config.runtime.builtin.table.
[2022-04-29 14:47:10.704] [renderer1] [warning] [/home/benh/.vscode-oss/extensions/sumneko.lua-3.2.0]: Couldn't find message for key config.runtime.builtin.utf8.
[2022-04-29 14:47:10.731] [renderer1] [critical] Extension 'ms-python.python CANNOT USE these API proposals 'quickPickSortByLabel, testObserver, notebookEditor'. You MUST start in extension development mode or use the --enable-proposed-api command line flag
[2022-04-29 14:47:10.732] [renderer1] [critical] Extension 'ms-toolsai.jupyter CANNOT USE these API proposals 'notebookConcatTextDocument, notebookControllerKind, notebookDebugOptions, notebookDeprecated, notebookEditor, notebookEditorDecorationType, notebookEditorEdit, notebookMessaging, notebookMime, notebookCellExecutionState, portsAttributes, textDocumentNotebook, quickPickSortByLabel'. You MUST start in extension development mode or use the --enable-proposed-api command line flag
[2022-04-29 14:47:10.740] [renderer1] [info] Ignoring configured affinity for 'pub.name' because the extension is unknown or cannot execute.
[2022-04-29 14:47:10.914] [renderer1] [error] [ms-toolsai.jupyter]: interactive/toolbar is a proposed menu identifier. It requires 'package.json#enabledApiProposals: ["notebookEditor"]' and is only available when running out of dev or with the following command line switch: --enable-proposed-api ms-toolsai.jupyter
[2022-04-29 14:47:10.915] [renderer1] [error] [ms-toolsai.jupyter]: interactive/cell/title is a proposed menu identifier. It requires 'package.json#enabledApiProposals: ["notebookEditor"]' and is only available when running out of dev or with the following command line switch: --enable-proposed-api ms-toolsai.jupyter
[2022-04-29 14:47:11.057] [renderer1] [info] Ignoring configured affinity for 'pub.name' because the extension is unknown or cannot execute.
