3:14:39 PM Reset result indicator
3:18:32 PM Document /home/benh/projects/pillar/src/utils.rs saved in workspace pillar
3:18:32 PM {}
3:18:49 PM Document /home/benh/projects/pillar/example/pages/page_two.gn saved in workspace pillar
3:18:49 PM {}
3:18:57 PM Document /home/benh/projects/pillar/example/pages/example.gn saved in workspace pillar
3:18:57 PM {}
3:21:10 PM Document /home/benh/projects/pillar/src/utils.rs saved in workspace pillar
3:21:10 PM {}
3:21:14 PM Document /home/benh/projects/pillar/src/utils.rs saved in workspace pillar
3:21:14 PM {}
3:21:44 PM Document /home/benh/projects/pillar/src/utils.rs saved in workspace pillar
3:21:44 PM {}
3:23:25 PM Document /home/benh/projects/pillar/src/utils.rs saved in workspace pillar
3:23:25 PM {}
3:23:31 PM Document /home/benh/projects/pillar/src/utils.rs saved in workspace pillar
3:23:31 PM {}
3:24:08 PM Document /home/benh/projects/pillar/src/utils.rs saved in workspace pillar
3:24:08 PM {}
3:25:31 PM Document /home/benh/projects/pillar/src/utils.rs saved in workspace pillar
3:25:31 PM {}
3:25:56 PM Document /home/benh/projects/pillar/src/utils.rs saved in workspace pillar
3:25:56 PM {}
3:26:06 PM Document /home/benh/projects/pillar/src/utils.rs saved in workspace pillar
3:26:06 PM {}
3:26:08 PM Document /home/benh/projects/pillar/src/utils.rs saved in workspace pillar
3:26:08 PM {}
3:26:34 PM Document /home/benh/projects/pillar/src/utils.rs saved in workspace pillar
3:26:34 PM {}
3:26:41 PM Document /home/benh/projects/pillar/src/utils.rs saved in workspace pillar
3:26:41 PM {}
3:26:48 PM Document /home/benh/projects/pillar/src/utils.rs saved in workspace pillar
3:26:48 PM {}
3:27:02 PM Document /home/benh/projects/pillar/src/utils.rs saved in workspace pillar
3:27:03 PM {}
3:27:17 PM Document /home/benh/projects/pillar/src/utils.rs saved in workspace pillar
3:27:17 PM {}
3:27:22 PM Document /home/benh/projects/pillar/src/utils.rs saved in workspace pillar
3:27:22 PM {}
3:28:10 PM Document /home/benh/projects/pillar/src/utils.rs saved in workspace pillar
3:28:10 PM {}
3:28:28 PM Document /home/benh/projects/pillar/src/utils.rs saved in workspace pillar
3:28:28 PM {}
3:28:31 PM Document /home/benh/projects/pillar/src/utils.rs saved in workspace pillar
3:28:31 PM {}
3:29:29 PM Document /home/benh/projects/pillar/src/utils.rs saved in workspace pillar
3:29:30 PM {}
3:29:32 PM Document /home/benh/projects/pillar/src/utils.rs saved in workspace pillar
3:29:32 PM {}
3:29:51 PM Document /home/benh/projects/pillar/src/utils.rs saved in workspace pillar
3:29:51 PM {}
3:30:34 PM Document /home/benh/projects/pillar/src/utils.rs saved in workspace pillar
3:30:34 PM {}
3:30:57 PM Document /home/benh/projects/pillar/src/utils.rs saved in workspace pillar
3:30:57 PM {}
3:31:02 PM Document /home/benh/projects/pillar/src/utils.rs saved in workspace pillar
3:31:02 PM {}
3:31:04 PM Document /home/benh/projects/pillar/src/utils.rs saved in workspace pillar
3:31:04 PM {}
3:31:46 PM Document /home/benh/projects/pillar/src/utils.rs saved in workspace pillar
3:31:46 PM {}
3:32:18 PM Document /home/benh/projects/pillar/src/utils.rs saved in workspace pillar
3:32:18 PM {}
3:32:39 PM Document /home/benh/projects/pillar/src/utils.rs saved in workspace pillar
3:32:39 PM {}
3:32:47 PM Document /home/benh/projects/pillar/src/utils.rs saved in workspace pillar
3:32:47 PM {}
3:33:00 PM Document /home/benh/projects/pillar/src/utils.rs saved in workspace pillar
3:33:00 PM {}
3:33:06 PM Document /home/benh/projects/pillar/src/utils.rs saved in workspace pillar
3:33:06 PM {}
3:33:23 PM Document /home/benh/projects/pillar/src/utils.rs saved in workspace pillar
3:33:23 PM {}
3:35:03 PM Document /home/benh/projects/pillar/src/utils.rs saved in workspace pillar
3:35:03 PM {}
3:35:12 PM Document /home/benh/projects/pillar/src/utils.rs saved in workspace pillar
3:35:12 PM {}
3:35:23 PM Document /home/benh/projects/pillar/src/utils.rs saved in workspace pillar
3:35:23 PM {}
3:36:18 PM Document /home/benh/projects/pillar/src/utils.rs saved in workspace pillar
3:36:18 PM {}
3:36:34 PM Document /home/benh/projects/pillar/src/utils.rs saved in workspace pillar
3:36:34 PM {}
3:36:54 PM Document /home/benh/projects/pillar/src/utils.rs saved in workspace pillar
3:36:55 PM {}
3:37:33 PM Document /home/benh/projects/pillar/example/pages/example.gn saved in workspace pillar
3:37:33 PM {}
3:38:10 PM Document /home/benh/projects/pillar/src/utils.rs saved in workspace pillar
3:38:10 PM {}
3:38:55 PM Document /home/benh/projects/pillar/src/utils.rs saved in workspace pillar
3:38:55 PM {}
3:40:25 PM Document /home/benh/projects/pillar/src/utils.rs saved in workspace pillar
3:40:25 PM {}
3:40:29 PM Document /home/benh/projects/pillar/src/utils.rs saved in workspace pillar
3:40:29 PM {}
3:40:33 PM Document /home/benh/projects/pillar/src/utils.rs saved in workspace pillar
3:40:33 PM {}
3:40:57 PM Document /home/benh/projects/pillar/src/utils.rs saved in workspace pillar
3:40:57 PM {}
3:40:58 PM Document /home/benh/projects/pillar/src/utils.rs saved in workspace pillar
3:40:58 PM {}
3:41:38 PM Document /home/benh/projects/pillar/src/utils.rs saved in workspace pillar
3:41:38 PM {}
3:41:53 PM Document /home/benh/projects/pillar/src/utils.rs saved in workspace pillar
3:41:53 PM {}
3:42:33 PM Document /home/benh/projects/pillar/src/utils.rs saved in workspace pillar
3:42:33 PM {}
3:43:52 PM Document /home/benh/projects/pillar/src/utils.rs saved in workspace pillar
3:43:52 PM {}
3:44:01 PM Document /home/benh/projects/pillar/src/utils.rs saved in workspace pillar
3:44:01 PM {}
3:44:22 PM Document /home/benh/projects/pillar/src/utils.rs saved in workspace pillar
3:44:22 PM {}
3:44:52 PM Document /home/benh/projects/pillar/src/utils.rs saved in workspace pillar
3:44:52 PM {}
3:45:22 PM Document /home/benh/projects/pillar/src/utils.rs saved in workspace pillar
3:45:22 PM {}
3:45:44 PM Document /home/benh/projects/pillar/src/utils.rs saved in workspace pillar
3:45:44 PM {}
3:45:55 PM Document /home/benh/projects/pillar/src/utils.rs saved in workspace pillar
3:45:55 PM {}
3:45:58 PM Document /home/benh/projects/pillar/src/utils.rs saved in workspace pillar
3:45:58 PM {}
3:48:58 PM Document /home/benh/projects/pillar/src/utils.rs saved in workspace pillar
3:48:58 PM {}
3:49:12 PM Document /home/benh/projects/pillar/src/utils.rs saved in workspace pillar
3:49:12 PM {}
3:49:30 PM Document /home/benh/projects/pillar/src/utils.rs saved in workspace pillar
3:49:30 PM {}
3:49:34 PM Document /home/benh/projects/pillar/src/utils.rs saved in workspace pillar
3:49:34 PM {}
3:49:43 PM Document /home/benh/projects/pillar/src/utils.rs saved in workspace pillar
3:49:43 PM {}
3:49:43 PM Document /home/benh/projects/pillar/src/utils.rs saved in workspace pillar
3:49:43 PM {}
3:49:53 PM Document /home/benh/projects/pillar/src/utils.rs saved in workspace pillar
3:49:53 PM {}
3:49:54 PM Document /home/benh/projects/pillar/src/utils.rs saved in workspace pillar
3:49:54 PM {}
3:50:06 PM Document /home/benh/projects/pillar/src/utils.rs saved in workspace pillar
3:50:06 PM {}
3:50:07 PM Document /home/benh/projects/pillar/src/utils.rs saved in workspace pillar
3:50:07 PM {}
3:50:21 PM Document /home/benh/projects/pillar/src/utils.rs saved in workspace pillar
3:50:21 PM {}
3:50:42 PM Document /home/benh/projects/pillar/src/utils.rs saved in workspace pillar
3:50:42 PM {}
3:50:43 PM Document /home/benh/projects/pillar/src/utils.rs saved in workspace pillar
3:50:43 PM {}
3:50:51 PM Document /home/benh/projects/pillar/src/utils.rs saved in workspace pillar
3:50:51 PM {}
3:50:59 PM Document /home/benh/projects/pillar/src/utils.rs saved in workspace pillar
3:50:59 PM {}
3:51:38 PM Document /home/benh/projects/pillar/src/utils.rs saved in workspace pillar
3:51:38 PM {}
3:51:47 PM Document /home/benh/projects/pillar/src/utils.rs saved in workspace pillar
3:51:47 PM {}
3:52:31 PM Document /home/benh/projects/pillar/src/utils.rs saved in workspace pillar
3:52:31 PM {}
3:53:12 PM Document /home/benh/projects/pillar/src/utils.rs saved in workspace pillar
3:53:12 PM {}
3:55:21 PM Document /home/benh/projects/pillar/src/utils.rs saved in workspace pillar
3:55:21 PM {}
3:55:22 PM Document /home/benh/projects/pillar/src/utils.rs saved in workspace pillar
3:55:22 PM {}
3:56:07 PM Document /home/benh/projects/pillar/src/utils.rs saved in workspace pillar
3:56:07 PM {}
3:56:10 PM Document /home/benh/projects/pillar/src/utils.rs saved in workspace pillar
3:56:10 PM {}
3:56:34 PM Document /home/benh/projects/pillar/src/utils.rs saved in workspace pillar
3:56:34 PM {}
3:56:41 PM Document /home/benh/projects/pillar/src/utils.rs saved in workspace pillar
3:56:41 PM {}
3:57:37 PM Document /home/benh/projects/pillar/src/utils.rs saved in workspace pillar
3:57:37 PM {}
3:57:47 PM Document /home/benh/projects/pillar/src/utils.rs saved in workspace pillar
3:57:47 PM {}
3:58:26 PM Document /home/benh/projects/pillar/src/utils.rs saved in workspace pillar
3:58:26 PM {}
3:58:27 PM Document /home/benh/projects/pillar/src/utils.rs saved in workspace pillar
3:58:27 PM {}
3:59:16 PM Document /home/benh/projects/pillar/example/pages/example.gn saved in workspace pillar
3:59:16 PM {}
4:02:13 PM Document /home/benh/projects/pillar/example/docs/example.html saved in workspace pillar
4:02:14 PM {}
4:02:39 PM Document /home/benh/projects/pillar/example/docs/example.html saved in workspace pillar
4:02:39 PM {}
4:02:48 PM Document /home/benh/projects/pillar/example/pages/example.gn saved in workspace pillar
4:02:48 PM {}
4:03:23 PM Document /home/benh/projects/pillar/example/pages/example.gn saved in workspace pillar
4:03:23 PM {}
4:04:18 PM Document /home/benh/projects/pillar/src/utils.rs saved in workspace pillar
4:04:18 PM {}
4:05:18 PM Document /home/benh/projects/pillar/example/pages/page_two.gn saved in workspace pillar
4:05:18 PM {}
4:05:21 PM Document /home/benh/projects/pillar/example/pages/page_two.gn saved in workspace pillar
4:05:21 PM {}
4:05:22 PM Document /home/benh/projects/pillar/example/pages/page_two.gn saved in workspace pillar
4:05:22 PM {}
4:05:28 PM Document /home/benh/projects/pillar/example/pages/uxn-notes.gn saved in workspace pillar
4:05:28 PM {}
4:05:36 PM Document /home/benh/projects/pillar/example/pages/uxn-notes.gn saved in workspace pillar
4:05:36 PM {}
4:09:24 PM Document /home/benh/projects/pillar/src/utils.rs saved in workspace pillar
4:09:24 PM {}
4:09:25 PM Document /home/benh/projects/pillar/src/utils.rs saved in workspace pillar
4:09:25 PM {}
4:10:06 PM Document /home/benh/projects/pillar/src/utils.rs saved in workspace pillar
4:10:06 PM {}
4:11:05 PM Document /home/benh/projects/pillar/src/utils.rs saved in workspace pillar
4:11:05 PM {}
4:11:15 PM Document /home/benh/projects/pillar/src/utils.rs saved in workspace pillar
4:11:16 PM {}
4:11:24 PM Document /home/benh/projects/pillar/src/utils.rs saved in workspace pillar
4:11:24 PM {}
4:11:36 PM Document /home/benh/projects/pillar/src/utils.rs saved in workspace pillar
4:11:36 PM {}
4:11:46 PM Document /home/benh/projects/pillar/src/utils.rs saved in workspace pillar
4:11:46 PM {}
4:11:51 PM Document /home/benh/projects/pillar/src/utils.rs saved in workspace pillar
4:11:51 PM {}
4:11:59 PM Document /home/benh/projects/pillar/src/utils.rs saved in workspace pillar
4:11:59 PM {}
4:12:17 PM Document /home/benh/projects/pillar/src/utils.rs saved in workspace pillar
4:12:17 PM {}
4:12:19 PM Document /home/benh/projects/pillar/src/utils.rs saved in workspace pillar
4:12:20 PM {}
4:12:40 PM Document /home/benh/projects/pillar/src/utils.rs saved in workspace pillar
4:12:40 PM {}
4:12:57 PM Document /home/benh/projects/pillar/src/utils.rs saved in workspace pillar
4:12:57 PM {}
4:12:58 PM Document /home/benh/projects/pillar/src/utils.rs saved in workspace pillar
4:12:58 PM {}
4:13:09 PM Document /home/benh/projects/pillar/src/utils.rs saved in workspace pillar
4:13:09 PM {}
4:13:15 PM Document /home/benh/projects/pillar/src/utils.rs saved in workspace pillar
4:13:15 PM {}
4:13:26 PM Document /home/benh/projects/pillar/src/utils.rs saved in workspace pillar
4:13:26 PM {}
4:13:46 PM Document /home/benh/projects/pillar/src/utils.rs saved in workspace pillar
4:13:46 PM {}
4:13:56 PM Document /home/benh/projects/pillar/src/utils.rs saved in workspace pillar
4:13:56 PM {}
4:13:59 PM Document /home/benh/projects/pillar/src/utils.rs saved in workspace pillar
4:14:00 PM {}
4:14:07 PM Document /home/benh/projects/pillar/src/utils.rs saved in workspace pillar
4:14:07 PM {}
4:14:14 PM Document /home/benh/projects/pillar/src/utils.rs saved in workspace pillar
4:14:14 PM {}
4:14:59 PM Document /home/benh/projects/pillar/src/utils.rs saved in workspace pillar
4:14:59 PM {}
4:15:02 PM Document /home/benh/projects/pillar/src/utils.rs saved in workspace pillar
4:15:02 PM {}
4:15:21 PM Document /home/benh/projects/pillar/src/utils.rs saved in workspace pillar
4:15:21 PM {}
4:15:28 PM Document /home/benh/projects/pillar/src/utils.rs saved in workspace pillar
4:15:28 PM {}
4:15:37 PM Document /home/benh/projects/pillar/src/utils.rs saved in workspace pillar
4:15:37 PM {}
4:16:23 PM Document /home/benh/projects/pillar/src/utils.rs saved in workspace pillar
4:16:23 PM {}
4:16:31 PM Document /home/benh/projects/pillar/src/utils.rs saved in workspace pillar
4:16:31 PM {}
4:16:53 PM Document /home/benh/projects/pillar/src/utils.rs saved in workspace pillar
4:16:53 PM {}
4:17:00 PM Document /home/benh/projects/pillar/src/utils.rs saved in workspace pillar
4:17:00 PM {}
4:17:12 PM Document /home/benh/projects/pillar/src/utils.rs saved in workspace pillar
4:17:12 PM {}
4:17:20 PM Document /home/benh/projects/pillar/src/utils.rs saved in workspace pillar
4:17:20 PM {}
4:17:22 PM Document /home/benh/projects/pillar/src/utils.rs saved in workspace pillar
4:17:22 PM {}
4:17:28 PM Document /home/benh/projects/pillar/src/utils.rs saved in workspace pillar
4:17:28 PM {}
4:17:32 PM Document /home/benh/projects/pillar/src/utils.rs saved in workspace pillar
4:17:32 PM {}
4:17:48 PM Document /home/benh/projects/pillar/src/utils.rs saved in workspace pillar
4:17:48 PM {}
4:21:22 PM Document /home/benh/projects/pillar/src/utils.rs saved in workspace pillar
4:21:22 PM {}
4:21:31 PM Document /home/benh/projects/pillar/src/utils.rs saved in workspace pillar
4:21:31 PM {}
4:21:45 PM Document /home/benh/projects/pillar/src/utils.rs saved in workspace pillar
4:21:45 PM {}
4:22:02 PM Document /home/benh/projects/pillar/src/utils.rs saved in workspace pillar
4:22:02 PM {}
4:22:38 PM Document /home/benh/projects/pillar/src/utils.rs saved in workspace pillar
4:22:38 PM {}
4:22:53 PM Document /home/benh/projects/pillar/src/utils.rs saved in workspace pillar
4:22:53 PM {}
4:22:59 PM Document /home/benh/projects/pillar/src/utils.rs saved in workspace pillar
4:22:59 PM {}
4:23:58 PM Document /home/benh/projects/pillar/src/utils.rs saved in workspace pillar
4:23:58 PM {}
4:24:02 PM Document /home/benh/projects/pillar/src/utils.rs saved in workspace pillar
4:24:02 PM {}
4:24:25 PM Document /home/benh/projects/pillar/src/utils.rs saved in workspace pillar
4:24:25 PM {}
4:24:29 PM Document /home/benh/projects/pillar/src/utils.rs saved in workspace pillar
4:24:30 PM {}
4:24:39 PM Document /home/benh/projects/pillar/src/utils.rs saved in workspace pillar
4:24:39 PM {}
4:24:42 PM Document /home/benh/projects/pillar/src/utils.rs saved in workspace pillar
4:24:42 PM {}
4:25:32 PM Document /home/benh/projects/pillar/src/utils.rs saved in workspace pillar
4:25:32 PM {}
4:25:33 PM Document /home/benh/projects/pillar/src/utils.rs saved in workspace pillar
4:25:33 PM {}
4:25:39 PM Document /home/benh/projects/pillar/src/utils.rs saved in workspace pillar
4:25:39 PM {}
4:26:17 PM Document /home/benh/projects/pillar/src/utils.rs saved in workspace pillar
4:26:17 PM {}
4:26:39 PM Document /home/benh/projects/pillar/src/utils.rs saved in workspace pillar
4:26:39 PM {}
4:26:45 PM Document /home/benh/projects/pillar/src/utils.rs saved in workspace pillar
4:26:45 PM {}
4:26:52 PM Document /home/benh/projects/pillar/src/utils.rs saved in workspace pillar
4:26:52 PM {}
4:26:57 PM Document /home/benh/projects/pillar/src/utils.rs saved in workspace pillar
4:26:57 PM {}
4:27:06 PM Document /home/benh/projects/pillar/src/utils.rs saved in workspace pillar
4:27:06 PM {}
4:28:04 PM Document /home/benh/projects/pillar/src/utils.rs saved in workspace pillar
4:28:04 PM {}
4:28:05 PM Document /home/benh/projects/pillar/src/utils.rs saved in workspace pillar
4:28:06 PM {}
4:28:10 PM Document /home/benh/projects/pillar/src/utils.rs saved in workspace pillar
4:28:10 PM {}
4:28:40 PM Document /home/benh/projects/pillar/src/utils.rs saved in workspace pillar
4:28:40 PM {}
4:28:49 PM Document /home/benh/projects/pillar/src/utils.rs saved in workspace pillar
4:28:49 PM {}
4:28:52 PM Document /home/benh/projects/pillar/src/utils.rs saved in workspace pillar
4:28:52 PM {}
4:29:00 PM Document /home/benh/projects/pillar/src/utils.rs saved in workspace pillar
4:29:00 PM {}
4:29:22 PM Document /home/benh/projects/pillar/example/pages/uxn-notes.gn saved in workspace pillar
4:29:22 PM {}
4:29:29 PM Document /home/benh/projects/pillar/example/pages/example.gn saved in workspace pillar
4:29:29 PM {}
4:30:19 PM Document /home/benh/projects/pillar/src/utils.rs saved in workspace pillar
4:30:19 PM {}
4:30:26 PM Document /home/benh/projects/pillar/src/utils.rs saved in workspace pillar
4:30:26 PM {}
4:30:30 PM Document /home/benh/projects/pillar/src/utils.rs saved in workspace pillar
4:30:30 PM {}
4:30:38 PM Document /home/benh/projects/pillar/src/utils.rs saved in workspace pillar
4:30:38 PM {}
4:31:04 PM Document /home/benh/projects/pillar/src/utils.rs saved in workspace pillar
4:31:04 PM {}
4:36:31 PM Document /home/benh/projects/pillar/src/utils.rs saved in workspace pillar
4:36:31 PM {}
4:36:39 PM Document /home/benh/projects/pillar/src/utils.rs saved in workspace pillar
4:36:39 PM {}
4:36:40 PM Document /home/benh/projects/pillar/src/utils.rs saved in workspace pillar
4:36:40 PM {}
4:36:42 PM Document /home/benh/projects/pillar/src/utils.rs saved in workspace pillar
4:36:42 PM {}
4:36:46 PM Document /home/benh/projects/pillar/src/utils.rs saved in workspace pillar
4:36:46 PM {}
4:37:26 PM Document /home/benh/projects/pillar/src/utils.rs saved in workspace pillar
4:37:26 PM {}
4:37:35 PM Document /home/benh/projects/pillar/src/utils.rs saved in workspace pillar
4:37:35 PM {}
4:37:36 PM Document /home/benh/projects/pillar/src/utils.rs saved in workspace pillar
4:37:36 PM {}
4:37:47 PM Document /home/benh/projects/pillar/src/utils.rs saved in workspace pillar
4:37:47 PM {}
4:37:52 PM Document /home/benh/projects/pillar/src/utils.rs saved in workspace pillar
4:37:52 PM {}
4:37:55 PM Document /home/benh/projects/pillar/src/utils.rs saved in workspace pillar
4:37:55 PM {}
4:39:16 PM Document /home/benh/projects/pillar/example/pages/uxn-notes.gn saved in workspace pillar
4:39:16 PM {}
4:39:17 PM Document /home/benh/projects/pillar/example/pages/uxn-notes.gn saved in workspace pillar
4:39:17 PM {}
4:39:32 PM Document /home/benh/projects/pillar/src/utils.rs saved in workspace pillar
4:39:32 PM {}
4:40:39 PM Document /home/benh/projects/pillar/src/utils.rs saved in workspace pillar
4:40:39 PM {}
4:40:41 PM Document /home/benh/projects/pillar/src/utils.rs saved in workspace pillar
4:40:41 PM {}
4:40:43 PM Document /home/benh/projects/pillar/src/utils.rs saved in workspace pillar
4:40:43 PM {}
4:40:49 PM Document /home/benh/projects/pillar/src/utils.rs saved in workspace pillar
4:40:49 PM {}
4:41:59 PM Document /home/benh/projects/pillar/src/utils.rs saved in workspace pillar
4:41:59 PM {}
4:42:04 PM Document /home/benh/projects/pillar/src/utils.rs saved in workspace pillar
4:42:04 PM {}
4:43:30 PM Document /home/benh/projects/pillar/src/utils.rs saved in workspace pillar
4:43:30 PM {}
4:43:54 PM Document /home/benh/projects/pillar/src/utils.rs saved in workspace pillar
4:43:54 PM {}
4:45:38 PM Document /home/benh/projects/pillar/src/utils.rs saved in workspace pillar
4:45:38 PM {}
4:45:45 PM Document /home/benh/projects/pillar/src/utils.rs saved in workspace pillar
4:45:45 PM {}
4:45:51 PM Document /home/benh/projects/pillar/src/utils.rs saved in workspace pillar
4:45:51 PM {}
4:45:55 PM Document /home/benh/projects/pillar/src/utils.rs saved in workspace pillar
4:45:55 PM {}
4:45:59 PM Document /home/benh/projects/pillar/src/utils.rs saved in workspace pillar
4:45:59 PM {}
4:46:07 PM Document /home/benh/projects/pillar/example/pages/uxn-notes.gn saved in workspace pillar
4:46:07 PM {}
4:46:13 PM Document /home/benh/projects/pillar/example/pages/uxn-notes.gn saved in workspace pillar
4:46:13 PM {}
4:48:29 PM Document /home/benh/projects/pillar/src/utils.rs saved in workspace pillar
4:48:29 PM {}
4:48:43 PM Document /home/benh/projects/pillar/src/utils.rs saved in workspace pillar
4:48:44 PM {}
4:51:03 PM Document /home/benh/projects/pillar/src/utils.rs saved in workspace pillar
4:51:03 PM {}
4:51:04 PM Document /home/benh/projects/pillar/src/utils.rs saved in workspace pillar
4:51:04 PM {}
4:51:34 PM Document /home/benh/projects/pillar/src/utils.rs saved in workspace pillar
4:51:34 PM {}
4:51:42 PM Document /home/benh/projects/pillar/src/utils.rs saved in workspace pillar
4:51:42 PM {}
4:51:49 PM Document /home/benh/projects/pillar/src/utils.rs saved in workspace pillar
4:51:49 PM {}
4:51:52 PM Document /home/benh/projects/pillar/src/utils.rs saved in workspace pillar
4:51:52 PM {}
4:52:24 PM Document /home/benh/projects/pillar/src/utils.rs saved in workspace pillar
4:52:24 PM {}
4:53:19 PM Document /home/benh/projects/pillar/src/utils.rs saved in workspace pillar
4:53:19 PM {}
4:53:20 PM Document /home/benh/projects/pillar/src/utils.rs saved in workspace pillar
4:53:20 PM {}
4:53:22 PM Document /home/benh/projects/pillar/src/utils.rs saved in workspace pillar
4:53:22 PM {}
4:55:20 PM Document /home/benh/projects/pillar/src/utils.rs saved in workspace pillar
4:55:20 PM {}
4:55:32 PM Document /home/benh/projects/pillar/src/utils.rs saved in workspace pillar
4:55:32 PM {}
4:55:34 PM Document /home/benh/projects/pillar/src/utils.rs saved in workspace pillar
4:55:34 PM {}
4:55:45 PM Document /home/benh/projects/pillar/src/utils.rs saved in workspace pillar
4:55:45 PM {}
4:56:09 PM Document /home/benh/projects/pillar/src/utils.rs saved in workspace pillar
4:56:09 PM {}
4:56:16 PM Document /home/benh/projects/pillar/src/utils.rs saved in workspace pillar
4:56:16 PM {}
4:57:05 PM Document /home/benh/projects/pillar/src/utils.rs saved in workspace pillar
4:57:05 PM {}
4:57:15 PM Document /home/benh/projects/pillar/src/utils.rs saved in workspace pillar
4:57:15 PM {}
4:58:01 PM Document /home/benh/projects/pillar/src/utils.rs saved in workspace pillar
4:58:01 PM {}
4:59:53 PM Document /home/benh/projects/pillar/src/utils.rs saved in workspace pillar
4:59:53 PM {}
5:00:30 PM Document /home/benh/projects/pillar/src/utils.rs saved in workspace pillar
5:00:31 PM {}
5:00:44 PM Document /home/benh/projects/pillar/src/utils.rs saved in workspace pillar
5:00:44 PM {}
5:01:12 PM Document /home/benh/projects/pillar/src/utils.rs saved in workspace pillar
5:01:12 PM {}
5:01:14 PM Document /home/benh/projects/pillar/src/utils.rs saved in workspace pillar
5:01:14 PM {}
5:02:13 PM Document /home/benh/projects/pillar/src/utils.rs saved in workspace pillar
5:02:13 PM {}
5:02:31 PM Document /home/benh/projects/pillar/src/utils.rs saved in workspace pillar
5:02:31 PM {}
5:02:47 PM Document /home/benh/projects/pillar/src/utils.rs saved in workspace pillar
5:02:47 PM {}
5:03:20 PM Document /home/benh/projects/pillar/src/utils.rs saved in workspace pillar
5:03:20 PM {}
5:04:55 PM Document /home/benh/projects/pillar/example/pages/uxn-notes.gn saved in workspace pillar
5:04:55 PM {}
5:05:11 PM Document /home/benh/projects/pillar/src/utils.rs saved in workspace pillar
5:05:11 PM {}
5:05:43 PM Document /home/benh/projects/pillar/src/utils.rs saved in workspace pillar
5:05:43 PM {}
5:06:01 PM Document /home/benh/projects/pillar/src/utils.rs saved in workspace pillar
5:06:01 PM {}
5:06:22 PM Document /home/benh/projects/pillar/src/utils.rs saved in workspace pillar
5:06:23 PM {}
5:06:25 PM Document /home/benh/projects/pillar/src/utils.rs saved in workspace pillar
5:06:25 PM {}
5:06:33 PM Document /home/benh/projects/pillar/src/utils.rs saved in workspace pillar
5:06:33 PM {}
5:08:31 PM Document /home/benh/projects/pillar/src/utils.rs saved in workspace pillar
5:08:31 PM {}
5:08:43 PM Document /home/benh/projects/pillar/example/pages/uxn-notes.gn saved in workspace pillar
5:08:43 PM {}
7:20:51 PM Document /home/benh/projects/pillar/src/utils.rs saved in workspace pillar
7:20:51 PM {}
7:21:07 PM Document /home/benh/projects/pillar/src/utils.rs saved in workspace pillar
7:21:08 PM {}
