This is pdfTeX, Version 3.141592653-2.6-1.40.23 (TeX Live 2021/Arch Linux) (preloaded format=pdflatex 2022.1.7)  15 MAR 2022 17:58
entering extended mode
 restricted \write18 enabled.
 file:line:error style messages enabled.
 %&-line parsing enabled.
**/home/benh/projects/mx/docs/files/uxn-zine/zine.tex
(/home/benh/projects/mx/docs/files/uxn-zine/zine.tex
LaTeX2e <2021-11-15> patch level 1
L3 programming layer <2021-11-22> (/usr/share/texmf-dist/tex/latex/base/article.cls
Document Class: article 2021/10/04 v1.4n Standard LaTeX document class
(/usr/share/texmf-dist/tex/latex/base/size10.clo
File: size10.clo 2021/10/04 v1.4n Standard LaTeX file (size option)
)
\c@part=\count183
\c@section=\count184
\c@subsection=\count185
\c@subsubsection=\count186
\c@paragraph=\count187
\c@subparagraph=\count188
\c@figure=\count189
\c@table=\count190
\abovecaptionskip=\skip47
\belowcaptionskip=\skip48
\bibindent=\dimen138
) (/usr/share/texmf-dist/tex/latex/geometry/geometry.sty
Package: geometry 2020/01/02 v5.9 Page Geometry
 (/usr/share/texmf-dist/tex/latex/graphics/keyval.sty
Package: keyval 2014/10/28 v1.15 key=value parser (DPC)
\KV@toks@=\toks16
) (/usr/share/texmf-dist/tex/generic/iftex/ifvtex.sty
Package: ifvtex 2019/10/25 v1.7 ifvtex legacy package. Use iftex instead.
 (/usr/share/texmf-dist/tex/generic/iftex/iftex.sty
Package: iftex 2020/03/06 v1.0d TeX engine tests
))
\Gm@cnth=\count191
\Gm@cntv=\count192
\c@Gm@tempcnt=\count193
\Gm@bindingoffset=\dimen139
\Gm@wd@mp=\dimen140
\Gm@odd@mp=\dimen141
\Gm@even@mp=\dimen142
\Gm@layoutwidth=\dimen143
\Gm@layoutheight=\dimen144
\Gm@layouthoffset=\dimen145
\Gm@layoutvoffset=\dimen146
\Gm@dimlist=\toks17
) (/usr/share/texmf-dist/tex/latex/graphics/graphicx.sty
Package: graphicx 2021/09/16 v1.2d Enhanced LaTeX Graphics (DPC,SPQR)
 (/usr/share/texmf-dist/tex/latex/graphics/graphics.sty
Package: graphics 2021/03/04 v1.4d Standard LaTeX Graphics (DPC,SPQR)
 (/usr/share/texmf-dist/tex/latex/graphics/trig.sty
Package: trig 2021/08/11 v1.11 sin cos tan (DPC)
) (/usr/share/texmf-dist/tex/latex/graphics-cfg/graphics.cfg
File: graphics.cfg 2016/06/04 v1.11 sample graphics configuration
)
Package graphics Info: Driver file: pdftex.def on input line 107.
 (/usr/share/texmf-dist/tex/latex/graphics-def/pdftex.def
File: pdftex.def 2020/10/05 v1.2a Graphics/color driver for pdftex
))
\Gin@req@height=\dimen147
\Gin@req@width=\dimen148
) (/usr/share/texmf-dist/tex/latex/l3backend/l3backend-pdftex.def
File: l3backend-pdftex.def 2021-12-14 L3 backend support: PDF output (pdfTeX)
\l__color_backend_stack_int=\count194
\l__pdf_internal_box=\box50
) (./zine.aux)
\openout1 = `zine.aux'.

LaTeX Font Info:    Checking defaults for OML/cmm/m/it on input line 4.
LaTeX Font Info:    ... okay on input line 4.
LaTeX Font Info:    Checking defaults for OMS/cmsy/m/n on input line 4.
LaTeX Font Info:    ... okay on input line 4.
LaTeX Font Info:    Checking defaults for OT1/cmr/m/n on input line 4.
LaTeX Font Info:    ... okay on input line 4.
LaTeX Font Info:    Checking defaults for T1/cmr/m/n on input line 4.
LaTeX Font Info:    ... okay on input line 4.
LaTeX Font Info:    Checking defaults for TS1/cmr/m/n on input line 4.
LaTeX Font Info:    ... okay on input line 4.
LaTeX Font Info:    Checking defaults for OMX/cmex/m/n on input line 4.
LaTeX Font Info:    ... okay on input line 4.
LaTeX Font Info:    Checking defaults for U/cmr/m/n on input line 4.
LaTeX Font Info:    ... okay on input line 4.

*geometry* driver: auto-detecting
*geometry* detected driver: pdftex
*geometry* verbose mode - [ preamble ] result:
* driver: pdftex
* paper: letterpaper
* layout: <same size as paper>
* layoutoffset:(h,v)=(0.0pt,0.0pt)
* modes: landscape 
* h-part:(L,W,R)=(0.0pt, 794.96999pt, 0.0pt)
* v-part:(T,H,B)=(30.1388pt, 584.1562pt, 0.0pt)
* \paperwidth=794.96999pt
* \paperheight=614.295pt
* \textwidth=794.96999pt
* \textheight=584.1562pt
* \oddsidemargin=-72.26999pt
* \evensidemargin=-72.26999pt
* \topmargin=-79.1312pt
* \headheight=12.0pt
* \headsep=25.0pt
* \topskip=10.0pt
* \footskip=30.0pt
* \marginparwidth=144.0pt
* \marginparsep=11.0pt
* \columnsep=10.0pt
* \skip\footins=9.0pt plus 4.0pt minus 2.0pt
* \hoffset=0.0pt
* \voffset=0.0pt
* \mag=1000
* \@twocolumnfalse
* \@twosidefalse
* \@mparswitchfalse
* \@reversemarginfalse
* (1in=72.27pt=25.4mm, 1cm=28.453pt)

(/usr/share/texmf-dist/tex/context/base/mkii/supp-pdf.mkii
[Loading MPS to PDF converter (version 2006.09.02).]
\scratchcounter=\count195
\scratchdimen=\dimen149
\scratchbox=\box51
\nofMPsegments=\count196
\nofMParguments=\count197
\everyMPshowfont=\toks18
\MPscratchCnt=\count198
\MPscratchDim=\dimen150
\MPnumerator=\count199
\makeMPintoPDFobject=\count266
\everyMPtoPDFconversion=\toks19
) (/usr/share/texmf-dist/tex/latex/epstopdf-pkg/epstopdf-base.sty
Package: epstopdf-base 2020-01-24 v2.11 Base part for package epstopdf
Package epstopdf-base Info: Redefining graphics rule for `.eps' on input line 485.
 (/usr/share/texmf-dist/tex/latex/latexconfig/epstopdf-sys.cfg
File: epstopdf-sys.cfg 2010/07/13 v1.3 Configuration of (r)epstopdf for TeX Live
))
<source.pdf, id=1, page=9, 614.295pt x 794.97pt>
File: source.pdf Graphic file (type pdf)
<use source.pdf, page 9>
Package pdftex.def Info: source.pdf , page9 used on input line 6.
(pdftex.def)             Requested size: 614.29349pt x 794.96806pt.
<source.pdf, id=2, page=8, 614.295pt x 794.97pt>
File: source.pdf Graphic file (type pdf)
<use source.pdf, page 8>
Package pdftex.def Info: source.pdf , page8 used on input line 7.
(pdftex.def)             Requested size: 614.29349pt x 794.96806pt.
<source.pdf, id=3, page=5, 614.295pt x 794.97pt>
File: source.pdf Graphic file (type pdf)
<use source.pdf, page 5>
Package pdftex.def Info: source.pdf , page5 used on input line 8.
(pdftex.def)             Requested size: 614.29349pt x 794.96806pt.
<source.pdf, id=4, page=4, 614.295pt x 794.97pt>
File: source.pdf Graphic file (type pdf)
<use source.pdf, page 4>
Package pdftex.def Info: source.pdf , page4 used on input line 9.
(pdftex.def)             Requested size: 614.29349pt x 794.96806pt.

Underfull \hbox (badness 10000) in paragraph at lines 6--10

 []

<source.pdf, id=5, page=12, 614.295pt x 794.97pt>
File: source.pdf Graphic file (type pdf)
<use source.pdf, page 12>
Package pdftex.def Info: source.pdf , page12 used on input line 13.
(pdftex.def)             Requested size: 614.29349pt x 794.96806pt.
<source.pdf, id=6, page=13, 614.295pt x 794.97pt>
File: source.pdf Graphic file (type pdf)
<use source.pdf, page 13>
Package pdftex.def Info: source.pdf , page13 used on input line 14.
(pdftex.def)             Requested size: 614.29349pt x 794.96806pt.
<source.pdf, id=7, page=16, 614.295pt x 794.97pt>
File: source.pdf Graphic file (type pdf)
<use source.pdf, page 16>
Package pdftex.def Info: source.pdf , page16 used on input line 15.
(pdftex.def)             Requested size: 614.29349pt x 794.96806pt.
<source.pdf, id=8, page=1, 614.295pt x 794.97pt>
File: source.pdf Graphic file (type pdf)
<use source.pdf, page 1>
Package pdftex.def Info: source.pdf , page1 used on input line 16.
(pdftex.def)             Requested size: 614.29349pt x 794.96806pt.
[1

{/var/lib/texmf/fonts/map/pdftex/updmap/pdftex.map} <./source.pdf> <./source.pdf> <./source.pdf> <./source.pdf> <./source.pdf> <./source.pdf> <./source.pdf> <./source.pdf>]
<source.pdf, id=29, page=3, 614.295pt x 794.97pt>
File: source.pdf Graphic file (type pdf)
<use source.pdf, page 3>
Package pdftex.def Info: source.pdf , page3 used on input line 20.
(pdftex.def)             Requested size: 614.29349pt x 794.96806pt.
<source.pdf, id=30, page=6, 614.295pt x 794.97pt>
File: source.pdf Graphic file (type pdf)
<use source.pdf, page 6>
Package pdftex.def Info: source.pdf , page6 used on input line 21.
(pdftex.def)             Requested size: 614.29349pt x 794.96806pt.
<source.pdf, id=31, page=7, 614.295pt x 794.97pt>
File: source.pdf Graphic file (type pdf)
<use source.pdf, page 7>
Package pdftex.def Info: source.pdf , page7 used on input line 22.
(pdftex.def)             Requested size: 614.29349pt x 794.96806pt.
<source.pdf, id=32, page=10, 614.295pt x 794.97pt>
File: source.pdf Graphic file (type pdf)
<use source.pdf, page 10>
Package pdftex.def Info: source.pdf , page10 used on input line 23.
(pdftex.def)             Requested size: 614.29349pt x 794.96806pt.

Underfull \hbox (badness 10000) in paragraph at lines 20--24

 []

<source.pdf, id=33, page=2, 614.295pt x 794.97pt>
File: source.pdf Graphic file (type pdf)
<use source.pdf, page 2>
Package pdftex.def Info: source.pdf , page2 used on input line 27.
(pdftex.def)             Requested size: 614.29349pt x 794.96806pt.
<source.pdf, id=34, page=15, 614.295pt x 794.97pt>
File: source.pdf Graphic file (type pdf)
<use source.pdf, page 15>
Package pdftex.def Info: source.pdf , page15 used on input line 28.
(pdftex.def)             Requested size: 614.29349pt x 794.96806pt.
<source.pdf, id=35, page=14, 614.295pt x 794.97pt>
File: source.pdf Graphic file (type pdf)
<use source.pdf, page 14>
Package pdftex.def Info: source.pdf , page14 used on input line 29.
(pdftex.def)             Requested size: 614.29349pt x 794.96806pt.
<source.pdf, id=36, page=11, 614.295pt x 794.97pt>
File: source.pdf Graphic file (type pdf)
<use source.pdf, page 11>
Package pdftex.def Info: source.pdf , page11 used on input line 30.
(pdftex.def)             Requested size: 614.29349pt x 794.96806pt.
[2 <./source.pdf> <./source.pdf> <./source.pdf> <./source.pdf> <./source.pdf> <./source.pdf> <./source.pdf> <./source.pdf>] (./zine.aux) ) 
Here is how much of TeX's memory you used:
 1857 strings out of 478353
 30269 string characters out of 5854636
 333531 words of memory out of 5000000
 20020 multiletter control sequences out of 15000+600000
 403430 words of font info for 27 fonts, out of 8000000 for 9000
 1141 hyphenation exceptions out of 8191
 55i,6n,62p,240b,124s stack positions out of 5000i,500n,10000p,200000b,80000s
</usr/share/texmf-dist/fonts/type1/public/amsfonts/cm/cmr10.pfb></usr/share/texmf-dist/fonts/type1/public/lm/lmr10.pfb>
Output written on zine.pdf (2 pages, 804438 bytes).
PDF statistics:
 60 PDF objects out of 1000 (max. 8388607)
 19 compressed objects within 1 object stream
 0 named destinations out of 1000 (max. 500000)
 81 words of extra memory for PDF output out of 10000 (max. 10000000)

